ARM GAS  C:\Users\²Ü¼ÒºÀ\AppData\Local\Temp\ccXUgawf.s 			page 1


   1              		.cpu cortex-m4
   2              		.eabi_attribute 27, 1
   3              		.eabi_attribute 28, 1
   4              		.eabi_attribute 20, 1
   5              		.eabi_attribute 21, 1
   6              		.eabi_attribute 23, 3
   7              		.eabi_attribute 24, 1
   8              		.eabi_attribute 25, 1
   9              		.eabi_attribute 26, 1
  10              		.eabi_attribute 30, 4
  11              		.eabi_attribute 34, 1
  12              		.eabi_attribute 18, 4
  13              		.file	"los_dispatch.c"
  14              		.text
  15              	.Ltext0:
  16              		.cfi_sections	.debug_frame
  17              		.section	.text.LOS_StartToRun,"ax",%progbits
  18              		.align	1
  19              		.global	LOS_StartToRun
  20              		.arch armv7e-m
  21              		.syntax unified
  22              		.thumb
  23              		.thumb_func
  24              		.fpu fpv4-sp-d16
  26              	LOS_StartToRun:
  27              	.LFB287:
  28              		.file 1 "C:/Users/\262\334\274\322\272\300/.iotlink/sdk/IoT_LINK/iot_link/os/liteos/arch/arm/arm-m
   1:C:/Users/²Ü¼ÒºÀ/.iotlink/sdk/IoT_LINK/iot_link/os/liteos/arch/arm/arm-m/armv7-m/gcc\los_dispatch.c **** /** ----------------------------------------------------------------------------
   2:C:/Users/²Ü¼ÒºÀ/.iotlink/sdk/IoT_LINK/iot_link/os/liteos/arch/arm/arm-m/armv7-m/gcc\los_dispatch.c ****  * Copyright (c) <2019>, <Huawei Technologies Co., Ltd>
   3:C:/Users/²Ü¼ÒºÀ/.iotlink/sdk/IoT_LINK/iot_link/os/liteos/arch/arm/arm-m/armv7-m/gcc\los_dispatch.c ****  * All rights reserved.
   4:C:/Users/²Ü¼ÒºÀ/.iotlink/sdk/IoT_LINK/iot_link/os/liteos/arch/arm/arm-m/armv7-m/gcc\los_dispatch.c ****  * Redistribution and use in source and binary forms, with or without modification,
   5:C:/Users/²Ü¼ÒºÀ/.iotlink/sdk/IoT_LINK/iot_link/os/liteos/arch/arm/arm-m/armv7-m/gcc\los_dispatch.c ****  * are permitted provided that the following conditions are met:
   6:C:/Users/²Ü¼ÒºÀ/.iotlink/sdk/IoT_LINK/iot_link/os/liteos/arch/arm/arm-m/armv7-m/gcc\los_dispatch.c ****  * 1. Redistributions of source code must retain the above copyright notice, this list of
   7:C:/Users/²Ü¼ÒºÀ/.iotlink/sdk/IoT_LINK/iot_link/os/liteos/arch/arm/arm-m/armv7-m/gcc\los_dispatch.c ****  * conditions and the following disclaimer.
   8:C:/Users/²Ü¼ÒºÀ/.iotlink/sdk/IoT_LINK/iot_link/os/liteos/arch/arm/arm-m/armv7-m/gcc\los_dispatch.c ****  * 2. Redistributions in binary form must reproduce the above copyright notice, this list
   9:C:/Users/²Ü¼ÒºÀ/.iotlink/sdk/IoT_LINK/iot_link/os/liteos/arch/arm/arm-m/armv7-m/gcc\los_dispatch.c ****  * of conditions and the following disclaimer in the documentation and/or other materials
  10:C:/Users/²Ü¼ÒºÀ/.iotlink/sdk/IoT_LINK/iot_link/os/liteos/arch/arm/arm-m/armv7-m/gcc\los_dispatch.c ****  * provided with the distribution.
  11:C:/Users/²Ü¼ÒºÀ/.iotlink/sdk/IoT_LINK/iot_link/os/liteos/arch/arm/arm-m/armv7-m/gcc\los_dispatch.c ****  * 3. Neither the name of the copyright holder nor the names of its contributors may be used
  12:C:/Users/²Ü¼ÒºÀ/.iotlink/sdk/IoT_LINK/iot_link/os/liteos/arch/arm/arm-m/armv7-m/gcc\los_dispatch.c ****  * to endorse or promote products derived from this software without specific prior written
  13:C:/Users/²Ü¼ÒºÀ/.iotlink/sdk/IoT_LINK/iot_link/os/liteos/arch/arm/arm-m/armv7-m/gcc\los_dispatch.c ****  * permission.
  14:C:/Users/²Ü¼ÒºÀ/.iotlink/sdk/IoT_LINK/iot_link/os/liteos/arch/arm/arm-m/armv7-m/gcc\los_dispatch.c ****  * THIS SOFTWARE IS PROVIDED BY THE COPYRIGHT HOLDERS AND CONTRIBUTORS
  15:C:/Users/²Ü¼ÒºÀ/.iotlink/sdk/IoT_LINK/iot_link/os/liteos/arch/arm/arm-m/armv7-m/gcc\los_dispatch.c ****  * "AS IS" AND ANY EXPRESS OR IMPLIED WARRANTIES, INCLUDING, BUT NOT LIMITED TO,
  16:C:/Users/²Ü¼ÒºÀ/.iotlink/sdk/IoT_LINK/iot_link/os/liteos/arch/arm/arm-m/armv7-m/gcc\los_dispatch.c ****  * THE IMPLIED WARRANTIES OF MERCHANTABILITY AND FITNESS FOR A PARTICULAR
  17:C:/Users/²Ü¼ÒºÀ/.iotlink/sdk/IoT_LINK/iot_link/os/liteos/arch/arm/arm-m/armv7-m/gcc\los_dispatch.c ****  * PURPOSE ARE DISCLAIMED. IN NO EVENT SHALL THE COPYRIGHT HOLDER OR
  18:C:/Users/²Ü¼ÒºÀ/.iotlink/sdk/IoT_LINK/iot_link/os/liteos/arch/arm/arm-m/armv7-m/gcc\los_dispatch.c ****  * CONTRIBUTORS BE LIABLE FOR ANY DIRECT, INDIRECT, INCIDENTAL, SPECIAL,
  19:C:/Users/²Ü¼ÒºÀ/.iotlink/sdk/IoT_LINK/iot_link/os/liteos/arch/arm/arm-m/armv7-m/gcc\los_dispatch.c ****  * EXEMPLARY, OR CONSEQUENTIAL DAMAGES (INCLUDING, BUT NOT LIMITED TO,
  20:C:/Users/²Ü¼ÒºÀ/.iotlink/sdk/IoT_LINK/iot_link/os/liteos/arch/arm/arm-m/armv7-m/gcc\los_dispatch.c ****  * PROCUREMENT OF SUBSTITUTE GOODS OR SERVICES; LOSS OF USE, DATA, OR PROFITS;
  21:C:/Users/²Ü¼ÒºÀ/.iotlink/sdk/IoT_LINK/iot_link/os/liteos/arch/arm/arm-m/armv7-m/gcc\los_dispatch.c ****  * OR BUSINESS INTERRUPTION) HOWEVER CAUSED AND ON ANY THEORY OF LIABILITY,
  22:C:/Users/²Ü¼ÒºÀ/.iotlink/sdk/IoT_LINK/iot_link/os/liteos/arch/arm/arm-m/armv7-m/gcc\los_dispatch.c ****  * WHETHER IN CONTRACT, STRICT LIABILITY, OR TORT (INCLUDING NEGLIGENCE OR
  23:C:/Users/²Ü¼ÒºÀ/.iotlink/sdk/IoT_LINK/iot_link/os/liteos/arch/arm/arm-m/armv7-m/gcc\los_dispatch.c ****  * OTHERWISE) ARISING IN ANY WAY OUT OF THE USE OF THIS SOFTWARE, EVEN IF
  24:C:/Users/²Ü¼ÒºÀ/.iotlink/sdk/IoT_LINK/iot_link/os/liteos/arch/arm/arm-m/armv7-m/gcc\los_dispatch.c ****  * ADVISED OF THE POSSIBILITY OF SUCH DAMAGE.
  25:C:/Users/²Ü¼ÒºÀ/.iotlink/sdk/IoT_LINK/iot_link/os/liteos/arch/arm/arm-m/armv7-m/gcc\los_dispatch.c ****  *---------------------------------------------------------------------------*/
  26:C:/Users/²Ü¼ÒºÀ/.iotlink/sdk/IoT_LINK/iot_link/os/liteos/arch/arm/arm-m/armv7-m/gcc\los_dispatch.c **** /** ----------------------------------------------------------------------------
  27:C:/Users/²Ü¼ÒºÀ/.iotlink/sdk/IoT_LINK/iot_link/os/liteos/arch/arm/arm-m/armv7-m/gcc\los_dispatch.c ****  * Notice of Export Control Law
  28:C:/Users/²Ü¼ÒºÀ/.iotlink/sdk/IoT_LINK/iot_link/os/liteos/arch/arm/arm-m/armv7-m/gcc\los_dispatch.c ****  * ===============================================
  29:C:/Users/²Ü¼ÒºÀ/.iotlink/sdk/IoT_LINK/iot_link/os/liteos/arch/arm/arm-m/armv7-m/gcc\los_dispatch.c ****  * Huawei LiteOS may be subject to applicable export control laws and regulations, which might
  30:C:/Users/²Ü¼ÒºÀ/.iotlink/sdk/IoT_LINK/iot_link/os/liteos/arch/arm/arm-m/armv7-m/gcc\los_dispatch.c ****  * include those applicable to Huawei LiteOS of U.S. and the country in which you are located.
ARM GAS  C:\Users\²Ü¼ÒºÀ\AppData\Local\Temp\ccXUgawf.s 			page 2


  31:C:/Users/²Ü¼ÒºÀ/.iotlink/sdk/IoT_LINK/iot_link/os/liteos/arch/arm/arm-m/armv7-m/gcc\los_dispatch.c ****  * Import, export and usage of Huawei LiteOS in any manner by you shall be in compliance with such
  32:C:/Users/²Ü¼ÒºÀ/.iotlink/sdk/IoT_LINK/iot_link/os/liteos/arch/arm/arm-m/armv7-m/gcc\los_dispatch.c ****  * applicable export control laws and regulations.
  33:C:/Users/²Ü¼ÒºÀ/.iotlink/sdk/IoT_LINK/iot_link/os/liteos/arch/arm/arm-m/armv7-m/gcc\los_dispatch.c ****  *---------------------------------------------------------------------------*/
  34:C:/Users/²Ü¼ÒºÀ/.iotlink/sdk/IoT_LINK/iot_link/os/liteos/arch/arm/arm-m/armv7-m/gcc\los_dispatch.c ****  
  35:C:/Users/²Ü¼ÒºÀ/.iotlink/sdk/IoT_LINK/iot_link/os/liteos/arch/arm/arm-m/armv7-m/gcc\los_dispatch.c **** #include <los_config.h>
  36:C:/Users/²Ü¼ÒºÀ/.iotlink/sdk/IoT_LINK/iot_link/os/liteos/arch/arm/arm-m/armv7-m/gcc\los_dispatch.c **** #include <los_typedef.h>
  37:C:/Users/²Ü¼ÒºÀ/.iotlink/sdk/IoT_LINK/iot_link/os/liteos/arch/arm/arm-m/armv7-m/gcc\los_dispatch.c **** 
  38:C:/Users/²Ü¼ÒºÀ/.iotlink/sdk/IoT_LINK/iot_link/os/liteos/arch/arm/arm-m/armv7-m/gcc\los_dispatch.c **** #define NVIC_INT_CTRL                   0xE000ED04  /* Interrupt Control and State Register. */
  39:C:/Users/²Ü¼ÒºÀ/.iotlink/sdk/IoT_LINK/iot_link/os/liteos/arch/arm/arm-m/armv7-m/gcc\los_dispatch.c **** #define NVIC_PENDSVSET                  0x10000000  /* Value to trigger PendSV exception. */
  40:C:/Users/²Ü¼ÒºÀ/.iotlink/sdk/IoT_LINK/iot_link/os/liteos/arch/arm/arm-m/armv7-m/gcc\los_dispatch.c **** 
  41:C:/Users/²Ü¼ÒºÀ/.iotlink/sdk/IoT_LINK/iot_link/os/liteos/arch/arm/arm-m/armv7-m/gcc\los_dispatch.c **** #define NVIC_SYSPRI2                    0xE000ED20  /* System Handler Priority Register 2. */
  42:C:/Users/²Ü¼ÒºÀ/.iotlink/sdk/IoT_LINK/iot_link/os/liteos/arch/arm/arm-m/armv7-m/gcc\los_dispatch.c **** #define NVIC_PENDSV_SYSTICK_PRI         0xFFFF0000  /* SysTick + PendSV priority level (lowest). */
  43:C:/Users/²Ü¼ÒºÀ/.iotlink/sdk/IoT_LINK/iot_link/os/liteos/arch/arm/arm-m/armv7-m/gcc\los_dispatch.c **** #define MPU_RBAR                        0xE000ED9C  /* MPU Region Base Address register */
  44:C:/Users/²Ü¼ÒºÀ/.iotlink/sdk/IoT_LINK/iot_link/os/liteos/arch/arm/arm-m/armv7-m/gcc\los_dispatch.c **** 
  45:C:/Users/²Ü¼ÒºÀ/.iotlink/sdk/IoT_LINK/iot_link/os/liteos/arch/arm/arm-m/armv7-m/gcc\los_dispatch.c **** #define OS_TASK_STATUS_RUNNING          0x00000010  /* Task Status Flag (RUNNING). */
  46:C:/Users/²Ü¼ÒºÀ/.iotlink/sdk/IoT_LINK/iot_link/os/liteos/arch/arm/arm-m/armv7-m/gcc\los_dispatch.c **** 
  47:C:/Users/²Ü¼ÒºÀ/.iotlink/sdk/IoT_LINK/iot_link/os/liteos/arch/arm/arm-m/armv7-m/gcc\los_dispatch.c **** /****************************************************************************************
  48:C:/Users/²Ü¼ÒºÀ/.iotlink/sdk/IoT_LINK/iot_link/os/liteos/arch/arm/arm-m/armv7-m/gcc\los_dispatch.c **** * Function:
  49:C:/Users/²Ü¼ÒºÀ/.iotlink/sdk/IoT_LINK/iot_link/os/liteos/arch/arm/arm-m/armv7-m/gcc\los_dispatch.c **** *        VOID LOS_StartToRun(VOID);
  50:C:/Users/²Ü¼ÒºÀ/.iotlink/sdk/IoT_LINK/iot_link/os/liteos/arch/arm/arm-m/armv7-m/gcc\los_dispatch.c **** * Description:
  51:C:/Users/²Ü¼ÒºÀ/.iotlink/sdk/IoT_LINK/iot_link/os/liteos/arch/arm/arm-m/armv7-m/gcc\los_dispatch.c **** *        Start the first task, which is the highest priority task in the priority queue.
  52:C:/Users/²Ü¼ÒºÀ/.iotlink/sdk/IoT_LINK/iot_link/os/liteos/arch/arm/arm-m/armv7-m/gcc\los_dispatch.c **** *        Other tasks are started by task scheduling.
  53:C:/Users/²Ü¼ÒºÀ/.iotlink/sdk/IoT_LINK/iot_link/os/liteos/arch/arm/arm-m/armv7-m/gcc\los_dispatch.c **** ****************************************************************************************/
  54:C:/Users/²Ü¼ÒºÀ/.iotlink/sdk/IoT_LINK/iot_link/os/liteos/arch/arm/arm-m/armv7-m/gcc\los_dispatch.c **** __attribute__((naked)) void LOS_StartToRun(void)
  55:C:/Users/²Ü¼ÒºÀ/.iotlink/sdk/IoT_LINK/iot_link/os/liteos/arch/arm/arm-m/armv7-m/gcc\los_dispatch.c **** {
  29              		.loc 1 55 1 view -0
  30              		.cfi_startproc
  31              		@ Naked Function: prologue and epilogue provided by programmer.
  32              		@ args = 0, pretend = 0, frame = 0
  33              		@ frame_needed = 0, uses_anonymous_args = 0
  56:C:/Users/²Ü¼ÒºÀ/.iotlink/sdk/IoT_LINK/iot_link/os/liteos/arch/arm/arm-m/armv7-m/gcc\los_dispatch.c ****     asm (
  34              		.loc 1 56 5 view .LVU1
  35              		.syntax unified
  36              	@ 56 "C:/Users/²Ü¼ÒºÀ/.iotlink/sdk/IoT_LINK/iot_link/os/liteos/arch/arm/arm-m/armv7-m/gcc/los_dispa
  37              		.syntax unified
  38 0000 72B6     		CPSID  I
  39 0002 1548     		LDR    R0, =#-536810208                 @ NVIC_SYSPRI2
  40 0004 1549     		LDR    R1, =#-65536                 @ NVIC_PENDSV_SYSTICK_PRI
  41 0006 0268     		LDR    R2, [R0]
  42 0008 41EA0201 		ORR    R1, R1, R2
  43 000c 0160     		STR    R1, [R0]
  44 000e 1448     		LDR    R0, =g_bTaskScheduled
  45 0010 4FF00101 		MOV    R1, #1
  46 0014 0160     		STR    R1, [R0]
  47 0016 1348     		LDR    R0, =g_stLosTask
  48 0018 4168     		LDR    R1, [R0, #4]
  49 001a 0160     		STR    R1, [R0]
  50 001c 0168     		LDR    R1, [R0]
  51 001e 8A88     		LDRH   R2, [R1, #4]
  52 0020 4FF01003 		MOV    R3, #16                  @ OS_TASK_STATUS_RUNNING
  53 0024 42EA0302 		ORR    R2, R2, R3
  54 0028 8A80     		STRH   R2, [R1, #4]
  55 002a D1F800C0 		LDR    R12, [R1]
  56 002e 4FF00203 		MOV    R3, #2
  57 0032 0CF1240C 		ADD    R12, R12, #36           @ skip R4-R11, PRIMASK.
  58 0036 0CF1040C 		ADD    R12, R12, #4            @ if FPU exist, skip EXC_RETURN.
  59 003a DCF80000 		LDR    R0, [R12]
ARM GAS  C:\Users\²Ü¼ÒºÀ\AppData\Local\Temp\ccXUgawf.s 			page 3


  60 003e DCF814E0 		LDR    LR, [R12, #4 * 5]
  61 0042 DCF81820 		LDR    R2, [R12, #4 * 6]
  62 0046 0CF1200C 		ADD    R12, R12, #4 * 8
  63 004a 8CF30988 		MSR    PSP, R12
  64 004e 62B6     		CPSIE  I
  65 0050 83F31488 		MSR    CONTROL, R3
  66 0054 1047     		BX     R2
  67              		
  68              	@ 0 "" 2
  57:C:/Users/²Ü¼ÒºÀ/.iotlink/sdk/IoT_LINK/iot_link/os/liteos/arch/arm/arm-m/armv7-m/gcc\los_dispatch.c ****     ".syntax unified\n\t"
  58:C:/Users/²Ü¼ÒºÀ/.iotlink/sdk/IoT_LINK/iot_link/os/liteos/arch/arm/arm-m/armv7-m/gcc\los_dispatch.c **** 
  59:C:/Users/²Ü¼ÒºÀ/.iotlink/sdk/IoT_LINK/iot_link/os/liteos/arch/arm/arm-m/armv7-m/gcc\los_dispatch.c ****     "CPSID  I\n\t"
  60:C:/Users/²Ü¼ÒºÀ/.iotlink/sdk/IoT_LINK/iot_link/os/liteos/arch/arm/arm-m/armv7-m/gcc\los_dispatch.c **** 
  61:C:/Users/²Ü¼ÒºÀ/.iotlink/sdk/IoT_LINK/iot_link/os/liteos/arch/arm/arm-m/armv7-m/gcc\los_dispatch.c ****     /**
  62:C:/Users/²Ü¼ÒºÀ/.iotlink/sdk/IoT_LINK/iot_link/os/liteos/arch/arm/arm-m/armv7-m/gcc\los_dispatch.c ****      * Set PendSV and SysTick prority to the lowest.
  63:C:/Users/²Ü¼ÒºÀ/.iotlink/sdk/IoT_LINK/iot_link/os/liteos/arch/arm/arm-m/armv7-m/gcc\los_dispatch.c ****      * read ---> modify ---> write-back.
  64:C:/Users/²Ü¼ÒºÀ/.iotlink/sdk/IoT_LINK/iot_link/os/liteos/arch/arm/arm-m/armv7-m/gcc\los_dispatch.c ****      */
  65:C:/Users/²Ü¼ÒºÀ/.iotlink/sdk/IoT_LINK/iot_link/os/liteos/arch/arm/arm-m/armv7-m/gcc\los_dispatch.c **** 
  66:C:/Users/²Ü¼ÒºÀ/.iotlink/sdk/IoT_LINK/iot_link/os/liteos/arch/arm/arm-m/armv7-m/gcc\los_dispatch.c ****     "LDR    R0, =%0                 @ NVIC_SYSPRI2\n\t"
  67:C:/Users/²Ü¼ÒºÀ/.iotlink/sdk/IoT_LINK/iot_link/os/liteos/arch/arm/arm-m/armv7-m/gcc\los_dispatch.c ****     "LDR    R1, =%1                 @ NVIC_PENDSV_SYSTICK_PRI\n\t"
  68:C:/Users/²Ü¼ÒºÀ/.iotlink/sdk/IoT_LINK/iot_link/os/liteos/arch/arm/arm-m/armv7-m/gcc\los_dispatch.c ****     "LDR    R2, [R0]\n\t"
  69:C:/Users/²Ü¼ÒºÀ/.iotlink/sdk/IoT_LINK/iot_link/os/liteos/arch/arm/arm-m/armv7-m/gcc\los_dispatch.c ****     "ORR    R1, R1, R2\n\t"
  70:C:/Users/²Ü¼ÒºÀ/.iotlink/sdk/IoT_LINK/iot_link/os/liteos/arch/arm/arm-m/armv7-m/gcc\los_dispatch.c ****     "STR    R1, [R0]\n\t"
  71:C:/Users/²Ü¼ÒºÀ/.iotlink/sdk/IoT_LINK/iot_link/os/liteos/arch/arm/arm-m/armv7-m/gcc\los_dispatch.c **** 
  72:C:/Users/²Ü¼ÒºÀ/.iotlink/sdk/IoT_LINK/iot_link/os/liteos/arch/arm/arm-m/armv7-m/gcc\los_dispatch.c ****     /**
  73:C:/Users/²Ü¼ÒºÀ/.iotlink/sdk/IoT_LINK/iot_link/os/liteos/arch/arm/arm-m/armv7-m/gcc\los_dispatch.c ****      * Set g_bTaskScheduled = 1.
  74:C:/Users/²Ü¼ÒºÀ/.iotlink/sdk/IoT_LINK/iot_link/os/liteos/arch/arm/arm-m/armv7-m/gcc\los_dispatch.c ****      */
  75:C:/Users/²Ü¼ÒºÀ/.iotlink/sdk/IoT_LINK/iot_link/os/liteos/arch/arm/arm-m/armv7-m/gcc\los_dispatch.c **** 
  76:C:/Users/²Ü¼ÒºÀ/.iotlink/sdk/IoT_LINK/iot_link/os/liteos/arch/arm/arm-m/armv7-m/gcc\los_dispatch.c ****     "LDR    R0, =g_bTaskScheduled\n\t"
  77:C:/Users/²Ü¼ÒºÀ/.iotlink/sdk/IoT_LINK/iot_link/os/liteos/arch/arm/arm-m/armv7-m/gcc\los_dispatch.c ****     "MOV    R1, #1\n\t"
  78:C:/Users/²Ü¼ÒºÀ/.iotlink/sdk/IoT_LINK/iot_link/os/liteos/arch/arm/arm-m/armv7-m/gcc\los_dispatch.c ****     "STR    R1, [R0]\n\t"
  79:C:/Users/²Ü¼ÒºÀ/.iotlink/sdk/IoT_LINK/iot_link/os/liteos/arch/arm/arm-m/armv7-m/gcc\los_dispatch.c **** 
  80:C:/Users/²Ü¼ÒºÀ/.iotlink/sdk/IoT_LINK/iot_link/os/liteos/arch/arm/arm-m/armv7-m/gcc\los_dispatch.c ****     /**
  81:C:/Users/²Ü¼ÒºÀ/.iotlink/sdk/IoT_LINK/iot_link/os/liteos/arch/arm/arm-m/armv7-m/gcc\los_dispatch.c ****      * Set g_stLosTask.pstRunTask = g_stLosTask.pstNewTask.
  82:C:/Users/²Ü¼ÒºÀ/.iotlink/sdk/IoT_LINK/iot_link/os/liteos/arch/arm/arm-m/armv7-m/gcc\los_dispatch.c ****      */
  83:C:/Users/²Ü¼ÒºÀ/.iotlink/sdk/IoT_LINK/iot_link/os/liteos/arch/arm/arm-m/armv7-m/gcc\los_dispatch.c ****     "LDR    R0, =g_stLosTask\n\t"
  84:C:/Users/²Ü¼ÒºÀ/.iotlink/sdk/IoT_LINK/iot_link/os/liteos/arch/arm/arm-m/armv7-m/gcc\los_dispatch.c ****     "LDR    R1, [R0, #4]\n\t"
  85:C:/Users/²Ü¼ÒºÀ/.iotlink/sdk/IoT_LINK/iot_link/os/liteos/arch/arm/arm-m/armv7-m/gcc\los_dispatch.c ****     "STR    R1, [R0]\n\t"
  86:C:/Users/²Ü¼ÒºÀ/.iotlink/sdk/IoT_LINK/iot_link/os/liteos/arch/arm/arm-m/armv7-m/gcc\los_dispatch.c **** 
  87:C:/Users/²Ü¼ÒºÀ/.iotlink/sdk/IoT_LINK/iot_link/os/liteos/arch/arm/arm-m/armv7-m/gcc\los_dispatch.c ****     /**
  88:C:/Users/²Ü¼ÒºÀ/.iotlink/sdk/IoT_LINK/iot_link/os/liteos/arch/arm/arm-m/armv7-m/gcc\los_dispatch.c ****      * Set g_stLosTask.pstRunTask->usTaskStatus |= OS_TASK_STATUS_RUNNING.
  89:C:/Users/²Ü¼ÒºÀ/.iotlink/sdk/IoT_LINK/iot_link/os/liteos/arch/arm/arm-m/armv7-m/gcc\los_dispatch.c ****      */
  90:C:/Users/²Ü¼ÒºÀ/.iotlink/sdk/IoT_LINK/iot_link/os/liteos/arch/arm/arm-m/armv7-m/gcc\los_dispatch.c ****     "LDR    R1, [R0]\n\t"
  91:C:/Users/²Ü¼ÒºÀ/.iotlink/sdk/IoT_LINK/iot_link/os/liteos/arch/arm/arm-m/armv7-m/gcc\los_dispatch.c ****     "LDRH   R2, [R1, #4]\n\t"
  92:C:/Users/²Ü¼ÒºÀ/.iotlink/sdk/IoT_LINK/iot_link/os/liteos/arch/arm/arm-m/armv7-m/gcc\los_dispatch.c ****     "MOV    R3, %2                  @ OS_TASK_STATUS_RUNNING\n\t"
  93:C:/Users/²Ü¼ÒºÀ/.iotlink/sdk/IoT_LINK/iot_link/os/liteos/arch/arm/arm-m/armv7-m/gcc\los_dispatch.c ****     "ORR    R2, R2, R3\n\t"
  94:C:/Users/²Ü¼ÒºÀ/.iotlink/sdk/IoT_LINK/iot_link/os/liteos/arch/arm/arm-m/armv7-m/gcc\los_dispatch.c ****     "STRH   R2, [R1, #4]\n\t"
  95:C:/Users/²Ü¼ÒºÀ/.iotlink/sdk/IoT_LINK/iot_link/os/liteos/arch/arm/arm-m/armv7-m/gcc\los_dispatch.c **** 
  96:C:/Users/²Ü¼ÒºÀ/.iotlink/sdk/IoT_LINK/iot_link/os/liteos/arch/arm/arm-m/armv7-m/gcc\los_dispatch.c ****     /**
  97:C:/Users/²Ü¼ÒºÀ/.iotlink/sdk/IoT_LINK/iot_link/os/liteos/arch/arm/arm-m/armv7-m/gcc\los_dispatch.c ****      * Restore the default stack frame(R0-R3,R12,LR,PC,xPSR) of g_stLosTask.pstRunTask to R0-R7.
  98:C:/Users/²Ü¼ÒºÀ/.iotlink/sdk/IoT_LINK/iot_link/os/liteos/arch/arm/arm-m/armv7-m/gcc\los_dispatch.c ****      * [Initial EXC_RETURN ignore, if FPU supported] return by setting the CONTROL register.
  99:C:/Users/²Ü¼ÒºÀ/.iotlink/sdk/IoT_LINK/iot_link/os/liteos/arch/arm/arm-m/armv7-m/gcc\los_dispatch.c ****      *
 100:C:/Users/²Ü¼ÒºÀ/.iotlink/sdk/IoT_LINK/iot_link/os/liteos/arch/arm/arm-m/armv7-m/gcc\los_dispatch.c ****      * The initial stack of the current running task is as follows:
 101:C:/Users/²Ü¼ÒºÀ/.iotlink/sdk/IoT_LINK/iot_link/os/liteos/arch/arm/arm-m/armv7-m/gcc\los_dispatch.c ****      *
 102:C:/Users/²Ü¼ÒºÀ/.iotlink/sdk/IoT_LINK/iot_link/os/liteos/arch/arm/arm-m/armv7-m/gcc\los_dispatch.c ****      *       POP: Restore the context of the current running task ===>|
 103:C:/Users/²Ü¼ÒºÀ/.iotlink/sdk/IoT_LINK/iot_link/os/liteos/arch/arm/arm-m/armv7-m/gcc\los_dispatch.c ****      *                                                   High addr--->|
 104:C:/Users/²Ü¼ÒºÀ/.iotlink/sdk/IoT_LINK/iot_link/os/liteos/arch/arm/arm-m/armv7-m/gcc\los_dispatch.c ****      *                                         Bottom of the stack--->|
ARM GAS  C:\Users\²Ü¼ÒºÀ\AppData\Local\Temp\ccXUgawf.s 			page 4


 105:C:/Users/²Ü¼ÒºÀ/.iotlink/sdk/IoT_LINK/iot_link/os/liteos/arch/arm/arm-m/armv7-m/gcc\los_dispatch.c ****      * ----------+-----------------------------+----------------------+
 106:C:/Users/²Ü¼ÒºÀ/.iotlink/sdk/IoT_LINK/iot_link/os/liteos/arch/arm/arm-m/armv7-m/gcc\los_dispatch.c ****      *           | R4-R11,PRIMASK[,EXC_RETURN] | R0-R3,R12,LR,PC,xPSR |
 107:C:/Users/²Ü¼ÒºÀ/.iotlink/sdk/IoT_LINK/iot_link/os/liteos/arch/arm/arm-m/armv7-m/gcc\los_dispatch.c ****      * ----------+-----------------------------+----------------------+
 108:C:/Users/²Ü¼ÒºÀ/.iotlink/sdk/IoT_LINK/iot_link/os/liteos/arch/arm/arm-m/armv7-m/gcc\los_dispatch.c ****      *           |<---Top of the stack, restored from g_stLosTask.pstRunTask->pStackPointer
 109:C:/Users/²Ü¼ÒºÀ/.iotlink/sdk/IoT_LINK/iot_link/os/liteos/arch/arm/arm-m/armv7-m/gcc\los_dispatch.c ****      *           |<---         skip        --->|<--- get r0,lr,pc --->|
 110:C:/Users/²Ü¼ÒºÀ/.iotlink/sdk/IoT_LINK/iot_link/os/liteos/arch/arm/arm-m/armv7-m/gcc\los_dispatch.c ****      *                                                  R12 to PSP--->|
 111:C:/Users/²Ü¼ÒºÀ/.iotlink/sdk/IoT_LINK/iot_link/os/liteos/arch/arm/arm-m/armv7-m/gcc\los_dispatch.c ****      *                          Stack pointer after LOS_StartToRun--->|
 112:C:/Users/²Ü¼ÒºÀ/.iotlink/sdk/IoT_LINK/iot_link/os/liteos/arch/arm/arm-m/armv7-m/gcc\los_dispatch.c ****      */
 113:C:/Users/²Ü¼ÒºÀ/.iotlink/sdk/IoT_LINK/iot_link/os/liteos/arch/arm/arm-m/armv7-m/gcc\los_dispatch.c **** 
 114:C:/Users/²Ü¼ÒºÀ/.iotlink/sdk/IoT_LINK/iot_link/os/liteos/arch/arm/arm-m/armv7-m/gcc\los_dispatch.c ****     "LDR    R12, [R1]\n\t"
 115:C:/Users/²Ü¼ÒºÀ/.iotlink/sdk/IoT_LINK/iot_link/os/liteos/arch/arm/arm-m/armv7-m/gcc\los_dispatch.c **** 
 116:C:/Users/²Ü¼ÒºÀ/.iotlink/sdk/IoT_LINK/iot_link/os/liteos/arch/arm/arm-m/armv7-m/gcc\los_dispatch.c **** #if (LOSCFG_ENABLE_MPU == YES)
 117:C:/Users/²Ü¼ÒºÀ/.iotlink/sdk/IoT_LINK/iot_link/os/liteos/arch/arm/arm-m/armv7-m/gcc\los_dispatch.c ****     "LDR    R0, [R1, #8]            @ TCB->pMpuSettings\n\t"
 118:C:/Users/²Ü¼ÒºÀ/.iotlink/sdk/IoT_LINK/iot_link/os/liteos/arch/arm/arm-m/armv7-m/gcc\los_dispatch.c ****     "LDR    R1, =%3                 @ MPU_RBAR\n\t"
 119:C:/Users/²Ü¼ÒºÀ/.iotlink/sdk/IoT_LINK/iot_link/os/liteos/arch/arm/arm-m/armv7-m/gcc\los_dispatch.c ****     "LDM    R0!, {R2-R7}\n\t"
 120:C:/Users/²Ü¼ÒºÀ/.iotlink/sdk/IoT_LINK/iot_link/os/liteos/arch/arm/arm-m/armv7-m/gcc\los_dispatch.c ****     "STM    R1, {R2-R7}\n\t"
 121:C:/Users/²Ü¼ÒºÀ/.iotlink/sdk/IoT_LINK/iot_link/os/liteos/arch/arm/arm-m/armv7-m/gcc\los_dispatch.c ****     "LDM    R0!, {R2-R7}\n\t"
 122:C:/Users/²Ü¼ÒºÀ/.iotlink/sdk/IoT_LINK/iot_link/os/liteos/arch/arm/arm-m/armv7-m/gcc\los_dispatch.c ****     "STM    R1, {R2-R7}\n\t"
 123:C:/Users/²Ü¼ÒºÀ/.iotlink/sdk/IoT_LINK/iot_link/os/liteos/arch/arm/arm-m/armv7-m/gcc\los_dispatch.c **** 
 124:C:/Users/²Ü¼ÒºÀ/.iotlink/sdk/IoT_LINK/iot_link/os/liteos/arch/arm/arm-m/armv7-m/gcc\los_dispatch.c ****     "LDR    R3, [R12], #4           @ get the CONTROL value\n\t"
 125:C:/Users/²Ü¼ÒºÀ/.iotlink/sdk/IoT_LINK/iot_link/os/liteos/arch/arm/arm-m/armv7-m/gcc\los_dispatch.c ****     "ORR    R3, #2                  @ set CONTROL.SPSEL\n\t"
 126:C:/Users/²Ü¼ÒºÀ/.iotlink/sdk/IoT_LINK/iot_link/os/liteos/arch/arm/arm-m/armv7-m/gcc\los_dispatch.c **** #else
 127:C:/Users/²Ü¼ÒºÀ/.iotlink/sdk/IoT_LINK/iot_link/os/liteos/arch/arm/arm-m/armv7-m/gcc\los_dispatch.c ****     "MOV    R3, #2\n\t"
 128:C:/Users/²Ü¼ÒºÀ/.iotlink/sdk/IoT_LINK/iot_link/os/liteos/arch/arm/arm-m/armv7-m/gcc\los_dispatch.c **** #endif
 129:C:/Users/²Ü¼ÒºÀ/.iotlink/sdk/IoT_LINK/iot_link/os/liteos/arch/arm/arm-m/armv7-m/gcc\los_dispatch.c **** 
 130:C:/Users/²Ü¼ÒºÀ/.iotlink/sdk/IoT_LINK/iot_link/os/liteos/arch/arm/arm-m/armv7-m/gcc\los_dispatch.c ****     "ADD    R12, R12, #36           @ skip R4-R11, PRIMASK.\n\t"
 131:C:/Users/²Ü¼ÒºÀ/.iotlink/sdk/IoT_LINK/iot_link/os/liteos/arch/arm/arm-m/armv7-m/gcc\los_dispatch.c **** 
 132:C:/Users/²Ü¼ÒºÀ/.iotlink/sdk/IoT_LINK/iot_link/os/liteos/arch/arm/arm-m/armv7-m/gcc\los_dispatch.c **** #if defined (__VFP_FP__) && !defined(__SOFTFP__)
 133:C:/Users/²Ü¼ÒºÀ/.iotlink/sdk/IoT_LINK/iot_link/os/liteos/arch/arm/arm-m/armv7-m/gcc\los_dispatch.c ****     "ADD    R12, R12, #4            @ if FPU exist, skip EXC_RETURN.\n\t"
 134:C:/Users/²Ü¼ÒºÀ/.iotlink/sdk/IoT_LINK/iot_link/os/liteos/arch/arm/arm-m/armv7-m/gcc\los_dispatch.c **** #endif
 135:C:/Users/²Ü¼ÒºÀ/.iotlink/sdk/IoT_LINK/iot_link/os/liteos/arch/arm/arm-m/armv7-m/gcc\los_dispatch.c **** 
 136:C:/Users/²Ü¼ÒºÀ/.iotlink/sdk/IoT_LINK/iot_link/os/liteos/arch/arm/arm-m/armv7-m/gcc\los_dispatch.c ****     "LDR    R0, [R12]\n\t"
 137:C:/Users/²Ü¼ÒºÀ/.iotlink/sdk/IoT_LINK/iot_link/os/liteos/arch/arm/arm-m/armv7-m/gcc\los_dispatch.c ****     "LDR    LR, [R12, #4 * 5]\n\t"
 138:C:/Users/²Ü¼ÒºÀ/.iotlink/sdk/IoT_LINK/iot_link/os/liteos/arch/arm/arm-m/armv7-m/gcc\los_dispatch.c ****     "LDR    R2, [R12, #4 * 6]\n\t"
 139:C:/Users/²Ü¼ÒºÀ/.iotlink/sdk/IoT_LINK/iot_link/os/liteos/arch/arm/arm-m/armv7-m/gcc\los_dispatch.c **** 
 140:C:/Users/²Ü¼ÒºÀ/.iotlink/sdk/IoT_LINK/iot_link/os/liteos/arch/arm/arm-m/armv7-m/gcc\los_dispatch.c ****     "ADD    R12, R12, #4 * 8\n\t"
 141:C:/Users/²Ü¼ÒºÀ/.iotlink/sdk/IoT_LINK/iot_link/os/liteos/arch/arm/arm-m/armv7-m/gcc\los_dispatch.c **** 
 142:C:/Users/²Ü¼ÒºÀ/.iotlink/sdk/IoT_LINK/iot_link/os/liteos/arch/arm/arm-m/armv7-m/gcc\los_dispatch.c ****     /**
 143:C:/Users/²Ü¼ÒºÀ/.iotlink/sdk/IoT_LINK/iot_link/os/liteos/arch/arm/arm-m/armv7-m/gcc\los_dispatch.c ****      * Set the stack pointer of g_stLosTask.pstRunTask to PSP.
 144:C:/Users/²Ü¼ÒºÀ/.iotlink/sdk/IoT_LINK/iot_link/os/liteos/arch/arm/arm-m/armv7-m/gcc\los_dispatch.c ****      */
 145:C:/Users/²Ü¼ÒºÀ/.iotlink/sdk/IoT_LINK/iot_link/os/liteos/arch/arm/arm-m/armv7-m/gcc\los_dispatch.c ****     "MSR    PSP, R12\n\t"
 146:C:/Users/²Ü¼ÒºÀ/.iotlink/sdk/IoT_LINK/iot_link/os/liteos/arch/arm/arm-m/armv7-m/gcc\los_dispatch.c **** 
 147:C:/Users/²Ü¼ÒºÀ/.iotlink/sdk/IoT_LINK/iot_link/os/liteos/arch/arm/arm-m/armv7-m/gcc\los_dispatch.c ****     /**
 148:C:/Users/²Ü¼ÒºÀ/.iotlink/sdk/IoT_LINK/iot_link/os/liteos/arch/arm/arm-m/armv7-m/gcc\los_dispatch.c ****      * Enable interrupt. (The default PRIMASK value is 0, so enable directly)
 149:C:/Users/²Ü¼ÒºÀ/.iotlink/sdk/IoT_LINK/iot_link/os/liteos/arch/arm/arm-m/armv7-m/gcc\los_dispatch.c ****      */
 150:C:/Users/²Ü¼ÒºÀ/.iotlink/sdk/IoT_LINK/iot_link/os/liteos/arch/arm/arm-m/armv7-m/gcc\los_dispatch.c ****     "CPSIE  I\n\t"
 151:C:/Users/²Ü¼ÒºÀ/.iotlink/sdk/IoT_LINK/iot_link/os/liteos/arch/arm/arm-m/armv7-m/gcc\los_dispatch.c **** 
 152:C:/Users/²Ü¼ÒºÀ/.iotlink/sdk/IoT_LINK/iot_link/os/liteos/arch/arm/arm-m/armv7-m/gcc\los_dispatch.c ****     /**
 153:C:/Users/²Ü¼ÒºÀ/.iotlink/sdk/IoT_LINK/iot_link/os/liteos/arch/arm/arm-m/armv7-m/gcc\los_dispatch.c ****      * Set the CONTROL register, after schedule start, privilege level and stack = PSP.
 154:C:/Users/²Ü¼ÒºÀ/.iotlink/sdk/IoT_LINK/iot_link/os/liteos/arch/arm/arm-m/armv7-m/gcc\los_dispatch.c ****      */
 155:C:/Users/²Ü¼ÒºÀ/.iotlink/sdk/IoT_LINK/iot_link/os/liteos/arch/arm/arm-m/armv7-m/gcc\los_dispatch.c ****     "MSR    CONTROL, R3\n\t"
 156:C:/Users/²Ü¼ÒºÀ/.iotlink/sdk/IoT_LINK/iot_link/os/liteos/arch/arm/arm-m/armv7-m/gcc\los_dispatch.c **** 
 157:C:/Users/²Ü¼ÒºÀ/.iotlink/sdk/IoT_LINK/iot_link/os/liteos/arch/arm/arm-m/armv7-m/gcc\los_dispatch.c ****     /**
 158:C:/Users/²Ü¼ÒºÀ/.iotlink/sdk/IoT_LINK/iot_link/os/liteos/arch/arm/arm-m/armv7-m/gcc\los_dispatch.c ****      * Jump directly to the default PC of g_stLosTask.pstRunTask, the field information
 159:C:/Users/²Ü¼ÒºÀ/.iotlink/sdk/IoT_LINK/iot_link/os/liteos/arch/arm/arm-m/armv7-m/gcc\los_dispatch.c ****      * of the main function will be destroyed and will never be returned.
 160:C:/Users/²Ü¼ÒºÀ/.iotlink/sdk/IoT_LINK/iot_link/os/liteos/arch/arm/arm-m/armv7-m/gcc\los_dispatch.c ****      */
 161:C:/Users/²Ü¼ÒºÀ/.iotlink/sdk/IoT_LINK/iot_link/os/liteos/arch/arm/arm-m/armv7-m/gcc\los_dispatch.c ****     "BX     R2\n\t"
ARM GAS  C:\Users\²Ü¼ÒºÀ\AppData\Local\Temp\ccXUgawf.s 			page 5


 162:C:/Users/²Ü¼ÒºÀ/.iotlink/sdk/IoT_LINK/iot_link/os/liteos/arch/arm/arm-m/armv7-m/gcc\los_dispatch.c ****     :
 163:C:/Users/²Ü¼ÒºÀ/.iotlink/sdk/IoT_LINK/iot_link/os/liteos/arch/arm/arm-m/armv7-m/gcc\los_dispatch.c ****     : "X" (NVIC_SYSPRI2), "X" (NVIC_PENDSV_SYSTICK_PRI),
 164:C:/Users/²Ü¼ÒºÀ/.iotlink/sdk/IoT_LINK/iot_link/os/liteos/arch/arm/arm-m/armv7-m/gcc\los_dispatch.c ****       "I" (OS_TASK_STATUS_RUNNING), "X" (MPU_RBAR)
 165:C:/Users/²Ü¼ÒºÀ/.iotlink/sdk/IoT_LINK/iot_link/os/liteos/arch/arm/arm-m/armv7-m/gcc\los_dispatch.c ****     );
 166:C:/Users/²Ü¼ÒºÀ/.iotlink/sdk/IoT_LINK/iot_link/os/liteos/arch/arm/arm-m/armv7-m/gcc\los_dispatch.c **** }
  69              		.loc 1 166 1 is_stmt 0 view .LVU2
  70              		.thumb
  71              		.syntax unified
  72              		.cfi_endproc
  73              	.LFE287:
  75 0056 0000     		.section	.text.LOS_IntLock,"ax",%progbits
  76              		.align	1
  77              		.global	LOS_IntLock
  78              		.syntax unified
  79              		.thumb
  80              		.thumb_func
  81              		.fpu fpv4-sp-d16
  83              	LOS_IntLock:
  84              	.LFB288:
 167:C:/Users/²Ü¼ÒºÀ/.iotlink/sdk/IoT_LINK/iot_link/os/liteos/arch/arm/arm-m/armv7-m/gcc\los_dispatch.c **** 
 168:C:/Users/²Ü¼ÒºÀ/.iotlink/sdk/IoT_LINK/iot_link/os/liteos/arch/arm/arm-m/armv7-m/gcc\los_dispatch.c **** /****************************************************************************************
 169:C:/Users/²Ü¼ÒºÀ/.iotlink/sdk/IoT_LINK/iot_link/os/liteos/arch/arm/arm-m/armv7-m/gcc\los_dispatch.c **** * Function:
 170:C:/Users/²Ü¼ÒºÀ/.iotlink/sdk/IoT_LINK/iot_link/os/liteos/arch/arm/arm-m/armv7-m/gcc\los_dispatch.c **** *        UINTPTR LOS_IntLock(VOID);
 171:C:/Users/²Ü¼ÒºÀ/.iotlink/sdk/IoT_LINK/iot_link/os/liteos/arch/arm/arm-m/armv7-m/gcc\los_dispatch.c **** * Description:
 172:C:/Users/²Ü¼ÒºÀ/.iotlink/sdk/IoT_LINK/iot_link/os/liteos/arch/arm/arm-m/armv7-m/gcc\los_dispatch.c **** *        Disable all interrupts except Reset,NMI and HardFault.
 173:C:/Users/²Ü¼ÒºÀ/.iotlink/sdk/IoT_LINK/iot_link/os/liteos/arch/arm/arm-m/armv7-m/gcc\los_dispatch.c **** *        The value of currnet interruption state will be returned to the caller to save.
 174:C:/Users/²Ü¼ÒºÀ/.iotlink/sdk/IoT_LINK/iot_link/os/liteos/arch/arm/arm-m/armv7-m/gcc\los_dispatch.c **** *
 175:C:/Users/²Ü¼ÒºÀ/.iotlink/sdk/IoT_LINK/iot_link/os/liteos/arch/arm/arm-m/armv7-m/gcc\los_dispatch.c **** * Function:
 176:C:/Users/²Ü¼ÒºÀ/.iotlink/sdk/IoT_LINK/iot_link/os/liteos/arch/arm/arm-m/armv7-m/gcc\los_dispatch.c **** *        VOID LOS_IntRestore(UINTPTR uvIntSave);
 177:C:/Users/²Ü¼ÒºÀ/.iotlink/sdk/IoT_LINK/iot_link/os/liteos/arch/arm/arm-m/armv7-m/gcc\los_dispatch.c **** * Description:
 178:C:/Users/²Ü¼ÒºÀ/.iotlink/sdk/IoT_LINK/iot_link/os/liteos/arch/arm/arm-m/armv7-m/gcc\los_dispatch.c **** *        Restore the locked interruption of LOS_IntLock.
 179:C:/Users/²Ü¼ÒºÀ/.iotlink/sdk/IoT_LINK/iot_link/os/liteos/arch/arm/arm-m/armv7-m/gcc\los_dispatch.c **** *        The caller must pass in the value of interruption state previously saved.
 180:C:/Users/²Ü¼ÒºÀ/.iotlink/sdk/IoT_LINK/iot_link/os/liteos/arch/arm/arm-m/armv7-m/gcc\los_dispatch.c **** ****************************************************************************************/
 181:C:/Users/²Ü¼ÒºÀ/.iotlink/sdk/IoT_LINK/iot_link/os/liteos/arch/arm/arm-m/armv7-m/gcc\los_dispatch.c **** __attribute__((naked)) UINTPTR LOS_IntLock(void)
 182:C:/Users/²Ü¼ÒºÀ/.iotlink/sdk/IoT_LINK/iot_link/os/liteos/arch/arm/arm-m/armv7-m/gcc\los_dispatch.c **** {
  85              		.loc 1 182 1 is_stmt 1 view -0
  86              		.cfi_startproc
  87              		@ Naked Function: prologue and epilogue provided by programmer.
  88              		@ args = 0, pretend = 0, frame = 0
  89              		@ frame_needed = 0, uses_anonymous_args = 0
 183:C:/Users/²Ü¼ÒºÀ/.iotlink/sdk/IoT_LINK/iot_link/os/liteos/arch/arm/arm-m/armv7-m/gcc\los_dispatch.c ****     asm (
  90              		.loc 1 183 5 view .LVU4
  91              		.syntax unified
  92              	@ 183 "C:/Users/²Ü¼ÒºÀ/.iotlink/sdk/IoT_LINK/iot_link/os/liteos/arch/arm/arm-m/armv7-m/gcc/los_disp
  93              		.syntax unified
  94 0000 EFF31080 		MRS    R0, PRIMASK
  95 0004 72B6     		CPSID  I
  96 0006 7047     		BX     LR
  97              		
  98              	@ 0 "" 2
 184:C:/Users/²Ü¼ÒºÀ/.iotlink/sdk/IoT_LINK/iot_link/os/liteos/arch/arm/arm-m/armv7-m/gcc\los_dispatch.c ****     ".syntax unified\n\t"
 185:C:/Users/²Ü¼ÒºÀ/.iotlink/sdk/IoT_LINK/iot_link/os/liteos/arch/arm/arm-m/armv7-m/gcc\los_dispatch.c **** 
 186:C:/Users/²Ü¼ÒºÀ/.iotlink/sdk/IoT_LINK/iot_link/os/liteos/arch/arm/arm-m/armv7-m/gcc\los_dispatch.c ****     "MRS    R0, PRIMASK\n\t"
 187:C:/Users/²Ü¼ÒºÀ/.iotlink/sdk/IoT_LINK/iot_link/os/liteos/arch/arm/arm-m/armv7-m/gcc\los_dispatch.c ****     "CPSID  I\n\t"
 188:C:/Users/²Ü¼ÒºÀ/.iotlink/sdk/IoT_LINK/iot_link/os/liteos/arch/arm/arm-m/armv7-m/gcc\los_dispatch.c ****     "BX     LR\n\t"
 189:C:/Users/²Ü¼ÒºÀ/.iotlink/sdk/IoT_LINK/iot_link/os/liteos/arch/arm/arm-m/armv7-m/gcc\los_dispatch.c ****     );
 190:C:/Users/²Ü¼ÒºÀ/.iotlink/sdk/IoT_LINK/iot_link/os/liteos/arch/arm/arm-m/armv7-m/gcc\los_dispatch.c **** }
ARM GAS  C:\Users\²Ü¼ÒºÀ\AppData\Local\Temp\ccXUgawf.s 			page 6


  99              		.loc 1 190 1 is_stmt 0 view .LVU5
 100              		.thumb
 101              		.syntax unified
 102              		.cfi_endproc
 103              	.LFE288:
 105              		.section	.text.LOS_IntUnLock,"ax",%progbits
 106              		.align	1
 107              		.global	LOS_IntUnLock
 108              		.syntax unified
 109              		.thumb
 110              		.thumb_func
 111              		.fpu fpv4-sp-d16
 113              	LOS_IntUnLock:
 114              	.LFB289:
 191:C:/Users/²Ü¼ÒºÀ/.iotlink/sdk/IoT_LINK/iot_link/os/liteos/arch/arm/arm-m/armv7-m/gcc\los_dispatch.c **** 
 192:C:/Users/²Ü¼ÒºÀ/.iotlink/sdk/IoT_LINK/iot_link/os/liteos/arch/arm/arm-m/armv7-m/gcc\los_dispatch.c **** __attribute__((naked)) UINTPTR LOS_IntUnLock(void)
 193:C:/Users/²Ü¼ÒºÀ/.iotlink/sdk/IoT_LINK/iot_link/os/liteos/arch/arm/arm-m/armv7-m/gcc\los_dispatch.c **** {
 115              		.loc 1 193 1 is_stmt 1 view -0
 116              		.cfi_startproc
 117              		@ Naked Function: prologue and epilogue provided by programmer.
 118              		@ args = 0, pretend = 0, frame = 0
 119              		@ frame_needed = 0, uses_anonymous_args = 0
 194:C:/Users/²Ü¼ÒºÀ/.iotlink/sdk/IoT_LINK/iot_link/os/liteos/arch/arm/arm-m/armv7-m/gcc\los_dispatch.c ****     asm (
 120              		.loc 1 194 5 view .LVU7
 121              		.syntax unified
 122              	@ 194 "C:/Users/²Ü¼ÒºÀ/.iotlink/sdk/IoT_LINK/iot_link/os/liteos/arch/arm/arm-m/armv7-m/gcc/los_disp
 123              		.syntax unified
 124 0000 EFF31080 		MRS    R0, PRIMASK
 125 0004 62B6     		CPSIE  I
 126 0006 7047     		BX     LR
 127              		
 128              	@ 0 "" 2
 195:C:/Users/²Ü¼ÒºÀ/.iotlink/sdk/IoT_LINK/iot_link/os/liteos/arch/arm/arm-m/armv7-m/gcc\los_dispatch.c ****     ".syntax unified\n\t"
 196:C:/Users/²Ü¼ÒºÀ/.iotlink/sdk/IoT_LINK/iot_link/os/liteos/arch/arm/arm-m/armv7-m/gcc\los_dispatch.c **** 
 197:C:/Users/²Ü¼ÒºÀ/.iotlink/sdk/IoT_LINK/iot_link/os/liteos/arch/arm/arm-m/armv7-m/gcc\los_dispatch.c ****     "MRS    R0, PRIMASK\n\t"
 198:C:/Users/²Ü¼ÒºÀ/.iotlink/sdk/IoT_LINK/iot_link/os/liteos/arch/arm/arm-m/armv7-m/gcc\los_dispatch.c ****     "CPSIE  I\n\t"
 199:C:/Users/²Ü¼ÒºÀ/.iotlink/sdk/IoT_LINK/iot_link/os/liteos/arch/arm/arm-m/armv7-m/gcc\los_dispatch.c ****     "BX     LR\n\t"
 200:C:/Users/²Ü¼ÒºÀ/.iotlink/sdk/IoT_LINK/iot_link/os/liteos/arch/arm/arm-m/armv7-m/gcc\los_dispatch.c ****     );
 201:C:/Users/²Ü¼ÒºÀ/.iotlink/sdk/IoT_LINK/iot_link/os/liteos/arch/arm/arm-m/armv7-m/gcc\los_dispatch.c **** }
 129              		.loc 1 201 1 is_stmt 0 view .LVU8
 130              		.thumb
 131              		.syntax unified
 132              		.cfi_endproc
 133              	.LFE289:
 135              		.section	.text.LOS_IntRestore,"ax",%progbits
 136              		.align	1
 137              		.global	LOS_IntRestore
 138              		.syntax unified
 139              		.thumb
 140              		.thumb_func
 141              		.fpu fpv4-sp-d16
 143              	LOS_IntRestore:
 144              	.LVL0:
 145              	.LFB290:
 202:C:/Users/²Ü¼ÒºÀ/.iotlink/sdk/IoT_LINK/iot_link/os/liteos/arch/arm/arm-m/armv7-m/gcc\los_dispatch.c **** 
 203:C:/Users/²Ü¼ÒºÀ/.iotlink/sdk/IoT_LINK/iot_link/os/liteos/arch/arm/arm-m/armv7-m/gcc\los_dispatch.c **** __attribute__((naked)) VOID LOS_IntRestore(UINTPTR key)
 204:C:/Users/²Ü¼ÒºÀ/.iotlink/sdk/IoT_LINK/iot_link/os/liteos/arch/arm/arm-m/armv7-m/gcc\los_dispatch.c **** {
ARM GAS  C:\Users\²Ü¼ÒºÀ\AppData\Local\Temp\ccXUgawf.s 			page 7


 146              		.loc 1 204 1 is_stmt 1 view -0
 147              		.cfi_startproc
 148              		@ Naked Function: prologue and epilogue provided by programmer.
 149              		@ args = 0, pretend = 0, frame = 0
 150              		@ frame_needed = 0, uses_anonymous_args = 0
 205:C:/Users/²Ü¼ÒºÀ/.iotlink/sdk/IoT_LINK/iot_link/os/liteos/arch/arm/arm-m/armv7-m/gcc\los_dispatch.c ****     asm (
 151              		.loc 1 205 5 view .LVU10
 152              		.syntax unified
 153              	@ 205 "C:/Users/²Ü¼ÒºÀ/.iotlink/sdk/IoT_LINK/iot_link/os/liteos/arch/arm/arm-m/armv7-m/gcc/los_disp
 154              		.syntax unified
 155 0000 80F31088 		MSR    PRIMASK, R0
 156 0004 7047     		BX     LR
 157              		
 158              	@ 0 "" 2
 206:C:/Users/²Ü¼ÒºÀ/.iotlink/sdk/IoT_LINK/iot_link/os/liteos/arch/arm/arm-m/armv7-m/gcc\los_dispatch.c ****     ".syntax unified\n\t"
 207:C:/Users/²Ü¼ÒºÀ/.iotlink/sdk/IoT_LINK/iot_link/os/liteos/arch/arm/arm-m/armv7-m/gcc\los_dispatch.c **** 
 208:C:/Users/²Ü¼ÒºÀ/.iotlink/sdk/IoT_LINK/iot_link/os/liteos/arch/arm/arm-m/armv7-m/gcc\los_dispatch.c ****     "MSR    PRIMASK, R0\n\t"
 209:C:/Users/²Ü¼ÒºÀ/.iotlink/sdk/IoT_LINK/iot_link/os/liteos/arch/arm/arm-m/armv7-m/gcc\los_dispatch.c ****     "BX     LR\n\t"
 210:C:/Users/²Ü¼ÒºÀ/.iotlink/sdk/IoT_LINK/iot_link/os/liteos/arch/arm/arm-m/armv7-m/gcc\los_dispatch.c ****     );
 211:C:/Users/²Ü¼ÒºÀ/.iotlink/sdk/IoT_LINK/iot_link/os/liteos/arch/arm/arm-m/armv7-m/gcc\los_dispatch.c **** }
 159              		.loc 1 211 1 is_stmt 0 view .LVU11
 160              		.thumb
 161              		.syntax unified
 162              		.cfi_endproc
 163              	.LFE290:
 165              		.section	.text.osTaskSchedule,"ax",%progbits
 166              		.align	1
 167              		.global	osTaskSchedule
 168              		.syntax unified
 169              		.thumb
 170              		.thumb_func
 171              		.fpu fpv4-sp-d16
 173              	osTaskSchedule:
 174              	.LFB291:
 212:C:/Users/²Ü¼ÒºÀ/.iotlink/sdk/IoT_LINK/iot_link/os/liteos/arch/arm/arm-m/armv7-m/gcc\los_dispatch.c **** 
 213:C:/Users/²Ü¼ÒºÀ/.iotlink/sdk/IoT_LINK/iot_link/os/liteos/arch/arm/arm-m/armv7-m/gcc\los_dispatch.c **** /****************************************************************************************
 214:C:/Users/²Ü¼ÒºÀ/.iotlink/sdk/IoT_LINK/iot_link/os/liteos/arch/arm/arm-m/armv7-m/gcc\los_dispatch.c **** * Function:
 215:C:/Users/²Ü¼ÒºÀ/.iotlink/sdk/IoT_LINK/iot_link/os/liteos/arch/arm/arm-m/armv7-m/gcc\los_dispatch.c **** *        VOID osTaskSchedule(VOID);
 216:C:/Users/²Ü¼ÒºÀ/.iotlink/sdk/IoT_LINK/iot_link/os/liteos/arch/arm/arm-m/armv7-m/gcc\los_dispatch.c **** * Description:
 217:C:/Users/²Ü¼ÒºÀ/.iotlink/sdk/IoT_LINK/iot_link/os/liteos/arch/arm/arm-m/armv7-m/gcc\los_dispatch.c **** *        Start the task swtich process by software trigger PendSV interrupt.
 218:C:/Users/²Ü¼ÒºÀ/.iotlink/sdk/IoT_LINK/iot_link/os/liteos/arch/arm/arm-m/armv7-m/gcc\los_dispatch.c **** ****************************************************************************************/
 219:C:/Users/²Ü¼ÒºÀ/.iotlink/sdk/IoT_LINK/iot_link/os/liteos/arch/arm/arm-m/armv7-m/gcc\los_dispatch.c **** __attribute__((naked)) VOID osTaskSchedule(VOID)
 220:C:/Users/²Ü¼ÒºÀ/.iotlink/sdk/IoT_LINK/iot_link/os/liteos/arch/arm/arm-m/armv7-m/gcc\los_dispatch.c **** {
 175              		.loc 1 220 1 is_stmt 1 view -0
 176              		.cfi_startproc
 177              		@ Naked Function: prologue and epilogue provided by programmer.
 178              		@ args = 0, pretend = 0, frame = 0
 179              		@ frame_needed = 0, uses_anonymous_args = 0
 221:C:/Users/²Ü¼ÒºÀ/.iotlink/sdk/IoT_LINK/iot_link/os/liteos/arch/arm/arm-m/armv7-m/gcc\los_dispatch.c ****     asm (
 180              		.loc 1 221 5 view .LVU13
 181              		.syntax unified
 182              	@ 221 "C:/Users/²Ü¼ÒºÀ/.iotlink/sdk/IoT_LINK/iot_link/os/liteos/arch/arm/arm-m/armv7-m/gcc/los_disp
 183              		.syntax unified
 184 0000 0248     		LDR    R0, =#-536810236                 @ NVIC_INT_CTRL
 185 0002 4FF08051 		LDR    R1, =#268435456                 @ NVIC_PENDSVSET
 186 0006 0160     		STR    R1, [R0]
 187 0008 7047     		BX     LR
ARM GAS  C:\Users\²Ü¼ÒºÀ\AppData\Local\Temp\ccXUgawf.s 			page 8


 188              		
 189              	@ 0 "" 2
 222:C:/Users/²Ü¼ÒºÀ/.iotlink/sdk/IoT_LINK/iot_link/os/liteos/arch/arm/arm-m/armv7-m/gcc\los_dispatch.c ****     ".syntax unified\n\t"
 223:C:/Users/²Ü¼ÒºÀ/.iotlink/sdk/IoT_LINK/iot_link/os/liteos/arch/arm/arm-m/armv7-m/gcc\los_dispatch.c **** 
 224:C:/Users/²Ü¼ÒºÀ/.iotlink/sdk/IoT_LINK/iot_link/os/liteos/arch/arm/arm-m/armv7-m/gcc\los_dispatch.c ****     "LDR    R0, =%0                 @ NVIC_INT_CTRL\n\t"
 225:C:/Users/²Ü¼ÒºÀ/.iotlink/sdk/IoT_LINK/iot_link/os/liteos/arch/arm/arm-m/armv7-m/gcc\los_dispatch.c ****     "LDR    R1, =%1                 @ NVIC_PENDSVSET\n\t"
 226:C:/Users/²Ü¼ÒºÀ/.iotlink/sdk/IoT_LINK/iot_link/os/liteos/arch/arm/arm-m/armv7-m/gcc\los_dispatch.c ****     "STR    R1, [R0]\n\t"
 227:C:/Users/²Ü¼ÒºÀ/.iotlink/sdk/IoT_LINK/iot_link/os/liteos/arch/arm/arm-m/armv7-m/gcc\los_dispatch.c ****     "BX     LR\n\t"
 228:C:/Users/²Ü¼ÒºÀ/.iotlink/sdk/IoT_LINK/iot_link/os/liteos/arch/arm/arm-m/armv7-m/gcc\los_dispatch.c ****     :
 229:C:/Users/²Ü¼ÒºÀ/.iotlink/sdk/IoT_LINK/iot_link/os/liteos/arch/arm/arm-m/armv7-m/gcc\los_dispatch.c ****     : "X" (NVIC_INT_CTRL), "X" (NVIC_PENDSVSET)
 230:C:/Users/²Ü¼ÒºÀ/.iotlink/sdk/IoT_LINK/iot_link/os/liteos/arch/arm/arm-m/armv7-m/gcc\los_dispatch.c ****     );
 231:C:/Users/²Ü¼ÒºÀ/.iotlink/sdk/IoT_LINK/iot_link/os/liteos/arch/arm/arm-m/armv7-m/gcc\los_dispatch.c **** }
 190              		.loc 1 231 1 is_stmt 0 view .LVU14
 191              		.thumb
 192              		.syntax unified
 193              		.cfi_endproc
 194              	.LFE291:
 196 000a 0000     		.section	.text.PendSV_Handler,"ax",%progbits
 197              		.align	1
 198              		.global	PendSV_Handler
 199              		.syntax unified
 200              		.thumb
 201              		.thumb_func
 202              		.fpu fpv4-sp-d16
 204              	PendSV_Handler:
 205              	.LFB292:
 232:C:/Users/²Ü¼ÒºÀ/.iotlink/sdk/IoT_LINK/iot_link/os/liteos/arch/arm/arm-m/armv7-m/gcc\los_dispatch.c **** 
 233:C:/Users/²Ü¼ÒºÀ/.iotlink/sdk/IoT_LINK/iot_link/os/liteos/arch/arm/arm-m/armv7-m/gcc\los_dispatch.c **** /****************************************************************************************
 234:C:/Users/²Ü¼ÒºÀ/.iotlink/sdk/IoT_LINK/iot_link/os/liteos/arch/arm/arm-m/armv7-m/gcc\los_dispatch.c **** * Function:
 235:C:/Users/²Ü¼ÒºÀ/.iotlink/sdk/IoT_LINK/iot_link/os/liteos/arch/arm/arm-m/armv7-m/gcc\los_dispatch.c **** *        VOID PendSV_Handler(VOID);
 236:C:/Users/²Ü¼ÒºÀ/.iotlink/sdk/IoT_LINK/iot_link/os/liteos/arch/arm/arm-m/armv7-m/gcc\los_dispatch.c **** * Description:
 237:C:/Users/²Ü¼ÒºÀ/.iotlink/sdk/IoT_LINK/iot_link/os/liteos/arch/arm/arm-m/armv7-m/gcc\los_dispatch.c **** *        PendSV interrupt handler, switch the context of the task.
 238:C:/Users/²Ü¼ÒºÀ/.iotlink/sdk/IoT_LINK/iot_link/os/liteos/arch/arm/arm-m/armv7-m/gcc\los_dispatch.c **** *        First: Save the context of the current running task(g_stLosTask.pstRunTask)
 239:C:/Users/²Ü¼ÒºÀ/.iotlink/sdk/IoT_LINK/iot_link/os/liteos/arch/arm/arm-m/armv7-m/gcc\los_dispatch.c **** *               to its own stack.
 240:C:/Users/²Ü¼ÒºÀ/.iotlink/sdk/IoT_LINK/iot_link/os/liteos/arch/arm/arm-m/armv7-m/gcc\los_dispatch.c **** *        Second: Restore the context of the next running task(g_stLosTask.pstNewTask)
 241:C:/Users/²Ü¼ÒºÀ/.iotlink/sdk/IoT_LINK/iot_link/os/liteos/arch/arm/arm-m/armv7-m/gcc\los_dispatch.c **** *                from its own stack.
 242:C:/Users/²Ü¼ÒºÀ/.iotlink/sdk/IoT_LINK/iot_link/os/liteos/arch/arm/arm-m/armv7-m/gcc\los_dispatch.c **** ****************************************************************************************/
 243:C:/Users/²Ü¼ÒºÀ/.iotlink/sdk/IoT_LINK/iot_link/os/liteos/arch/arm/arm-m/armv7-m/gcc\los_dispatch.c **** __attribute__((naked)) VOID PendSV_Handler(VOID)
 244:C:/Users/²Ü¼ÒºÀ/.iotlink/sdk/IoT_LINK/iot_link/os/liteos/arch/arm/arm-m/armv7-m/gcc\los_dispatch.c **** {
 206              		.loc 1 244 1 is_stmt 1 view -0
 207              		.cfi_startproc
 208              		@ Naked Function: prologue and epilogue provided by programmer.
 209              		@ args = 0, pretend = 0, frame = 0
 210              		@ frame_needed = 0, uses_anonymous_args = 0
 245:C:/Users/²Ü¼ÒºÀ/.iotlink/sdk/IoT_LINK/iot_link/os/liteos/arch/arm/arm-m/armv7-m/gcc\los_dispatch.c ****     asm (
 211              		.loc 1 245 5 view .LVU16
 212              		.syntax unified
 213              	@ 245 "C:/Users/²Ü¼ÒºÀ/.iotlink/sdk/IoT_LINK/iot_link/os/liteos/arch/arm/arm-m/armv7-m/gcc/los_disp
 214              		.syntax unified
 215 0000 EFF3108C 		MRS    R12, PRIMASK
 216 0004 72B6     		CPSID  I
 217 0006 184A     		LDR    R2, =g_pfnTskSwitchHook
 218 0008 1268     		LDR    R2, [R2]
 219 000a 22B1     		CBZ    R2, 0f
 220 000c 2DE90050 		PUSH   {R12, LR}
 221 0010 9047     		BLX    R2
 222 0012 BDE80050 		POP    {R12, LR}
ARM GAS  C:\Users\²Ü¼ÒºÀ\AppData\Local\Temp\ccXUgawf.s 			page 9


 223              		0:
 224 0016 EFF30980 		MRS    R0, PSP
 225 001a 1EF0100F 		TST    R14, #0x10              @ if the task using the FPU context
 226 001e 01D1     		BNE    0f
 227 0020 20ED108B 		VSTMDB R0!, {D8-D15}
 228              		0:
 229 0024 40F804ED 		STMFD  R0!, {R14}              @ save EXC_RETURN
 230 0028 20E9F01F 		STMFD  R0!, {R4-R12}           @ save the core registers and PRIMASK.
 231 002c 0F4D     		LDR    R5, =g_stLosTask
 232 002e 4FF01008 		MOV    R8, #16                 @ OS_TASK_STATUS_RUNNING
 233 0032 2E68     		LDR    R6, [R5]
 234 0034 3060     		STR    R0, [R6]
 235 0036 B788     		LDRH   R7, [R6, #4]
 236 0038 27EA0807 		BIC    R7, R7, R8
 237 003c B780     		STRH   R7, [R6, #4]
 238 003e 6868     		LDR    R0, [R5, #4]
 239 0040 2860     		STR    R0, [R5]
 240 0042 8788     		LDRH   R7, [R0, #4]
 241 0044 47EA0807 		ORR    R7, R7, R8
 242 0048 8780     		STRH   R7, [R0, #4]
 243 004a 0168     		LDR    R1, [R0]
 244 004c B1E8F01F 		LDMFD  R1!, {R4-R12}           @ restore the core registers and PRIMASK
 245 0050 51F804EB 		LDMFD  R1!, {R14}              @ restore EXC_RETURN
 246 0054 1EF0100F 		TST    R14, #0x10              @ if the task using the FPU context
 247 0058 01D1     		BNE    0f
 248 005a B1EC108B 		VLDMIA R1!, {D8-D15}
 249              		0:
 250 005e 81F30988 		MSR    PSP, R1
 251 0062 8CF31088 		MSR    PRIMASK, R12
 252 0066 7047     		BX     LR
 253              		
 254              	@ 0 "" 2
 246:C:/Users/²Ü¼ÒºÀ/.iotlink/sdk/IoT_LINK/iot_link/os/liteos/arch/arm/arm-m/armv7-m/gcc\los_dispatch.c ****     ".syntax unified\n\t"
 247:C:/Users/²Ü¼ÒºÀ/.iotlink/sdk/IoT_LINK/iot_link/os/liteos/arch/arm/arm-m/armv7-m/gcc\los_dispatch.c **** 
 248:C:/Users/²Ü¼ÒºÀ/.iotlink/sdk/IoT_LINK/iot_link/os/liteos/arch/arm/arm-m/armv7-m/gcc\los_dispatch.c ****     /**
 249:C:/Users/²Ü¼ÒºÀ/.iotlink/sdk/IoT_LINK/iot_link/os/liteos/arch/arm/arm-m/armv7-m/gcc\los_dispatch.c ****      * R12: Save the interruption state of the current running task.
 250:C:/Users/²Ü¼ÒºÀ/.iotlink/sdk/IoT_LINK/iot_link/os/liteos/arch/arm/arm-m/armv7-m/gcc\los_dispatch.c ****      * Disable all interrupts except Reset,NMI and HardFault
 251:C:/Users/²Ü¼ÒºÀ/.iotlink/sdk/IoT_LINK/iot_link/os/liteos/arch/arm/arm-m/armv7-m/gcc\los_dispatch.c ****      */
 252:C:/Users/²Ü¼ÒºÀ/.iotlink/sdk/IoT_LINK/iot_link/os/liteos/arch/arm/arm-m/armv7-m/gcc\los_dispatch.c ****     "MRS    R12, PRIMASK\n\t"
 253:C:/Users/²Ü¼ÒºÀ/.iotlink/sdk/IoT_LINK/iot_link/os/liteos/arch/arm/arm-m/armv7-m/gcc\los_dispatch.c ****     "CPSID  I\n\t"
 254:C:/Users/²Ü¼ÒºÀ/.iotlink/sdk/IoT_LINK/iot_link/os/liteos/arch/arm/arm-m/armv7-m/gcc\los_dispatch.c **** 
 255:C:/Users/²Ü¼ÒºÀ/.iotlink/sdk/IoT_LINK/iot_link/os/liteos/arch/arm/arm-m/armv7-m/gcc\los_dispatch.c ****     /**
 256:C:/Users/²Ü¼ÒºÀ/.iotlink/sdk/IoT_LINK/iot_link/os/liteos/arch/arm/arm-m/armv7-m/gcc\los_dispatch.c ****      * Call task switch hook.
 257:C:/Users/²Ü¼ÒºÀ/.iotlink/sdk/IoT_LINK/iot_link/os/liteos/arch/arm/arm-m/armv7-m/gcc\los_dispatch.c ****      */
 258:C:/Users/²Ü¼ÒºÀ/.iotlink/sdk/IoT_LINK/iot_link/os/liteos/arch/arm/arm-m/armv7-m/gcc\los_dispatch.c ****     "LDR    R2, =g_pfnTskSwitchHook\n\t"
 259:C:/Users/²Ü¼ÒºÀ/.iotlink/sdk/IoT_LINK/iot_link/os/liteos/arch/arm/arm-m/armv7-m/gcc\los_dispatch.c ****     "LDR    R2, [R2]\n\t"
 260:C:/Users/²Ü¼ÒºÀ/.iotlink/sdk/IoT_LINK/iot_link/os/liteos/arch/arm/arm-m/armv7-m/gcc\los_dispatch.c ****     "CBZ    R2, 0f\n\t"
 261:C:/Users/²Ü¼ÒºÀ/.iotlink/sdk/IoT_LINK/iot_link/os/liteos/arch/arm/arm-m/armv7-m/gcc\los_dispatch.c ****     "PUSH   {R12, LR}\n\t"
 262:C:/Users/²Ü¼ÒºÀ/.iotlink/sdk/IoT_LINK/iot_link/os/liteos/arch/arm/arm-m/armv7-m/gcc\los_dispatch.c ****     "BLX    R2\n\t"
 263:C:/Users/²Ü¼ÒºÀ/.iotlink/sdk/IoT_LINK/iot_link/os/liteos/arch/arm/arm-m/armv7-m/gcc\los_dispatch.c ****     "POP    {R12, LR}\n\t"
 264:C:/Users/²Ü¼ÒºÀ/.iotlink/sdk/IoT_LINK/iot_link/os/liteos/arch/arm/arm-m/armv7-m/gcc\los_dispatch.c **** 
 265:C:/Users/²Ü¼ÒºÀ/.iotlink/sdk/IoT_LINK/iot_link/os/liteos/arch/arm/arm-m/armv7-m/gcc\los_dispatch.c ****     "0:\n\t"
 266:C:/Users/²Ü¼ÒºÀ/.iotlink/sdk/IoT_LINK/iot_link/os/liteos/arch/arm/arm-m/armv7-m/gcc\los_dispatch.c **** 
 267:C:/Users/²Ü¼ÒºÀ/.iotlink/sdk/IoT_LINK/iot_link/os/liteos/arch/arm/arm-m/armv7-m/gcc\los_dispatch.c ****     /**
 268:C:/Users/²Ü¼ÒºÀ/.iotlink/sdk/IoT_LINK/iot_link/os/liteos/arch/arm/arm-m/armv7-m/gcc\los_dispatch.c ****      * R0 = now stack pointer of the current running task.
 269:C:/Users/²Ü¼ÒºÀ/.iotlink/sdk/IoT_LINK/iot_link/os/liteos/arch/arm/arm-m/armv7-m/gcc\los_dispatch.c ****      */
 270:C:/Users/²Ü¼ÒºÀ/.iotlink/sdk/IoT_LINK/iot_link/os/liteos/arch/arm/arm-m/armv7-m/gcc\los_dispatch.c ****     "MRS    R0, PSP\n\t"
ARM GAS  C:\Users\²Ü¼ÒºÀ\AppData\Local\Temp\ccXUgawf.s 			page 10


 271:C:/Users/²Ü¼ÒºÀ/.iotlink/sdk/IoT_LINK/iot_link/os/liteos/arch/arm/arm-m/armv7-m/gcc\los_dispatch.c **** 
 272:C:/Users/²Ü¼ÒºÀ/.iotlink/sdk/IoT_LINK/iot_link/os/liteos/arch/arm/arm-m/armv7-m/gcc\los_dispatch.c ****     /**
 273:C:/Users/²Ü¼ÒºÀ/.iotlink/sdk/IoT_LINK/iot_link/os/liteos/arch/arm/arm-m/armv7-m/gcc\los_dispatch.c ****      * Save the stack frame([S16-S31,]R4-R11) of the current running task.
 274:C:/Users/²Ü¼ÒºÀ/.iotlink/sdk/IoT_LINK/iot_link/os/liteos/arch/arm/arm-m/armv7-m/gcc\los_dispatch.c ****      * R12 save the PRIMASK value of the current running task.
 275:C:/Users/²Ü¼ÒºÀ/.iotlink/sdk/IoT_LINK/iot_link/os/liteos/arch/arm/arm-m/armv7-m/gcc\los_dispatch.c ****      * NOTE: 1. Before entering the exception handler function, these registers
 276:C:/Users/²Ü¼ÒºÀ/.iotlink/sdk/IoT_LINK/iot_link/os/liteos/arch/arm/arm-m/armv7-m/gcc\los_dispatch.c ****      *       ([NO_NAME,FPSCR,S15-S0],xPSR,PC,LR,R12,R3-R0) have been automatically
 277:C:/Users/²Ü¼ÒºÀ/.iotlink/sdk/IoT_LINK/iot_link/os/liteos/arch/arm/arm-m/armv7-m/gcc\los_dispatch.c ****      *       saved by the CPU in the stack of the current running task.
 278:C:/Users/²Ü¼ÒºÀ/.iotlink/sdk/IoT_LINK/iot_link/os/liteos/arch/arm/arm-m/armv7-m/gcc\los_dispatch.c ****      *       2. If lazy stacking is enabled, space is reserved on the stack for
 279:C:/Users/²Ü¼ÒºÀ/.iotlink/sdk/IoT_LINK/iot_link/os/liteos/arch/arm/arm-m/armv7-m/gcc\los_dispatch.c ****      *       the floating-point context(FPSCR,S15-S0), but the floating-point state
 280:C:/Users/²Ü¼ÒºÀ/.iotlink/sdk/IoT_LINK/iot_link/os/liteos/arch/arm/arm-m/armv7-m/gcc\los_dispatch.c ****      *       is not saved. when the floating-point instruction(VSTMDBEQ  R0!, {D8-D15})
 281:C:/Users/²Ü¼ÒºÀ/.iotlink/sdk/IoT_LINK/iot_link/os/liteos/arch/arm/arm-m/armv7-m/gcc\los_dispatch.c ****      *       is executed, the floating-point context(FPSCR,S15-S0) is first saved into
 282:C:/Users/²Ü¼ÒºÀ/.iotlink/sdk/IoT_LINK/iot_link/os/liteos/arch/arm/arm-m/armv7-m/gcc\los_dispatch.c ****      *       the space reserved on the stack. In other words, the instruction
 283:C:/Users/²Ü¼ÒºÀ/.iotlink/sdk/IoT_LINK/iot_link/os/liteos/arch/arm/arm-m/armv7-m/gcc\los_dispatch.c ****      *       'VSTMDBEQ  R0!, {D8-D15}' will trigger the CPU to save 'FPSCR,S15-S0' first.
 284:C:/Users/²Ü¼ÒºÀ/.iotlink/sdk/IoT_LINK/iot_link/os/liteos/arch/arm/arm-m/armv7-m/gcc\los_dispatch.c ****      *
 285:C:/Users/²Ü¼ÒºÀ/.iotlink/sdk/IoT_LINK/iot_link/os/liteos/arch/arm/arm-m/armv7-m/gcc\los_dispatch.c ****      * The stack of the current running task is as follows:
 286:C:/Users/²Ü¼ÒºÀ/.iotlink/sdk/IoT_LINK/iot_link/os/liteos/arch/arm/arm-m/armv7-m/gcc\los_dispatch.c ****      *
 287:C:/Users/²Ü¼ÒºÀ/.iotlink/sdk/IoT_LINK/iot_link/os/liteos/arch/arm/arm-m/armv7-m/gcc\los_dispatch.c ****      *   |<=== PUSH: Save the context of the current running task
 288:C:/Users/²Ü¼ÒºÀ/.iotlink/sdk/IoT_LINK/iot_link/os/liteos/arch/arm/arm-m/armv7-m/gcc\los_dispatch.c ****      *   |                                                                        High addr--->|
 289:C:/Users/²Ü¼ÒºÀ/.iotlink/sdk/IoT_LINK/iot_link/os/liteos/arch/arm/arm-m/armv7-m/gcc\los_dispatch.c ****      * --+---------------------------------------+---------------------------------------------+---
 290:C:/Users/²Ü¼ÒºÀ/.iotlink/sdk/IoT_LINK/iot_link/os/liteos/arch/arm/arm-m/armv7-m/gcc\los_dispatch.c ****      *   | R4-R11,PRIMASK[,EXC_RETURN[,S16-S31]] | R0-R3,R12,LR,PC,xPSR[,S0-S15,FPSCR,NO_NAME] |
 291:C:/Users/²Ü¼ÒºÀ/.iotlink/sdk/IoT_LINK/iot_link/os/liteos/arch/arm/arm-m/armv7-m/gcc\los_dispatch.c ****      *   |                                                             [    lazy stacking    ] |
 292:C:/Users/²Ü¼ÒºÀ/.iotlink/sdk/IoT_LINK/iot_link/os/liteos/arch/arm/arm-m/armv7-m/gcc\los_dispatch.c ****      * --+---------------------------------------+---------------------------------------------+---
 293:C:/Users/²Ü¼ÒºÀ/.iotlink/sdk/IoT_LINK/iot_link/os/liteos/arch/arm/arm-m/armv7-m/gcc\los_dispatch.c ****      *                                              Stack pointer before entering exception--->|
 294:C:/Users/²Ü¼ÒºÀ/.iotlink/sdk/IoT_LINK/iot_link/os/liteos/arch/arm/arm-m/armv7-m/gcc\los_dispatch.c ****      *                                           |<---            cpu auto saved           --->|
 295:C:/Users/²Ü¼ÒºÀ/.iotlink/sdk/IoT_LINK/iot_link/os/liteos/arch/arm/arm-m/armv7-m/gcc\los_dispatch.c ****      *                                           |<---PSP to R0
 296:C:/Users/²Ü¼ÒºÀ/.iotlink/sdk/IoT_LINK/iot_link/os/liteos/arch/arm/arm-m/armv7-m/gcc\los_dispatch.c ****      *   |<---Top of the stack, save to g_stLosTask.pstRunTask->pStackPointer
 297:C:/Users/²Ü¼ÒºÀ/.iotlink/sdk/IoT_LINK/iot_link/os/liteos/arch/arm/arm-m/armv7-m/gcc\los_dispatch.c ****      */
 298:C:/Users/²Ü¼ÒºÀ/.iotlink/sdk/IoT_LINK/iot_link/os/liteos/arch/arm/arm-m/armv7-m/gcc\los_dispatch.c **** #if defined (__VFP_FP__) && !defined(__SOFTFP__)       /* if FPU exist. */
 299:C:/Users/²Ü¼ÒºÀ/.iotlink/sdk/IoT_LINK/iot_link/os/liteos/arch/arm/arm-m/armv7-m/gcc\los_dispatch.c ****     "TST    R14, #0x10              @ if the task using the FPU context\n\t"
 300:C:/Users/²Ü¼ÒºÀ/.iotlink/sdk/IoT_LINK/iot_link/os/liteos/arch/arm/arm-m/armv7-m/gcc\los_dispatch.c ****     "BNE    0f\n\t"
 301:C:/Users/²Ü¼ÒºÀ/.iotlink/sdk/IoT_LINK/iot_link/os/liteos/arch/arm/arm-m/armv7-m/gcc\los_dispatch.c ****     "VSTMDB R0!, {D8-D15}\n\t"
 302:C:/Users/²Ü¼ÒºÀ/.iotlink/sdk/IoT_LINK/iot_link/os/liteos/arch/arm/arm-m/armv7-m/gcc\los_dispatch.c ****     "0:\n\t"
 303:C:/Users/²Ü¼ÒºÀ/.iotlink/sdk/IoT_LINK/iot_link/os/liteos/arch/arm/arm-m/armv7-m/gcc\los_dispatch.c ****     "STMFD  R0!, {R14}              @ save EXC_RETURN\n\t"
 304:C:/Users/²Ü¼ÒºÀ/.iotlink/sdk/IoT_LINK/iot_link/os/liteos/arch/arm/arm-m/armv7-m/gcc\los_dispatch.c **** #endif
 305:C:/Users/²Ü¼ÒºÀ/.iotlink/sdk/IoT_LINK/iot_link/os/liteos/arch/arm/arm-m/armv7-m/gcc\los_dispatch.c **** 
 306:C:/Users/²Ü¼ÒºÀ/.iotlink/sdk/IoT_LINK/iot_link/os/liteos/arch/arm/arm-m/armv7-m/gcc\los_dispatch.c ****     "STMFD  R0!, {R4-R12}           @ save the core registers and PRIMASK.\n\t"
 307:C:/Users/²Ü¼ÒºÀ/.iotlink/sdk/IoT_LINK/iot_link/os/liteos/arch/arm/arm-m/armv7-m/gcc\los_dispatch.c **** 
 308:C:/Users/²Ü¼ÒºÀ/.iotlink/sdk/IoT_LINK/iot_link/os/liteos/arch/arm/arm-m/armv7-m/gcc\los_dispatch.c **** #if (LOSCFG_ENABLE_MPU == YES)
 309:C:/Users/²Ü¼ÒºÀ/.iotlink/sdk/IoT_LINK/iot_link/os/liteos/arch/arm/arm-m/armv7-m/gcc\los_dispatch.c ****     "MRS    R1, CONTROL\n\t"
 310:C:/Users/²Ü¼ÒºÀ/.iotlink/sdk/IoT_LINK/iot_link/os/liteos/arch/arm/arm-m/armv7-m/gcc\los_dispatch.c ****     "STR    R1, [R0, #-4]!\n\t"
 311:C:/Users/²Ü¼ÒºÀ/.iotlink/sdk/IoT_LINK/iot_link/os/liteos/arch/arm/arm-m/armv7-m/gcc\los_dispatch.c **** #endif
 312:C:/Users/²Ü¼ÒºÀ/.iotlink/sdk/IoT_LINK/iot_link/os/liteos/arch/arm/arm-m/armv7-m/gcc\los_dispatch.c **** 
 313:C:/Users/²Ü¼ÒºÀ/.iotlink/sdk/IoT_LINK/iot_link/os/liteos/arch/arm/arm-m/armv7-m/gcc\los_dispatch.c ****     /**
 314:C:/Users/²Ü¼ÒºÀ/.iotlink/sdk/IoT_LINK/iot_link/os/liteos/arch/arm/arm-m/armv7-m/gcc\los_dispatch.c ****      * R5,R8.
 315:C:/Users/²Ü¼ÒºÀ/.iotlink/sdk/IoT_LINK/iot_link/os/liteos/arch/arm/arm-m/armv7-m/gcc\los_dispatch.c ****      */
 316:C:/Users/²Ü¼ÒºÀ/.iotlink/sdk/IoT_LINK/iot_link/os/liteos/arch/arm/arm-m/armv7-m/gcc\los_dispatch.c ****     "LDR    R5, =g_stLosTask\n\t"
 317:C:/Users/²Ü¼ÒºÀ/.iotlink/sdk/IoT_LINK/iot_link/os/liteos/arch/arm/arm-m/armv7-m/gcc\los_dispatch.c ****     "MOV    R8, %0                 @ OS_TASK_STATUS_RUNNING\n\t"
 318:C:/Users/²Ü¼ÒºÀ/.iotlink/sdk/IoT_LINK/iot_link/os/liteos/arch/arm/arm-m/armv7-m/gcc\los_dispatch.c **** 
 319:C:/Users/²Ü¼ÒºÀ/.iotlink/sdk/IoT_LINK/iot_link/os/liteos/arch/arm/arm-m/armv7-m/gcc\los_dispatch.c ****     /**
 320:C:/Users/²Ü¼ÒºÀ/.iotlink/sdk/IoT_LINK/iot_link/os/liteos/arch/arm/arm-m/armv7-m/gcc\los_dispatch.c ****      * Save the stack pointer of the current running task to TCB.
 321:C:/Users/²Ü¼ÒºÀ/.iotlink/sdk/IoT_LINK/iot_link/os/liteos/arch/arm/arm-m/armv7-m/gcc\los_dispatch.c ****      * (g_stLosTask.pstRunTask->pStackPointer = R0)
 322:C:/Users/²Ü¼ÒºÀ/.iotlink/sdk/IoT_LINK/iot_link/os/liteos/arch/arm/arm-m/armv7-m/gcc\los_dispatch.c ****      */
 323:C:/Users/²Ü¼ÒºÀ/.iotlink/sdk/IoT_LINK/iot_link/os/liteos/arch/arm/arm-m/armv7-m/gcc\los_dispatch.c ****     "LDR    R6, [R5]\n\t"
 324:C:/Users/²Ü¼ÒºÀ/.iotlink/sdk/IoT_LINK/iot_link/os/liteos/arch/arm/arm-m/armv7-m/gcc\los_dispatch.c ****     "STR    R0, [R6]\n\t"
 325:C:/Users/²Ü¼ÒºÀ/.iotlink/sdk/IoT_LINK/iot_link/os/liteos/arch/arm/arm-m/armv7-m/gcc\los_dispatch.c **** 
 326:C:/Users/²Ü¼ÒºÀ/.iotlink/sdk/IoT_LINK/iot_link/os/liteos/arch/arm/arm-m/armv7-m/gcc\los_dispatch.c ****     /**
 327:C:/Users/²Ü¼ÒºÀ/.iotlink/sdk/IoT_LINK/iot_link/os/liteos/arch/arm/arm-m/armv7-m/gcc\los_dispatch.c ****      * Clear the RUNNING state of the current running task.
ARM GAS  C:\Users\²Ü¼ÒºÀ\AppData\Local\Temp\ccXUgawf.s 			page 11


 328:C:/Users/²Ü¼ÒºÀ/.iotlink/sdk/IoT_LINK/iot_link/os/liteos/arch/arm/arm-m/armv7-m/gcc\los_dispatch.c ****      * (g_stLosTask.pstRunTask->usTaskStatus &= ~OS_TASK_STATUS_RUNNING)
 329:C:/Users/²Ü¼ÒºÀ/.iotlink/sdk/IoT_LINK/iot_link/os/liteos/arch/arm/arm-m/armv7-m/gcc\los_dispatch.c ****      */
 330:C:/Users/²Ü¼ÒºÀ/.iotlink/sdk/IoT_LINK/iot_link/os/liteos/arch/arm/arm-m/armv7-m/gcc\los_dispatch.c ****     "LDRH   R7, [R6, #4]\n\t"
 331:C:/Users/²Ü¼ÒºÀ/.iotlink/sdk/IoT_LINK/iot_link/os/liteos/arch/arm/arm-m/armv7-m/gcc\los_dispatch.c ****     "BIC    R7, R7, R8\n\t"
 332:C:/Users/²Ü¼ÒºÀ/.iotlink/sdk/IoT_LINK/iot_link/os/liteos/arch/arm/arm-m/armv7-m/gcc\los_dispatch.c ****     "STRH   R7, [R6, #4]\n\t"
 333:C:/Users/²Ü¼ÒºÀ/.iotlink/sdk/IoT_LINK/iot_link/os/liteos/arch/arm/arm-m/armv7-m/gcc\los_dispatch.c **** 
 334:C:/Users/²Ü¼ÒºÀ/.iotlink/sdk/IoT_LINK/iot_link/os/liteos/arch/arm/arm-m/armv7-m/gcc\los_dispatch.c ****     /**
 335:C:/Users/²Ü¼ÒºÀ/.iotlink/sdk/IoT_LINK/iot_link/os/liteos/arch/arm/arm-m/armv7-m/gcc\los_dispatch.c ****      * Switch the current running task to the next running task.
 336:C:/Users/²Ü¼ÒºÀ/.iotlink/sdk/IoT_LINK/iot_link/os/liteos/arch/arm/arm-m/armv7-m/gcc\los_dispatch.c ****      * (g_stLosTask.pstRunTask = g_stLosTask.pstNewTask)
 337:C:/Users/²Ü¼ÒºÀ/.iotlink/sdk/IoT_LINK/iot_link/os/liteos/arch/arm/arm-m/armv7-m/gcc\los_dispatch.c ****      */
 338:C:/Users/²Ü¼ÒºÀ/.iotlink/sdk/IoT_LINK/iot_link/os/liteos/arch/arm/arm-m/armv7-m/gcc\los_dispatch.c ****     "LDR    R0, [R5, #4]\n\t"
 339:C:/Users/²Ü¼ÒºÀ/.iotlink/sdk/IoT_LINK/iot_link/os/liteos/arch/arm/arm-m/armv7-m/gcc\los_dispatch.c ****     "STR    R0, [R5]\n\t"
 340:C:/Users/²Ü¼ÒºÀ/.iotlink/sdk/IoT_LINK/iot_link/os/liteos/arch/arm/arm-m/armv7-m/gcc\los_dispatch.c **** 
 341:C:/Users/²Ü¼ÒºÀ/.iotlink/sdk/IoT_LINK/iot_link/os/liteos/arch/arm/arm-m/armv7-m/gcc\los_dispatch.c ****     /**
 342:C:/Users/²Ü¼ÒºÀ/.iotlink/sdk/IoT_LINK/iot_link/os/liteos/arch/arm/arm-m/armv7-m/gcc\los_dispatch.c ****      * Set the RUNNING state of the next running task.
 343:C:/Users/²Ü¼ÒºÀ/.iotlink/sdk/IoT_LINK/iot_link/os/liteos/arch/arm/arm-m/armv7-m/gcc\los_dispatch.c ****      * (g_stLosTask.pstNewTask->usTaskStatus |= OS_TASK_STATUS_RUNNING)
 344:C:/Users/²Ü¼ÒºÀ/.iotlink/sdk/IoT_LINK/iot_link/os/liteos/arch/arm/arm-m/armv7-m/gcc\los_dispatch.c ****      */
 345:C:/Users/²Ü¼ÒºÀ/.iotlink/sdk/IoT_LINK/iot_link/os/liteos/arch/arm/arm-m/armv7-m/gcc\los_dispatch.c ****     "LDRH   R7, [R0, #4]\n\t"
 346:C:/Users/²Ü¼ÒºÀ/.iotlink/sdk/IoT_LINK/iot_link/os/liteos/arch/arm/arm-m/armv7-m/gcc\los_dispatch.c ****     "ORR    R7, R7, R8\n\t"
 347:C:/Users/²Ü¼ÒºÀ/.iotlink/sdk/IoT_LINK/iot_link/os/liteos/arch/arm/arm-m/armv7-m/gcc\los_dispatch.c ****     "STRH   R7, [R0, #4]\n\t"
 348:C:/Users/²Ü¼ÒºÀ/.iotlink/sdk/IoT_LINK/iot_link/os/liteos/arch/arm/arm-m/armv7-m/gcc\los_dispatch.c **** 
 349:C:/Users/²Ü¼ÒºÀ/.iotlink/sdk/IoT_LINK/iot_link/os/liteos/arch/arm/arm-m/armv7-m/gcc\los_dispatch.c ****     /**
 350:C:/Users/²Ü¼ÒºÀ/.iotlink/sdk/IoT_LINK/iot_link/os/liteos/arch/arm/arm-m/armv7-m/gcc\los_dispatch.c ****      * Restore the stack pointer of the next running task from TCB.
 351:C:/Users/²Ü¼ÒºÀ/.iotlink/sdk/IoT_LINK/iot_link/os/liteos/arch/arm/arm-m/armv7-m/gcc\los_dispatch.c ****      * (R1 = g_stLosTask.pstNewTask->pStackPointer)
 352:C:/Users/²Ü¼ÒºÀ/.iotlink/sdk/IoT_LINK/iot_link/os/liteos/arch/arm/arm-m/armv7-m/gcc\los_dispatch.c ****      */
 353:C:/Users/²Ü¼ÒºÀ/.iotlink/sdk/IoT_LINK/iot_link/os/liteos/arch/arm/arm-m/armv7-m/gcc\los_dispatch.c ****     "LDR    R1, [R0]\n\t"
 354:C:/Users/²Ü¼ÒºÀ/.iotlink/sdk/IoT_LINK/iot_link/os/liteos/arch/arm/arm-m/armv7-m/gcc\los_dispatch.c **** 
 355:C:/Users/²Ü¼ÒºÀ/.iotlink/sdk/IoT_LINK/iot_link/os/liteos/arch/arm/arm-m/armv7-m/gcc\los_dispatch.c **** #if (LOSCFG_ENABLE_MPU == YES)
 356:C:/Users/²Ü¼ÒºÀ/.iotlink/sdk/IoT_LINK/iot_link/os/liteos/arch/arm/arm-m/armv7-m/gcc\los_dispatch.c ****     /**
 357:C:/Users/²Ü¼ÒºÀ/.iotlink/sdk/IoT_LINK/iot_link/os/liteos/arch/arm/arm-m/armv7-m/gcc\los_dispatch.c ****      * Set the CONTROL register
 358:C:/Users/²Ü¼ÒºÀ/.iotlink/sdk/IoT_LINK/iot_link/os/liteos/arch/arm/arm-m/armv7-m/gcc\los_dispatch.c ****      */
 359:C:/Users/²Ü¼ÒºÀ/.iotlink/sdk/IoT_LINK/iot_link/os/liteos/arch/arm/arm-m/armv7-m/gcc\los_dispatch.c **** 
 360:C:/Users/²Ü¼ÒºÀ/.iotlink/sdk/IoT_LINK/iot_link/os/liteos/arch/arm/arm-m/armv7-m/gcc\los_dispatch.c ****     "LDR    R4, [R0, #8]            @ TCB->pMpuSettings\n\t"
 361:C:/Users/²Ü¼ÒºÀ/.iotlink/sdk/IoT_LINK/iot_link/os/liteos/arch/arm/arm-m/armv7-m/gcc\los_dispatch.c ****     "LDR    R5, =%1                 @ MPU_RBAR\n\t"
 362:C:/Users/²Ü¼ÒºÀ/.iotlink/sdk/IoT_LINK/iot_link/os/liteos/arch/arm/arm-m/armv7-m/gcc\los_dispatch.c ****     "LDM    R4!, {R6-R11}\n\t"
 363:C:/Users/²Ü¼ÒºÀ/.iotlink/sdk/IoT_LINK/iot_link/os/liteos/arch/arm/arm-m/armv7-m/gcc\los_dispatch.c ****     "STM    R5, {R6-R11}\n\t"
 364:C:/Users/²Ü¼ÒºÀ/.iotlink/sdk/IoT_LINK/iot_link/os/liteos/arch/arm/arm-m/armv7-m/gcc\los_dispatch.c ****     "LDM    R4!, {R6-R11}\n\t"
 365:C:/Users/²Ü¼ÒºÀ/.iotlink/sdk/IoT_LINK/iot_link/os/liteos/arch/arm/arm-m/armv7-m/gcc\los_dispatch.c ****     "STM    R5, {R6-R11}\n\t"
 366:C:/Users/²Ü¼ÒºÀ/.iotlink/sdk/IoT_LINK/iot_link/os/liteos/arch/arm/arm-m/armv7-m/gcc\los_dispatch.c ****     "LDR    R4, [R1], #4\n\t"
 367:C:/Users/²Ü¼ÒºÀ/.iotlink/sdk/IoT_LINK/iot_link/os/liteos/arch/arm/arm-m/armv7-m/gcc\los_dispatch.c ****     "MSR    CONTROL, R4\n\t"
 368:C:/Users/²Ü¼ÒºÀ/.iotlink/sdk/IoT_LINK/iot_link/os/liteos/arch/arm/arm-m/armv7-m/gcc\los_dispatch.c **** #endif
 369:C:/Users/²Ü¼ÒºÀ/.iotlink/sdk/IoT_LINK/iot_link/os/liteos/arch/arm/arm-m/armv7-m/gcc\los_dispatch.c **** 
 370:C:/Users/²Ü¼ÒºÀ/.iotlink/sdk/IoT_LINK/iot_link/os/liteos/arch/arm/arm-m/armv7-m/gcc\los_dispatch.c ****     /**
 371:C:/Users/²Ü¼ÒºÀ/.iotlink/sdk/IoT_LINK/iot_link/os/liteos/arch/arm/arm-m/armv7-m/gcc\los_dispatch.c ****      * Restore the stack frame(R4-R11[,S16-S31]) of the next running task.
 372:C:/Users/²Ü¼ÒºÀ/.iotlink/sdk/IoT_LINK/iot_link/os/liteos/arch/arm/arm-m/armv7-m/gcc\los_dispatch.c ****      * R12 restore the PRIMASK value of the next running task.
 373:C:/Users/²Ü¼ÒºÀ/.iotlink/sdk/IoT_LINK/iot_link/os/liteos/arch/arm/arm-m/armv7-m/gcc\los_dispatch.c ****      * NOTE: After exiting the exception handler function, these registers
 374:C:/Users/²Ü¼ÒºÀ/.iotlink/sdk/IoT_LINK/iot_link/os/liteos/arch/arm/arm-m/armv7-m/gcc\los_dispatch.c ****      *       (PC,xPSR,R0-R3,R12,LR[,S0-S15,FPSCR,NO_NAME]) will be automatically
 375:C:/Users/²Ü¼ÒºÀ/.iotlink/sdk/IoT_LINK/iot_link/os/liteos/arch/arm/arm-m/armv7-m/gcc\los_dispatch.c ****      *       restored by the CPU from the stack of the next running task.
 376:C:/Users/²Ü¼ÒºÀ/.iotlink/sdk/IoT_LINK/iot_link/os/liteos/arch/arm/arm-m/armv7-m/gcc\los_dispatch.c ****      *
 377:C:/Users/²Ü¼ÒºÀ/.iotlink/sdk/IoT_LINK/iot_link/os/liteos/arch/arm/arm-m/armv7-m/gcc\los_dispatch.c ****      * 1. The stack of the next running task is as follows:
 378:C:/Users/²Ü¼ÒºÀ/.iotlink/sdk/IoT_LINK/iot_link/os/liteos/arch/arm/arm-m/armv7-m/gcc\los_dispatch.c ****      *
 379:C:/Users/²Ü¼ÒºÀ/.iotlink/sdk/IoT_LINK/iot_link/os/liteos/arch/arm/arm-m/armv7-m/gcc\los_dispatch.c ****      *                                   POP: Restore the context of the next running task ===>|
 380:C:/Users/²Ü¼ÒºÀ/.iotlink/sdk/IoT_LINK/iot_link/os/liteos/arch/arm/arm-m/armv7-m/gcc\los_dispatch.c ****      *                                                                            High addr--->|
 381:C:/Users/²Ü¼ÒºÀ/.iotlink/sdk/IoT_LINK/iot_link/os/liteos/arch/arm/arm-m/armv7-m/gcc\los_dispatch.c ****      * --+---------------------------------------+---------------------------------------------+---
 382:C:/Users/²Ü¼ÒºÀ/.iotlink/sdk/IoT_LINK/iot_link/os/liteos/arch/arm/arm-m/armv7-m/gcc\los_dispatch.c ****      *   | R4-R11,PRIMASK[,EXC_RETURN[,S16-S31]] | R0-R3,R12,LR,PC,xPSR[,S0-S15,FPSCR,NO_NAME] |
 383:C:/Users/²Ü¼ÒºÀ/.iotlink/sdk/IoT_LINK/iot_link/os/liteos/arch/arm/arm-m/armv7-m/gcc\los_dispatch.c ****      * --+---------------------------------------+---------------------------------------------+---
 384:C:/Users/²Ü¼ÒºÀ/.iotlink/sdk/IoT_LINK/iot_link/os/liteos/arch/arm/arm-m/armv7-m/gcc\los_dispatch.c ****      *   |<---Top of the stack, restored from g_stLosTask.pstNewTask->pStackPointer
ARM GAS  C:\Users\²Ü¼ÒºÀ\AppData\Local\Temp\ccXUgawf.s 			page 12


 385:C:/Users/²Ü¼ÒºÀ/.iotlink/sdk/IoT_LINK/iot_link/os/liteos/arch/arm/arm-m/armv7-m/gcc\los_dispatch.c ****      *                              R1 to PSP--->|
 386:C:/Users/²Ü¼ÒºÀ/.iotlink/sdk/IoT_LINK/iot_link/os/liteos/arch/arm/arm-m/armv7-m/gcc\los_dispatch.c ****      *                                           |<---         cpu auto restoring          --->|
 387:C:/Users/²Ü¼ÒºÀ/.iotlink/sdk/IoT_LINK/iot_link/os/liteos/arch/arm/arm-m/armv7-m/gcc\los_dispatch.c ****      *                                                Stack pointer after exiting exception--->|
 388:C:/Users/²Ü¼ÒºÀ/.iotlink/sdk/IoT_LINK/iot_link/os/liteos/arch/arm/arm-m/armv7-m/gcc\los_dispatch.c ****      *
 389:C:/Users/²Ü¼ÒºÀ/.iotlink/sdk/IoT_LINK/iot_link/os/liteos/arch/arm/arm-m/armv7-m/gcc\los_dispatch.c ****      * 2. If the next running task is run for the first time, the stack is as follows:
 390:C:/Users/²Ü¼ÒºÀ/.iotlink/sdk/IoT_LINK/iot_link/os/liteos/arch/arm/arm-m/armv7-m/gcc\los_dispatch.c ****      *
 391:C:/Users/²Ü¼ÒºÀ/.iotlink/sdk/IoT_LINK/iot_link/os/liteos/arch/arm/arm-m/armv7-m/gcc\los_dispatch.c ****      *          POP: Restore the context of the next running task ===>|
 392:C:/Users/²Ü¼ÒºÀ/.iotlink/sdk/IoT_LINK/iot_link/os/liteos/arch/arm/arm-m/armv7-m/gcc\los_dispatch.c ****      *                                                   High addr--->|
 393:C:/Users/²Ü¼ÒºÀ/.iotlink/sdk/IoT_LINK/iot_link/os/liteos/arch/arm/arm-m/armv7-m/gcc\los_dispatch.c ****      *                                         Bottom of the stack--->|
 394:C:/Users/²Ü¼ÒºÀ/.iotlink/sdk/IoT_LINK/iot_link/os/liteos/arch/arm/arm-m/armv7-m/gcc\los_dispatch.c ****      * ----------+-----------------------------+----------------------+
 395:C:/Users/²Ü¼ÒºÀ/.iotlink/sdk/IoT_LINK/iot_link/os/liteos/arch/arm/arm-m/armv7-m/gcc\los_dispatch.c ****      *           | R4-R11,PRIMASK[,EXC_RETURN] | R0-R3,R12,LR,PC,xPSR |
 396:C:/Users/²Ü¼ÒºÀ/.iotlink/sdk/IoT_LINK/iot_link/os/liteos/arch/arm/arm-m/armv7-m/gcc\los_dispatch.c ****      * ----------+-----------------------------+----------------------+
 397:C:/Users/²Ü¼ÒºÀ/.iotlink/sdk/IoT_LINK/iot_link/os/liteos/arch/arm/arm-m/armv7-m/gcc\los_dispatch.c ****      *           |<---Top of the stack, restored from g_stLosTask.pstNewTask->pStackPointer
 398:C:/Users/²Ü¼ÒºÀ/.iotlink/sdk/IoT_LINK/iot_link/os/liteos/arch/arm/arm-m/armv7-m/gcc\los_dispatch.c ****      *                            R1 to PSP--->|
 399:C:/Users/²Ü¼ÒºÀ/.iotlink/sdk/IoT_LINK/iot_link/os/liteos/arch/arm/arm-m/armv7-m/gcc\los_dispatch.c ****      *                                         |<---auto restoring--->|
 400:C:/Users/²Ü¼ÒºÀ/.iotlink/sdk/IoT_LINK/iot_link/os/liteos/arch/arm/arm-m/armv7-m/gcc\los_dispatch.c ****      *                       Stack pointer after exiting exception--->|
 401:C:/Users/²Ü¼ÒºÀ/.iotlink/sdk/IoT_LINK/iot_link/os/liteos/arch/arm/arm-m/armv7-m/gcc\los_dispatch.c ****      */
 402:C:/Users/²Ü¼ÒºÀ/.iotlink/sdk/IoT_LINK/iot_link/os/liteos/arch/arm/arm-m/armv7-m/gcc\los_dispatch.c ****     "LDMFD  R1!, {R4-R12}           @ restore the core registers and PRIMASK\n\t"
 403:C:/Users/²Ü¼ÒºÀ/.iotlink/sdk/IoT_LINK/iot_link/os/liteos/arch/arm/arm-m/armv7-m/gcc\los_dispatch.c **** 
 404:C:/Users/²Ü¼ÒºÀ/.iotlink/sdk/IoT_LINK/iot_link/os/liteos/arch/arm/arm-m/armv7-m/gcc\los_dispatch.c **** #if defined (__VFP_FP__) && !defined(__SOFTFP__)       /* if FPU exist. */
 405:C:/Users/²Ü¼ÒºÀ/.iotlink/sdk/IoT_LINK/iot_link/os/liteos/arch/arm/arm-m/armv7-m/gcc\los_dispatch.c ****     "LDMFD  R1!, {R14}              @ restore EXC_RETURN\n\t"
 406:C:/Users/²Ü¼ÒºÀ/.iotlink/sdk/IoT_LINK/iot_link/os/liteos/arch/arm/arm-m/armv7-m/gcc\los_dispatch.c ****     "TST    R14, #0x10              @ if the task using the FPU context\n\t"
 407:C:/Users/²Ü¼ÒºÀ/.iotlink/sdk/IoT_LINK/iot_link/os/liteos/arch/arm/arm-m/armv7-m/gcc\los_dispatch.c ****     "BNE    0f\n\t"
 408:C:/Users/²Ü¼ÒºÀ/.iotlink/sdk/IoT_LINK/iot_link/os/liteos/arch/arm/arm-m/armv7-m/gcc\los_dispatch.c ****     "VLDMIA R1!, {D8-D15}\n\t"
 409:C:/Users/²Ü¼ÒºÀ/.iotlink/sdk/IoT_LINK/iot_link/os/liteos/arch/arm/arm-m/armv7-m/gcc\los_dispatch.c ****     "0:\n\t"
 410:C:/Users/²Ü¼ÒºÀ/.iotlink/sdk/IoT_LINK/iot_link/os/liteos/arch/arm/arm-m/armv7-m/gcc\los_dispatch.c **** #endif
 411:C:/Users/²Ü¼ÒºÀ/.iotlink/sdk/IoT_LINK/iot_link/os/liteos/arch/arm/arm-m/armv7-m/gcc\los_dispatch.c **** 
 412:C:/Users/²Ü¼ÒºÀ/.iotlink/sdk/IoT_LINK/iot_link/os/liteos/arch/arm/arm-m/armv7-m/gcc\los_dispatch.c ****     /**
 413:C:/Users/²Ü¼ÒºÀ/.iotlink/sdk/IoT_LINK/iot_link/os/liteos/arch/arm/arm-m/armv7-m/gcc\los_dispatch.c ****      * Set the stack pointer of the next running task to PSP.
 414:C:/Users/²Ü¼ÒºÀ/.iotlink/sdk/IoT_LINK/iot_link/os/liteos/arch/arm/arm-m/armv7-m/gcc\los_dispatch.c ****      */
 415:C:/Users/²Ü¼ÒºÀ/.iotlink/sdk/IoT_LINK/iot_link/os/liteos/arch/arm/arm-m/armv7-m/gcc\los_dispatch.c ****     "MSR    PSP, R1\n\t"
 416:C:/Users/²Ü¼ÒºÀ/.iotlink/sdk/IoT_LINK/iot_link/os/liteos/arch/arm/arm-m/armv7-m/gcc\los_dispatch.c **** 
 417:C:/Users/²Ü¼ÒºÀ/.iotlink/sdk/IoT_LINK/iot_link/os/liteos/arch/arm/arm-m/armv7-m/gcc\los_dispatch.c ****     /**
 418:C:/Users/²Ü¼ÒºÀ/.iotlink/sdk/IoT_LINK/iot_link/os/liteos/arch/arm/arm-m/armv7-m/gcc\los_dispatch.c ****      * Restore the interruption state of the next running task.
 419:C:/Users/²Ü¼ÒºÀ/.iotlink/sdk/IoT_LINK/iot_link/os/liteos/arch/arm/arm-m/armv7-m/gcc\los_dispatch.c ****      */
 420:C:/Users/²Ü¼ÒºÀ/.iotlink/sdk/IoT_LINK/iot_link/os/liteos/arch/arm/arm-m/armv7-m/gcc\los_dispatch.c ****     "MSR    PRIMASK, R12\n\t"
 421:C:/Users/²Ü¼ÒºÀ/.iotlink/sdk/IoT_LINK/iot_link/os/liteos/arch/arm/arm-m/armv7-m/gcc\los_dispatch.c ****     "BX     LR\n\t"
 422:C:/Users/²Ü¼ÒºÀ/.iotlink/sdk/IoT_LINK/iot_link/os/liteos/arch/arm/arm-m/armv7-m/gcc\los_dispatch.c ****     :
 423:C:/Users/²Ü¼ÒºÀ/.iotlink/sdk/IoT_LINK/iot_link/os/liteos/arch/arm/arm-m/armv7-m/gcc\los_dispatch.c ****     : "I" (OS_TASK_STATUS_RUNNING), "X" (MPU_RBAR)
 424:C:/Users/²Ü¼ÒºÀ/.iotlink/sdk/IoT_LINK/iot_link/os/liteos/arch/arm/arm-m/armv7-m/gcc\los_dispatch.c ****     );
 425:C:/Users/²Ü¼ÒºÀ/.iotlink/sdk/IoT_LINK/iot_link/os/liteos/arch/arm/arm-m/armv7-m/gcc\los_dispatch.c **** }
 255              		.loc 1 425 1 is_stmt 0 view .LVU17
 256              		.thumb
 257              		.syntax unified
 258              		.cfi_endproc
 259              	.LFE292:
 261              		.text
 262              	.Letext0:
 263              		.file 2 "c:\\users\\\262\334\274\322\272\300\\.iotlink\\tools\\gcc-arm-none-eabi\\arm-none-eabi\\i
 264              		.file 3 "c:\\users\\\262\334\274\322\272\300\\.iotlink\\tools\\gcc-arm-none-eabi\\arm-none-eabi\\i
 265              		.file 4 "c:\\users\\\262\334\274\322\272\300\\.iotlink\\tools\\gcc-arm-none-eabi\\arm-none-eabi\\i
 266              		.file 5 "c:\\users\\\262\334\274\322\272\300\\.iotlink\\tools\\gcc-arm-none-eabi\\lib\\gcc\\arm-no
 267              		.file 6 "c:\\users\\\262\334\274\322\272\300\\.iotlink\\tools\\gcc-arm-none-eabi\\arm-none-eabi\\i
 268              		.file 7 "C:/Users/\262\334\274\322\272\300/.iotlink/sdk/IoT_LINK/iot_link/os/liteos/include/los_ty
 269              		.file 8 "c:\\users\\\262\334\274\322\272\300\\.iotlink\\tools\\gcc-arm-none-eabi\\arm-none-eabi\\i
 270              		.file 9 "C:/Users/\262\334\274\322\272\300/.iotlink/sdk/IoT_LINK/iot_link/os/liteos/arch/arm/commo
 271              		.file 10 "d:/liteos/code/WIFI2/Inc/system_stm32l4xx.h"
ARM GAS  C:\Users\²Ü¼ÒºÀ\AppData\Local\Temp\ccXUgawf.s 			page 13


 272              		.file 11 "C:/Users/\262\334\274\322\272\300/.iotlink/sdk/IoT_LINK/iot_link/os/liteos/include/los_e
 273              		.file 12 "C:/Users/\262\334\274\322\272\300/.iotlink/sdk/IoT_LINK/iot_link/os/liteos/arch/arm/arm-
 274              		.file 13 "C:/Users/\262\334\274\322\272\300/.iotlink/sdk/IoT_LINK/iot_link/os/liteos/include/los_c
ARM GAS  C:\Users\²Ü¼ÒºÀ\AppData\Local\Temp\ccXUgawf.s 			page 14


DEFINED SYMBOLS
                            *ABS*:00000000 los_dispatch.c
C:\Users\²Ü¼ÒºÀ\AppData\Local\Temp\ccXUgawf.s:18     .text.LOS_StartToRun:00000000 $t
C:\Users\²Ü¼ÒºÀ\AppData\Local\Temp\ccXUgawf.s:26     .text.LOS_StartToRun:00000000 LOS_StartToRun
C:\Users\²Ü¼ÒºÀ\AppData\Local\Temp\ccXUgawf.s:76     .text.LOS_IntLock:00000000 $t
C:\Users\²Ü¼ÒºÀ\AppData\Local\Temp\ccXUgawf.s:83     .text.LOS_IntLock:00000000 LOS_IntLock
C:\Users\²Ü¼ÒºÀ\AppData\Local\Temp\ccXUgawf.s:106    .text.LOS_IntUnLock:00000000 $t
C:\Users\²Ü¼ÒºÀ\AppData\Local\Temp\ccXUgawf.s:113    .text.LOS_IntUnLock:00000000 LOS_IntUnLock
C:\Users\²Ü¼ÒºÀ\AppData\Local\Temp\ccXUgawf.s:136    .text.LOS_IntRestore:00000000 $t
C:\Users\²Ü¼ÒºÀ\AppData\Local\Temp\ccXUgawf.s:143    .text.LOS_IntRestore:00000000 LOS_IntRestore
C:\Users\²Ü¼ÒºÀ\AppData\Local\Temp\ccXUgawf.s:166    .text.osTaskSchedule:00000000 $t
C:\Users\²Ü¼ÒºÀ\AppData\Local\Temp\ccXUgawf.s:173    .text.osTaskSchedule:00000000 osTaskSchedule
C:\Users\²Ü¼ÒºÀ\AppData\Local\Temp\ccXUgawf.s:197    .text.PendSV_Handler:00000000 $t
C:\Users\²Ü¼ÒºÀ\AppData\Local\Temp\ccXUgawf.s:204    .text.PendSV_Handler:00000000 PendSV_Handler
C:\Users\²Ü¼ÒºÀ\AppData\Local\Temp\ccXUgawf.s:2864   .text.PendSV_Handler:00000068 $d
C:\Users\²Ü¼ÒºÀ\AppData\Local\Temp\ccXUgawf.s:196    .text.osTaskSchedule:0000000a $d
C:\Users\²Ü¼ÒºÀ\AppData\Local\Temp\ccXUgawf.s:2864   .text.osTaskSchedule:0000000c $d
C:\Users\²Ü¼ÒºÀ\AppData\Local\Temp\ccXUgawf.s:75     .text.LOS_StartToRun:00000056 $d
C:\Users\²Ü¼ÒºÀ\AppData\Local\Temp\ccXUgawf.s:2864   .text.LOS_StartToRun:00000058 $d

UNDEFINED SYMBOLS
g_bTaskScheduled
g_stLosTask
g_pfnTskSwitchHook
