ARM GAS  C:\Users\²Ü¼ÒºÀ\AppData\Local\Temp\cclawda5.s 			page 1


   1              		.cpu cortex-m4
   2              		.eabi_attribute 27, 1
   3              		.eabi_attribute 28, 1
   4              		.eabi_attribute 20, 1
   5              		.eabi_attribute 21, 1
   6              		.eabi_attribute 23, 3
   7              		.eabi_attribute 24, 1
   8              		.eabi_attribute 25, 1
   9              		.eabi_attribute 26, 1
  10              		.eabi_attribute 30, 4
  11              		.eabi_attribute 34, 1
  12              		.eabi_attribute 18, 4
  13              		.file	"sal_netdb.c"
  14              		.text
  15              	.Ltext0:
  16              		.cfi_sections	.debug_frame
  17              		.section	.rodata.inet_addr.str1.1,"aMS",%progbits,1
  18              	.LC0:
  19 0000 25642E25 		.ascii	"%d.%d.%d.%d\000"
  19      642E2564 
  19      2E256400 
  20              		.section	.text.inet_addr,"ax",%progbits
  21              		.align	1
  22              		.weak	inet_addr
  23              		.arch armv7e-m
  24              		.syntax unified
  25              		.thumb
  26              		.thumb_func
  27              		.fpu fpv4-sp-d16
  29              	inet_addr:
  30              	.LVL0:
  31              	.LFB3:
  32              		.file 1 "C:/Users/\262\334\274\322\272\300/.iotlink/sdk/IoT_LINK/iot_link/network/tcpip/sal/sal_ne
   1:C:/Users/²Ü¼ÒºÀ/.iotlink/sdk/IoT_LINK/iot_link/network/tcpip/sal\sal_netdb.c **** /*----------------------------------------------------------------------------
   2:C:/Users/²Ü¼ÒºÀ/.iotlink/sdk/IoT_LINK/iot_link/network/tcpip/sal\sal_netdb.c ****  * Copyright (c) <2018>, <Huawei Technologies Co., Ltd>
   3:C:/Users/²Ü¼ÒºÀ/.iotlink/sdk/IoT_LINK/iot_link/network/tcpip/sal\sal_netdb.c ****  * All rights reserved.
   4:C:/Users/²Ü¼ÒºÀ/.iotlink/sdk/IoT_LINK/iot_link/network/tcpip/sal\sal_netdb.c ****  * Redistribution and use in source and binary forms, with or without modification,
   5:C:/Users/²Ü¼ÒºÀ/.iotlink/sdk/IoT_LINK/iot_link/network/tcpip/sal\sal_netdb.c ****  * are permitted provided that the following conditions are met:
   6:C:/Users/²Ü¼ÒºÀ/.iotlink/sdk/IoT_LINK/iot_link/network/tcpip/sal\sal_netdb.c ****  * 1. Redistributions of source code must retain the above copyright notice, this list of
   7:C:/Users/²Ü¼ÒºÀ/.iotlink/sdk/IoT_LINK/iot_link/network/tcpip/sal\sal_netdb.c ****  * conditions and the following disclaimer.
   8:C:/Users/²Ü¼ÒºÀ/.iotlink/sdk/IoT_LINK/iot_link/network/tcpip/sal\sal_netdb.c ****  * 2. Redistributions in binary form must reproduce the above copyright notice, this list
   9:C:/Users/²Ü¼ÒºÀ/.iotlink/sdk/IoT_LINK/iot_link/network/tcpip/sal\sal_netdb.c ****  * of conditions and the following disclaimer in the documentation and/or other materials
  10:C:/Users/²Ü¼ÒºÀ/.iotlink/sdk/IoT_LINK/iot_link/network/tcpip/sal\sal_netdb.c ****  * provided with the distribution.
  11:C:/Users/²Ü¼ÒºÀ/.iotlink/sdk/IoT_LINK/iot_link/network/tcpip/sal\sal_netdb.c ****  * 3. Neither the name of the copyright holder nor the names of its contributors may be used
  12:C:/Users/²Ü¼ÒºÀ/.iotlink/sdk/IoT_LINK/iot_link/network/tcpip/sal\sal_netdb.c ****  * to endorse or promote products derived from this software without specific prior written
  13:C:/Users/²Ü¼ÒºÀ/.iotlink/sdk/IoT_LINK/iot_link/network/tcpip/sal\sal_netdb.c ****  * permission.
  14:C:/Users/²Ü¼ÒºÀ/.iotlink/sdk/IoT_LINK/iot_link/network/tcpip/sal\sal_netdb.c ****  * THIS SOFTWARE IS PROVIDED BY THE COPYRIGHT HOLDERS AND CONTRIBUTORS
  15:C:/Users/²Ü¼ÒºÀ/.iotlink/sdk/IoT_LINK/iot_link/network/tcpip/sal\sal_netdb.c ****  * "AS IS" AND ANY EXPRESS OR IMPLIED WARRANTIES, INCLUDING, BUT NOT LIMITED TO,
  16:C:/Users/²Ü¼ÒºÀ/.iotlink/sdk/IoT_LINK/iot_link/network/tcpip/sal\sal_netdb.c ****  * THE IMPLIED WARRANTIES OF MERCHANTABILITY AND FITNESS FOR A PARTICULAR
  17:C:/Users/²Ü¼ÒºÀ/.iotlink/sdk/IoT_LINK/iot_link/network/tcpip/sal\sal_netdb.c ****  * PURPOSE ARE DISCLAIMED. IN NO EVENT SHALL THE COPYRIGHT HOLDER OR
  18:C:/Users/²Ü¼ÒºÀ/.iotlink/sdk/IoT_LINK/iot_link/network/tcpip/sal\sal_netdb.c ****  * CONTRIBUTORS BE LIABLE FOR ANY DIRECT, INDIRECT, INCIDENTAL, SPECIAL,
  19:C:/Users/²Ü¼ÒºÀ/.iotlink/sdk/IoT_LINK/iot_link/network/tcpip/sal\sal_netdb.c ****  * EXEMPLARY, OR CONSEQUENTIAL DAMAGES (INCLUDING, BUT NOT LIMITED TO,
  20:C:/Users/²Ü¼ÒºÀ/.iotlink/sdk/IoT_LINK/iot_link/network/tcpip/sal\sal_netdb.c ****  * PROCUREMENT OF SUBSTITUTE GOODS OR SERVICES; LOSS OF USE, DATA, OR PROFITS;
  21:C:/Users/²Ü¼ÒºÀ/.iotlink/sdk/IoT_LINK/iot_link/network/tcpip/sal\sal_netdb.c ****  * OR BUSINESS INTERRUPTION) HOWEVER CAUSED AND ON ANY THEORY OF LIABILITY,
  22:C:/Users/²Ü¼ÒºÀ/.iotlink/sdk/IoT_LINK/iot_link/network/tcpip/sal\sal_netdb.c ****  * WHETHER IN CONTRACT, STRICT LIABILITY, OR TORT (INCLUDING NEGLIGENCE OR
  23:C:/Users/²Ü¼ÒºÀ/.iotlink/sdk/IoT_LINK/iot_link/network/tcpip/sal\sal_netdb.c ****  * OTHERWISE) ARISING IN ANY WAY OUT OF THE USE OF THIS SOFTWARE, EVEN IF
  24:C:/Users/²Ü¼ÒºÀ/.iotlink/sdk/IoT_LINK/iot_link/network/tcpip/sal\sal_netdb.c ****  * ADVISED OF THE POSSIBILITY OF SUCH DAMAGE.
ARM GAS  C:\Users\²Ü¼ÒºÀ\AppData\Local\Temp\cclawda5.s 			page 2


  25:C:/Users/²Ü¼ÒºÀ/.iotlink/sdk/IoT_LINK/iot_link/network/tcpip/sal\sal_netdb.c ****  *---------------------------------------------------------------------------*/
  26:C:/Users/²Ü¼ÒºÀ/.iotlink/sdk/IoT_LINK/iot_link/network/tcpip/sal\sal_netdb.c **** /*----------------------------------------------------------------------------
  27:C:/Users/²Ü¼ÒºÀ/.iotlink/sdk/IoT_LINK/iot_link/network/tcpip/sal\sal_netdb.c ****  * Notice of Export Control Law
  28:C:/Users/²Ü¼ÒºÀ/.iotlink/sdk/IoT_LINK/iot_link/network/tcpip/sal\sal_netdb.c ****  * ===============================================
  29:C:/Users/²Ü¼ÒºÀ/.iotlink/sdk/IoT_LINK/iot_link/network/tcpip/sal\sal_netdb.c ****  * Huawei LiteOS may be subject to applicable export control laws and regulations, which might
  30:C:/Users/²Ü¼ÒºÀ/.iotlink/sdk/IoT_LINK/iot_link/network/tcpip/sal\sal_netdb.c ****  * include those applicable to Huawei LiteOS of U.S. and the country in which you are located.
  31:C:/Users/²Ü¼ÒºÀ/.iotlink/sdk/IoT_LINK/iot_link/network/tcpip/sal\sal_netdb.c ****  * Import, export and usage of Huawei LiteOS in any manner by you shall be in compliance with such
  32:C:/Users/²Ü¼ÒºÀ/.iotlink/sdk/IoT_LINK/iot_link/network/tcpip/sal\sal_netdb.c ****  * applicable export control laws and regulations.
  33:C:/Users/²Ü¼ÒºÀ/.iotlink/sdk/IoT_LINK/iot_link/network/tcpip/sal\sal_netdb.c ****  *---------------------------------------------------------------------------*/
  34:C:/Users/²Ü¼ÒºÀ/.iotlink/sdk/IoT_LINK/iot_link/network/tcpip/sal\sal_netdb.c **** /**
  35:C:/Users/²Ü¼ÒºÀ/.iotlink/sdk/IoT_LINK/iot_link/network/tcpip/sal\sal_netdb.c ****  *  DATE                AUTHOR      INSTRUCTION
  36:C:/Users/²Ü¼ÒºÀ/.iotlink/sdk/IoT_LINK/iot_link/network/tcpip/sal\sal_netdb.c ****  *  2019-05-09 16:17  zhangqianfu  The first version  
  37:C:/Users/²Ü¼ÒºÀ/.iotlink/sdk/IoT_LINK/iot_link/network/tcpip/sal\sal_netdb.c ****  *
  38:C:/Users/²Ü¼ÒºÀ/.iotlink/sdk/IoT_LINK/iot_link/network/tcpip/sal\sal_netdb.c ****  */
  39:C:/Users/²Ü¼ÒºÀ/.iotlink/sdk/IoT_LINK/iot_link/network/tcpip/sal\sal_netdb.c **** 
  40:C:/Users/²Ü¼ÒºÀ/.iotlink/sdk/IoT_LINK/iot_link/network/tcpip/sal\sal_netdb.c **** #include <stdint.h>
  41:C:/Users/²Ü¼ÒºÀ/.iotlink/sdk/IoT_LINK/iot_link/network/tcpip/sal\sal_netdb.c **** #include <stddef.h>
  42:C:/Users/²Ü¼ÒºÀ/.iotlink/sdk/IoT_LINK/iot_link/network/tcpip/sal\sal_netdb.c **** #include <string.h>
  43:C:/Users/²Ü¼ÒºÀ/.iotlink/sdk/IoT_LINK/iot_link/network/tcpip/sal\sal_netdb.c **** 
  44:C:/Users/²Ü¼ÒºÀ/.iotlink/sdk/IoT_LINK/iot_link/network/tcpip/sal\sal_netdb.c **** #include <sal.h>
  45:C:/Users/²Ü¼ÒºÀ/.iotlink/sdk/IoT_LINK/iot_link/network/tcpip/sal\sal_netdb.c **** 
  46:C:/Users/²Ü¼ÒºÀ/.iotlink/sdk/IoT_LINK/iot_link/network/tcpip/sal\sal_netdb.c **** __attribute__((weak)) in_addr_t inet_addr(const char *addr)
  47:C:/Users/²Ü¼ÒºÀ/.iotlink/sdk/IoT_LINK/iot_link/network/tcpip/sal\sal_netdb.c **** {
  33              		.loc 1 47 1 view -0
  34              		.cfi_startproc
  35              		@ args = 0, pretend = 0, frame = 24
  36              		@ frame_needed = 0, uses_anonymous_args = 0
  48:C:/Users/²Ü¼ÒºÀ/.iotlink/sdk/IoT_LINK/iot_link/network/tcpip/sal\sal_netdb.c ****     int para;
  37              		.loc 1 48 5 view .LVU1
  49:C:/Users/²Ü¼ÒºÀ/.iotlink/sdk/IoT_LINK/iot_link/network/tcpip/sal\sal_netdb.c ****     int tmp[4];
  38              		.loc 1 49 5 view .LVU2
  50:C:/Users/²Ü¼ÒºÀ/.iotlink/sdk/IoT_LINK/iot_link/network/tcpip/sal\sal_netdb.c ****     in_addr_t result = INADDR_NONE;
  39              		.loc 1 50 5 view .LVU3
  51:C:/Users/²Ü¼ÒºÀ/.iotlink/sdk/IoT_LINK/iot_link/network/tcpip/sal\sal_netdb.c ****     unsigned char  ip[4];
  40              		.loc 1 51 5 view .LVU4
  52:C:/Users/²Ü¼ÒºÀ/.iotlink/sdk/IoT_LINK/iot_link/network/tcpip/sal\sal_netdb.c **** 
  53:C:/Users/²Ü¼ÒºÀ/.iotlink/sdk/IoT_LINK/iot_link/network/tcpip/sal\sal_netdb.c ****     para = sscanf(addr,"%d.%d.%d.%d",&tmp[0],&tmp[1],&tmp[2],&tmp[3]);
  41              		.loc 1 53 5 view .LVU5
  47:C:/Users/²Ü¼ÒºÀ/.iotlink/sdk/IoT_LINK/iot_link/network/tcpip/sal\sal_netdb.c ****     int para;
  42              		.loc 1 47 1 is_stmt 0 view .LVU6
  43 0000 00B5     		push	{lr}
  44              	.LCFI0:
  45              		.cfi_def_cfa_offset 4
  46              		.cfi_offset 14, -4
  47 0002 89B0     		sub	sp, sp, #36
  48              	.LCFI1:
  49              		.cfi_def_cfa_offset 40
  50              		.loc 1 53 12 view .LVU7
  51 0004 07AB     		add	r3, sp, #28
  52 0006 0193     		str	r3, [sp, #4]
  53 0008 06AB     		add	r3, sp, #24
  54 000a 0093     		str	r3, [sp]
  55 000c 0C49     		ldr	r1, .L4
  56 000e 05AB     		add	r3, sp, #20
  57 0010 04AA     		add	r2, sp, #16
  58 0012 FFF7FEFF 		bl	sscanf
  59              	.LVL1:
ARM GAS  C:\Users\²Ü¼ÒºÀ\AppData\Local\Temp\cclawda5.s 			page 3


  54:C:/Users/²Ü¼ÒºÀ/.iotlink/sdk/IoT_LINK/iot_link/network/tcpip/sal\sal_netdb.c ****     if(para == 4)
  60              		.loc 1 54 5 is_stmt 1 view .LVU8
  61              		.loc 1 54 7 is_stmt 0 view .LVU9
  62 0016 0428     		cmp	r0, #4
  63 0018 0FD1     		bne	.L3
  55:C:/Users/²Ü¼ÒºÀ/.iotlink/sdk/IoT_LINK/iot_link/network/tcpip/sal\sal_netdb.c ****     {
  56:C:/Users/²Ü¼ÒºÀ/.iotlink/sdk/IoT_LINK/iot_link/network/tcpip/sal\sal_netdb.c ****         ip[0] = (unsigned char)tmp[0];
  64              		.loc 1 56 9 is_stmt 1 view .LVU10
  65              		.loc 1 56 17 is_stmt 0 view .LVU11
  66 001a 049B     		ldr	r3, [sp, #16]
  67 001c 8DF80C30 		strb	r3, [sp, #12]
  57:C:/Users/²Ü¼ÒºÀ/.iotlink/sdk/IoT_LINK/iot_link/network/tcpip/sal\sal_netdb.c ****         ip[1] = (unsigned char)tmp[1];
  68              		.loc 1 57 9 is_stmt 1 view .LVU12
  69              		.loc 1 57 17 is_stmt 0 view .LVU13
  70 0020 059B     		ldr	r3, [sp, #20]
  71 0022 8DF80D30 		strb	r3, [sp, #13]
  58:C:/Users/²Ü¼ÒºÀ/.iotlink/sdk/IoT_LINK/iot_link/network/tcpip/sal\sal_netdb.c ****         ip[2] = (unsigned char)tmp[2];
  72              		.loc 1 58 9 is_stmt 1 view .LVU14
  73              		.loc 1 58 17 is_stmt 0 view .LVU15
  74 0026 069B     		ldr	r3, [sp, #24]
  75 0028 8DF80E30 		strb	r3, [sp, #14]
  59:C:/Users/²Ü¼ÒºÀ/.iotlink/sdk/IoT_LINK/iot_link/network/tcpip/sal\sal_netdb.c ****         ip[3] = (unsigned char)tmp[3];
  76              		.loc 1 59 9 is_stmt 1 view .LVU16
  77              		.loc 1 59 17 is_stmt 0 view .LVU17
  78 002c 079B     		ldr	r3, [sp, #28]
  79 002e 8DF80F30 		strb	r3, [sp, #15]
  60:C:/Users/²Ü¼ÒºÀ/.iotlink/sdk/IoT_LINK/iot_link/network/tcpip/sal\sal_netdb.c ****         (void) memcpy((void *)&result,(void *)ip,sizeof(result));
  80              		.loc 1 60 9 is_stmt 1 view .LVU18
  81 0032 0398     		ldr	r0, [sp, #12]
  82              	.LVL2:
  83              	.L1:
  61:C:/Users/²Ü¼ÒºÀ/.iotlink/sdk/IoT_LINK/iot_link/network/tcpip/sal\sal_netdb.c ****     }
  62:C:/Users/²Ü¼ÒºÀ/.iotlink/sdk/IoT_LINK/iot_link/network/tcpip/sal\sal_netdb.c ****     return result;
  63:C:/Users/²Ü¼ÒºÀ/.iotlink/sdk/IoT_LINK/iot_link/network/tcpip/sal\sal_netdb.c **** }
  84              		.loc 1 63 1 is_stmt 0 view .LVU19
  85 0034 09B0     		add	sp, sp, #36
  86              	.LCFI2:
  87              		.cfi_remember_state
  88              		.cfi_def_cfa_offset 4
  89              		@ sp needed
  90 0036 5DF804FB 		ldr	pc, [sp], #4
  91              	.LVL3:
  92              	.L3:
  93              	.LCFI3:
  94              		.cfi_restore_state
  50:C:/Users/²Ü¼ÒºÀ/.iotlink/sdk/IoT_LINK/iot_link/network/tcpip/sal\sal_netdb.c ****     unsigned char  ip[4];
  95              		.loc 1 50 15 view .LVU20
  96 003a 0020     		movs	r0, #0
  97              	.LVL4:
  62:C:/Users/²Ü¼ÒºÀ/.iotlink/sdk/IoT_LINK/iot_link/network/tcpip/sal\sal_netdb.c **** }
  98              		.loc 1 62 5 is_stmt 1 view .LVU21
  62:C:/Users/²Ü¼ÒºÀ/.iotlink/sdk/IoT_LINK/iot_link/network/tcpip/sal\sal_netdb.c **** }
  99              		.loc 1 62 12 is_stmt 0 view .LVU22
 100 003c FAE7     		b	.L1
 101              	.L5:
 102 003e 00BF     		.align	2
 103              	.L4:
ARM GAS  C:\Users\²Ü¼ÒºÀ\AppData\Local\Temp\cclawda5.s 			page 4


 104 0040 00000000 		.word	.LC0
 105              		.cfi_endproc
 106              	.LFE3:
 108              		.section	.text.inet_aton,"ax",%progbits
 109              		.align	1
 110              		.weak	inet_aton
 111              		.syntax unified
 112              		.thumb
 113              		.thumb_func
 114              		.fpu fpv4-sp-d16
 116              	inet_aton:
 117              	.LVL5:
 118              	.LFB4:
  64:C:/Users/²Ü¼ÒºÀ/.iotlink/sdk/IoT_LINK/iot_link/network/tcpip/sal\sal_netdb.c **** 
  65:C:/Users/²Ü¼ÒºÀ/.iotlink/sdk/IoT_LINK/iot_link/network/tcpip/sal\sal_netdb.c **** __attribute__((weak)) int inet_aton(const char *string,struct in_addr *addr)
  66:C:/Users/²Ü¼ÒºÀ/.iotlink/sdk/IoT_LINK/iot_link/network/tcpip/sal\sal_netdb.c **** {
 119              		.loc 1 66 1 is_stmt 1 view -0
 120              		.cfi_startproc
 121              		@ args = 0, pretend = 0, frame = 24
 122              		@ frame_needed = 0, uses_anonymous_args = 0
  67:C:/Users/²Ü¼ÒºÀ/.iotlink/sdk/IoT_LINK/iot_link/network/tcpip/sal\sal_netdb.c ****     int para;
 123              		.loc 1 67 5 view .LVU24
  68:C:/Users/²Ü¼ÒºÀ/.iotlink/sdk/IoT_LINK/iot_link/network/tcpip/sal\sal_netdb.c ****     int tmp[4];
 124              		.loc 1 68 5 view .LVU25
  69:C:/Users/²Ü¼ÒºÀ/.iotlink/sdk/IoT_LINK/iot_link/network/tcpip/sal\sal_netdb.c ****     unsigned char  ip[4];
 125              		.loc 1 69 5 view .LVU26
  70:C:/Users/²Ü¼ÒºÀ/.iotlink/sdk/IoT_LINK/iot_link/network/tcpip/sal\sal_netdb.c ****     int result = 0;
 126              		.loc 1 70 5 view .LVU27
  71:C:/Users/²Ü¼ÒºÀ/.iotlink/sdk/IoT_LINK/iot_link/network/tcpip/sal\sal_netdb.c **** 
  72:C:/Users/²Ü¼ÒºÀ/.iotlink/sdk/IoT_LINK/iot_link/network/tcpip/sal\sal_netdb.c ****     para = sscanf(string,"%d.%d.%d.%d",&tmp[0],&tmp[1],&tmp[2],&tmp[3]);
 127              		.loc 1 72 5 view .LVU28
  66:C:/Users/²Ü¼ÒºÀ/.iotlink/sdk/IoT_LINK/iot_link/network/tcpip/sal\sal_netdb.c ****     int para;
 128              		.loc 1 66 1 is_stmt 0 view .LVU29
 129 0000 10B5     		push	{r4, lr}
 130              	.LCFI4:
 131              		.cfi_def_cfa_offset 8
 132              		.cfi_offset 4, -8
 133              		.cfi_offset 14, -4
 134 0002 88B0     		sub	sp, sp, #32
 135              	.LCFI5:
 136              		.cfi_def_cfa_offset 40
 137              		.loc 1 72 12 view .LVU30
 138 0004 07AB     		add	r3, sp, #28
 139 0006 0193     		str	r3, [sp, #4]
 140 0008 06AB     		add	r3, sp, #24
 141 000a 0093     		str	r3, [sp]
  66:C:/Users/²Ü¼ÒºÀ/.iotlink/sdk/IoT_LINK/iot_link/network/tcpip/sal\sal_netdb.c ****     int para;
 142              		.loc 1 66 1 view .LVU31
 143 000c 0C46     		mov	r4, r1
 144              		.loc 1 72 12 view .LVU32
 145 000e 05AB     		add	r3, sp, #20
 146 0010 0C49     		ldr	r1, .L9
 147              	.LVL6:
 148              		.loc 1 72 12 view .LVU33
 149 0012 04AA     		add	r2, sp, #16
 150 0014 FFF7FEFF 		bl	sscanf
 151              	.LVL7:
ARM GAS  C:\Users\²Ü¼ÒºÀ\AppData\Local\Temp\cclawda5.s 			page 5


  73:C:/Users/²Ü¼ÒºÀ/.iotlink/sdk/IoT_LINK/iot_link/network/tcpip/sal\sal_netdb.c ****     if(para == 4)
 152              		.loc 1 73 5 is_stmt 1 view .LVU34
 153              		.loc 1 73 7 is_stmt 0 view .LVU35
 154 0018 0428     		cmp	r0, #4
 155 001a 10D1     		bne	.L8
  74:C:/Users/²Ü¼ÒºÀ/.iotlink/sdk/IoT_LINK/iot_link/network/tcpip/sal\sal_netdb.c ****     {
  75:C:/Users/²Ü¼ÒºÀ/.iotlink/sdk/IoT_LINK/iot_link/network/tcpip/sal\sal_netdb.c ****         ip[0] = (unsigned char)tmp[0];
 156              		.loc 1 75 9 is_stmt 1 view .LVU36
 157              		.loc 1 75 17 is_stmt 0 view .LVU37
 158 001c 049B     		ldr	r3, [sp, #16]
 159 001e 8DF80C30 		strb	r3, [sp, #12]
  76:C:/Users/²Ü¼ÒºÀ/.iotlink/sdk/IoT_LINK/iot_link/network/tcpip/sal\sal_netdb.c ****         ip[1] = (unsigned char)tmp[1];
 160              		.loc 1 76 9 is_stmt 1 view .LVU38
 161              		.loc 1 76 17 is_stmt 0 view .LVU39
 162 0022 059B     		ldr	r3, [sp, #20]
 163 0024 8DF80D30 		strb	r3, [sp, #13]
  77:C:/Users/²Ü¼ÒºÀ/.iotlink/sdk/IoT_LINK/iot_link/network/tcpip/sal\sal_netdb.c ****         ip[2] = (unsigned char)tmp[2];
 164              		.loc 1 77 9 is_stmt 1 view .LVU40
 165              		.loc 1 77 17 is_stmt 0 view .LVU41
 166 0028 069B     		ldr	r3, [sp, #24]
 167 002a 8DF80E30 		strb	r3, [sp, #14]
  78:C:/Users/²Ü¼ÒºÀ/.iotlink/sdk/IoT_LINK/iot_link/network/tcpip/sal\sal_netdb.c ****         ip[3] = (unsigned char)tmp[3];
 168              		.loc 1 78 9 is_stmt 1 view .LVU42
 169              		.loc 1 78 17 is_stmt 0 view .LVU43
 170 002e 079B     		ldr	r3, [sp, #28]
 171 0030 8DF80F30 		strb	r3, [sp, #15]
  79:C:/Users/²Ü¼ÒºÀ/.iotlink/sdk/IoT_LINK/iot_link/network/tcpip/sal\sal_netdb.c ****         (void) memcpy((void *)addr,(void *)ip,sizeof(ip));
 172              		.loc 1 79 9 is_stmt 1 view .LVU44
 173              		.loc 1 79 16 is_stmt 0 view .LVU45
 174 0034 039B     		ldr	r3, [sp, #12]
 175 0036 2360     		str	r3, [r4]	@ unaligned
  80:C:/Users/²Ü¼ÒºÀ/.iotlink/sdk/IoT_LINK/iot_link/network/tcpip/sal\sal_netdb.c ****         result = 1;
 176              		.loc 1 80 9 is_stmt 1 view .LVU46
 177              	.LVL8:
 178              		.loc 1 80 16 is_stmt 0 view .LVU47
 179 0038 0120     		movs	r0, #1
 180              	.LVL9:
 181              	.L6:
  81:C:/Users/²Ü¼ÒºÀ/.iotlink/sdk/IoT_LINK/iot_link/network/tcpip/sal\sal_netdb.c ****     }
  82:C:/Users/²Ü¼ÒºÀ/.iotlink/sdk/IoT_LINK/iot_link/network/tcpip/sal\sal_netdb.c **** 
  83:C:/Users/²Ü¼ÒºÀ/.iotlink/sdk/IoT_LINK/iot_link/network/tcpip/sal\sal_netdb.c ****     return result;
  84:C:/Users/²Ü¼ÒºÀ/.iotlink/sdk/IoT_LINK/iot_link/network/tcpip/sal\sal_netdb.c **** }
 182              		.loc 1 84 1 view .LVU48
 183 003a 08B0     		add	sp, sp, #32
 184              	.LCFI6:
 185              		.cfi_remember_state
 186              		.cfi_def_cfa_offset 8
 187              		@ sp needed
 188 003c 10BD     		pop	{r4, pc}
 189              	.LVL10:
 190              	.L8:
 191              	.LCFI7:
 192              		.cfi_restore_state
  70:C:/Users/²Ü¼ÒºÀ/.iotlink/sdk/IoT_LINK/iot_link/network/tcpip/sal\sal_netdb.c **** 
 193              		.loc 1 70 9 view .LVU49
 194 003e 0020     		movs	r0, #0
 195              	.LVL11:
ARM GAS  C:\Users\²Ü¼ÒºÀ\AppData\Local\Temp\cclawda5.s 			page 6


  83:C:/Users/²Ü¼ÒºÀ/.iotlink/sdk/IoT_LINK/iot_link/network/tcpip/sal\sal_netdb.c **** }
 196              		.loc 1 83 5 is_stmt 1 view .LVU50
  83:C:/Users/²Ü¼ÒºÀ/.iotlink/sdk/IoT_LINK/iot_link/network/tcpip/sal\sal_netdb.c **** }
 197              		.loc 1 83 12 is_stmt 0 view .LVU51
 198 0040 FBE7     		b	.L6
 199              	.L10:
 200 0042 00BF     		.align	2
 201              	.L9:
 202 0044 00000000 		.word	.LC0
 203              		.cfi_endproc
 204              	.LFE4:
 206              		.section	.text.inet_ntoa,"ax",%progbits
 207              		.align	1
 208              		.weak	inet_ntoa
 209              		.syntax unified
 210              		.thumb
 211              		.thumb_func
 212              		.fpu fpv4-sp-d16
 214              	inet_ntoa:
 215              	.LVL12:
 216              	.LFB5:
  85:C:/Users/²Ü¼ÒºÀ/.iotlink/sdk/IoT_LINK/iot_link/network/tcpip/sal\sal_netdb.c **** 
  86:C:/Users/²Ü¼ÒºÀ/.iotlink/sdk/IoT_LINK/iot_link/network/tcpip/sal\sal_netdb.c **** 
  87:C:/Users/²Ü¼ÒºÀ/.iotlink/sdk/IoT_LINK/iot_link/network/tcpip/sal\sal_netdb.c **** #define cn_inet_addrlen_max     16
  88:C:/Users/²Ü¼ÒºÀ/.iotlink/sdk/IoT_LINK/iot_link/network/tcpip/sal\sal_netdb.c **** static  char s_inet_addr_buf[cn_inet_addrlen_max];
  89:C:/Users/²Ü¼ÒºÀ/.iotlink/sdk/IoT_LINK/iot_link/network/tcpip/sal\sal_netdb.c **** 
  90:C:/Users/²Ü¼ÒºÀ/.iotlink/sdk/IoT_LINK/iot_link/network/tcpip/sal\sal_netdb.c **** __attribute__((weak)) char *inet_ntoa(struct in_addr addr)
  91:C:/Users/²Ü¼ÒºÀ/.iotlink/sdk/IoT_LINK/iot_link/network/tcpip/sal\sal_netdb.c **** {
 217              		.loc 1 91 1 is_stmt 1 view -0
 218              		.cfi_startproc
 219              		@ args = 0, pretend = 0, frame = 0
 220              		@ frame_needed = 0, uses_anonymous_args = 0
  92:C:/Users/²Ü¼ÒºÀ/.iotlink/sdk/IoT_LINK/iot_link/network/tcpip/sal\sal_netdb.c ****     unsigned char ip[4];
 221              		.loc 1 92 5 view .LVU53
  93:C:/Users/²Ü¼ÒºÀ/.iotlink/sdk/IoT_LINK/iot_link/network/tcpip/sal\sal_netdb.c ****     int tmp[4];
 222              		.loc 1 93 5 view .LVU54
  94:C:/Users/²Ü¼ÒºÀ/.iotlink/sdk/IoT_LINK/iot_link/network/tcpip/sal\sal_netdb.c ****     (void) memcpy((void *)ip,(void *)&addr,sizeof(ip));
 223              		.loc 1 94 5 view .LVU55
  95:C:/Users/²Ü¼ÒºÀ/.iotlink/sdk/IoT_LINK/iot_link/network/tcpip/sal\sal_netdb.c ****     (void) memset((void *)s_inet_addr_buf,0,cn_inet_addrlen_max);
 224              		.loc 1 95 5 view .LVU56
  91:C:/Users/²Ü¼ÒºÀ/.iotlink/sdk/IoT_LINK/iot_link/network/tcpip/sal\sal_netdb.c ****     unsigned char ip[4];
 225              		.loc 1 91 1 is_stmt 0 view .LVU57
 226 0000 37B5     		push	{r0, r1, r2, r4, r5, lr}
 227              	.LCFI8:
 228              		.cfi_def_cfa_offset 24
 229              		.cfi_offset 4, -12
 230              		.cfi_offset 5, -8
 231              		.cfi_offset 14, -4
 232              		.loc 1 95 12 view .LVU58
 233 0002 0B4D     		ldr	r5, .L12
  91:C:/Users/²Ü¼ÒºÀ/.iotlink/sdk/IoT_LINK/iot_link/network/tcpip/sal\sal_netdb.c ****     unsigned char ip[4];
 234              		.loc 1 91 1 view .LVU59
 235 0004 0446     		mov	r4, r0
 236              	.LVL13:
 237              		.loc 1 95 12 view .LVU60
 238 0006 1022     		movs	r2, #16
 239 0008 0021     		movs	r1, #0
ARM GAS  C:\Users\²Ü¼ÒºÀ\AppData\Local\Temp\cclawda5.s 			page 7


 240 000a 2846     		mov	r0, r5
 241 000c FFF7FEFF 		bl	memset
 242              	.LVL14:
  96:C:/Users/²Ü¼ÒºÀ/.iotlink/sdk/IoT_LINK/iot_link/network/tcpip/sal\sal_netdb.c **** 
  97:C:/Users/²Ü¼ÒºÀ/.iotlink/sdk/IoT_LINK/iot_link/network/tcpip/sal\sal_netdb.c ****     tmp[0] = (int)ip[0];
 243              		.loc 1 97 5 is_stmt 1 view .LVU61
  98:C:/Users/²Ü¼ÒºÀ/.iotlink/sdk/IoT_LINK/iot_link/network/tcpip/sal\sal_netdb.c ****     tmp[1] = (int)ip[1];
 244              		.loc 1 98 5 view .LVU62
  99:C:/Users/²Ü¼ÒºÀ/.iotlink/sdk/IoT_LINK/iot_link/network/tcpip/sal\sal_netdb.c ****     tmp[2] = (int)ip[2];
 245              		.loc 1 99 5 view .LVU63
 100:C:/Users/²Ü¼ÒºÀ/.iotlink/sdk/IoT_LINK/iot_link/network/tcpip/sal\sal_netdb.c ****     tmp[3] = (int)ip[3];
 246              		.loc 1 100 5 view .LVU64
 101:C:/Users/²Ü¼ÒºÀ/.iotlink/sdk/IoT_LINK/iot_link/network/tcpip/sal\sal_netdb.c ****     (void) sprintf(s_inet_addr_buf,"%d.%d.%d.%d",tmp[0],tmp[1],tmp[2],tmp[3]);
 247              		.loc 1 101 5 view .LVU65
 100:C:/Users/²Ü¼ÒºÀ/.iotlink/sdk/IoT_LINK/iot_link/network/tcpip/sal\sal_netdb.c ****     tmp[3] = (int)ip[3];
 248              		.loc 1 100 14 is_stmt 0 view .LVU66
 249 0010 230E     		lsrs	r3, r4, #24
 250 0012 0193     		str	r3, [sp, #4]
  99:C:/Users/²Ü¼ÒºÀ/.iotlink/sdk/IoT_LINK/iot_link/network/tcpip/sal\sal_netdb.c ****     tmp[2] = (int)ip[2];
 251              		.loc 1 99 14 view .LVU67
 252 0014 C4F30743 		ubfx	r3, r4, #16, #8
 253 0018 0093     		str	r3, [sp]
 254              		.loc 1 101 12 view .LVU68
 255 001a 0649     		ldr	r1, .L12+4
 256 001c C4F30723 		ubfx	r3, r4, #8, #8
 257 0020 E2B2     		uxtb	r2, r4
 258 0022 2846     		mov	r0, r5
 259 0024 FFF7FEFF 		bl	sprintf
 260              	.LVL15:
 102:C:/Users/²Ü¼ÒºÀ/.iotlink/sdk/IoT_LINK/iot_link/network/tcpip/sal\sal_netdb.c **** 
 103:C:/Users/²Ü¼ÒºÀ/.iotlink/sdk/IoT_LINK/iot_link/network/tcpip/sal\sal_netdb.c ****     return (char *)s_inet_addr_buf;
 261              		.loc 1 103 5 is_stmt 1 view .LVU69
 104:C:/Users/²Ü¼ÒºÀ/.iotlink/sdk/IoT_LINK/iot_link/network/tcpip/sal\sal_netdb.c **** }
 262              		.loc 1 104 1 is_stmt 0 view .LVU70
 263 0028 2846     		mov	r0, r5
 264 002a 03B0     		add	sp, sp, #12
 265              	.LCFI9:
 266              		.cfi_def_cfa_offset 12
 267              		@ sp needed
 268 002c 30BD     		pop	{r4, r5, pc}
 269              	.LVL16:
 270              	.L13:
 271              		.loc 1 104 1 view .LVU71
 272 002e 00BF     		.align	2
 273              	.L12:
 274 0030 00000000 		.word	.LANCHOR0
 275 0034 00000000 		.word	.LC0
 276              		.cfi_endproc
 277              	.LFE5:
 279              		.section	.text.inet_ntop,"ax",%progbits
 280              		.align	1
 281              		.weak	inet_ntop
 282              		.syntax unified
 283              		.thumb
 284              		.thumb_func
 285              		.fpu fpv4-sp-d16
 287              	inet_ntop:
ARM GAS  C:\Users\²Ü¼ÒºÀ\AppData\Local\Temp\cclawda5.s 			page 8


 288              	.LVL17:
 289              	.LFB6:
 105:C:/Users/²Ü¼ÒºÀ/.iotlink/sdk/IoT_LINK/iot_link/network/tcpip/sal\sal_netdb.c **** 
 106:C:/Users/²Ü¼ÒºÀ/.iotlink/sdk/IoT_LINK/iot_link/network/tcpip/sal\sal_netdb.c **** __attribute__((weak)) const char *inet_ntop(int af, const void *src, char *dst, socklen_t cnt)
 107:C:/Users/²Ü¼ÒºÀ/.iotlink/sdk/IoT_LINK/iot_link/network/tcpip/sal\sal_netdb.c **** {
 290              		.loc 1 107 1 is_stmt 1 view -0
 291              		.cfi_startproc
 292              		@ args = 0, pretend = 0, frame = 0
 293              		@ frame_needed = 0, uses_anonymous_args = 0
 108:C:/Users/²Ü¼ÒºÀ/.iotlink/sdk/IoT_LINK/iot_link/network/tcpip/sal\sal_netdb.c ****     char *str;
 294              		.loc 1 108 5 view .LVU73
 109:C:/Users/²Ü¼ÒºÀ/.iotlink/sdk/IoT_LINK/iot_link/network/tcpip/sal\sal_netdb.c ****     char          *result = NULL;
 295              		.loc 1 109 5 view .LVU74
 110:C:/Users/²Ü¼ÒºÀ/.iotlink/sdk/IoT_LINK/iot_link/network/tcpip/sal\sal_netdb.c ****     struct in_addr addr;
 296              		.loc 1 110 5 view .LVU75
 111:C:/Users/²Ü¼ÒºÀ/.iotlink/sdk/IoT_LINK/iot_link/network/tcpip/sal\sal_netdb.c **** 
 112:C:/Users/²Ü¼ÒºÀ/.iotlink/sdk/IoT_LINK/iot_link/network/tcpip/sal\sal_netdb.c ****     if((NULL == src)||(NULL == dst))
 297              		.loc 1 112 5 view .LVU76
 107:C:/Users/²Ü¼ÒºÀ/.iotlink/sdk/IoT_LINK/iot_link/network/tcpip/sal\sal_netdb.c ****     char *str;
 298              		.loc 1 107 1 is_stmt 0 view .LVU77
 299 0000 70B5     		push	{r4, r5, r6, lr}
 300              	.LCFI10:
 301              		.cfi_def_cfa_offset 16
 302              		.cfi_offset 4, -16
 303              		.cfi_offset 5, -12
 304              		.cfi_offset 6, -8
 305              		.cfi_offset 14, -4
 107:C:/Users/²Ü¼ÒºÀ/.iotlink/sdk/IoT_LINK/iot_link/network/tcpip/sal\sal_netdb.c ****     char *str;
 306              		.loc 1 107 1 view .LVU78
 307 0002 1446     		mov	r4, r2
 308 0004 1E46     		mov	r6, r3
 309              		.loc 1 112 7 view .LVU79
 310 0006 11B9     		cbnz	r1, .L15
 311              	.LVL18:
 312              	.L17:
 113:C:/Users/²Ü¼ÒºÀ/.iotlink/sdk/IoT_LINK/iot_link/network/tcpip/sal\sal_netdb.c ****     {
 114:C:/Users/²Ü¼ÒºÀ/.iotlink/sdk/IoT_LINK/iot_link/network/tcpip/sal\sal_netdb.c ****         return result;
 313              		.loc 1 114 16 view .LVU80
 314 0008 0024     		movs	r4, #0
 315              	.LVL19:
 316              	.L16:
 115:C:/Users/²Ü¼ÒºÀ/.iotlink/sdk/IoT_LINK/iot_link/network/tcpip/sal\sal_netdb.c ****     }
 116:C:/Users/²Ü¼ÒºÀ/.iotlink/sdk/IoT_LINK/iot_link/network/tcpip/sal\sal_netdb.c **** 
 117:C:/Users/²Ü¼ÒºÀ/.iotlink/sdk/IoT_LINK/iot_link/network/tcpip/sal\sal_netdb.c ****     if(af==AF_INET)
 118:C:/Users/²Ü¼ÒºÀ/.iotlink/sdk/IoT_LINK/iot_link/network/tcpip/sal\sal_netdb.c ****     {
 119:C:/Users/²Ü¼ÒºÀ/.iotlink/sdk/IoT_LINK/iot_link/network/tcpip/sal\sal_netdb.c **** 
 120:C:/Users/²Ü¼ÒºÀ/.iotlink/sdk/IoT_LINK/iot_link/network/tcpip/sal\sal_netdb.c ****         (void) memcpy((void *)&addr,src,sizeof(addr));
 121:C:/Users/²Ü¼ÒºÀ/.iotlink/sdk/IoT_LINK/iot_link/network/tcpip/sal\sal_netdb.c ****         str = inet_ntoa(addr);
 122:C:/Users/²Ü¼ÒºÀ/.iotlink/sdk/IoT_LINK/iot_link/network/tcpip/sal\sal_netdb.c **** 
 123:C:/Users/²Ü¼ÒºÀ/.iotlink/sdk/IoT_LINK/iot_link/network/tcpip/sal\sal_netdb.c ****         if((NULL != str)&&(cnt >(socklen_t)(strlen(str)+1)))
 124:C:/Users/²Ü¼ÒºÀ/.iotlink/sdk/IoT_LINK/iot_link/network/tcpip/sal\sal_netdb.c ****         {
 125:C:/Users/²Ü¼ÒºÀ/.iotlink/sdk/IoT_LINK/iot_link/network/tcpip/sal\sal_netdb.c ****             (void) memcpy((void*)dst,(void*)str,strlen(str)+1);
 126:C:/Users/²Ü¼ÒºÀ/.iotlink/sdk/IoT_LINK/iot_link/network/tcpip/sal\sal_netdb.c ****             result = dst;
 127:C:/Users/²Ü¼ÒºÀ/.iotlink/sdk/IoT_LINK/iot_link/network/tcpip/sal\sal_netdb.c ****         }
 128:C:/Users/²Ü¼ÒºÀ/.iotlink/sdk/IoT_LINK/iot_link/network/tcpip/sal\sal_netdb.c ****     }
 129:C:/Users/²Ü¼ÒºÀ/.iotlink/sdk/IoT_LINK/iot_link/network/tcpip/sal\sal_netdb.c **** 
 130:C:/Users/²Ü¼ÒºÀ/.iotlink/sdk/IoT_LINK/iot_link/network/tcpip/sal\sal_netdb.c ****     return result;
ARM GAS  C:\Users\²Ü¼ÒºÀ\AppData\Local\Temp\cclawda5.s 			page 9


 131:C:/Users/²Ü¼ÒºÀ/.iotlink/sdk/IoT_LINK/iot_link/network/tcpip/sal\sal_netdb.c **** }
 317              		.loc 1 131 1 view .LVU81
 318 000a 2046     		mov	r0, r4
 319 000c 70BD     		pop	{r4, r5, r6, pc}
 320              	.LVL20:
 321              	.L15:
 112:C:/Users/²Ü¼ÒºÀ/.iotlink/sdk/IoT_LINK/iot_link/network/tcpip/sal\sal_netdb.c ****     {
 322              		.loc 1 112 21 discriminator 1 view .LVU82
 323 000e 002A     		cmp	r2, #0
 324 0010 FAD0     		beq	.L17
 117:C:/Users/²Ü¼ÒºÀ/.iotlink/sdk/IoT_LINK/iot_link/network/tcpip/sal\sal_netdb.c ****     {
 325              		.loc 1 117 5 is_stmt 1 view .LVU83
 117:C:/Users/²Ü¼ÒºÀ/.iotlink/sdk/IoT_LINK/iot_link/network/tcpip/sal\sal_netdb.c ****     {
 326              		.loc 1 117 7 is_stmt 0 view .LVU84
 327 0012 0228     		cmp	r0, #2
 328 0014 F8D1     		bne	.L17
 120:C:/Users/²Ü¼ÒºÀ/.iotlink/sdk/IoT_LINK/iot_link/network/tcpip/sal\sal_netdb.c ****         str = inet_ntoa(addr);
 329              		.loc 1 120 9 is_stmt 1 view .LVU85
 121:C:/Users/²Ü¼ÒºÀ/.iotlink/sdk/IoT_LINK/iot_link/network/tcpip/sal\sal_netdb.c **** 
 330              		.loc 1 121 9 view .LVU86
 121:C:/Users/²Ü¼ÒºÀ/.iotlink/sdk/IoT_LINK/iot_link/network/tcpip/sal\sal_netdb.c **** 
 331              		.loc 1 121 15 is_stmt 0 view .LVU87
 332 0016 0868     		ldr	r0, [r1]	@ unaligned
 333              	.LVL21:
 121:C:/Users/²Ü¼ÒºÀ/.iotlink/sdk/IoT_LINK/iot_link/network/tcpip/sal\sal_netdb.c **** 
 334              		.loc 1 121 15 view .LVU88
 335 0018 FFF7FEFF 		bl	inet_ntoa
 336              	.LVL22:
 123:C:/Users/²Ü¼ÒºÀ/.iotlink/sdk/IoT_LINK/iot_link/network/tcpip/sal\sal_netdb.c ****         {
 337              		.loc 1 123 9 is_stmt 1 view .LVU89
 123:C:/Users/²Ü¼ÒºÀ/.iotlink/sdk/IoT_LINK/iot_link/network/tcpip/sal\sal_netdb.c ****         {
 338              		.loc 1 123 11 is_stmt 0 view .LVU90
 339 001c 0546     		mov	r5, r0
 340 001e 0028     		cmp	r0, #0
 341 0020 F2D0     		beq	.L17
 123:C:/Users/²Ü¼ÒºÀ/.iotlink/sdk/IoT_LINK/iot_link/network/tcpip/sal\sal_netdb.c ****         {
 342              		.loc 1 123 45 discriminator 1 view .LVU91
 343 0022 FFF7FEFF 		bl	strlen
 344              	.LVL23:
 123:C:/Users/²Ü¼ÒºÀ/.iotlink/sdk/IoT_LINK/iot_link/network/tcpip/sal\sal_netdb.c ****         {
 345              		.loc 1 123 56 discriminator 1 view .LVU92
 346 0026 421C     		adds	r2, r0, #1
 123:C:/Users/²Ü¼ÒºÀ/.iotlink/sdk/IoT_LINK/iot_link/network/tcpip/sal\sal_netdb.c ****         {
 347              		.loc 1 123 25 discriminator 1 view .LVU93
 348 0028 B242     		cmp	r2, r6
 349 002a EDDA     		bge	.L17
 125:C:/Users/²Ü¼ÒºÀ/.iotlink/sdk/IoT_LINK/iot_link/network/tcpip/sal\sal_netdb.c ****             result = dst;
 350              		.loc 1 125 13 is_stmt 1 view .LVU94
 125:C:/Users/²Ü¼ÒºÀ/.iotlink/sdk/IoT_LINK/iot_link/network/tcpip/sal\sal_netdb.c ****             result = dst;
 351              		.loc 1 125 20 is_stmt 0 view .LVU95
 352 002c 2946     		mov	r1, r5
 353 002e 2046     		mov	r0, r4
 354 0030 FFF7FEFF 		bl	memcpy
 355              	.LVL24:
 126:C:/Users/²Ü¼ÒºÀ/.iotlink/sdk/IoT_LINK/iot_link/network/tcpip/sal\sal_netdb.c ****         }
 356              		.loc 1 126 13 is_stmt 1 view .LVU96
 126:C:/Users/²Ü¼ÒºÀ/.iotlink/sdk/IoT_LINK/iot_link/network/tcpip/sal\sal_netdb.c ****         }
ARM GAS  C:\Users\²Ü¼ÒºÀ\AppData\Local\Temp\cclawda5.s 			page 10


 357              		.loc 1 126 13 is_stmt 0 view .LVU97
 358 0034 E9E7     		b	.L16
 359              		.cfi_endproc
 360              	.LFE6:
 362              		.section	.text.inet_pton,"ax",%progbits
 363              		.align	1
 364              		.weak	inet_pton
 365              		.syntax unified
 366              		.thumb
 367              		.thumb_func
 368              		.fpu fpv4-sp-d16
 370              	inet_pton:
 371              	.LVL25:
 372              	.LFB7:
 132:C:/Users/²Ü¼ÒºÀ/.iotlink/sdk/IoT_LINK/iot_link/network/tcpip/sal\sal_netdb.c **** 
 133:C:/Users/²Ü¼ÒºÀ/.iotlink/sdk/IoT_LINK/iot_link/network/tcpip/sal\sal_netdb.c **** __attribute__((weak)) int inet_pton(int af, const char *src, void *dst)
 134:C:/Users/²Ü¼ÒºÀ/.iotlink/sdk/IoT_LINK/iot_link/network/tcpip/sal\sal_netdb.c **** {
 373              		.loc 1 134 1 is_stmt 1 view -0
 374              		.cfi_startproc
 375              		@ args = 0, pretend = 0, frame = 8
 376              		@ frame_needed = 0, uses_anonymous_args = 0
 135:C:/Users/²Ü¼ÒºÀ/.iotlink/sdk/IoT_LINK/iot_link/network/tcpip/sal\sal_netdb.c **** 
 136:C:/Users/²Ü¼ÒºÀ/.iotlink/sdk/IoT_LINK/iot_link/network/tcpip/sal\sal_netdb.c ****     int result = -1;
 377              		.loc 1 136 5 view .LVU99
 137:C:/Users/²Ü¼ÒºÀ/.iotlink/sdk/IoT_LINK/iot_link/network/tcpip/sal\sal_netdb.c ****     struct in_addr addr;
 378              		.loc 1 137 5 view .LVU100
 138:C:/Users/²Ü¼ÒºÀ/.iotlink/sdk/IoT_LINK/iot_link/network/tcpip/sal\sal_netdb.c **** 
 139:C:/Users/²Ü¼ÒºÀ/.iotlink/sdk/IoT_LINK/iot_link/network/tcpip/sal\sal_netdb.c ****     if((NULL == src)||(NULL == dst))
 379              		.loc 1 139 5 view .LVU101
 134:C:/Users/²Ü¼ÒºÀ/.iotlink/sdk/IoT_LINK/iot_link/network/tcpip/sal\sal_netdb.c **** 
 380              		.loc 1 134 1 is_stmt 0 view .LVU102
 381 0000 13B5     		push	{r0, r1, r4, lr}
 382              	.LCFI11:
 383              		.cfi_def_cfa_offset 16
 384              		.cfi_offset 4, -8
 385              		.cfi_offset 14, -4
 134:C:/Users/²Ü¼ÒºÀ/.iotlink/sdk/IoT_LINK/iot_link/network/tcpip/sal\sal_netdb.c **** 
 386              		.loc 1 134 1 view .LVU103
 387 0002 0346     		mov	r3, r0
 388 0004 1446     		mov	r4, r2
 389              		.loc 1 139 7 view .LVU104
 390 0006 0846     		mov	r0, r1
 391              	.LVL26:
 392              		.loc 1 139 7 view .LVU105
 393 0008 21B1     		cbz	r1, .L24
 394              		.loc 1 139 21 discriminator 1 view .LVU106
 395 000a 72B1     		cbz	r2, .L29
 140:C:/Users/²Ü¼ÒºÀ/.iotlink/sdk/IoT_LINK/iot_link/network/tcpip/sal\sal_netdb.c ****     {
 141:C:/Users/²Ü¼ÒºÀ/.iotlink/sdk/IoT_LINK/iot_link/network/tcpip/sal\sal_netdb.c ****         result = 0;
 142:C:/Users/²Ü¼ÒºÀ/.iotlink/sdk/IoT_LINK/iot_link/network/tcpip/sal\sal_netdb.c ****         return result;
 143:C:/Users/²Ü¼ÒºÀ/.iotlink/sdk/IoT_LINK/iot_link/network/tcpip/sal\sal_netdb.c ****     }
 144:C:/Users/²Ü¼ÒºÀ/.iotlink/sdk/IoT_LINK/iot_link/network/tcpip/sal\sal_netdb.c **** 
 145:C:/Users/²Ü¼ÒºÀ/.iotlink/sdk/IoT_LINK/iot_link/network/tcpip/sal\sal_netdb.c ****     if(af==AF_INET)
 396              		.loc 1 145 5 is_stmt 1 view .LVU107
 397              		.loc 1 145 7 is_stmt 0 view .LVU108
 398 000c 022B     		cmp	r3, #2
 399 000e 03D0     		beq	.L26
ARM GAS  C:\Users\²Ü¼ÒºÀ\AppData\Local\Temp\cclawda5.s 			page 11


 400              	.LVL27:
 401              	.L27:
 136:C:/Users/²Ü¼ÒºÀ/.iotlink/sdk/IoT_LINK/iot_link/network/tcpip/sal\sal_netdb.c ****     struct in_addr addr;
 402              		.loc 1 136 9 view .LVU109
 403 0010 4FF0FF30 		mov	r0, #-1
 404              	.LVL28:
 405              	.L24:
 146:C:/Users/²Ü¼ÒºÀ/.iotlink/sdk/IoT_LINK/iot_link/network/tcpip/sal\sal_netdb.c ****     {
 147:C:/Users/²Ü¼ÒºÀ/.iotlink/sdk/IoT_LINK/iot_link/network/tcpip/sal\sal_netdb.c ****         if(inet_aton(src,&addr))
 148:C:/Users/²Ü¼ÒºÀ/.iotlink/sdk/IoT_LINK/iot_link/network/tcpip/sal\sal_netdb.c ****         {
 149:C:/Users/²Ü¼ÒºÀ/.iotlink/sdk/IoT_LINK/iot_link/network/tcpip/sal\sal_netdb.c ****             (void) memcpy((void *)dst,&addr,sizeof(addr));
 150:C:/Users/²Ü¼ÒºÀ/.iotlink/sdk/IoT_LINK/iot_link/network/tcpip/sal\sal_netdb.c ****             result = 1;
 151:C:/Users/²Ü¼ÒºÀ/.iotlink/sdk/IoT_LINK/iot_link/network/tcpip/sal\sal_netdb.c ****         }
 152:C:/Users/²Ü¼ÒºÀ/.iotlink/sdk/IoT_LINK/iot_link/network/tcpip/sal\sal_netdb.c ****     }
 153:C:/Users/²Ü¼ÒºÀ/.iotlink/sdk/IoT_LINK/iot_link/network/tcpip/sal\sal_netdb.c **** 
 154:C:/Users/²Ü¼ÒºÀ/.iotlink/sdk/IoT_LINK/iot_link/network/tcpip/sal\sal_netdb.c ****     return result;
 155:C:/Users/²Ü¼ÒºÀ/.iotlink/sdk/IoT_LINK/iot_link/network/tcpip/sal\sal_netdb.c **** }
 406              		.loc 1 155 1 view .LVU110
 407 0014 02B0     		add	sp, sp, #8
 408              	.LCFI12:
 409              		.cfi_remember_state
 410              		.cfi_def_cfa_offset 8
 411              		@ sp needed
 412 0016 10BD     		pop	{r4, pc}
 413              	.LVL29:
 414              	.L26:
 415              	.LCFI13:
 416              		.cfi_restore_state
 147:C:/Users/²Ü¼ÒºÀ/.iotlink/sdk/IoT_LINK/iot_link/network/tcpip/sal\sal_netdb.c ****         {
 417              		.loc 1 147 9 is_stmt 1 view .LVU111
 147:C:/Users/²Ü¼ÒºÀ/.iotlink/sdk/IoT_LINK/iot_link/network/tcpip/sal\sal_netdb.c ****         {
 418              		.loc 1 147 12 is_stmt 0 view .LVU112
 419 0018 01A9     		add	r1, sp, #4
 420 001a FFF7FEFF 		bl	inet_aton
 421              	.LVL30:
 147:C:/Users/²Ü¼ÒºÀ/.iotlink/sdk/IoT_LINK/iot_link/network/tcpip/sal\sal_netdb.c ****         {
 422              		.loc 1 147 11 view .LVU113
 423 001e 0028     		cmp	r0, #0
 424 0020 F6D0     		beq	.L27
 149:C:/Users/²Ü¼ÒºÀ/.iotlink/sdk/IoT_LINK/iot_link/network/tcpip/sal\sal_netdb.c ****             result = 1;
 425              		.loc 1 149 13 is_stmt 1 view .LVU114
 149:C:/Users/²Ü¼ÒºÀ/.iotlink/sdk/IoT_LINK/iot_link/network/tcpip/sal\sal_netdb.c ****             result = 1;
 426              		.loc 1 149 20 is_stmt 0 view .LVU115
 427 0022 019B     		ldr	r3, [sp, #4]
 428 0024 2360     		str	r3, [r4]	@ unaligned
 150:C:/Users/²Ü¼ÒºÀ/.iotlink/sdk/IoT_LINK/iot_link/network/tcpip/sal\sal_netdb.c ****         }
 429              		.loc 1 150 13 is_stmt 1 view .LVU116
 430              	.LVL31:
 150:C:/Users/²Ü¼ÒºÀ/.iotlink/sdk/IoT_LINK/iot_link/network/tcpip/sal\sal_netdb.c ****         }
 431              		.loc 1 150 20 is_stmt 0 view .LVU117
 432 0026 0120     		movs	r0, #1
 433 0028 F4E7     		b	.L24
 434              	.LVL32:
 435              	.L29:
 142:C:/Users/²Ü¼ÒºÀ/.iotlink/sdk/IoT_LINK/iot_link/network/tcpip/sal\sal_netdb.c ****     }
 436              		.loc 1 142 16 view .LVU118
 437 002a 1046     		mov	r0, r2
ARM GAS  C:\Users\²Ü¼ÒºÀ\AppData\Local\Temp\cclawda5.s 			page 12


 438              	.LVL33:
 142:C:/Users/²Ü¼ÒºÀ/.iotlink/sdk/IoT_LINK/iot_link/network/tcpip/sal\sal_netdb.c ****     }
 439              		.loc 1 142 16 view .LVU119
 440 002c F2E7     		b	.L24
 441              		.cfi_endproc
 442              	.LFE7:
 444              		.section	.bss.s_inet_addr_buf,"aw",%nobits
 445              		.set	.LANCHOR0,. + 0
 448              	s_inet_addr_buf:
 449 0000 00000000 		.space	16
 449      00000000 
 449      00000000 
 449      00000000 
 450              		.text
 451              	.Letext0:
 452              		.file 2 "c:\\users\\\262\334\274\322\272\300\\.iotlink\\tools\\gcc-arm-none-eabi\\arm-none-eabi\\i
 453              		.file 3 "c:\\users\\\262\334\274\322\272\300\\.iotlink\\tools\\gcc-arm-none-eabi\\arm-none-eabi\\i
 454              		.file 4 "c:\\users\\\262\334\274\322\272\300\\.iotlink\\tools\\gcc-arm-none-eabi\\arm-none-eabi\\i
 455              		.file 5 "c:\\users\\\262\334\274\322\272\300\\.iotlink\\tools\\gcc-arm-none-eabi\\arm-none-eabi\\i
 456              		.file 6 "c:\\users\\\262\334\274\322\272\300\\.iotlink\\tools\\gcc-arm-none-eabi\\lib\\gcc\\arm-no
 457              		.file 7 "c:\\users\\\262\334\274\322\272\300\\.iotlink\\tools\\gcc-arm-none-eabi\\arm-none-eabi\\i
 458              		.file 8 "C:/Users/\262\334\274\322\272\300/.iotlink/sdk/IoT_LINK/iot_link/inc/sal_types.h"
 459              		.file 9 "<built-in>"
 460              		.file 10 "c:\\users\\\262\334\274\322\272\300\\.iotlink\\tools\\gcc-arm-none-eabi\\arm-none-eabi\\
 461              		.file 11 "c:\\users\\\262\334\274\322\272\300\\.iotlink\\tools\\gcc-arm-none-eabi\\arm-none-eabi\\
ARM GAS  C:\Users\²Ü¼ÒºÀ\AppData\Local\Temp\cclawda5.s 			page 13


DEFINED SYMBOLS
                            *ABS*:00000000 sal_netdb.c
C:\Users\²Ü¼ÒºÀ\AppData\Local\Temp\cclawda5.s:21     .text.inet_addr:00000000 $t
C:\Users\²Ü¼ÒºÀ\AppData\Local\Temp\cclawda5.s:29     .text.inet_addr:00000000 inet_addr
C:\Users\²Ü¼ÒºÀ\AppData\Local\Temp\cclawda5.s:104    .text.inet_addr:00000040 $d
C:\Users\²Ü¼ÒºÀ\AppData\Local\Temp\cclawda5.s:109    .text.inet_aton:00000000 $t
C:\Users\²Ü¼ÒºÀ\AppData\Local\Temp\cclawda5.s:116    .text.inet_aton:00000000 inet_aton
C:\Users\²Ü¼ÒºÀ\AppData\Local\Temp\cclawda5.s:202    .text.inet_aton:00000044 $d
C:\Users\²Ü¼ÒºÀ\AppData\Local\Temp\cclawda5.s:207    .text.inet_ntoa:00000000 $t
C:\Users\²Ü¼ÒºÀ\AppData\Local\Temp\cclawda5.s:214    .text.inet_ntoa:00000000 inet_ntoa
C:\Users\²Ü¼ÒºÀ\AppData\Local\Temp\cclawda5.s:274    .text.inet_ntoa:00000030 $d
C:\Users\²Ü¼ÒºÀ\AppData\Local\Temp\cclawda5.s:280    .text.inet_ntop:00000000 $t
C:\Users\²Ü¼ÒºÀ\AppData\Local\Temp\cclawda5.s:287    .text.inet_ntop:00000000 inet_ntop
C:\Users\²Ü¼ÒºÀ\AppData\Local\Temp\cclawda5.s:363    .text.inet_pton:00000000 $t
C:\Users\²Ü¼ÒºÀ\AppData\Local\Temp\cclawda5.s:370    .text.inet_pton:00000000 inet_pton
C:\Users\²Ü¼ÒºÀ\AppData\Local\Temp\cclawda5.s:448    .bss.s_inet_addr_buf:00000000 s_inet_addr_buf
C:\Users\²Ü¼ÒºÀ\AppData\Local\Temp\cclawda5.s:449    .bss.s_inet_addr_buf:00000000 $d

UNDEFINED SYMBOLS
sscanf
memset
sprintf
strlen
memcpy
