ARM GAS  C:\Users\²Ü¼ÒºÀ\AppData\Local\Temp\ccDCPkAI.s 			page 1


   1              		.cpu cortex-m4
   2              		.eabi_attribute 27, 1
   3              		.eabi_attribute 28, 1
   4              		.eabi_attribute 20, 1
   5              		.eabi_attribute 21, 1
   6              		.eabi_attribute 23, 3
   7              		.eabi_attribute 24, 1
   8              		.eabi_attribute 25, 1
   9              		.eabi_attribute 26, 1
  10              		.eabi_attribute 30, 4
  11              		.eabi_attribute 34, 1
  12              		.eabi_attribute 18, 4
  13              		.file	"lwm2m_al.c"
  14              		.text
  15              	.Ltext0:
  16              		.cfi_sections	.debug_frame
  17              		.section	.text.lwm2m_al_config,"ax",%progbits
  18              		.align	1
  19              		.global	lwm2m_al_config
  20              		.arch armv7e-m
  21              		.syntax unified
  22              		.thumb
  23              		.thumb_func
  24              		.fpu fpv4-sp-d16
  26              	lwm2m_al_config:
  27              	.LVL0:
  28              	.LFB3:
  29              		.file 1 "C:/Users/\262\334\274\322\272\300/.iotlink/sdk/IoT_LINK/iot_link/network/lwm2m/lwm2m_al/l
   1:C:/Users/²Ü¼ÒºÀ/.iotlink/sdk/IoT_LINK/iot_link/network/lwm2m/lwm2m_al\lwm2m_al.c **** /*----------------------------------------------------------------------------
   2:C:/Users/²Ü¼ÒºÀ/.iotlink/sdk/IoT_LINK/iot_link/network/lwm2m/lwm2m_al\lwm2m_al.c ****  * Copyright (c) <2019>, <Huawei Technologies Co., Ltd>
   3:C:/Users/²Ü¼ÒºÀ/.iotlink/sdk/IoT_LINK/iot_link/network/lwm2m/lwm2m_al\lwm2m_al.c ****  * All rights reserved.
   4:C:/Users/²Ü¼ÒºÀ/.iotlink/sdk/IoT_LINK/iot_link/network/lwm2m/lwm2m_al\lwm2m_al.c ****  * Redistribution and use in source and binary forms, with or without modification,
   5:C:/Users/²Ü¼ÒºÀ/.iotlink/sdk/IoT_LINK/iot_link/network/lwm2m/lwm2m_al\lwm2m_al.c ****  * are permitted provided that the following conditions are met:
   6:C:/Users/²Ü¼ÒºÀ/.iotlink/sdk/IoT_LINK/iot_link/network/lwm2m/lwm2m_al\lwm2m_al.c ****  * 1. Redistributions of source code must retain the above copyright notice, this list of
   7:C:/Users/²Ü¼ÒºÀ/.iotlink/sdk/IoT_LINK/iot_link/network/lwm2m/lwm2m_al\lwm2m_al.c ****  * conditions and the following disclaimer.
   8:C:/Users/²Ü¼ÒºÀ/.iotlink/sdk/IoT_LINK/iot_link/network/lwm2m/lwm2m_al\lwm2m_al.c ****  * 2. Redistributions in binary form must reproduce the above copyright notice, this list
   9:C:/Users/²Ü¼ÒºÀ/.iotlink/sdk/IoT_LINK/iot_link/network/lwm2m/lwm2m_al\lwm2m_al.c ****  * of conditions and the following disclaimer in the documentation and/or other materials
  10:C:/Users/²Ü¼ÒºÀ/.iotlink/sdk/IoT_LINK/iot_link/network/lwm2m/lwm2m_al\lwm2m_al.c ****  * provided with the distribution.
  11:C:/Users/²Ü¼ÒºÀ/.iotlink/sdk/IoT_LINK/iot_link/network/lwm2m/lwm2m_al\lwm2m_al.c ****  * 3. Neither the name of the copyright holder nor the names of its contributors may be used
  12:C:/Users/²Ü¼ÒºÀ/.iotlink/sdk/IoT_LINK/iot_link/network/lwm2m/lwm2m_al\lwm2m_al.c ****  * to endorse or promote products derived from this software without specific prior written
  13:C:/Users/²Ü¼ÒºÀ/.iotlink/sdk/IoT_LINK/iot_link/network/lwm2m/lwm2m_al\lwm2m_al.c ****  * permission.
  14:C:/Users/²Ü¼ÒºÀ/.iotlink/sdk/IoT_LINK/iot_link/network/lwm2m/lwm2m_al\lwm2m_al.c ****  * THIS SOFTWARE IS PROVIDED BY THE COPYRIGHT HOLDERS AND CONTRIBUTORS
  15:C:/Users/²Ü¼ÒºÀ/.iotlink/sdk/IoT_LINK/iot_link/network/lwm2m/lwm2m_al\lwm2m_al.c ****  * "AS IS" AND ANY EXPRESS OR IMPLIED WARRANTIES, INCLUDING, BUT NOT LIMITED TO,
  16:C:/Users/²Ü¼ÒºÀ/.iotlink/sdk/IoT_LINK/iot_link/network/lwm2m/lwm2m_al\lwm2m_al.c ****  * THE IMPLIED WARRANTIES OF MERCHANTABILITY AND FITNESS FOR A PARTICULAR
  17:C:/Users/²Ü¼ÒºÀ/.iotlink/sdk/IoT_LINK/iot_link/network/lwm2m/lwm2m_al\lwm2m_al.c ****  * PURPOSE ARE DISCLAIMED. IN NO EVENT SHALL THE COPYRIGHT HOLDER OR
  18:C:/Users/²Ü¼ÒºÀ/.iotlink/sdk/IoT_LINK/iot_link/network/lwm2m/lwm2m_al\lwm2m_al.c ****  * CONTRIBUTORS BE LIABLE FOR ANY DIRECT, INDIRECT, INCIDENTAL, SPECIAL,
  19:C:/Users/²Ü¼ÒºÀ/.iotlink/sdk/IoT_LINK/iot_link/network/lwm2m/lwm2m_al\lwm2m_al.c ****  * EXEMPLARY, OR CONSEQUENTIAL DAMAGES (INCLUDING, BUT NOT LIMITED TO,
  20:C:/Users/²Ü¼ÒºÀ/.iotlink/sdk/IoT_LINK/iot_link/network/lwm2m/lwm2m_al\lwm2m_al.c ****  * PROCUREMENT OF SUBSTITUTE GOODS OR SERVICES; LOSS OF USE, DATA, OR PROFITS;
  21:C:/Users/²Ü¼ÒºÀ/.iotlink/sdk/IoT_LINK/iot_link/network/lwm2m/lwm2m_al\lwm2m_al.c ****  * OR BUSINESS INTERRUPTION) HOWEVER CAUSED AND ON ANY THEORY OF LIABILITY,
  22:C:/Users/²Ü¼ÒºÀ/.iotlink/sdk/IoT_LINK/iot_link/network/lwm2m/lwm2m_al\lwm2m_al.c ****  * WHETHER IN CONTRACT, STRICT LIABILITY, OR TORT (INCLUDING NEGLIGENCE OR
  23:C:/Users/²Ü¼ÒºÀ/.iotlink/sdk/IoT_LINK/iot_link/network/lwm2m/lwm2m_al\lwm2m_al.c ****  * OTHERWISE) ARISING IN ANY WAY OUT OF THE USE OF THIS SOFTWARE, EVEN IF
  24:C:/Users/²Ü¼ÒºÀ/.iotlink/sdk/IoT_LINK/iot_link/network/lwm2m/lwm2m_al\lwm2m_al.c ****  * ADVISED OF THE POSSIBILITY OF SUCH DAMAGE.
  25:C:/Users/²Ü¼ÒºÀ/.iotlink/sdk/IoT_LINK/iot_link/network/lwm2m/lwm2m_al\lwm2m_al.c ****  *---------------------------------------------------------------------------*/
  26:C:/Users/²Ü¼ÒºÀ/.iotlink/sdk/IoT_LINK/iot_link/network/lwm2m/lwm2m_al\lwm2m_al.c **** /*----------------------------------------------------------------------------
  27:C:/Users/²Ü¼ÒºÀ/.iotlink/sdk/IoT_LINK/iot_link/network/lwm2m/lwm2m_al\lwm2m_al.c ****  * Notice of Export Control Law
  28:C:/Users/²Ü¼ÒºÀ/.iotlink/sdk/IoT_LINK/iot_link/network/lwm2m/lwm2m_al\lwm2m_al.c ****  * ===============================================
  29:C:/Users/²Ü¼ÒºÀ/.iotlink/sdk/IoT_LINK/iot_link/network/lwm2m/lwm2m_al\lwm2m_al.c ****  * Huawei LiteOS may be subject to applicable export control laws and regulations, which might
ARM GAS  C:\Users\²Ü¼ÒºÀ\AppData\Local\Temp\ccDCPkAI.s 			page 2


  30:C:/Users/²Ü¼ÒºÀ/.iotlink/sdk/IoT_LINK/iot_link/network/lwm2m/lwm2m_al\lwm2m_al.c ****  * include those applicable to Huawei LiteOS of U.S. and the country in which you are located.
  31:C:/Users/²Ü¼ÒºÀ/.iotlink/sdk/IoT_LINK/iot_link/network/lwm2m/lwm2m_al\lwm2m_al.c ****  * Import, export and usage of Huawei LiteOS in any manner by you shall be in compliance with such
  32:C:/Users/²Ü¼ÒºÀ/.iotlink/sdk/IoT_LINK/iot_link/network/lwm2m/lwm2m_al\lwm2m_al.c ****  * applicable export control laws and regulations.
  33:C:/Users/²Ü¼ÒºÀ/.iotlink/sdk/IoT_LINK/iot_link/network/lwm2m/lwm2m_al\lwm2m_al.c ****  *---------------------------------------------------------------------------*/
  34:C:/Users/²Ü¼ÒºÀ/.iotlink/sdk/IoT_LINK/iot_link/network/lwm2m/lwm2m_al\lwm2m_al.c **** /**
  35:C:/Users/²Ü¼ÒºÀ/.iotlink/sdk/IoT_LINK/iot_link/network/lwm2m/lwm2m_al\lwm2m_al.c ****  *  DATE                AUTHOR      INSTRUCTION
  36:C:/Users/²Ü¼ÒºÀ/.iotlink/sdk/IoT_LINK/iot_link/network/lwm2m/lwm2m_al\lwm2m_al.c ****  *  2019-10-17 19:49  zhangqianfu  The first version
  37:C:/Users/²Ü¼ÒºÀ/.iotlink/sdk/IoT_LINK/iot_link/network/lwm2m/lwm2m_al\lwm2m_al.c ****  *  2019-12-06 19:50  zhuzongru    define interface
  38:C:/Users/²Ü¼ÒºÀ/.iotlink/sdk/IoT_LINK/iot_link/network/lwm2m/lwm2m_al\lwm2m_al.c ****  *
  39:C:/Users/²Ü¼ÒºÀ/.iotlink/sdk/IoT_LINK/iot_link/network/lwm2m/lwm2m_al\lwm2m_al.c ****  */
  40:C:/Users/²Ü¼ÒºÀ/.iotlink/sdk/IoT_LINK/iot_link/network/lwm2m/lwm2m_al\lwm2m_al.c **** 
  41:C:/Users/²Ü¼ÒºÀ/.iotlink/sdk/IoT_LINK/iot_link/network/lwm2m/lwm2m_al\lwm2m_al.c **** 
  42:C:/Users/²Ü¼ÒºÀ/.iotlink/sdk/IoT_LINK/iot_link/network/lwm2m/lwm2m_al\lwm2m_al.c **** #include <stddef.h>
  43:C:/Users/²Ü¼ÒºÀ/.iotlink/sdk/IoT_LINK/iot_link/network/lwm2m/lwm2m_al\lwm2m_al.c **** 
  44:C:/Users/²Ü¼ÒºÀ/.iotlink/sdk/IoT_LINK/iot_link/network/lwm2m/lwm2m_al\lwm2m_al.c **** #include <link_log.h>
  45:C:/Users/²Ü¼ÒºÀ/.iotlink/sdk/IoT_LINK/iot_link/network/lwm2m/lwm2m_al\lwm2m_al.c **** #include <lwm2m_al.h>
  46:C:/Users/²Ü¼ÒºÀ/.iotlink/sdk/IoT_LINK/iot_link/network/lwm2m/lwm2m_al\lwm2m_al.c **** 
  47:C:/Users/²Ü¼ÒºÀ/.iotlink/sdk/IoT_LINK/iot_link/network/lwm2m/lwm2m_al\lwm2m_al.c **** 
  48:C:/Users/²Ü¼ÒºÀ/.iotlink/sdk/IoT_LINK/iot_link/network/lwm2m/lwm2m_al\lwm2m_al.c **** typedef struct
  49:C:/Users/²Ü¼ÒºÀ/.iotlink/sdk/IoT_LINK/iot_link/network/lwm2m/lwm2m_al\lwm2m_al.c **** {
  50:C:/Users/²Ü¼ÒºÀ/.iotlink/sdk/IoT_LINK/iot_link/network/lwm2m/lwm2m_al\lwm2m_al.c ****     lwm2m_al_op_t  *ops;
  51:C:/Users/²Ü¼ÒºÀ/.iotlink/sdk/IoT_LINK/iot_link/network/lwm2m/lwm2m_al\lwm2m_al.c ****     lwm2m_al_op_t   mem;
  52:C:/Users/²Ü¼ÒºÀ/.iotlink/sdk/IoT_LINK/iot_link/network/lwm2m/lwm2m_al\lwm2m_al.c **** } lwm2m_al_op_cb_t;
  53:C:/Users/²Ü¼ÒºÀ/.iotlink/sdk/IoT_LINK/iot_link/network/lwm2m/lwm2m_al\lwm2m_al.c **** 
  54:C:/Users/²Ü¼ÒºÀ/.iotlink/sdk/IoT_LINK/iot_link/network/lwm2m/lwm2m_al\lwm2m_al.c **** static lwm2m_al_op_cb_t s_lwm2m_al_op_cb;
  55:C:/Users/²Ü¼ÒºÀ/.iotlink/sdk/IoT_LINK/iot_link/network/lwm2m/lwm2m_al\lwm2m_al.c **** 
  56:C:/Users/²Ü¼ÒºÀ/.iotlink/sdk/IoT_LINK/iot_link/network/lwm2m/lwm2m_al\lwm2m_al.c **** /////////////////CREATE THE API FOR THE LWM2M LIB////////////////////////////////
  57:C:/Users/²Ü¼ÒºÀ/.iotlink/sdk/IoT_LINK/iot_link/network/lwm2m/lwm2m_al\lwm2m_al.c **** int lwm2m_al_config(void **handle, lwm2m_al_init_param_t *init_param)
  58:C:/Users/²Ü¼ÒºÀ/.iotlink/sdk/IoT_LINK/iot_link/network/lwm2m/lwm2m_al\lwm2m_al.c **** {
  30              		.loc 1 58 1 view -0
  31              		.cfi_startproc
  32              		@ args = 0, pretend = 0, frame = 0
  33              		@ frame_needed = 0, uses_anonymous_args = 0
  34              		@ link register save eliminated.
  59:C:/Users/²Ü¼ÒºÀ/.iotlink/sdk/IoT_LINK/iot_link/network/lwm2m/lwm2m_al\lwm2m_al.c ****     int ret = (int)LWM2M_ERR;
  35              		.loc 1 59 5 view .LVU1
  60:C:/Users/²Ü¼ÒºÀ/.iotlink/sdk/IoT_LINK/iot_link/network/lwm2m/lwm2m_al\lwm2m_al.c **** 
  61:C:/Users/²Ü¼ÒºÀ/.iotlink/sdk/IoT_LINK/iot_link/network/lwm2m/lwm2m_al\lwm2m_al.c ****     if ((NULL != handle)
  36              		.loc 1 61 5 view .LVU2
  37              		.loc 1 61 8 is_stmt 0 view .LVU3
  38 0000 30B1     		cbz	r0, .L1
  62:C:/Users/²Ü¼ÒºÀ/.iotlink/sdk/IoT_LINK/iot_link/network/lwm2m/lwm2m_al\lwm2m_al.c ****         && (NULL != init_param)
  39              		.loc 1 62 9 view .LVU4
  40 0002 29B1     		cbz	r1, .L1
  63:C:/Users/²Ü¼ÒºÀ/.iotlink/sdk/IoT_LINK/iot_link/network/lwm2m/lwm2m_al\lwm2m_al.c ****         && (NULL != s_lwm2m_al_op_cb.ops)
  41              		.loc 1 63 37 view .LVU5
  42 0004 044B     		ldr	r3, .L11
  43 0006 1B68     		ldr	r3, [r3]
  44              		.loc 1 63 9 view .LVU6
  45 0008 13B1     		cbz	r3, .L1
  64:C:/Users/²Ü¼ÒºÀ/.iotlink/sdk/IoT_LINK/iot_link/network/lwm2m/lwm2m_al\lwm2m_al.c ****         && (NULL != s_lwm2m_al_op_cb.ops->config))
  46              		.loc 1 64 41 view .LVU7
  47 000a 1B68     		ldr	r3, [r3]
  48              		.loc 1 64 9 view .LVU8
  49 000c 03B1     		cbz	r3, .L1
  65:C:/Users/²Ü¼ÒºÀ/.iotlink/sdk/IoT_LINK/iot_link/network/lwm2m/lwm2m_al\lwm2m_al.c ****     {
  66:C:/Users/²Ü¼ÒºÀ/.iotlink/sdk/IoT_LINK/iot_link/network/lwm2m/lwm2m_al\lwm2m_al.c ****         ret = s_lwm2m_al_op_cb.ops->config(handle, init_param);
ARM GAS  C:\Users\²Ü¼ÒºÀ\AppData\Local\Temp\ccDCPkAI.s 			page 3


  50              		.loc 1 66 9 is_stmt 1 view .LVU9
  51              		.loc 1 66 15 is_stmt 0 view .LVU10
  52 000e 1847     		bx	r3
  53              	.LVL1:
  54              	.L1:
  67:C:/Users/²Ü¼ÒºÀ/.iotlink/sdk/IoT_LINK/iot_link/network/lwm2m/lwm2m_al\lwm2m_al.c ****     }
  68:C:/Users/²Ü¼ÒºÀ/.iotlink/sdk/IoT_LINK/iot_link/network/lwm2m/lwm2m_al\lwm2m_al.c **** 
  69:C:/Users/²Ü¼ÒºÀ/.iotlink/sdk/IoT_LINK/iot_link/network/lwm2m/lwm2m_al\lwm2m_al.c ****     return ret;
  70:C:/Users/²Ü¼ÒºÀ/.iotlink/sdk/IoT_LINK/iot_link/network/lwm2m/lwm2m_al\lwm2m_al.c **** }
  55              		.loc 1 70 1 view .LVU11
  56 0010 6FF00800 		mvn	r0, #8
  57              	.LVL2:
  58              		.loc 1 70 1 view .LVU12
  59 0014 7047     		bx	lr
  60              	.L12:
  61 0016 00BF     		.align	2
  62              	.L11:
  63 0018 00000000 		.word	.LANCHOR0
  64              		.cfi_endproc
  65              	.LFE3:
  67              		.section	.text.lwm2m_al_deconfig,"ax",%progbits
  68              		.align	1
  69              		.global	lwm2m_al_deconfig
  70              		.syntax unified
  71              		.thumb
  72              		.thumb_func
  73              		.fpu fpv4-sp-d16
  75              	lwm2m_al_deconfig:
  76              	.LVL3:
  77              	.LFB4:
  71:C:/Users/²Ü¼ÒºÀ/.iotlink/sdk/IoT_LINK/iot_link/network/lwm2m/lwm2m_al\lwm2m_al.c **** 
  72:C:/Users/²Ü¼ÒºÀ/.iotlink/sdk/IoT_LINK/iot_link/network/lwm2m/lwm2m_al\lwm2m_al.c **** int lwm2m_al_deconfig(void *handle)
  73:C:/Users/²Ü¼ÒºÀ/.iotlink/sdk/IoT_LINK/iot_link/network/lwm2m/lwm2m_al\lwm2m_al.c **** {
  78              		.loc 1 73 1 is_stmt 1 view -0
  79              		.cfi_startproc
  80              		@ args = 0, pretend = 0, frame = 0
  81              		@ frame_needed = 0, uses_anonymous_args = 0
  82              		@ link register save eliminated.
  74:C:/Users/²Ü¼ÒºÀ/.iotlink/sdk/IoT_LINK/iot_link/network/lwm2m/lwm2m_al\lwm2m_al.c ****     int ret = (int)LWM2M_ERR;
  83              		.loc 1 74 5 view .LVU14
  75:C:/Users/²Ü¼ÒºÀ/.iotlink/sdk/IoT_LINK/iot_link/network/lwm2m/lwm2m_al\lwm2m_al.c **** 
  76:C:/Users/²Ü¼ÒºÀ/.iotlink/sdk/IoT_LINK/iot_link/network/lwm2m/lwm2m_al\lwm2m_al.c ****     if ((NULL != handle)
  84              		.loc 1 76 5 view .LVU15
  85              		.loc 1 76 8 is_stmt 0 view .LVU16
  86 0000 28B1     		cbz	r0, .L13
  77:C:/Users/²Ü¼ÒºÀ/.iotlink/sdk/IoT_LINK/iot_link/network/lwm2m/lwm2m_al\lwm2m_al.c ****         && (NULL != s_lwm2m_al_op_cb.ops)
  87              		.loc 1 77 37 view .LVU17
  88 0002 044B     		ldr	r3, .L21
  89 0004 1B68     		ldr	r3, [r3]
  90              		.loc 1 77 9 view .LVU18
  91 0006 13B1     		cbz	r3, .L13
  78:C:/Users/²Ü¼ÒºÀ/.iotlink/sdk/IoT_LINK/iot_link/network/lwm2m/lwm2m_al\lwm2m_al.c ****         && (NULL != s_lwm2m_al_op_cb.ops->deconfig))
  92              		.loc 1 78 41 view .LVU19
  93 0008 5B68     		ldr	r3, [r3, #4]
  94              		.loc 1 78 9 view .LVU20
  95 000a 03B1     		cbz	r3, .L13
  79:C:/Users/²Ü¼ÒºÀ/.iotlink/sdk/IoT_LINK/iot_link/network/lwm2m/lwm2m_al\lwm2m_al.c ****     {
ARM GAS  C:\Users\²Ü¼ÒºÀ\AppData\Local\Temp\ccDCPkAI.s 			page 4


  80:C:/Users/²Ü¼ÒºÀ/.iotlink/sdk/IoT_LINK/iot_link/network/lwm2m/lwm2m_al\lwm2m_al.c ****         ret = s_lwm2m_al_op_cb.ops->deconfig(handle);
  96              		.loc 1 80 9 is_stmt 1 view .LVU21
  97              		.loc 1 80 15 is_stmt 0 view .LVU22
  98 000c 1847     		bx	r3
  99              	.LVL4:
 100              	.L13:
  81:C:/Users/²Ü¼ÒºÀ/.iotlink/sdk/IoT_LINK/iot_link/network/lwm2m/lwm2m_al\lwm2m_al.c ****     }
  82:C:/Users/²Ü¼ÒºÀ/.iotlink/sdk/IoT_LINK/iot_link/network/lwm2m/lwm2m_al\lwm2m_al.c **** 
  83:C:/Users/²Ü¼ÒºÀ/.iotlink/sdk/IoT_LINK/iot_link/network/lwm2m/lwm2m_al\lwm2m_al.c ****     return ret;
  84:C:/Users/²Ü¼ÒºÀ/.iotlink/sdk/IoT_LINK/iot_link/network/lwm2m/lwm2m_al\lwm2m_al.c **** }
 101              		.loc 1 84 1 view .LVU23
 102 000e 6FF00800 		mvn	r0, #8
 103              	.LVL5:
 104              		.loc 1 84 1 view .LVU24
 105 0012 7047     		bx	lr
 106              	.L22:
 107              		.align	2
 108              	.L21:
 109 0014 00000000 		.word	.LANCHOR0
 110              		.cfi_endproc
 111              	.LFE4:
 113              		.section	.text.lwm2m_al_add_object,"ax",%progbits
 114              		.align	1
 115              		.global	lwm2m_al_add_object
 116              		.syntax unified
 117              		.thumb
 118              		.thumb_func
 119              		.fpu fpv4-sp-d16
 121              	lwm2m_al_add_object:
 122              	.LVL6:
 123              	.LFB5:
  85:C:/Users/²Ü¼ÒºÀ/.iotlink/sdk/IoT_LINK/iot_link/network/lwm2m/lwm2m_al\lwm2m_al.c **** 
  86:C:/Users/²Ü¼ÒºÀ/.iotlink/sdk/IoT_LINK/iot_link/network/lwm2m/lwm2m_al\lwm2m_al.c **** int lwm2m_al_add_object(void *handle, int object_id, int object_instance_id, int resource_id, void 
  87:C:/Users/²Ü¼ÒºÀ/.iotlink/sdk/IoT_LINK/iot_link/network/lwm2m/lwm2m_al\lwm2m_al.c **** {
 124              		.loc 1 87 1 is_stmt 1 view -0
 125              		.cfi_startproc
 126              		@ args = 4, pretend = 0, frame = 0
 127              		@ frame_needed = 0, uses_anonymous_args = 0
 128              		@ link register save eliminated.
  88:C:/Users/²Ü¼ÒºÀ/.iotlink/sdk/IoT_LINK/iot_link/network/lwm2m/lwm2m_al\lwm2m_al.c ****     int ret = (int)LWM2M_ERR;
 129              		.loc 1 88 5 view .LVU26
  89:C:/Users/²Ü¼ÒºÀ/.iotlink/sdk/IoT_LINK/iot_link/network/lwm2m/lwm2m_al\lwm2m_al.c **** 
  90:C:/Users/²Ü¼ÒºÀ/.iotlink/sdk/IoT_LINK/iot_link/network/lwm2m/lwm2m_al\lwm2m_al.c ****     if ((NULL != handle)
 130              		.loc 1 90 5 view .LVU27
  87:C:/Users/²Ü¼ÒºÀ/.iotlink/sdk/IoT_LINK/iot_link/network/lwm2m/lwm2m_al\lwm2m_al.c ****     int ret = (int)LWM2M_ERR;
 131              		.loc 1 87 1 is_stmt 0 view .LVU28
 132 0000 10B4     		push	{r4}
 133              	.LCFI0:
 134              		.cfi_def_cfa_offset 4
 135              		.cfi_offset 4, -4
 136              		.loc 1 90 8 view .LVU29
 137 0002 40B1     		cbz	r0, .L23
  91:C:/Users/²Ü¼ÒºÀ/.iotlink/sdk/IoT_LINK/iot_link/network/lwm2m/lwm2m_al\lwm2m_al.c ****         && (NULL != s_lwm2m_al_op_cb.ops)
 138              		.loc 1 91 37 view .LVU30
 139 0004 064C     		ldr	r4, .L31
 140 0006 2468     		ldr	r4, [r4]
 141              		.loc 1 91 9 view .LVU31
ARM GAS  C:\Users\²Ü¼ÒºÀ\AppData\Local\Temp\ccDCPkAI.s 			page 5


 142 0008 2CB1     		cbz	r4, .L23
  92:C:/Users/²Ü¼ÒºÀ/.iotlink/sdk/IoT_LINK/iot_link/network/lwm2m/lwm2m_al\lwm2m_al.c ****         && (NULL != s_lwm2m_al_op_cb.ops->add_object))
 143              		.loc 1 92 41 view .LVU32
 144 000a A468     		ldr	r4, [r4, #8]
 145              		.loc 1 92 9 view .LVU33
 146 000c 1CB1     		cbz	r4, .L23
  93:C:/Users/²Ü¼ÒºÀ/.iotlink/sdk/IoT_LINK/iot_link/network/lwm2m/lwm2m_al\lwm2m_al.c ****     {
  94:C:/Users/²Ü¼ÒºÀ/.iotlink/sdk/IoT_LINK/iot_link/network/lwm2m/lwm2m_al\lwm2m_al.c ****         ret = s_lwm2m_al_op_cb.ops->add_object(handle, object_id, object_instance_id, resource_id, 
 147              		.loc 1 94 9 is_stmt 1 view .LVU34
 148              		.loc 1 94 15 is_stmt 0 view .LVU35
 149 000e A446     		mov	ip, r4
  95:C:/Users/²Ü¼ÒºÀ/.iotlink/sdk/IoT_LINK/iot_link/network/lwm2m/lwm2m_al\lwm2m_al.c ****     }
  96:C:/Users/²Ü¼ÒºÀ/.iotlink/sdk/IoT_LINK/iot_link/network/lwm2m/lwm2m_al\lwm2m_al.c **** 
  97:C:/Users/²Ü¼ÒºÀ/.iotlink/sdk/IoT_LINK/iot_link/network/lwm2m/lwm2m_al\lwm2m_al.c ****     return ret;
  98:C:/Users/²Ü¼ÒºÀ/.iotlink/sdk/IoT_LINK/iot_link/network/lwm2m/lwm2m_al\lwm2m_al.c **** }
 150              		.loc 1 98 1 view .LVU36
 151 0010 5DF8044B 		ldr	r4, [sp], #4
 152              	.LCFI1:
 153              		.cfi_remember_state
 154              		.cfi_restore 4
 155              		.cfi_def_cfa_offset 0
 156              	.LVL7:
  94:C:/Users/²Ü¼ÒºÀ/.iotlink/sdk/IoT_LINK/iot_link/network/lwm2m/lwm2m_al\lwm2m_al.c ****     }
 157              		.loc 1 94 15 view .LVU37
 158 0014 6047     		bx	ip
 159              	.LVL8:
 160              	.L23:
 161              	.LCFI2:
 162              		.cfi_restore_state
 163              		.loc 1 98 1 view .LVU38
 164 0016 6FF00800 		mvn	r0, #8
 165              	.LVL9:
 166              		.loc 1 98 1 view .LVU39
 167 001a 5DF8044B 		ldr	r4, [sp], #4
 168              	.LCFI3:
 169              		.cfi_restore 4
 170              		.cfi_def_cfa_offset 0
 171              	.LVL10:
 172              		.loc 1 98 1 view .LVU40
 173 001e 7047     		bx	lr
 174              	.L32:
 175              		.align	2
 176              	.L31:
 177 0020 00000000 		.word	.LANCHOR0
 178              		.cfi_endproc
 179              	.LFE5:
 181              		.section	.text.lwm2m_al_delete_object,"ax",%progbits
 182              		.align	1
 183              		.global	lwm2m_al_delete_object
 184              		.syntax unified
 185              		.thumb
 186              		.thumb_func
 187              		.fpu fpv4-sp-d16
 189              	lwm2m_al_delete_object:
 190              	.LVL11:
 191              	.LFB6:
  99:C:/Users/²Ü¼ÒºÀ/.iotlink/sdk/IoT_LINK/iot_link/network/lwm2m/lwm2m_al\lwm2m_al.c **** 
ARM GAS  C:\Users\²Ü¼ÒºÀ\AppData\Local\Temp\ccDCPkAI.s 			page 6


 100:C:/Users/²Ü¼ÒºÀ/.iotlink/sdk/IoT_LINK/iot_link/network/lwm2m/lwm2m_al\lwm2m_al.c **** int lwm2m_al_delete_object(void *handle, int object_id)
 101:C:/Users/²Ü¼ÒºÀ/.iotlink/sdk/IoT_LINK/iot_link/network/lwm2m/lwm2m_al\lwm2m_al.c **** {
 192              		.loc 1 101 1 is_stmt 1 view -0
 193              		.cfi_startproc
 194              		@ args = 0, pretend = 0, frame = 0
 195              		@ frame_needed = 0, uses_anonymous_args = 0
 196              		@ link register save eliminated.
 102:C:/Users/²Ü¼ÒºÀ/.iotlink/sdk/IoT_LINK/iot_link/network/lwm2m/lwm2m_al\lwm2m_al.c ****     int ret = (int)LWM2M_ERR;
 197              		.loc 1 102 5 view .LVU42
 103:C:/Users/²Ü¼ÒºÀ/.iotlink/sdk/IoT_LINK/iot_link/network/lwm2m/lwm2m_al\lwm2m_al.c **** 
 104:C:/Users/²Ü¼ÒºÀ/.iotlink/sdk/IoT_LINK/iot_link/network/lwm2m/lwm2m_al\lwm2m_al.c ****     if ((NULL != handle)
 198              		.loc 1 104 5 view .LVU43
 199              		.loc 1 104 8 is_stmt 0 view .LVU44
 200 0000 28B1     		cbz	r0, .L33
 105:C:/Users/²Ü¼ÒºÀ/.iotlink/sdk/IoT_LINK/iot_link/network/lwm2m/lwm2m_al\lwm2m_al.c ****         && (NULL != s_lwm2m_al_op_cb.ops)
 201              		.loc 1 105 37 view .LVU45
 202 0002 044B     		ldr	r3, .L41
 203 0004 1B68     		ldr	r3, [r3]
 204              		.loc 1 105 9 view .LVU46
 205 0006 13B1     		cbz	r3, .L33
 106:C:/Users/²Ü¼ÒºÀ/.iotlink/sdk/IoT_LINK/iot_link/network/lwm2m/lwm2m_al\lwm2m_al.c ****         && (NULL != s_lwm2m_al_op_cb.ops->delete_object))
 206              		.loc 1 106 41 view .LVU47
 207 0008 DB68     		ldr	r3, [r3, #12]
 208              		.loc 1 106 9 view .LVU48
 209 000a 03B1     		cbz	r3, .L33
 107:C:/Users/²Ü¼ÒºÀ/.iotlink/sdk/IoT_LINK/iot_link/network/lwm2m/lwm2m_al\lwm2m_al.c ****     {
 108:C:/Users/²Ü¼ÒºÀ/.iotlink/sdk/IoT_LINK/iot_link/network/lwm2m/lwm2m_al\lwm2m_al.c ****         ret = s_lwm2m_al_op_cb.ops->delete_object(handle, object_id);
 210              		.loc 1 108 9 is_stmt 1 view .LVU49
 211              		.loc 1 108 15 is_stmt 0 view .LVU50
 212 000c 1847     		bx	r3
 213              	.LVL12:
 214              	.L33:
 109:C:/Users/²Ü¼ÒºÀ/.iotlink/sdk/IoT_LINK/iot_link/network/lwm2m/lwm2m_al\lwm2m_al.c ****     }
 110:C:/Users/²Ü¼ÒºÀ/.iotlink/sdk/IoT_LINK/iot_link/network/lwm2m/lwm2m_al\lwm2m_al.c **** 
 111:C:/Users/²Ü¼ÒºÀ/.iotlink/sdk/IoT_LINK/iot_link/network/lwm2m/lwm2m_al\lwm2m_al.c ****     return ret;
 112:C:/Users/²Ü¼ÒºÀ/.iotlink/sdk/IoT_LINK/iot_link/network/lwm2m/lwm2m_al\lwm2m_al.c **** }
 215              		.loc 1 112 1 view .LVU51
 216 000e 6FF00800 		mvn	r0, #8
 217              	.LVL13:
 218              		.loc 1 112 1 view .LVU52
 219 0012 7047     		bx	lr
 220              	.L42:
 221              		.align	2
 222              	.L41:
 223 0014 00000000 		.word	.LANCHOR0
 224              		.cfi_endproc
 225              	.LFE6:
 227              		.section	.text.lwm2m_al_connect,"ax",%progbits
 228              		.align	1
 229              		.global	lwm2m_al_connect
 230              		.syntax unified
 231              		.thumb
 232              		.thumb_func
 233              		.fpu fpv4-sp-d16
 235              	lwm2m_al_connect:
 236              	.LVL14:
 237              	.LFB7:
ARM GAS  C:\Users\²Ü¼ÒºÀ\AppData\Local\Temp\ccDCPkAI.s 			page 7


 113:C:/Users/²Ü¼ÒºÀ/.iotlink/sdk/IoT_LINK/iot_link/network/lwm2m/lwm2m_al\lwm2m_al.c **** 
 114:C:/Users/²Ü¼ÒºÀ/.iotlink/sdk/IoT_LINK/iot_link/network/lwm2m/lwm2m_al\lwm2m_al.c **** int lwm2m_al_connect(void *handle)
 115:C:/Users/²Ü¼ÒºÀ/.iotlink/sdk/IoT_LINK/iot_link/network/lwm2m/lwm2m_al\lwm2m_al.c **** {
 238              		.loc 1 115 1 is_stmt 1 view -0
 239              		.cfi_startproc
 240              		@ args = 0, pretend = 0, frame = 0
 241              		@ frame_needed = 0, uses_anonymous_args = 0
 242              		@ link register save eliminated.
 116:C:/Users/²Ü¼ÒºÀ/.iotlink/sdk/IoT_LINK/iot_link/network/lwm2m/lwm2m_al\lwm2m_al.c ****     int ret = (int)LWM2M_ERR;
 243              		.loc 1 116 5 view .LVU54
 117:C:/Users/²Ü¼ÒºÀ/.iotlink/sdk/IoT_LINK/iot_link/network/lwm2m/lwm2m_al\lwm2m_al.c **** 
 118:C:/Users/²Ü¼ÒºÀ/.iotlink/sdk/IoT_LINK/iot_link/network/lwm2m/lwm2m_al\lwm2m_al.c ****     if ((NULL != handle)
 244              		.loc 1 118 5 view .LVU55
 245              		.loc 1 118 8 is_stmt 0 view .LVU56
 246 0000 28B1     		cbz	r0, .L43
 119:C:/Users/²Ü¼ÒºÀ/.iotlink/sdk/IoT_LINK/iot_link/network/lwm2m/lwm2m_al\lwm2m_al.c ****         && (NULL != s_lwm2m_al_op_cb.ops)
 247              		.loc 1 119 37 view .LVU57
 248 0002 044B     		ldr	r3, .L51
 249 0004 1B68     		ldr	r3, [r3]
 250              		.loc 1 119 9 view .LVU58
 251 0006 13B1     		cbz	r3, .L43
 120:C:/Users/²Ü¼ÒºÀ/.iotlink/sdk/IoT_LINK/iot_link/network/lwm2m/lwm2m_al\lwm2m_al.c ****         && (NULL != s_lwm2m_al_op_cb.ops->connect))
 252              		.loc 1 120 41 view .LVU59
 253 0008 1B69     		ldr	r3, [r3, #16]
 254              		.loc 1 120 9 view .LVU60
 255 000a 03B1     		cbz	r3, .L43
 121:C:/Users/²Ü¼ÒºÀ/.iotlink/sdk/IoT_LINK/iot_link/network/lwm2m/lwm2m_al\lwm2m_al.c ****     {
 122:C:/Users/²Ü¼ÒºÀ/.iotlink/sdk/IoT_LINK/iot_link/network/lwm2m/lwm2m_al\lwm2m_al.c ****         ret = s_lwm2m_al_op_cb.ops->connect(handle);
 256              		.loc 1 122 9 is_stmt 1 view .LVU61
 257              		.loc 1 122 15 is_stmt 0 view .LVU62
 258 000c 1847     		bx	r3
 259              	.LVL15:
 260              	.L43:
 123:C:/Users/²Ü¼ÒºÀ/.iotlink/sdk/IoT_LINK/iot_link/network/lwm2m/lwm2m_al\lwm2m_al.c ****     }
 124:C:/Users/²Ü¼ÒºÀ/.iotlink/sdk/IoT_LINK/iot_link/network/lwm2m/lwm2m_al\lwm2m_al.c **** 
 125:C:/Users/²Ü¼ÒºÀ/.iotlink/sdk/IoT_LINK/iot_link/network/lwm2m/lwm2m_al\lwm2m_al.c ****     return ret;
 126:C:/Users/²Ü¼ÒºÀ/.iotlink/sdk/IoT_LINK/iot_link/network/lwm2m/lwm2m_al\lwm2m_al.c **** }
 261              		.loc 1 126 1 view .LVU63
 262 000e 6FF00800 		mvn	r0, #8
 263              	.LVL16:
 264              		.loc 1 126 1 view .LVU64
 265 0012 7047     		bx	lr
 266              	.L52:
 267              		.align	2
 268              	.L51:
 269 0014 00000000 		.word	.LANCHOR0
 270              		.cfi_endproc
 271              	.LFE7:
 273              		.section	.text.lwm2m_al_disconnect,"ax",%progbits
 274              		.align	1
 275              		.global	lwm2m_al_disconnect
 276              		.syntax unified
 277              		.thumb
 278              		.thumb_func
 279              		.fpu fpv4-sp-d16
 281              	lwm2m_al_disconnect:
 282              	.LVL17:
ARM GAS  C:\Users\²Ü¼ÒºÀ\AppData\Local\Temp\ccDCPkAI.s 			page 8


 283              	.LFB8:
 127:C:/Users/²Ü¼ÒºÀ/.iotlink/sdk/IoT_LINK/iot_link/network/lwm2m/lwm2m_al\lwm2m_al.c **** 
 128:C:/Users/²Ü¼ÒºÀ/.iotlink/sdk/IoT_LINK/iot_link/network/lwm2m/lwm2m_al\lwm2m_al.c **** int  lwm2m_al_disconnect(void *handle)
 129:C:/Users/²Ü¼ÒºÀ/.iotlink/sdk/IoT_LINK/iot_link/network/lwm2m/lwm2m_al\lwm2m_al.c **** {
 284              		.loc 1 129 1 is_stmt 1 view -0
 285              		.cfi_startproc
 286              		@ args = 0, pretend = 0, frame = 0
 287              		@ frame_needed = 0, uses_anonymous_args = 0
 288              		@ link register save eliminated.
 130:C:/Users/²Ü¼ÒºÀ/.iotlink/sdk/IoT_LINK/iot_link/network/lwm2m/lwm2m_al\lwm2m_al.c ****     int ret = (int)LWM2M_ERR;
 289              		.loc 1 130 5 view .LVU66
 131:C:/Users/²Ü¼ÒºÀ/.iotlink/sdk/IoT_LINK/iot_link/network/lwm2m/lwm2m_al\lwm2m_al.c **** 
 132:C:/Users/²Ü¼ÒºÀ/.iotlink/sdk/IoT_LINK/iot_link/network/lwm2m/lwm2m_al\lwm2m_al.c ****     if ((NULL != handle)
 290              		.loc 1 132 5 view .LVU67
 291              		.loc 1 132 8 is_stmt 0 view .LVU68
 292 0000 28B1     		cbz	r0, .L53
 133:C:/Users/²Ü¼ÒºÀ/.iotlink/sdk/IoT_LINK/iot_link/network/lwm2m/lwm2m_al\lwm2m_al.c ****         && (NULL != s_lwm2m_al_op_cb.ops)
 293              		.loc 1 133 37 view .LVU69
 294 0002 044B     		ldr	r3, .L61
 295 0004 1B68     		ldr	r3, [r3]
 296              		.loc 1 133 9 view .LVU70
 297 0006 13B1     		cbz	r3, .L53
 134:C:/Users/²Ü¼ÒºÀ/.iotlink/sdk/IoT_LINK/iot_link/network/lwm2m/lwm2m_al\lwm2m_al.c ****         && (NULL != s_lwm2m_al_op_cb.ops->disconnect))
 298              		.loc 1 134 41 view .LVU71
 299 0008 5B69     		ldr	r3, [r3, #20]
 300              		.loc 1 134 9 view .LVU72
 301 000a 03B1     		cbz	r3, .L53
 135:C:/Users/²Ü¼ÒºÀ/.iotlink/sdk/IoT_LINK/iot_link/network/lwm2m/lwm2m_al\lwm2m_al.c ****     {
 136:C:/Users/²Ü¼ÒºÀ/.iotlink/sdk/IoT_LINK/iot_link/network/lwm2m/lwm2m_al\lwm2m_al.c ****         ret = s_lwm2m_al_op_cb.ops->disconnect(handle);
 302              		.loc 1 136 9 is_stmt 1 view .LVU73
 303              		.loc 1 136 15 is_stmt 0 view .LVU74
 304 000c 1847     		bx	r3
 305              	.LVL18:
 306              	.L53:
 137:C:/Users/²Ü¼ÒºÀ/.iotlink/sdk/IoT_LINK/iot_link/network/lwm2m/lwm2m_al\lwm2m_al.c ****     }
 138:C:/Users/²Ü¼ÒºÀ/.iotlink/sdk/IoT_LINK/iot_link/network/lwm2m/lwm2m_al\lwm2m_al.c **** 
 139:C:/Users/²Ü¼ÒºÀ/.iotlink/sdk/IoT_LINK/iot_link/network/lwm2m/lwm2m_al\lwm2m_al.c ****     return ret;
 140:C:/Users/²Ü¼ÒºÀ/.iotlink/sdk/IoT_LINK/iot_link/network/lwm2m/lwm2m_al\lwm2m_al.c **** }
 307              		.loc 1 140 1 view .LVU75
 308 000e 6FF00800 		mvn	r0, #8
 309              	.LVL19:
 310              		.loc 1 140 1 view .LVU76
 311 0012 7047     		bx	lr
 312              	.L62:
 313              		.align	2
 314              	.L61:
 315 0014 00000000 		.word	.LANCHOR0
 316              		.cfi_endproc
 317              	.LFE8:
 319              		.section	.text.lwm2m_al_send,"ax",%progbits
 320              		.align	1
 321              		.global	lwm2m_al_send
 322              		.syntax unified
 323              		.thumb
 324              		.thumb_func
 325              		.fpu fpv4-sp-d16
 327              	lwm2m_al_send:
ARM GAS  C:\Users\²Ü¼ÒºÀ\AppData\Local\Temp\ccDCPkAI.s 			page 9


 328              	.LVL20:
 329              	.LFB9:
 141:C:/Users/²Ü¼ÒºÀ/.iotlink/sdk/IoT_LINK/iot_link/network/lwm2m/lwm2m_al\lwm2m_al.c **** 
 142:C:/Users/²Ü¼ÒºÀ/.iotlink/sdk/IoT_LINK/iot_link/network/lwm2m/lwm2m_al\lwm2m_al.c **** int  lwm2m_al_send(void *handle, lwm2m_al_send_param_t *send_param)
 143:C:/Users/²Ü¼ÒºÀ/.iotlink/sdk/IoT_LINK/iot_link/network/lwm2m/lwm2m_al\lwm2m_al.c **** {
 330              		.loc 1 143 1 is_stmt 1 view -0
 331              		.cfi_startproc
 332              		@ args = 0, pretend = 0, frame = 0
 333              		@ frame_needed = 0, uses_anonymous_args = 0
 334              		@ link register save eliminated.
 144:C:/Users/²Ü¼ÒºÀ/.iotlink/sdk/IoT_LINK/iot_link/network/lwm2m/lwm2m_al\lwm2m_al.c ****     int ret = (int)LWM2M_ERR;
 335              		.loc 1 144 5 view .LVU78
 145:C:/Users/²Ü¼ÒºÀ/.iotlink/sdk/IoT_LINK/iot_link/network/lwm2m/lwm2m_al\lwm2m_al.c **** 
 146:C:/Users/²Ü¼ÒºÀ/.iotlink/sdk/IoT_LINK/iot_link/network/lwm2m/lwm2m_al\lwm2m_al.c ****     if ((NULL != handle)
 336              		.loc 1 146 5 view .LVU79
 337              		.loc 1 146 8 is_stmt 0 view .LVU80
 338 0000 30B1     		cbz	r0, .L63
 147:C:/Users/²Ü¼ÒºÀ/.iotlink/sdk/IoT_LINK/iot_link/network/lwm2m/lwm2m_al\lwm2m_al.c ****         && (NULL != send_param)
 339              		.loc 1 147 9 view .LVU81
 340 0002 29B1     		cbz	r1, .L63
 148:C:/Users/²Ü¼ÒºÀ/.iotlink/sdk/IoT_LINK/iot_link/network/lwm2m/lwm2m_al\lwm2m_al.c ****         && (NULL != s_lwm2m_al_op_cb.ops)
 341              		.loc 1 148 37 view .LVU82
 342 0004 044B     		ldr	r3, .L73
 343 0006 1B68     		ldr	r3, [r3]
 344              		.loc 1 148 9 view .LVU83
 345 0008 13B1     		cbz	r3, .L63
 149:C:/Users/²Ü¼ÒºÀ/.iotlink/sdk/IoT_LINK/iot_link/network/lwm2m/lwm2m_al\lwm2m_al.c ****         && (NULL != s_lwm2m_al_op_cb.ops->send))
 346              		.loc 1 149 41 view .LVU84
 347 000a 9B69     		ldr	r3, [r3, #24]
 348              		.loc 1 149 9 view .LVU85
 349 000c 03B1     		cbz	r3, .L63
 150:C:/Users/²Ü¼ÒºÀ/.iotlink/sdk/IoT_LINK/iot_link/network/lwm2m/lwm2m_al\lwm2m_al.c ****     {
 151:C:/Users/²Ü¼ÒºÀ/.iotlink/sdk/IoT_LINK/iot_link/network/lwm2m/lwm2m_al\lwm2m_al.c ****         ret = s_lwm2m_al_op_cb.ops->send(handle, send_param);
 350              		.loc 1 151 9 is_stmt 1 view .LVU86
 351              		.loc 1 151 15 is_stmt 0 view .LVU87
 352 000e 1847     		bx	r3
 353              	.LVL21:
 354              	.L63:
 152:C:/Users/²Ü¼ÒºÀ/.iotlink/sdk/IoT_LINK/iot_link/network/lwm2m/lwm2m_al\lwm2m_al.c ****     }
 153:C:/Users/²Ü¼ÒºÀ/.iotlink/sdk/IoT_LINK/iot_link/network/lwm2m/lwm2m_al\lwm2m_al.c **** 
 154:C:/Users/²Ü¼ÒºÀ/.iotlink/sdk/IoT_LINK/iot_link/network/lwm2m/lwm2m_al\lwm2m_al.c ****     return ret;
 155:C:/Users/²Ü¼ÒºÀ/.iotlink/sdk/IoT_LINK/iot_link/network/lwm2m/lwm2m_al\lwm2m_al.c **** }
 355              		.loc 1 155 1 view .LVU88
 356 0010 6FF00800 		mvn	r0, #8
 357              	.LVL22:
 358              		.loc 1 155 1 view .LVU89
 359 0014 7047     		bx	lr
 360              	.L74:
 361 0016 00BF     		.align	2
 362              	.L73:
 363 0018 00000000 		.word	.LANCHOR0
 364              		.cfi_endproc
 365              	.LFE9:
 367              		.section	.text.lwm2m_al_install,"ax",%progbits
 368              		.align	1
 369              		.global	lwm2m_al_install
 370              		.syntax unified
ARM GAS  C:\Users\²Ü¼ÒºÀ\AppData\Local\Temp\ccDCPkAI.s 			page 10


 371              		.thumb
 372              		.thumb_func
 373              		.fpu fpv4-sp-d16
 375              	lwm2m_al_install:
 376              	.LVL23:
 377              	.LFB10:
 156:C:/Users/²Ü¼ÒºÀ/.iotlink/sdk/IoT_LINK/iot_link/network/lwm2m/lwm2m_al\lwm2m_al.c **** 
 157:C:/Users/²Ü¼ÒºÀ/.iotlink/sdk/IoT_LINK/iot_link/network/lwm2m/lwm2m_al\lwm2m_al.c **** int lwm2m_al_install(lwm2m_al_op_t *op)
 158:C:/Users/²Ü¼ÒºÀ/.iotlink/sdk/IoT_LINK/iot_link/network/lwm2m/lwm2m_al\lwm2m_al.c **** {
 378              		.loc 1 158 1 is_stmt 1 view -0
 379              		.cfi_startproc
 380              		@ args = 0, pretend = 0, frame = 0
 381              		@ frame_needed = 0, uses_anonymous_args = 0
 159:C:/Users/²Ü¼ÒºÀ/.iotlink/sdk/IoT_LINK/iot_link/network/lwm2m/lwm2m_al\lwm2m_al.c ****     int ret = (int)LWM2M_ERR;
 382              		.loc 1 159 5 view .LVU91
 160:C:/Users/²Ü¼ÒºÀ/.iotlink/sdk/IoT_LINK/iot_link/network/lwm2m/lwm2m_al\lwm2m_al.c **** 
 161:C:/Users/²Ü¼ÒºÀ/.iotlink/sdk/IoT_LINK/iot_link/network/lwm2m/lwm2m_al\lwm2m_al.c ****     if ((NULL != op) && (NULL == s_lwm2m_al_op_cb.ops))
 383              		.loc 1 161 5 view .LVU92
 158:C:/Users/²Ü¼ÒºÀ/.iotlink/sdk/IoT_LINK/iot_link/network/lwm2m/lwm2m_al\lwm2m_al.c ****     int ret = (int)LWM2M_ERR;
 384              		.loc 1 158 1 is_stmt 0 view .LVU93
 385 0000 F0B5     		push	{r4, r5, r6, r7, lr}
 386              	.LCFI4:
 387              		.cfi_def_cfa_offset 20
 388              		.cfi_offset 4, -20
 389              		.cfi_offset 5, -16
 390              		.cfi_offset 6, -12
 391              		.cfi_offset 7, -8
 392              		.cfi_offset 14, -4
 393              		.loc 1 161 8 view .LVU94
 394 0002 70B1     		cbz	r0, .L78
 395              		.loc 1 161 50 discriminator 1 view .LVU95
 396 0004 084F     		ldr	r7, .L79
 397              		.loc 1 161 22 discriminator 1 view .LVU96
 398 0006 3E68     		ldr	r6, [r7]
 399 0008 5EB9     		cbnz	r6, .L78
 162:C:/Users/²Ü¼ÒºÀ/.iotlink/sdk/IoT_LINK/iot_link/network/lwm2m/lwm2m_al\lwm2m_al.c ****     {
 163:C:/Users/²Ü¼ÒºÀ/.iotlink/sdk/IoT_LINK/iot_link/network/lwm2m/lwm2m_al\lwm2m_al.c ****         s_lwm2m_al_op_cb.mem  = *op;
 400              		.loc 1 163 9 is_stmt 1 view .LVU97
 401              		.loc 1 163 31 is_stmt 0 view .LVU98
 402 000a 0446     		mov	r4, r0
 403 000c 0FCC     		ldmia	r4!, {r0, r1, r2, r3}
 404              	.LVL24:
 405              		.loc 1 163 31 view .LVU99
 406 000e 3D1D     		adds	r5, r7, #4
 407 0010 0FC5     		stmia	r5!, {r0, r1, r2, r3}
 408 0012 94E80700 		ldm	r4, {r0, r1, r2}
 409 0016 85E80700 		stm	r5, {r0, r1, r2}
 164:C:/Users/²Ü¼ÒºÀ/.iotlink/sdk/IoT_LINK/iot_link/network/lwm2m/lwm2m_al\lwm2m_al.c ****         s_lwm2m_al_op_cb.ops = &s_lwm2m_al_op_cb.mem;
 410              		.loc 1 164 9 is_stmt 1 view .LVU100
 411              		.loc 1 164 30 is_stmt 0 view .LVU101
 412 001a 103D     		subs	r5, r5, #16
 413 001c 3D60     		str	r5, [r7]
 165:C:/Users/²Ü¼ÒºÀ/.iotlink/sdk/IoT_LINK/iot_link/network/lwm2m/lwm2m_al\lwm2m_al.c ****         ret = 0;
 414              		.loc 1 165 9 is_stmt 1 view .LVU102
 415              	.LVL25:
 416              		.loc 1 165 13 is_stmt 0 view .LVU103
 417 001e 3046     		mov	r0, r6
ARM GAS  C:\Users\²Ü¼ÒºÀ\AppData\Local\Temp\ccDCPkAI.s 			page 11


 418              	.LVL26:
 419              	.L75:
 166:C:/Users/²Ü¼ÒºÀ/.iotlink/sdk/IoT_LINK/iot_link/network/lwm2m/lwm2m_al\lwm2m_al.c ****     }
 167:C:/Users/²Ü¼ÒºÀ/.iotlink/sdk/IoT_LINK/iot_link/network/lwm2m/lwm2m_al\lwm2m_al.c **** 
 168:C:/Users/²Ü¼ÒºÀ/.iotlink/sdk/IoT_LINK/iot_link/network/lwm2m/lwm2m_al\lwm2m_al.c ****     return ret;
 169:C:/Users/²Ü¼ÒºÀ/.iotlink/sdk/IoT_LINK/iot_link/network/lwm2m/lwm2m_al\lwm2m_al.c **** }
 420              		.loc 1 169 1 view .LVU104
 421 0020 F0BD     		pop	{r4, r5, r6, r7, pc}
 422              	.LVL27:
 423              	.L78:
 159:C:/Users/²Ü¼ÒºÀ/.iotlink/sdk/IoT_LINK/iot_link/network/lwm2m/lwm2m_al\lwm2m_al.c **** 
 424              		.loc 1 159 9 view .LVU105
 425 0022 6FF00800 		mvn	r0, #8
 426              	.LVL28:
 168:C:/Users/²Ü¼ÒºÀ/.iotlink/sdk/IoT_LINK/iot_link/network/lwm2m/lwm2m_al\lwm2m_al.c **** }
 427              		.loc 1 168 5 is_stmt 1 view .LVU106
 168:C:/Users/²Ü¼ÒºÀ/.iotlink/sdk/IoT_LINK/iot_link/network/lwm2m/lwm2m_al\lwm2m_al.c **** }
 428              		.loc 1 168 12 is_stmt 0 view .LVU107
 429 0026 FBE7     		b	.L75
 430              	.L80:
 431              		.align	2
 432              	.L79:
 433 0028 00000000 		.word	.LANCHOR0
 434              		.cfi_endproc
 435              	.LFE10:
 437              		.section	.text.lwm2m_al_uninstall,"ax",%progbits
 438              		.align	1
 439              		.global	lwm2m_al_uninstall
 440              		.syntax unified
 441              		.thumb
 442              		.thumb_func
 443              		.fpu fpv4-sp-d16
 445              	lwm2m_al_uninstall:
 446              	.LFB11:
 170:C:/Users/²Ü¼ÒºÀ/.iotlink/sdk/IoT_LINK/iot_link/network/lwm2m/lwm2m_al\lwm2m_al.c **** 
 171:C:/Users/²Ü¼ÒºÀ/.iotlink/sdk/IoT_LINK/iot_link/network/lwm2m/lwm2m_al\lwm2m_al.c **** int lwm2m_al_uninstall(void)
 172:C:/Users/²Ü¼ÒºÀ/.iotlink/sdk/IoT_LINK/iot_link/network/lwm2m/lwm2m_al\lwm2m_al.c **** {
 447              		.loc 1 172 1 is_stmt 1 view -0
 448              		.cfi_startproc
 449              		@ args = 0, pretend = 0, frame = 0
 450              		@ frame_needed = 0, uses_anonymous_args = 0
 451              		@ link register save eliminated.
 173:C:/Users/²Ü¼ÒºÀ/.iotlink/sdk/IoT_LINK/iot_link/network/lwm2m/lwm2m_al\lwm2m_al.c ****     int ret = (int)LWM2M_ERR;
 452              		.loc 1 173 5 view .LVU109
 453              	.LVL29:
 174:C:/Users/²Ü¼ÒºÀ/.iotlink/sdk/IoT_LINK/iot_link/network/lwm2m/lwm2m_al\lwm2m_al.c **** 
 175:C:/Users/²Ü¼ÒºÀ/.iotlink/sdk/IoT_LINK/iot_link/network/lwm2m/lwm2m_al\lwm2m_al.c ****     if (NULL != s_lwm2m_al_op_cb.ops)
 454              		.loc 1 175 5 view .LVU110
 455              		.loc 1 175 33 is_stmt 0 view .LVU111
 456 0000 044B     		ldr	r3, .L84
 457              		.loc 1 175 8 view .LVU112
 458 0002 1A68     		ldr	r2, [r3]
 459 0004 12B1     		cbz	r2, .L83
 176:C:/Users/²Ü¼ÒºÀ/.iotlink/sdk/IoT_LINK/iot_link/network/lwm2m/lwm2m_al\lwm2m_al.c ****     {
 177:C:/Users/²Ü¼ÒºÀ/.iotlink/sdk/IoT_LINK/iot_link/network/lwm2m/lwm2m_al\lwm2m_al.c ****         s_lwm2m_al_op_cb.ops = NULL;
 460              		.loc 1 177 9 is_stmt 1 view .LVU113
 461              		.loc 1 177 30 is_stmt 0 view .LVU114
ARM GAS  C:\Users\²Ü¼ÒºÀ\AppData\Local\Temp\ccDCPkAI.s 			page 12


 462 0006 0020     		movs	r0, #0
 463 0008 1860     		str	r0, [r3]
 178:C:/Users/²Ü¼ÒºÀ/.iotlink/sdk/IoT_LINK/iot_link/network/lwm2m/lwm2m_al\lwm2m_al.c ****         ret = 0;
 464              		.loc 1 178 9 is_stmt 1 view .LVU115
 465              	.LVL30:
 466              		.loc 1 178 9 is_stmt 0 view .LVU116
 467 000a 7047     		bx	lr
 468              	.LVL31:
 469              	.L83:
 173:C:/Users/²Ü¼ÒºÀ/.iotlink/sdk/IoT_LINK/iot_link/network/lwm2m/lwm2m_al\lwm2m_al.c **** 
 470              		.loc 1 173 9 view .LVU117
 471 000c 6FF00800 		mvn	r0, #8
 179:C:/Users/²Ü¼ÒºÀ/.iotlink/sdk/IoT_LINK/iot_link/network/lwm2m/lwm2m_al\lwm2m_al.c ****     }
 180:C:/Users/²Ü¼ÒºÀ/.iotlink/sdk/IoT_LINK/iot_link/network/lwm2m/lwm2m_al\lwm2m_al.c **** 
 181:C:/Users/²Ü¼ÒºÀ/.iotlink/sdk/IoT_LINK/iot_link/network/lwm2m/lwm2m_al\lwm2m_al.c ****     return ret;
 472              		.loc 1 181 5 is_stmt 1 view .LVU118
 182:C:/Users/²Ü¼ÒºÀ/.iotlink/sdk/IoT_LINK/iot_link/network/lwm2m/lwm2m_al\lwm2m_al.c **** }
 473              		.loc 1 182 1 is_stmt 0 view .LVU119
 474 0010 7047     		bx	lr
 475              	.L85:
 476 0012 00BF     		.align	2
 477              	.L84:
 478 0014 00000000 		.word	.LANCHOR0
 479              		.cfi_endproc
 480              	.LFE11:
 482              		.section	.rodata.lwm2m_imp_init.str1.1,"aMS",%progbits,1
 483              	.LC0:
 484 0000 5B25735D 		.ascii	"[%s][%u][%s] %s:###please implement lwm2m by yourse"
 484      5B25755D 
 484      5B25735D 
 484      2025733A 
 484      23232370 
 485 0033 6C662323 		.ascii	"lf####\012\015\015\012\000"
 485      23230A0D 
 485      0D0A00
 486              		.section	.text.lwm2m_imp_init,"ax",%progbits
 487              		.align	1
 488              		.weak	lwm2m_imp_init
 489              		.syntax unified
 490              		.thumb
 491              		.thumb_func
 492              		.fpu fpv4-sp-d16
 494              	lwm2m_imp_init:
 495              	.LFB12:
 183:C:/Users/²Ü¼ÒºÀ/.iotlink/sdk/IoT_LINK/iot_link/network/lwm2m/lwm2m_al\lwm2m_al.c **** 
 184:C:/Users/²Ü¼ÒºÀ/.iotlink/sdk/IoT_LINK/iot_link/network/lwm2m/lwm2m_al\lwm2m_al.c **** __attribute__((weak))  int lwm2m_imp_init(void)
 185:C:/Users/²Ü¼ÒºÀ/.iotlink/sdk/IoT_LINK/iot_link/network/lwm2m/lwm2m_al\lwm2m_al.c **** {
 496              		.loc 1 185 1 is_stmt 1 view -0
 497              		.cfi_startproc
 498              		@ args = 0, pretend = 0, frame = 0
 499              		@ frame_needed = 0, uses_anonymous_args = 0
 186:C:/Users/²Ü¼ÒºÀ/.iotlink/sdk/IoT_LINK/iot_link/network/lwm2m/lwm2m_al\lwm2m_al.c ****     LINK_LOG_DEBUG("%s:###please implement lwm2m by yourself####\n\r",__FUNCTION__);
 500              		.loc 1 186 5 view .LVU121
 501              		.loc 1 186 5 view .LVU122
 185:C:/Users/²Ü¼ÒºÀ/.iotlink/sdk/IoT_LINK/iot_link/network/lwm2m/lwm2m_al\lwm2m_al.c ****     LINK_LOG_DEBUG("%s:###please implement lwm2m by yourself####\n\r",__FUNCTION__);
 502              		.loc 1 185 1 is_stmt 0 view .LVU123
 503 0000 13B5     		push	{r0, r1, r4, lr}
ARM GAS  C:\Users\²Ü¼ÒºÀ\AppData\Local\Temp\ccDCPkAI.s 			page 13


 504              	.LCFI5:
 505              		.cfi_def_cfa_offset 16
 506              		.cfi_offset 4, -8
 507              		.cfi_offset 14, -4
 508              		.loc 1 186 5 view .LVU124
 509 0002 FFF7FEFF 		bl	link_log_level_get
 510              	.LVL32:
 511 0006 0128     		cmp	r0, #1
 512 0008 11D8     		bhi	.L87
 513              	.LBB4:
 514              	.LBI4:
 184:C:/Users/²Ü¼ÒºÀ/.iotlink/sdk/IoT_LINK/iot_link/network/lwm2m/lwm2m_al\lwm2m_al.c **** {
 515              		.loc 1 184 28 is_stmt 1 view .LVU125
 516              	.LBB5:
 517              		.loc 1 186 5 view .LVU126
 518              		.loc 1 186 5 view .LVU127
 519              		.loc 1 186 5 view .LVU128
 520 000a 0120     		movs	r0, #1
 521 000c FFF7FEFF 		bl	link_log_level_name
 522              	.LVL33:
 523 0010 0446     		mov	r4, r0
 524 0012 FFF7FEFF 		bl	osal_sys_time
 525              	.LVL34:
 526 0016 084B     		ldr	r3, .L88
 527 0018 0093     		str	r3, [sp]
 528 001a 0246     		mov	r2, r0
 529 001c 2146     		mov	r1, r4
 530 001e 0748     		ldr	r0, .L88+4
 531 0020 FFF7FEFF 		bl	printf
 532              	.LVL35:
 533              		.loc 1 186 5 view .LVU129
 534 0024 064B     		ldr	r3, .L88+8
 535 0026 1B68     		ldr	r3, [r3]
 536 0028 9868     		ldr	r0, [r3, #8]
 537 002a FFF7FEFF 		bl	fflush
 538              	.LVL36:
 539              	.L87:
 540              	.LBE5:
 541              	.LBE4:
 542              		.loc 1 186 5 discriminator 3 view .LVU130
 543              		.loc 1 186 5 discriminator 3 view .LVU131
 544              		.loc 1 186 5 discriminator 3 view .LVU132
 187:C:/Users/²Ü¼ÒºÀ/.iotlink/sdk/IoT_LINK/iot_link/network/lwm2m/lwm2m_al\lwm2m_al.c ****     return -1;
 545              		.loc 1 187 5 discriminator 3 view .LVU133
 188:C:/Users/²Ü¼ÒºÀ/.iotlink/sdk/IoT_LINK/iot_link/network/lwm2m/lwm2m_al\lwm2m_al.c **** }
 546              		.loc 1 188 1 is_stmt 0 discriminator 3 view .LVU134
 547 002e 4FF0FF30 		mov	r0, #-1
 548 0032 02B0     		add	sp, sp, #8
 549              	.LCFI6:
 550              		.cfi_def_cfa_offset 8
 551              		@ sp needed
 552 0034 10BD     		pop	{r4, pc}
 553              	.L89:
 554 0036 00BF     		.align	2
 555              	.L88:
 556 0038 00000000 		.word	.LANCHOR1
 557 003c 00000000 		.word	.LC0
ARM GAS  C:\Users\²Ü¼ÒºÀ\AppData\Local\Temp\ccDCPkAI.s 			page 14


 558 0040 00000000 		.word	_impure_ptr
 559              		.cfi_endproc
 560              	.LFE12:
 562              		.section	.rodata.lwm2m_al_init.str1.1,"aMS",%progbits,1
 563              	.LC1:
 564 0000 5B25735D 		.ascii	"[%s][%u][%s] IOT_LINK:DO LWM2M LOAD-IMPLEMENT RET:%"
 564      5B25755D 
 564      5B25735D 
 564      20494F54 
 564      5F4C494E 
 565 0033 640A0D0D 		.ascii	"d\012\015\015\012\000"
 565      0A00
 566              		.section	.text.lwm2m_al_init,"ax",%progbits
 567              		.align	1
 568              		.global	lwm2m_al_init
 569              		.syntax unified
 570              		.thumb
 571              		.thumb_func
 572              		.fpu fpv4-sp-d16
 574              	lwm2m_al_init:
 575              	.LFB13:
 189:C:/Users/²Ü¼ÒºÀ/.iotlink/sdk/IoT_LINK/iot_link/network/lwm2m/lwm2m_al\lwm2m_al.c **** 
 190:C:/Users/²Ü¼ÒºÀ/.iotlink/sdk/IoT_LINK/iot_link/network/lwm2m/lwm2m_al\lwm2m_al.c **** int lwm2m_al_init(void)
 191:C:/Users/²Ü¼ÒºÀ/.iotlink/sdk/IoT_LINK/iot_link/network/lwm2m/lwm2m_al\lwm2m_al.c **** {
 576              		.loc 1 191 1 is_stmt 1 view -0
 577              		.cfi_startproc
 578              		@ args = 0, pretend = 0, frame = 0
 579              		@ frame_needed = 0, uses_anonymous_args = 0
 192:C:/Users/²Ü¼ÒºÀ/.iotlink/sdk/IoT_LINK/iot_link/network/lwm2m/lwm2m_al\lwm2m_al.c **** 
 193:C:/Users/²Ü¼ÒºÀ/.iotlink/sdk/IoT_LINK/iot_link/network/lwm2m/lwm2m_al\lwm2m_al.c ****     int ret;
 580              		.loc 1 193 5 view .LVU136
 194:C:/Users/²Ü¼ÒºÀ/.iotlink/sdk/IoT_LINK/iot_link/network/lwm2m/lwm2m_al\lwm2m_al.c **** 
 195:C:/Users/²Ü¼ÒºÀ/.iotlink/sdk/IoT_LINK/iot_link/network/lwm2m/lwm2m_al\lwm2m_al.c ****     ret = lwm2m_imp_init();
 581              		.loc 1 195 5 view .LVU137
 191:C:/Users/²Ü¼ÒºÀ/.iotlink/sdk/IoT_LINK/iot_link/network/lwm2m/lwm2m_al\lwm2m_al.c **** 
 582              		.loc 1 191 1 is_stmt 0 view .LVU138
 583 0000 37B5     		push	{r0, r1, r2, r4, r5, lr}
 584              	.LCFI7:
 585              		.cfi_def_cfa_offset 24
 586              		.cfi_offset 4, -12
 587              		.cfi_offset 5, -8
 588              		.cfi_offset 14, -4
 589              		.loc 1 195 11 view .LVU139
 590 0002 FFF7FEFF 		bl	lwm2m_imp_init
 591              	.LVL37:
 592 0006 0446     		mov	r4, r0
 593              	.LVL38:
 196:C:/Users/²Ü¼ÒºÀ/.iotlink/sdk/IoT_LINK/iot_link/network/lwm2m/lwm2m_al\lwm2m_al.c **** 
 197:C:/Users/²Ü¼ÒºÀ/.iotlink/sdk/IoT_LINK/iot_link/network/lwm2m/lwm2m_al\lwm2m_al.c ****     LINK_LOG_DEBUG("IOT_LINK:DO LWM2M LOAD-IMPLEMENT RET:%d\n\r",ret);
 594              		.loc 1 197 5 is_stmt 1 view .LVU140
 595              		.loc 1 197 5 view .LVU141
 596 0008 FFF7FEFF 		bl	link_log_level_get
 597              	.LVL39:
 598              		.loc 1 197 5 is_stmt 0 view .LVU142
 599 000c 0128     		cmp	r0, #1
 600 000e 11D8     		bhi	.L90
 601              		.loc 1 197 5 is_stmt 1 discriminator 1 view .LVU143
ARM GAS  C:\Users\²Ü¼ÒºÀ\AppData\Local\Temp\ccDCPkAI.s 			page 15


 602              		.loc 1 197 5 discriminator 1 view .LVU144
 603              		.loc 1 197 5 discriminator 1 view .LVU145
 604 0010 0120     		movs	r0, #1
 605 0012 FFF7FEFF 		bl	link_log_level_name
 606              	.LVL40:
 607 0016 0546     		mov	r5, r0
 608 0018 FFF7FEFF 		bl	osal_sys_time
 609              	.LVL41:
 610 001c 074B     		ldr	r3, .L92
 611 001e 0094     		str	r4, [sp]
 612 0020 0246     		mov	r2, r0
 613 0022 2946     		mov	r1, r5
 614 0024 0648     		ldr	r0, .L92+4
 615 0026 FFF7FEFF 		bl	printf
 616              	.LVL42:
 617              		.loc 1 197 5 discriminator 1 view .LVU146
 618 002a 064B     		ldr	r3, .L92+8
 619 002c 1B68     		ldr	r3, [r3]
 620 002e 9868     		ldr	r0, [r3, #8]
 621 0030 FFF7FEFF 		bl	fflush
 622              	.LVL43:
 623              		.loc 1 197 5 discriminator 1 view .LVU147
 624              		.loc 1 197 5 discriminator 1 view .LVU148
 625              		.loc 1 197 5 discriminator 1 view .LVU149
 198:C:/Users/²Ü¼ÒºÀ/.iotlink/sdk/IoT_LINK/iot_link/network/lwm2m/lwm2m_al\lwm2m_al.c **** 
 199:C:/Users/²Ü¼ÒºÀ/.iotlink/sdk/IoT_LINK/iot_link/network/lwm2m/lwm2m_al\lwm2m_al.c **** 
 200:C:/Users/²Ü¼ÒºÀ/.iotlink/sdk/IoT_LINK/iot_link/network/lwm2m/lwm2m_al\lwm2m_al.c ****     return ret;
 626              		.loc 1 200 5 discriminator 1 view .LVU150
 627              	.L90:
 201:C:/Users/²Ü¼ÒºÀ/.iotlink/sdk/IoT_LINK/iot_link/network/lwm2m/lwm2m_al\lwm2m_al.c **** }
 628              		.loc 1 201 1 is_stmt 0 view .LVU151
 629 0034 2046     		mov	r0, r4
 630 0036 03B0     		add	sp, sp, #12
 631              	.LCFI8:
 632              		.cfi_def_cfa_offset 12
 633              		@ sp needed
 634 0038 30BD     		pop	{r4, r5, pc}
 635              	.LVL44:
 636              	.L93:
 637              		.loc 1 201 1 view .LVU152
 638 003a 00BF     		.align	2
 639              	.L92:
 640 003c 00000000 		.word	.LANCHOR2
 641 0040 00000000 		.word	.LC1
 642 0044 00000000 		.word	_impure_ptr
 643              		.cfi_endproc
 644              	.LFE13:
 646              		.section	.bss.s_lwm2m_al_op_cb,"aw",%nobits
 647              		.align	2
 648              		.set	.LANCHOR0,. + 0
 651              	s_lwm2m_al_op_cb:
 652 0000 00000000 		.space	32
 652      00000000 
 652      00000000 
 652      00000000 
 652      00000000 
 653              		.section	.rodata.__FUNCTION__.6757,"a"
ARM GAS  C:\Users\²Ü¼ÒºÀ\AppData\Local\Temp\ccDCPkAI.s 			page 16


 654              		.set	.LANCHOR1,. + 0
 657              	__FUNCTION__.6757:
 658 0000 6C776D32 		.ascii	"lwm2m_imp_init\000"
 658      6D5F696D 
 658      705F696E 
 658      697400
 659              		.section	.rodata.__FUNCTION__.6762,"a"
 660              		.set	.LANCHOR2,. + 0
 663              	__FUNCTION__.6762:
 664 0000 6C776D32 		.ascii	"lwm2m_al_init\000"
 664      6D5F616C 
 664      5F696E69 
 664      7400
 665              		.text
 666              	.Letext0:
 667              		.file 2 "c:\\users\\\262\334\274\322\272\300\\.iotlink\\tools\\gcc-arm-none-eabi\\arm-none-eabi\\i
 668              		.file 3 "c:\\users\\\262\334\274\322\272\300\\.iotlink\\tools\\gcc-arm-none-eabi\\arm-none-eabi\\i
 669              		.file 4 "c:\\users\\\262\334\274\322\272\300\\.iotlink\\tools\\gcc-arm-none-eabi\\lib\\gcc\\arm-no
 670              		.file 5 "c:\\users\\\262\334\274\322\272\300\\.iotlink\\tools\\gcc-arm-none-eabi\\arm-none-eabi\\i
 671              		.file 6 "C:/Users/\262\334\274\322\272\300/.iotlink/sdk/IoT_LINK/iot_link/inc/link_log.h"
 672              		.file 7 "C:/Users/\262\334\274\322\272\300/.iotlink/sdk/IoT_LINK/iot_link/network/lwm2m/lwm2m_al/l
 673              		.file 8 "c:\\users\\\262\334\274\322\272\300\\.iotlink\\tools\\gcc-arm-none-eabi\\arm-none-eabi\\i
ARM GAS  C:\Users\²Ü¼ÒºÀ\AppData\Local\Temp\ccDCPkAI.s 			page 17


DEFINED SYMBOLS
                            *ABS*:00000000 lwm2m_al.c
C:\Users\²Ü¼ÒºÀ\AppData\Local\Temp\ccDCPkAI.s:18     .text.lwm2m_al_config:00000000 $t
C:\Users\²Ü¼ÒºÀ\AppData\Local\Temp\ccDCPkAI.s:26     .text.lwm2m_al_config:00000000 lwm2m_al_config
C:\Users\²Ü¼ÒºÀ\AppData\Local\Temp\ccDCPkAI.s:63     .text.lwm2m_al_config:00000018 $d
C:\Users\²Ü¼ÒºÀ\AppData\Local\Temp\ccDCPkAI.s:68     .text.lwm2m_al_deconfig:00000000 $t
C:\Users\²Ü¼ÒºÀ\AppData\Local\Temp\ccDCPkAI.s:75     .text.lwm2m_al_deconfig:00000000 lwm2m_al_deconfig
C:\Users\²Ü¼ÒºÀ\AppData\Local\Temp\ccDCPkAI.s:109    .text.lwm2m_al_deconfig:00000014 $d
C:\Users\²Ü¼ÒºÀ\AppData\Local\Temp\ccDCPkAI.s:114    .text.lwm2m_al_add_object:00000000 $t
C:\Users\²Ü¼ÒºÀ\AppData\Local\Temp\ccDCPkAI.s:121    .text.lwm2m_al_add_object:00000000 lwm2m_al_add_object
C:\Users\²Ü¼ÒºÀ\AppData\Local\Temp\ccDCPkAI.s:177    .text.lwm2m_al_add_object:00000020 $d
C:\Users\²Ü¼ÒºÀ\AppData\Local\Temp\ccDCPkAI.s:182    .text.lwm2m_al_delete_object:00000000 $t
C:\Users\²Ü¼ÒºÀ\AppData\Local\Temp\ccDCPkAI.s:189    .text.lwm2m_al_delete_object:00000000 lwm2m_al_delete_object
C:\Users\²Ü¼ÒºÀ\AppData\Local\Temp\ccDCPkAI.s:223    .text.lwm2m_al_delete_object:00000014 $d
C:\Users\²Ü¼ÒºÀ\AppData\Local\Temp\ccDCPkAI.s:228    .text.lwm2m_al_connect:00000000 $t
C:\Users\²Ü¼ÒºÀ\AppData\Local\Temp\ccDCPkAI.s:235    .text.lwm2m_al_connect:00000000 lwm2m_al_connect
C:\Users\²Ü¼ÒºÀ\AppData\Local\Temp\ccDCPkAI.s:269    .text.lwm2m_al_connect:00000014 $d
C:\Users\²Ü¼ÒºÀ\AppData\Local\Temp\ccDCPkAI.s:274    .text.lwm2m_al_disconnect:00000000 $t
C:\Users\²Ü¼ÒºÀ\AppData\Local\Temp\ccDCPkAI.s:281    .text.lwm2m_al_disconnect:00000000 lwm2m_al_disconnect
C:\Users\²Ü¼ÒºÀ\AppData\Local\Temp\ccDCPkAI.s:315    .text.lwm2m_al_disconnect:00000014 $d
C:\Users\²Ü¼ÒºÀ\AppData\Local\Temp\ccDCPkAI.s:320    .text.lwm2m_al_send:00000000 $t
C:\Users\²Ü¼ÒºÀ\AppData\Local\Temp\ccDCPkAI.s:327    .text.lwm2m_al_send:00000000 lwm2m_al_send
C:\Users\²Ü¼ÒºÀ\AppData\Local\Temp\ccDCPkAI.s:363    .text.lwm2m_al_send:00000018 $d
C:\Users\²Ü¼ÒºÀ\AppData\Local\Temp\ccDCPkAI.s:368    .text.lwm2m_al_install:00000000 $t
C:\Users\²Ü¼ÒºÀ\AppData\Local\Temp\ccDCPkAI.s:375    .text.lwm2m_al_install:00000000 lwm2m_al_install
C:\Users\²Ü¼ÒºÀ\AppData\Local\Temp\ccDCPkAI.s:433    .text.lwm2m_al_install:00000028 $d
C:\Users\²Ü¼ÒºÀ\AppData\Local\Temp\ccDCPkAI.s:438    .text.lwm2m_al_uninstall:00000000 $t
C:\Users\²Ü¼ÒºÀ\AppData\Local\Temp\ccDCPkAI.s:445    .text.lwm2m_al_uninstall:00000000 lwm2m_al_uninstall
C:\Users\²Ü¼ÒºÀ\AppData\Local\Temp\ccDCPkAI.s:478    .text.lwm2m_al_uninstall:00000014 $d
C:\Users\²Ü¼ÒºÀ\AppData\Local\Temp\ccDCPkAI.s:487    .text.lwm2m_imp_init:00000000 $t
C:\Users\²Ü¼ÒºÀ\AppData\Local\Temp\ccDCPkAI.s:494    .text.lwm2m_imp_init:00000000 lwm2m_imp_init
C:\Users\²Ü¼ÒºÀ\AppData\Local\Temp\ccDCPkAI.s:556    .text.lwm2m_imp_init:00000038 $d
C:\Users\²Ü¼ÒºÀ\AppData\Local\Temp\ccDCPkAI.s:567    .text.lwm2m_al_init:00000000 $t
C:\Users\²Ü¼ÒºÀ\AppData\Local\Temp\ccDCPkAI.s:574    .text.lwm2m_al_init:00000000 lwm2m_al_init
C:\Users\²Ü¼ÒºÀ\AppData\Local\Temp\ccDCPkAI.s:640    .text.lwm2m_al_init:0000003c $d
C:\Users\²Ü¼ÒºÀ\AppData\Local\Temp\ccDCPkAI.s:647    .bss.s_lwm2m_al_op_cb:00000000 $d
C:\Users\²Ü¼ÒºÀ\AppData\Local\Temp\ccDCPkAI.s:651    .bss.s_lwm2m_al_op_cb:00000000 s_lwm2m_al_op_cb
C:\Users\²Ü¼ÒºÀ\AppData\Local\Temp\ccDCPkAI.s:657    .rodata.__FUNCTION__.6757:00000000 __FUNCTION__.6757
C:\Users\²Ü¼ÒºÀ\AppData\Local\Temp\ccDCPkAI.s:663    .rodata.__FUNCTION__.6762:00000000 __FUNCTION__.6762

UNDEFINED SYMBOLS
link_log_level_get
link_log_level_name
osal_sys_time
printf
fflush
_impure_ptr
