ARM GAS  C:\Users\²Ü¼ÒºÀ\AppData\Local\Temp\cc8NNnkT.s 			page 1


   1              		.cpu cortex-m4
   2              		.eabi_attribute 27, 1
   3              		.eabi_attribute 28, 1
   4              		.eabi_attribute 20, 1
   5              		.eabi_attribute 21, 1
   6              		.eabi_attribute 23, 3
   7              		.eabi_attribute 24, 1
   8              		.eabi_attribute 25, 1
   9              		.eabi_attribute 26, 1
  10              		.eabi_attribute 30, 4
  11              		.eabi_attribute 34, 1
  12              		.eabi_attribute 18, 4
  13              		.file	"los_tick.c"
  14              		.text
  15              	.Ltext0:
  16              		.cfi_sections	.debug_frame
  17              		.section	.text.osTickHandler,"ax",%progbits
  18              		.align	1
  19              		.global	osTickHandler
  20              		.arch armv7e-m
  21              		.syntax unified
  22              		.thumb
  23              		.thumb_func
  24              		.fpu fpv4-sp-d16
  26              	osTickHandler:
  27              	.LFB287:
  28              		.file 1 "C:/Users/\262\334\274\322\272\300/.iotlink/sdk/IoT_LINK/iot_link/os/liteos/base/core/los_
   1:C:/Users/²Ü¼ÒºÀ/.iotlink/sdk/IoT_LINK/iot_link/os/liteos/base/core\los_tick.c **** /*----------------------------------------------------------------------------
   2:C:/Users/²Ü¼ÒºÀ/.iotlink/sdk/IoT_LINK/iot_link/os/liteos/base/core\los_tick.c ****  * Copyright (c) <2013-2015>, <Huawei Technologies Co., Ltd>
   3:C:/Users/²Ü¼ÒºÀ/.iotlink/sdk/IoT_LINK/iot_link/os/liteos/base/core\los_tick.c ****  * All rights reserved.
   4:C:/Users/²Ü¼ÒºÀ/.iotlink/sdk/IoT_LINK/iot_link/os/liteos/base/core\los_tick.c ****  * Redistribution and use in source and binary forms, with or without modification,
   5:C:/Users/²Ü¼ÒºÀ/.iotlink/sdk/IoT_LINK/iot_link/os/liteos/base/core\los_tick.c ****  * are permitted provided that the following conditions are met:
   6:C:/Users/²Ü¼ÒºÀ/.iotlink/sdk/IoT_LINK/iot_link/os/liteos/base/core\los_tick.c ****  * 1. Redistributions of source code must retain the above copyright notice, this list of
   7:C:/Users/²Ü¼ÒºÀ/.iotlink/sdk/IoT_LINK/iot_link/os/liteos/base/core\los_tick.c ****  * conditions and the following disclaimer.
   8:C:/Users/²Ü¼ÒºÀ/.iotlink/sdk/IoT_LINK/iot_link/os/liteos/base/core\los_tick.c ****  * 2. Redistributions in binary form must reproduce the above copyright notice, this list
   9:C:/Users/²Ü¼ÒºÀ/.iotlink/sdk/IoT_LINK/iot_link/os/liteos/base/core\los_tick.c ****  * of conditions and the following disclaimer in the documentation and/or other materials
  10:C:/Users/²Ü¼ÒºÀ/.iotlink/sdk/IoT_LINK/iot_link/os/liteos/base/core\los_tick.c ****  * provided with the distribution.
  11:C:/Users/²Ü¼ÒºÀ/.iotlink/sdk/IoT_LINK/iot_link/os/liteos/base/core\los_tick.c ****  * 3. Neither the name of the copyright holder nor the names of its contributors may be used
  12:C:/Users/²Ü¼ÒºÀ/.iotlink/sdk/IoT_LINK/iot_link/os/liteos/base/core\los_tick.c ****  * to endorse or promote products derived from this software without specific prior written
  13:C:/Users/²Ü¼ÒºÀ/.iotlink/sdk/IoT_LINK/iot_link/os/liteos/base/core\los_tick.c ****  * permission.
  14:C:/Users/²Ü¼ÒºÀ/.iotlink/sdk/IoT_LINK/iot_link/os/liteos/base/core\los_tick.c ****  * THIS SOFTWARE IS PROVIDED BY THE COPYRIGHT HOLDERS AND CONTRIBUTORS
  15:C:/Users/²Ü¼ÒºÀ/.iotlink/sdk/IoT_LINK/iot_link/os/liteos/base/core\los_tick.c ****  * "AS IS" AND ANY EXPRESS OR IMPLIED WARRANTIES, INCLUDING, BUT NOT LIMITED TO,
  16:C:/Users/²Ü¼ÒºÀ/.iotlink/sdk/IoT_LINK/iot_link/os/liteos/base/core\los_tick.c ****  * THE IMPLIED WARRANTIES OF MERCHANTABILITY AND FITNESS FOR A PARTICULAR
  17:C:/Users/²Ü¼ÒºÀ/.iotlink/sdk/IoT_LINK/iot_link/os/liteos/base/core\los_tick.c ****  * PURPOSE ARE DISCLAIMED. IN NO EVENT SHALL THE COPYRIGHT HOLDER OR
  18:C:/Users/²Ü¼ÒºÀ/.iotlink/sdk/IoT_LINK/iot_link/os/liteos/base/core\los_tick.c ****  * CONTRIBUTORS BE LIABLE FOR ANY DIRECT, INDIRECT, INCIDENTAL, SPECIAL,
  19:C:/Users/²Ü¼ÒºÀ/.iotlink/sdk/IoT_LINK/iot_link/os/liteos/base/core\los_tick.c ****  * EXEMPLARY, OR CONSEQUENTIAL DAMAGES (INCLUDING, BUT NOT LIMITED TO,
  20:C:/Users/²Ü¼ÒºÀ/.iotlink/sdk/IoT_LINK/iot_link/os/liteos/base/core\los_tick.c ****  * PROCUREMENT OF SUBSTITUTE GOODS OR SERVICES; LOSS OF USE, DATA, OR PROFITS;
  21:C:/Users/²Ü¼ÒºÀ/.iotlink/sdk/IoT_LINK/iot_link/os/liteos/base/core\los_tick.c ****  * OR BUSINESS INTERRUPTION) HOWEVER CAUSED AND ON ANY THEORY OF LIABILITY,
  22:C:/Users/²Ü¼ÒºÀ/.iotlink/sdk/IoT_LINK/iot_link/os/liteos/base/core\los_tick.c ****  * WHETHER IN CONTRACT, STRICT LIABILITY, OR TORT (INCLUDING NEGLIGENCE OR
  23:C:/Users/²Ü¼ÒºÀ/.iotlink/sdk/IoT_LINK/iot_link/os/liteos/base/core\los_tick.c ****  * OTHERWISE) ARISING IN ANY WAY OUT OF THE USE OF THIS SOFTWARE, EVEN IF
  24:C:/Users/²Ü¼ÒºÀ/.iotlink/sdk/IoT_LINK/iot_link/os/liteos/base/core\los_tick.c ****  * ADVISED OF THE POSSIBILITY OF SUCH DAMAGE.
  25:C:/Users/²Ü¼ÒºÀ/.iotlink/sdk/IoT_LINK/iot_link/os/liteos/base/core\los_tick.c ****  *---------------------------------------------------------------------------*/
  26:C:/Users/²Ü¼ÒºÀ/.iotlink/sdk/IoT_LINK/iot_link/os/liteos/base/core\los_tick.c **** /*----------------------------------------------------------------------------
  27:C:/Users/²Ü¼ÒºÀ/.iotlink/sdk/IoT_LINK/iot_link/os/liteos/base/core\los_tick.c ****  * Notice of Export Control Law
  28:C:/Users/²Ü¼ÒºÀ/.iotlink/sdk/IoT_LINK/iot_link/os/liteos/base/core\los_tick.c ****  * ===============================================
  29:C:/Users/²Ü¼ÒºÀ/.iotlink/sdk/IoT_LINK/iot_link/os/liteos/base/core\los_tick.c ****  * Huawei LiteOS may be subject to applicable export control laws and regulations, which might
  30:C:/Users/²Ü¼ÒºÀ/.iotlink/sdk/IoT_LINK/iot_link/os/liteos/base/core\los_tick.c ****  * include those applicable to Huawei LiteOS of U.S. and the country in which you are located.
ARM GAS  C:\Users\²Ü¼ÒºÀ\AppData\Local\Temp\cc8NNnkT.s 			page 2


  31:C:/Users/²Ü¼ÒºÀ/.iotlink/sdk/IoT_LINK/iot_link/os/liteos/base/core\los_tick.c ****  * Import, export and usage of Huawei LiteOS in any manner by you shall be in compliance with such
  32:C:/Users/²Ü¼ÒºÀ/.iotlink/sdk/IoT_LINK/iot_link/os/liteos/base/core\los_tick.c ****  * applicable export control laws and regulations.
  33:C:/Users/²Ü¼ÒºÀ/.iotlink/sdk/IoT_LINK/iot_link/os/liteos/base/core\los_tick.c ****  *---------------------------------------------------------------------------*/
  34:C:/Users/²Ü¼ÒºÀ/.iotlink/sdk/IoT_LINK/iot_link/os/liteos/base/core\los_tick.c **** 
  35:C:/Users/²Ü¼ÒºÀ/.iotlink/sdk/IoT_LINK/iot_link/os/liteos/base/core\los_tick.c **** #include "los_tick.inc"
  36:C:/Users/²Ü¼ÒºÀ/.iotlink/sdk/IoT_LINK/iot_link/os/liteos/base/core\los_tick.c **** #include "los_base.ph"
  37:C:/Users/²Ü¼ÒºÀ/.iotlink/sdk/IoT_LINK/iot_link/os/liteos/base/core\los_tick.c **** #include "los_swtmr.ph"
  38:C:/Users/²Ü¼ÒºÀ/.iotlink/sdk/IoT_LINK/iot_link/os/liteos/base/core\los_tick.c **** #include "los_task.ph"
  39:C:/Users/²Ü¼ÒºÀ/.iotlink/sdk/IoT_LINK/iot_link/os/liteos/base/core\los_tick.c **** #include "los_timeslice.ph"
  40:C:/Users/²Ü¼ÒºÀ/.iotlink/sdk/IoT_LINK/iot_link/os/liteos/base/core\los_tick.c **** #if (LOSCFG_KERNEL_TICKLESS == YES)
  41:C:/Users/²Ü¼ÒºÀ/.iotlink/sdk/IoT_LINK/iot_link/os/liteos/base/core\los_tick.c **** #include "los_tickless.ph"
  42:C:/Users/²Ü¼ÒºÀ/.iotlink/sdk/IoT_LINK/iot_link/os/liteos/base/core\los_tick.c **** #endif
  43:C:/Users/²Ü¼ÒºÀ/.iotlink/sdk/IoT_LINK/iot_link/os/liteos/base/core\los_tick.c **** 
  44:C:/Users/²Ü¼ÒºÀ/.iotlink/sdk/IoT_LINK/iot_link/os/liteos/base/core\los_tick.c **** #ifdef __cplusplus
  45:C:/Users/²Ü¼ÒºÀ/.iotlink/sdk/IoT_LINK/iot_link/os/liteos/base/core\los_tick.c **** #if __cplusplus
  46:C:/Users/²Ü¼ÒºÀ/.iotlink/sdk/IoT_LINK/iot_link/os/liteos/base/core\los_tick.c **** extern "C" {
  47:C:/Users/²Ü¼ÒºÀ/.iotlink/sdk/IoT_LINK/iot_link/os/liteos/base/core\los_tick.c **** #endif /* __cplusplus */
  48:C:/Users/²Ü¼ÒºÀ/.iotlink/sdk/IoT_LINK/iot_link/os/liteos/base/core\los_tick.c **** #endif /* __cplusplus */
  49:C:/Users/²Ü¼ÒºÀ/.iotlink/sdk/IoT_LINK/iot_link/os/liteos/base/core\los_tick.c **** 
  50:C:/Users/²Ü¼ÒºÀ/.iotlink/sdk/IoT_LINK/iot_link/os/liteos/base/core\los_tick.c **** 
  51:C:/Users/²Ü¼ÒºÀ/.iotlink/sdk/IoT_LINK/iot_link/os/liteos/base/core\los_tick.c **** LITE_OS_SEC_BSS UINT64      g_ullTickCount;
  52:C:/Users/²Ü¼ÒºÀ/.iotlink/sdk/IoT_LINK/iot_link/os/liteos/base/core\los_tick.c **** LITE_OS_SEC_BSS UINT32      g_uwTicksPerSec;
  53:C:/Users/²Ü¼ÒºÀ/.iotlink/sdk/IoT_LINK/iot_link/os/liteos/base/core\los_tick.c **** LITE_OS_SEC_BSS UINT32      g_uwCyclePerSec;
  54:C:/Users/²Ü¼ÒºÀ/.iotlink/sdk/IoT_LINK/iot_link/os/liteos/base/core\los_tick.c **** LITE_OS_SEC_BSS UINT32      g_uwCyclesPerTick;
  55:C:/Users/²Ü¼ÒºÀ/.iotlink/sdk/IoT_LINK/iot_link/os/liteos/base/core\los_tick.c **** LITE_OS_SEC_BSS UINT32      g_uwSysClock;
  56:C:/Users/²Ü¼ÒºÀ/.iotlink/sdk/IoT_LINK/iot_link/os/liteos/base/core\los_tick.c **** LITE_OS_SEC_DATA_INIT BOOL  g_bSysTickStart = FALSE;
  57:C:/Users/²Ü¼ÒºÀ/.iotlink/sdk/IoT_LINK/iot_link/os/liteos/base/core\los_tick.c **** 
  58:C:/Users/²Ü¼ÒºÀ/.iotlink/sdk/IoT_LINK/iot_link/os/liteos/base/core\los_tick.c **** #if (LOSCFG_KERNEL_TICKLESS == YES)
  59:C:/Users/²Ü¼ÒºÀ/.iotlink/sdk/IoT_LINK/iot_link/os/liteos/base/core\los_tick.c **** /*****************************************************************************
  60:C:/Users/²Ü¼ÒºÀ/.iotlink/sdk/IoT_LINK/iot_link/os/liteos/base/core\los_tick.c ****  Description : Tick interruption handler
  61:C:/Users/²Ü¼ÒºÀ/.iotlink/sdk/IoT_LINK/iot_link/os/liteos/base/core\los_tick.c ****  Input       : None
  62:C:/Users/²Ü¼ÒºÀ/.iotlink/sdk/IoT_LINK/iot_link/os/liteos/base/core\los_tick.c ****  Output      : None
  63:C:/Users/²Ü¼ÒºÀ/.iotlink/sdk/IoT_LINK/iot_link/os/liteos/base/core\los_tick.c ****  Return      : None
  64:C:/Users/²Ü¼ÒºÀ/.iotlink/sdk/IoT_LINK/iot_link/os/liteos/base/core\los_tick.c ****  *****************************************************************************/
  65:C:/Users/²Ü¼ÒºÀ/.iotlink/sdk/IoT_LINK/iot_link/os/liteos/base/core\los_tick.c **** LITE_OS_SEC_TEXT VOID osTickHandlerLoop(UINT32 uwElapseTicks)
  66:C:/Users/²Ü¼ÒºÀ/.iotlink/sdk/IoT_LINK/iot_link/os/liteos/base/core\los_tick.c **** {
  67:C:/Users/²Ü¼ÒºÀ/.iotlink/sdk/IoT_LINK/iot_link/os/liteos/base/core\los_tick.c ****     UINT32 uwIndex;
  68:C:/Users/²Ü¼ÒºÀ/.iotlink/sdk/IoT_LINK/iot_link/os/liteos/base/core\los_tick.c **** 
  69:C:/Users/²Ü¼ÒºÀ/.iotlink/sdk/IoT_LINK/iot_link/os/liteos/base/core\los_tick.c ****     for (uwIndex = 0; uwIndex < uwElapseTicks; uwIndex++)
  70:C:/Users/²Ü¼ÒºÀ/.iotlink/sdk/IoT_LINK/iot_link/os/liteos/base/core\los_tick.c ****     {
  71:C:/Users/²Ü¼ÒºÀ/.iotlink/sdk/IoT_LINK/iot_link/os/liteos/base/core\los_tick.c **** #if (LOSCFG_BASE_CORE_TICK_HW_TIME == YES)
  72:C:/Users/²Ü¼ÒºÀ/.iotlink/sdk/IoT_LINK/iot_link/os/liteos/base/core\los_tick.c ****         platform_tick_handler();
  73:C:/Users/²Ü¼ÒºÀ/.iotlink/sdk/IoT_LINK/iot_link/os/liteos/base/core\los_tick.c **** #endif
  74:C:/Users/²Ü¼ÒºÀ/.iotlink/sdk/IoT_LINK/iot_link/os/liteos/base/core\los_tick.c **** 
  75:C:/Users/²Ü¼ÒºÀ/.iotlink/sdk/IoT_LINK/iot_link/os/liteos/base/core\los_tick.c ****         g_ullTickCount ++;
  76:C:/Users/²Ü¼ÒºÀ/.iotlink/sdk/IoT_LINK/iot_link/os/liteos/base/core\los_tick.c **** 
  77:C:/Users/²Ü¼ÒºÀ/.iotlink/sdk/IoT_LINK/iot_link/os/liteos/base/core\los_tick.c **** #if(LOSCFG_BASE_CORE_TIMESLICE == YES)
  78:C:/Users/²Ü¼ÒºÀ/.iotlink/sdk/IoT_LINK/iot_link/os/liteos/base/core\los_tick.c ****         osTimesliceCheck();
  79:C:/Users/²Ü¼ÒºÀ/.iotlink/sdk/IoT_LINK/iot_link/os/liteos/base/core\los_tick.c **** #endif
  80:C:/Users/²Ü¼ÒºÀ/.iotlink/sdk/IoT_LINK/iot_link/os/liteos/base/core\los_tick.c ****         osTaskScan();   //task timeout scan
  81:C:/Users/²Ü¼ÒºÀ/.iotlink/sdk/IoT_LINK/iot_link/os/liteos/base/core\los_tick.c **** #if (LOSCFG_BASE_CORE_SWTMR == YES)
  82:C:/Users/²Ü¼ÒºÀ/.iotlink/sdk/IoT_LINK/iot_link/os/liteos/base/core\los_tick.c ****         (VOID)osSwtmrScan();
  83:C:/Users/²Ü¼ÒºÀ/.iotlink/sdk/IoT_LINK/iot_link/os/liteos/base/core\los_tick.c **** #endif
  84:C:/Users/²Ü¼ÒºÀ/.iotlink/sdk/IoT_LINK/iot_link/os/liteos/base/core\los_tick.c ****     }
  85:C:/Users/²Ü¼ÒºÀ/.iotlink/sdk/IoT_LINK/iot_link/os/liteos/base/core\los_tick.c **** }
  86:C:/Users/²Ü¼ÒºÀ/.iotlink/sdk/IoT_LINK/iot_link/os/liteos/base/core\los_tick.c **** 
  87:C:/Users/²Ü¼ÒºÀ/.iotlink/sdk/IoT_LINK/iot_link/os/liteos/base/core\los_tick.c **** #endif
ARM GAS  C:\Users\²Ü¼ÒºÀ\AppData\Local\Temp\cc8NNnkT.s 			page 3


  88:C:/Users/²Ü¼ÒºÀ/.iotlink/sdk/IoT_LINK/iot_link/os/liteos/base/core\los_tick.c **** 
  89:C:/Users/²Ü¼ÒºÀ/.iotlink/sdk/IoT_LINK/iot_link/os/liteos/base/core\los_tick.c **** /*****************************************************************************
  90:C:/Users/²Ü¼ÒºÀ/.iotlink/sdk/IoT_LINK/iot_link/os/liteos/base/core\los_tick.c ****  Description : Tick interruption handler
  91:C:/Users/²Ü¼ÒºÀ/.iotlink/sdk/IoT_LINK/iot_link/os/liteos/base/core\los_tick.c ****  Input       : None
  92:C:/Users/²Ü¼ÒºÀ/.iotlink/sdk/IoT_LINK/iot_link/os/liteos/base/core\los_tick.c ****  Output      : None
  93:C:/Users/²Ü¼ÒºÀ/.iotlink/sdk/IoT_LINK/iot_link/os/liteos/base/core\los_tick.c ****  Return      : None
  94:C:/Users/²Ü¼ÒºÀ/.iotlink/sdk/IoT_LINK/iot_link/os/liteos/base/core\los_tick.c ****  *****************************************************************************/
  95:C:/Users/²Ü¼ÒºÀ/.iotlink/sdk/IoT_LINK/iot_link/os/liteos/base/core\los_tick.c **** LITE_OS_SEC_TEXT VOID osTickHandler(VOID)
  96:C:/Users/²Ü¼ÒºÀ/.iotlink/sdk/IoT_LINK/iot_link/os/liteos/base/core\los_tick.c **** {
  29              		.loc 1 96 1 view -0
  30              		.cfi_startproc
  31              		@ args = 0, pretend = 0, frame = 0
  32              		@ frame_needed = 0, uses_anonymous_args = 0
  97:C:/Users/²Ü¼ÒºÀ/.iotlink/sdk/IoT_LINK/iot_link/os/liteos/base/core\los_tick.c ****     if (!g_bSysTickStart)
  33              		.loc 1 97 5 view .LVU1
  96:C:/Users/²Ü¼ÒºÀ/.iotlink/sdk/IoT_LINK/iot_link/os/liteos/base/core\los_tick.c ****     if (!g_bSysTickStart)
  34              		.loc 1 96 1 is_stmt 0 view .LVU2
  35 0000 08B5     		push	{r3, lr}
  36              	.LCFI0:
  37              		.cfi_def_cfa_offset 8
  38              		.cfi_offset 3, -8
  39              		.cfi_offset 14, -4
  40 0002 094B     		ldr	r3, .L5
  41              		.loc 1 97 9 view .LVU3
  42 0004 0948     		ldr	r0, .L5+4
  43 0006 D3E90021 		ldrd	r2, r1, [r3]
  44              		.loc 1 97 8 view .LVU4
  45 000a 0068     		ldr	r0, [r0]
  46 000c 0132     		adds	r2, r2, #1
  47 000e 41F10001 		adc	r1, r1, #0
  98:C:/Users/²Ü¼ÒºÀ/.iotlink/sdk/IoT_LINK/iot_link/os/liteos/base/core\los_tick.c ****     {
  99:C:/Users/²Ü¼ÒºÀ/.iotlink/sdk/IoT_LINK/iot_link/os/liteos/base/core\los_tick.c ****         g_ullTickCount++;
  48              		.loc 1 99 23 view .LVU5
  49 0012 C3E90021 		strd	r2, r1, [r3]
  97:C:/Users/²Ü¼ÒºÀ/.iotlink/sdk/IoT_LINK/iot_link/os/liteos/base/core\los_tick.c ****     {
  50              		.loc 1 97 8 view .LVU6
  51 0016 00B9     		cbnz	r0, .L2
  52              		.loc 1 99 9 is_stmt 1 view .LVU7
 100:C:/Users/²Ü¼ÒºÀ/.iotlink/sdk/IoT_LINK/iot_link/os/liteos/base/core\los_tick.c ****         return;
  53              		.loc 1 100 9 view .LVU8
 101:C:/Users/²Ü¼ÒºÀ/.iotlink/sdk/IoT_LINK/iot_link/os/liteos/base/core\los_tick.c ****     }
 102:C:/Users/²Ü¼ÒºÀ/.iotlink/sdk/IoT_LINK/iot_link/os/liteos/base/core\los_tick.c **** 
 103:C:/Users/²Ü¼ÒºÀ/.iotlink/sdk/IoT_LINK/iot_link/os/liteos/base/core\los_tick.c **** #if (LOSCFG_KERNEL_TICKLESS == YES)
 104:C:/Users/²Ü¼ÒºÀ/.iotlink/sdk/IoT_LINK/iot_link/os/liteos/base/core\los_tick.c ****     if (g_bReloadSysTickFlag)
 105:C:/Users/²Ü¼ÒºÀ/.iotlink/sdk/IoT_LINK/iot_link/os/liteos/base/core\los_tick.c ****     {
 106:C:/Users/²Ü¼ÒºÀ/.iotlink/sdk/IoT_LINK/iot_link/os/liteos/base/core\los_tick.c ****         LOS_SysTickReload(OS_SYS_CLOCK / LOSCFG_BASE_CORE_TICK_PER_SECOND);
 107:C:/Users/²Ü¼ÒºÀ/.iotlink/sdk/IoT_LINK/iot_link/os/liteos/base/core\los_tick.c ****         g_bReloadSysTickFlag = 0;
 108:C:/Users/²Ü¼ÒºÀ/.iotlink/sdk/IoT_LINK/iot_link/os/liteos/base/core\los_tick.c ****     }
 109:C:/Users/²Ü¼ÒºÀ/.iotlink/sdk/IoT_LINK/iot_link/os/liteos/base/core\los_tick.c ****     g_bTickIrqFlag = g_bTicklessFlag;
 110:C:/Users/²Ü¼ÒºÀ/.iotlink/sdk/IoT_LINK/iot_link/os/liteos/base/core\los_tick.c **** 
 111:C:/Users/²Ü¼ÒºÀ/.iotlink/sdk/IoT_LINK/iot_link/os/liteos/base/core\los_tick.c ****     #if (LOSCFG_PLATFORM_HWI == NO)
 112:C:/Users/²Ü¼ÒºÀ/.iotlink/sdk/IoT_LINK/iot_link/os/liteos/base/core\los_tick.c ****     if (g_uwSysTickIntFlag == TICKLESS_OS_TICK_INT_WAIT)
 113:C:/Users/²Ü¼ÒºÀ/.iotlink/sdk/IoT_LINK/iot_link/os/liteos/base/core\los_tick.c ****     {
 114:C:/Users/²Ü¼ÒºÀ/.iotlink/sdk/IoT_LINK/iot_link/os/liteos/base/core\los_tick.c ****         g_uwSysTickIntFlag = TICKLESS_OS_TICK_INT_SET;
 115:C:/Users/²Ü¼ÒºÀ/.iotlink/sdk/IoT_LINK/iot_link/os/liteos/base/core\los_tick.c ****     }
 116:C:/Users/²Ü¼ÒºÀ/.iotlink/sdk/IoT_LINK/iot_link/os/liteos/base/core\los_tick.c ****     #endif
 117:C:/Users/²Ü¼ÒºÀ/.iotlink/sdk/IoT_LINK/iot_link/os/liteos/base/core\los_tick.c **** #endif
ARM GAS  C:\Users\²Ü¼ÒºÀ\AppData\Local\Temp\cc8NNnkT.s 			page 4


 118:C:/Users/²Ü¼ÒºÀ/.iotlink/sdk/IoT_LINK/iot_link/os/liteos/base/core\los_tick.c **** 
 119:C:/Users/²Ü¼ÒºÀ/.iotlink/sdk/IoT_LINK/iot_link/os/liteos/base/core\los_tick.c **** #if (LOSCFG_BASE_CORE_TICK_HW_TIME == YES)
 120:C:/Users/²Ü¼ÒºÀ/.iotlink/sdk/IoT_LINK/iot_link/os/liteos/base/core\los_tick.c ****     platform_tick_handler();
 121:C:/Users/²Ü¼ÒºÀ/.iotlink/sdk/IoT_LINK/iot_link/os/liteos/base/core\los_tick.c **** #endif
 122:C:/Users/²Ü¼ÒºÀ/.iotlink/sdk/IoT_LINK/iot_link/os/liteos/base/core\los_tick.c **** 
 123:C:/Users/²Ü¼ÒºÀ/.iotlink/sdk/IoT_LINK/iot_link/os/liteos/base/core\los_tick.c ****     g_ullTickCount ++;
 124:C:/Users/²Ü¼ÒºÀ/.iotlink/sdk/IoT_LINK/iot_link/os/liteos/base/core\los_tick.c **** 
 125:C:/Users/²Ü¼ÒºÀ/.iotlink/sdk/IoT_LINK/iot_link/os/liteos/base/core\los_tick.c **** #if(LOSCFG_BASE_CORE_TIMESLICE == YES)
 126:C:/Users/²Ü¼ÒºÀ/.iotlink/sdk/IoT_LINK/iot_link/os/liteos/base/core\los_tick.c ****     osTimesliceCheck();
 127:C:/Users/²Ü¼ÒºÀ/.iotlink/sdk/IoT_LINK/iot_link/os/liteos/base/core\los_tick.c **** #endif
 128:C:/Users/²Ü¼ÒºÀ/.iotlink/sdk/IoT_LINK/iot_link/os/liteos/base/core\los_tick.c **** 
 129:C:/Users/²Ü¼ÒºÀ/.iotlink/sdk/IoT_LINK/iot_link/os/liteos/base/core\los_tick.c ****     osTaskScan();   //task timeout scan
 130:C:/Users/²Ü¼ÒºÀ/.iotlink/sdk/IoT_LINK/iot_link/os/liteos/base/core\los_tick.c **** 
 131:C:/Users/²Ü¼ÒºÀ/.iotlink/sdk/IoT_LINK/iot_link/os/liteos/base/core\los_tick.c **** #if (LOSCFG_BASE_CORE_SWTMR == YES)
 132:C:/Users/²Ü¼ÒºÀ/.iotlink/sdk/IoT_LINK/iot_link/os/liteos/base/core\los_tick.c ****     (VOID)osSwtmrScan();
 133:C:/Users/²Ü¼ÒºÀ/.iotlink/sdk/IoT_LINK/iot_link/os/liteos/base/core\los_tick.c **** #endif
 134:C:/Users/²Ü¼ÒºÀ/.iotlink/sdk/IoT_LINK/iot_link/os/liteos/base/core\los_tick.c **** }
  54              		.loc 1 134 1 is_stmt 0 view .LVU9
  55 0018 08BD     		pop	{r3, pc}
  56              	.L2:
 123:C:/Users/²Ü¼ÒºÀ/.iotlink/sdk/IoT_LINK/iot_link/os/liteos/base/core\los_tick.c **** 
  57              		.loc 1 123 5 is_stmt 1 view .LVU10
 126:C:/Users/²Ü¼ÒºÀ/.iotlink/sdk/IoT_LINK/iot_link/os/liteos/base/core\los_tick.c **** #endif
  58              		.loc 1 126 5 view .LVU11
  59 001a FFF7FEFF 		bl	osTimesliceCheck
  60              	.LVL0:
 129:C:/Users/²Ü¼ÒºÀ/.iotlink/sdk/IoT_LINK/iot_link/os/liteos/base/core\los_tick.c **** 
  61              		.loc 1 129 5 view .LVU12
  62              		.loc 1 134 1 is_stmt 0 view .LVU13
  63 001e BDE80840 		pop	{r3, lr}
  64              	.LCFI1:
  65              		.cfi_restore 14
  66              		.cfi_restore 3
  67              		.cfi_def_cfa_offset 0
 129:C:/Users/²Ü¼ÒºÀ/.iotlink/sdk/IoT_LINK/iot_link/os/liteos/base/core\los_tick.c **** 
  68              		.loc 1 129 5 view .LVU14
  69 0022 FFF7FEBF 		b	osTaskScan
  70              	.LVL1:
  71              	.L6:
  72 0026 00BF     		.align	2
  73              	.L5:
  74 0028 00000000 		.word	g_ullTickCount
  75 002c 00000000 		.word	.LANCHOR0
  76              		.cfi_endproc
  77              	.LFE287:
  79              		.section	.text.LOS_SysClockGet,"ax",%progbits
  80              		.align	1
  81              		.global	LOS_SysClockGet
  82              		.syntax unified
  83              		.thumb
  84              		.thumb_func
  85              		.fpu fpv4-sp-d16
  87              	LOS_SysClockGet:
  88              	.LFB288:
 135:C:/Users/²Ü¼ÒºÀ/.iotlink/sdk/IoT_LINK/iot_link/os/liteos/base/core\los_tick.c **** 
 136:C:/Users/²Ü¼ÒºÀ/.iotlink/sdk/IoT_LINK/iot_link/os/liteos/base/core\los_tick.c **** LITE_OS_SEC_TEXT UINT32 LOS_SysClockGet(void)
 137:C:/Users/²Ü¼ÒºÀ/.iotlink/sdk/IoT_LINK/iot_link/os/liteos/base/core\los_tick.c **** {
ARM GAS  C:\Users\²Ü¼ÒºÀ\AppData\Local\Temp\cc8NNnkT.s 			page 5


  89              		.loc 1 137 1 is_stmt 1 view -0
  90              		.cfi_startproc
  91              		@ args = 0, pretend = 0, frame = 0
  92              		@ frame_needed = 0, uses_anonymous_args = 0
  93              		@ link register save eliminated.
 138:C:/Users/²Ü¼ÒºÀ/.iotlink/sdk/IoT_LINK/iot_link/os/liteos/base/core\los_tick.c ****     return g_uwSysClock;
  94              		.loc 1 138 5 view .LVU16
 139:C:/Users/²Ü¼ÒºÀ/.iotlink/sdk/IoT_LINK/iot_link/os/liteos/base/core\los_tick.c **** }
  95              		.loc 1 139 1 is_stmt 0 view .LVU17
  96 0000 014B     		ldr	r3, .L8
  97 0002 1868     		ldr	r0, [r3]
  98 0004 7047     		bx	lr
  99              	.L9:
 100 0006 00BF     		.align	2
 101              	.L8:
 102 0008 00000000 		.word	g_uwSysClock
 103              		.cfi_endproc
 104              	.LFE288:
 106              		.global	g_bSysTickStart
 107              		.comm	g_uwSysClock,4,4
 108              		.comm	g_uwCyclesPerTick,4,4
 109              		.comm	g_uwCyclePerSec,4,4
 110              		.comm	g_uwTicksPerSec,4,4
 111              		.comm	g_ullTickCount,8,8
 112              		.section	.bss.g_bSysTickStart,"aw",%nobits
 113              		.align	2
 114              		.set	.LANCHOR0,. + 0
 117              	g_bSysTickStart:
 118 0000 00000000 		.space	4
 119              		.text
 120              	.Letext0:
 121              		.file 2 "c:\\users\\\262\334\274\322\272\300\\.iotlink\\tools\\gcc-arm-none-eabi\\arm-none-eabi\\i
 122              		.file 3 "c:\\users\\\262\334\274\322\272\300\\.iotlink\\tools\\gcc-arm-none-eabi\\arm-none-eabi\\i
 123              		.file 4 "c:\\users\\\262\334\274\322\272\300\\.iotlink\\tools\\gcc-arm-none-eabi\\arm-none-eabi\\i
 124              		.file 5 "c:\\users\\\262\334\274\322\272\300\\.iotlink\\tools\\gcc-arm-none-eabi\\lib\\gcc\\arm-no
 125              		.file 6 "c:\\users\\\262\334\274\322\272\300\\.iotlink\\tools\\gcc-arm-none-eabi\\arm-none-eabi\\i
 126              		.file 7 "C:/Users/\262\334\274\322\272\300/.iotlink/sdk/IoT_LINK/iot_link/os/liteos/include/los_ty
 127              		.file 8 "c:\\users\\\262\334\274\322\272\300\\.iotlink\\tools\\gcc-arm-none-eabi\\arm-none-eabi\\i
 128              		.file 9 "C:/Users/\262\334\274\322\272\300/.iotlink/sdk/IoT_LINK/iot_link/os/liteos/arch/arm/commo
 129              		.file 10 "d:/liteos/code/WIFI2/Inc/system_stm32l4xx.h"
 130              		.file 11 "C:/Users/\262\334\274\322\272\300/.iotlink/sdk/IoT_LINK/iot_link/os/liteos/arch/arm/arm-
 131              		.file 12 "C:/Users/\262\334\274\322\272\300/.iotlink/sdk/IoT_LINK/iot_link/os/liteos/include/los_l
 132              		.file 13 "C:/Users/\262\334\274\322\272\300/.iotlink/sdk/IoT_LINK/iot_link/os/liteos/include/los_e
 133              		.file 14 "C:/Users/\262\334\274\322\272\300/.iotlink/sdk/IoT_LINK/iot_link/os/liteos/include/los_c
 134              		.file 15 "C:/Users/\262\334\274\322\272\300/.iotlink/sdk/IoT_LINK/iot_link/os/liteos/include/los_e
 135              		.file 16 "C:/Users/\262\334\274\322\272\300/.iotlink/sdk/IoT_LINK/iot_link/os/liteos/include/los_t
 136              		.file 17 "C:/Users/\262\334\274\322\272\300/.iotlink/sdk/IoT_LINK/iot_link/os/liteos/base/include/
 137              		.file 18 "C:/Users/\262\334\274\322\272\300/.iotlink/sdk/IoT_LINK/iot_link/os/liteos/include/los_t
 138              		.file 19 "C:/Users/\262\334\274\322\272\300/.iotlink/sdk/IoT_LINK/iot_link/os/liteos/include/los_s
 139              		.file 20 "C:/Users/\262\334\274\322\272\300/.iotlink/sdk/IoT_LINK/iot_link/os/liteos/base/include/
 140              		.file 21 "C:/Users/\262\334\274\322\272\300/.iotlink/sdk/IoT_LINK/iot_link/os/liteos/base/include/
 141              		.file 22 "C:/Users/\262\334\274\322\272\300/.iotlink/sdk/IoT_LINK/iot_link/os/liteos/base/include/
ARM GAS  C:\Users\²Ü¼ÒºÀ\AppData\Local\Temp\cc8NNnkT.s 			page 6


DEFINED SYMBOLS
                            *ABS*:00000000 los_tick.c
C:\Users\²Ü¼ÒºÀ\AppData\Local\Temp\cc8NNnkT.s:18     .text.osTickHandler:00000000 $t
C:\Users\²Ü¼ÒºÀ\AppData\Local\Temp\cc8NNnkT.s:26     .text.osTickHandler:00000000 osTickHandler
C:\Users\²Ü¼ÒºÀ\AppData\Local\Temp\cc8NNnkT.s:74     .text.osTickHandler:00000028 $d
                            *COM*:00000008 g_ullTickCount
C:\Users\²Ü¼ÒºÀ\AppData\Local\Temp\cc8NNnkT.s:80     .text.LOS_SysClockGet:00000000 $t
C:\Users\²Ü¼ÒºÀ\AppData\Local\Temp\cc8NNnkT.s:87     .text.LOS_SysClockGet:00000000 LOS_SysClockGet
C:\Users\²Ü¼ÒºÀ\AppData\Local\Temp\cc8NNnkT.s:102    .text.LOS_SysClockGet:00000008 $d
                            *COM*:00000004 g_uwSysClock
C:\Users\²Ü¼ÒºÀ\AppData\Local\Temp\cc8NNnkT.s:117    .bss.g_bSysTickStart:00000000 g_bSysTickStart
                            *COM*:00000004 g_uwCyclesPerTick
                            *COM*:00000004 g_uwCyclePerSec
                            *COM*:00000004 g_uwTicksPerSec
C:\Users\²Ü¼ÒºÀ\AppData\Local\Temp\cc8NNnkT.s:113    .bss.g_bSysTickStart:00000000 $d

UNDEFINED SYMBOLS
osTimesliceCheck
osTaskScan
