ARM GAS  C:\Users\²Ü¼ÒºÀ\AppData\Local\Temp\ccLywvwl.s 			page 1


   1              		.cpu cortex-m4
   2              		.eabi_attribute 27, 1
   3              		.eabi_attribute 28, 1
   4              		.eabi_attribute 20, 1
   5              		.eabi_attribute 21, 1
   6              		.eabi_attribute 23, 3
   7              		.eabi_attribute 24, 1
   8              		.eabi_attribute 25, 1
   9              		.eabi_attribute 26, 1
  10              		.eabi_attribute 30, 4
  11              		.eabi_attribute 34, 1
  12              		.eabi_attribute 18, 4
  13              		.file	"crc16.c"
  14              		.text
  15              	.Ltext0:
  16              		.cfi_sections	.debug_frame
  17              		.section	.text.calc_crc16,"ax",%progbits
  18              		.align	1
  19              		.global	calc_crc16
  20              		.arch armv7e-m
  21              		.syntax unified
  22              		.thumb
  23              		.thumb_func
  24              		.fpu fpv4-sp-d16
  26              	calc_crc16:
  27              	.LVL0:
  28              	.LFB0:
  29              		.file 1 "C:/Users/\262\334\274\322\272\300/.iotlink/sdk/IoT_LINK/iot_link/crc/crc16.c"
   1:C:/Users/²Ü¼ÒºÀ/.iotlink/sdk/IoT_LINK/iot_link/crc\crc16.c **** /*----------------------------------------------------------------------------
   2:C:/Users/²Ü¼ÒºÀ/.iotlink/sdk/IoT_LINK/iot_link/crc\crc16.c ****  * Copyright (c) <2018>, <Huawei Technologies Co., Ltd>
   3:C:/Users/²Ü¼ÒºÀ/.iotlink/sdk/IoT_LINK/iot_link/crc\crc16.c ****  * All rights reserved.
   4:C:/Users/²Ü¼ÒºÀ/.iotlink/sdk/IoT_LINK/iot_link/crc\crc16.c ****  * Redistribution and use in source and binary forms, with or without modification,
   5:C:/Users/²Ü¼ÒºÀ/.iotlink/sdk/IoT_LINK/iot_link/crc\crc16.c ****  * are permitted provided that the following conditions are met:
   6:C:/Users/²Ü¼ÒºÀ/.iotlink/sdk/IoT_LINK/iot_link/crc\crc16.c ****  * 1. Redistributions of source code must retain the above copyright notice, this list of
   7:C:/Users/²Ü¼ÒºÀ/.iotlink/sdk/IoT_LINK/iot_link/crc\crc16.c ****  * conditions and the following disclaimer.
   8:C:/Users/²Ü¼ÒºÀ/.iotlink/sdk/IoT_LINK/iot_link/crc\crc16.c ****  * 2. Redistributions in binary form must reproduce the above copyright notice, this list
   9:C:/Users/²Ü¼ÒºÀ/.iotlink/sdk/IoT_LINK/iot_link/crc\crc16.c ****  * of conditions and the following disclaimer in the documentation and/or other materials
  10:C:/Users/²Ü¼ÒºÀ/.iotlink/sdk/IoT_LINK/iot_link/crc\crc16.c ****  * provided with the distribution.
  11:C:/Users/²Ü¼ÒºÀ/.iotlink/sdk/IoT_LINK/iot_link/crc\crc16.c ****  * 3. Neither the name of the copyright holder nor the names of its contributors may be used
  12:C:/Users/²Ü¼ÒºÀ/.iotlink/sdk/IoT_LINK/iot_link/crc\crc16.c ****  * to endorse or promote products derived from this software without specific prior written
  13:C:/Users/²Ü¼ÒºÀ/.iotlink/sdk/IoT_LINK/iot_link/crc\crc16.c ****  * permission.
  14:C:/Users/²Ü¼ÒºÀ/.iotlink/sdk/IoT_LINK/iot_link/crc\crc16.c ****  * THIS SOFTWARE IS PROVIDED BY THE COPYRIGHT HOLDERS AND CONTRIBUTORS
  15:C:/Users/²Ü¼ÒºÀ/.iotlink/sdk/IoT_LINK/iot_link/crc\crc16.c ****  * "AS IS" AND ANY EXPRESS OR IMPLIED WARRANTIES, INCLUDING, BUT NOT LIMITED TO,
  16:C:/Users/²Ü¼ÒºÀ/.iotlink/sdk/IoT_LINK/iot_link/crc\crc16.c ****  * THE IMPLIED WARRANTIES OF MERCHANTABILITY AND FITNESS FOR A PARTICULAR
  17:C:/Users/²Ü¼ÒºÀ/.iotlink/sdk/IoT_LINK/iot_link/crc\crc16.c ****  * PURPOSE ARE DISCLAIMED. IN NO EVENT SHALL THE COPYRIGHT HOLDER OR
  18:C:/Users/²Ü¼ÒºÀ/.iotlink/sdk/IoT_LINK/iot_link/crc\crc16.c ****  * CONTRIBUTORS BE LIABLE FOR ANY DIRECT, INDIRECT, INCIDENTAL, SPECIAL,
  19:C:/Users/²Ü¼ÒºÀ/.iotlink/sdk/IoT_LINK/iot_link/crc\crc16.c ****  * EXEMPLARY, OR CONSEQUENTIAL DAMAGES (INCLUDING, BUT NOT LIMITED TO,
  20:C:/Users/²Ü¼ÒºÀ/.iotlink/sdk/IoT_LINK/iot_link/crc\crc16.c ****  * PROCUREMENT OF SUBSTITUTE GOODS OR SERVICES; LOSS OF USE, DATA, OR PROFITS;
  21:C:/Users/²Ü¼ÒºÀ/.iotlink/sdk/IoT_LINK/iot_link/crc\crc16.c ****  * OR BUSINESS INTERRUPTION) HOWEVER CAUSED AND ON ANY THEORY OF LIABILITY,
  22:C:/Users/²Ü¼ÒºÀ/.iotlink/sdk/IoT_LINK/iot_link/crc\crc16.c ****  * WHETHER IN CONTRACT, STRICT LIABILITY, OR TORT (INCLUDING NEGLIGENCE OR
  23:C:/Users/²Ü¼ÒºÀ/.iotlink/sdk/IoT_LINK/iot_link/crc\crc16.c ****  * OTHERWISE) ARISING IN ANY WAY OUT OF THE USE OF THIS SOFTWARE, EVEN IF
  24:C:/Users/²Ü¼ÒºÀ/.iotlink/sdk/IoT_LINK/iot_link/crc\crc16.c ****  * ADVISED OF THE POSSIBILITY OF SUCH DAMAGE.
  25:C:/Users/²Ü¼ÒºÀ/.iotlink/sdk/IoT_LINK/iot_link/crc\crc16.c ****  *---------------------------------------------------------------------------*/
  26:C:/Users/²Ü¼ÒºÀ/.iotlink/sdk/IoT_LINK/iot_link/crc\crc16.c **** /*----------------------------------------------------------------------------
  27:C:/Users/²Ü¼ÒºÀ/.iotlink/sdk/IoT_LINK/iot_link/crc\crc16.c ****  * Notice of Export Control Law
  28:C:/Users/²Ü¼ÒºÀ/.iotlink/sdk/IoT_LINK/iot_link/crc\crc16.c ****  * ===============================================
  29:C:/Users/²Ü¼ÒºÀ/.iotlink/sdk/IoT_LINK/iot_link/crc\crc16.c ****  * Huawei LiteOS may be subject to applicable export control laws and regulations, which might
ARM GAS  C:\Users\²Ü¼ÒºÀ\AppData\Local\Temp\ccLywvwl.s 			page 2


  30:C:/Users/²Ü¼ÒºÀ/.iotlink/sdk/IoT_LINK/iot_link/crc\crc16.c ****  * include those applicable to Huawei LiteOS of U.S. and the country in which you are located.
  31:C:/Users/²Ü¼ÒºÀ/.iotlink/sdk/IoT_LINK/iot_link/crc\crc16.c ****  * Import, export and usage of Huawei LiteOS in any manner by you shall be in compliance with such
  32:C:/Users/²Ü¼ÒºÀ/.iotlink/sdk/IoT_LINK/iot_link/crc\crc16.c ****  * applicable export control laws and regulations.
  33:C:/Users/²Ü¼ÒºÀ/.iotlink/sdk/IoT_LINK/iot_link/crc\crc16.c ****  *---------------------------------------------------------------------------*/
  34:C:/Users/²Ü¼ÒºÀ/.iotlink/sdk/IoT_LINK/iot_link/crc\crc16.c **** /**
  35:C:/Users/²Ü¼ÒºÀ/.iotlink/sdk/IoT_LINK/iot_link/crc\crc16.c ****  *  DATE                AUTHOR      INSTRUCTION
  36:C:/Users/²Ü¼ÒºÀ/.iotlink/sdk/IoT_LINK/iot_link/crc\crc16.c ****  *  2019-05-30 15:20  zhangqianfu  The first version
  37:C:/Users/²Ü¼ÒºÀ/.iotlink/sdk/IoT_LINK/iot_link/crc\crc16.c ****  *
  38:C:/Users/²Ü¼ÒºÀ/.iotlink/sdk/IoT_LINK/iot_link/crc\crc16.c ****  */
  39:C:/Users/²Ü¼ÒºÀ/.iotlink/sdk/IoT_LINK/iot_link/crc\crc16.c **** 
  40:C:/Users/²Ü¼ÒºÀ/.iotlink/sdk/IoT_LINK/iot_link/crc\crc16.c **** #include <stdint.h>
  41:C:/Users/²Ü¼ÒºÀ/.iotlink/sdk/IoT_LINK/iot_link/crc\crc16.c **** #include <stddef.h>
  42:C:/Users/²Ü¼ÒºÀ/.iotlink/sdk/IoT_LINK/iot_link/crc\crc16.c **** 
  43:C:/Users/²Ü¼ÒºÀ/.iotlink/sdk/IoT_LINK/iot_link/crc\crc16.c **** uint16_t crc16_ccitt_table[] = { 0x0000, 0x1021, 0x2042, 0x3063, 0x4084, 0x50a5, 0x60c6, 0x70e7, 0x
  44:C:/Users/²Ü¼ÒºÀ/.iotlink/sdk/IoT_LINK/iot_link/crc\crc16.c ****                             0xb16b, 0xc18c, 0xd1ad, 0xe1ce, 0xf1ef, 0x1231, 0x0210, 0x3273, 0x2252,
  45:C:/Users/²Ü¼ÒºÀ/.iotlink/sdk/IoT_LINK/iot_link/crc\crc16.c ****                             0xa35a, 0xd3bd, 0xc39c, 0xf3ff, 0xe3de, 0x2462, 0x3443, 0x0420, 0x1401,
  46:C:/Users/²Ü¼ÒºÀ/.iotlink/sdk/IoT_LINK/iot_link/crc\crc16.c ****                             0x9509, 0xe5ee, 0xf5cf, 0xc5ac, 0xd58d, 0x3653, 0x2672, 0x1611, 0x0630,
  47:C:/Users/²Ü¼ÒºÀ/.iotlink/sdk/IoT_LINK/iot_link/crc\crc16.c ****                             0x8738, 0xf7df, 0xe7fe, 0xd79d, 0xc7bc, 0x48c4, 0x58e5, 0x6886, 0x78a7,
  48:C:/Users/²Ü¼ÒºÀ/.iotlink/sdk/IoT_LINK/iot_link/crc\crc16.c ****                             0xf9af, 0x8948, 0x9969, 0xa90a, 0xb92b, 0x5af5, 0x4ad4, 0x7ab7, 0x6a96,
  49:C:/Users/²Ü¼ÒºÀ/.iotlink/sdk/IoT_LINK/iot_link/crc\crc16.c ****                             0xeb9e, 0x9b79, 0x8b58, 0xbb3b, 0xab1a, 0x6ca6, 0x7c87, 0x4ce4, 0x5cc5,
  50:C:/Users/²Ü¼ÒºÀ/.iotlink/sdk/IoT_LINK/iot_link/crc\crc16.c ****                             0xddcd, 0xad2a, 0xbd0b, 0x8d68, 0x9d49, 0x7e97, 0x6eb6, 0x5ed5, 0x4ef4,
  51:C:/Users/²Ü¼ÒºÀ/.iotlink/sdk/IoT_LINK/iot_link/crc\crc16.c ****                             0xcffc, 0xbf1b, 0xaf3a, 0x9f59, 0x8f78, 0x9188, 0x81a9, 0xb1ca, 0xa1eb,
  52:C:/Users/²Ü¼ÒºÀ/.iotlink/sdk/IoT_LINK/iot_link/crc\crc16.c ****                             0x20e3, 0x5004, 0x4025, 0x7046, 0x6067, 0x83b9, 0x9398, 0xa3fb, 0xb3da,
  53:C:/Users/²Ü¼ÒºÀ/.iotlink/sdk/IoT_LINK/iot_link/crc\crc16.c ****                             0x32d2, 0x4235, 0x5214, 0x6277, 0x7256, 0xb5ea, 0xa5cb, 0x95a8, 0x8589,
  54:C:/Users/²Ü¼ÒºÀ/.iotlink/sdk/IoT_LINK/iot_link/crc\crc16.c ****                             0x0481, 0x7466, 0x6447, 0x5424, 0x4405, 0xa7db, 0xb7fa, 0x8799, 0x97b8,
  55:C:/Users/²Ü¼ÒºÀ/.iotlink/sdk/IoT_LINK/iot_link/crc\crc16.c ****                             0x16b0, 0x6657, 0x7676, 0x4615, 0x5634, 0xd94c, 0xc96d, 0xf90e, 0xe92f,
  56:C:/Users/²Ü¼ÒºÀ/.iotlink/sdk/IoT_LINK/iot_link/crc\crc16.c ****                             0x6827, 0x18c0, 0x08e1, 0x3882, 0x28a3, 0xcb7d, 0xdb5c, 0xeb3f, 0xfb1e,
  57:C:/Users/²Ü¼ÒºÀ/.iotlink/sdk/IoT_LINK/iot_link/crc\crc16.c ****                             0x7a16, 0x0af1, 0x1ad0, 0x2ab3, 0x3a92, 0xfd2e, 0xed0f, 0xdd6c, 0xcd4d,
  58:C:/Users/²Ü¼ÒºÀ/.iotlink/sdk/IoT_LINK/iot_link/crc\crc16.c ****                             0x4c45, 0x3ca2, 0x2c83, 0x1ce0, 0x0cc1, 0xef1f, 0xff3e, 0xcf5d, 0xdf7c,
  59:C:/Users/²Ü¼ÒºÀ/.iotlink/sdk/IoT_LINK/iot_link/crc\crc16.c ****                             0x5e74, 0x2e93, 0x3eb2, 0x0ed1, 0x1ef0
  60:C:/Users/²Ü¼ÒºÀ/.iotlink/sdk/IoT_LINK/iot_link/crc\crc16.c ****                           };
  61:C:/Users/²Ü¼ÒºÀ/.iotlink/sdk/IoT_LINK/iot_link/crc\crc16.c **** 
  62:C:/Users/²Ü¼ÒºÀ/.iotlink/sdk/IoT_LINK/iot_link/crc\crc16.c **** uint16_t calc_crc16(uint16_t reg_init, const unsigned char *massage, int len)
  63:C:/Users/²Ü¼ÒºÀ/.iotlink/sdk/IoT_LINK/iot_link/crc\crc16.c **** {
  30              		.loc 1 63 1 view -0
  31              		.cfi_startproc
  32              		@ args = 0, pretend = 0, frame = 0
  33              		@ frame_needed = 0, uses_anonymous_args = 0
  64:C:/Users/²Ü¼ÒºÀ/.iotlink/sdk/IoT_LINK/iot_link/crc\crc16.c ****     uint16_t crc_reg = 0;
  34              		.loc 1 64 5 view .LVU1
  65:C:/Users/²Ü¼ÒºÀ/.iotlink/sdk/IoT_LINK/iot_link/crc\crc16.c ****     int i = 0;
  35              		.loc 1 65 5 view .LVU2
  66:C:/Users/²Ü¼ÒºÀ/.iotlink/sdk/IoT_LINK/iot_link/crc\crc16.c ****     crc_reg = reg_init;
  36              		.loc 1 66 5 view .LVU3
  67:C:/Users/²Ü¼ÒºÀ/.iotlink/sdk/IoT_LINK/iot_link/crc\crc16.c **** 
  68:C:/Users/²Ü¼ÒºÀ/.iotlink/sdk/IoT_LINK/iot_link/crc\crc16.c ****     for(i = 0; i < len; i++)
  37              		.loc 1 68 5 view .LVU4
  63:C:/Users/²Ü¼ÒºÀ/.iotlink/sdk/IoT_LINK/iot_link/crc\crc16.c ****     uint16_t crc_reg = 0;
  38              		.loc 1 63 1 is_stmt 0 view .LVU5
  39 0000 30B5     		push	{r4, r5, lr}
  40              	.LCFI0:
  41              		.cfi_def_cfa_offset 12
  42              		.cfi_offset 4, -12
  43              		.cfi_offset 5, -8
  44              		.cfi_offset 14, -4
  69:C:/Users/²Ü¼ÒºÀ/.iotlink/sdk/IoT_LINK/iot_link/crc\crc16.c ****     {
  70:C:/Users/²Ü¼ÒºÀ/.iotlink/sdk/IoT_LINK/iot_link/crc\crc16.c ****         crc_reg = (crc_reg >> 8) ^ crc16_ccitt_table[(crc_reg ^ massage[i]) & 0xff];
ARM GAS  C:\Users\²Ü¼ÒºÀ\AppData\Local\Temp\ccLywvwl.s 			page 3


  45              		.loc 1 70 53 view .LVU6
  46 0002 074D     		ldr	r5, .L4
  68:C:/Users/²Ü¼ÒºÀ/.iotlink/sdk/IoT_LINK/iot_link/crc\crc16.c ****     {
  47              		.loc 1 68 11 view .LVU7
  48 0004 0024     		movs	r4, #0
  49              	.LVL1:
  50              	.L2:
  68:C:/Users/²Ü¼ÒºÀ/.iotlink/sdk/IoT_LINK/iot_link/crc\crc16.c ****     {
  51              		.loc 1 68 16 is_stmt 1 discriminator 1 view .LVU8
  68:C:/Users/²Ü¼ÒºÀ/.iotlink/sdk/IoT_LINK/iot_link/crc\crc16.c ****     {
  52              		.loc 1 68 5 is_stmt 0 discriminator 1 view .LVU9
  53 0006 9442     		cmp	r4, r2
  54 0008 00DB     		blt	.L3
  71:C:/Users/²Ü¼ÒºÀ/.iotlink/sdk/IoT_LINK/iot_link/crc\crc16.c ****     }
  72:C:/Users/²Ü¼ÒºÀ/.iotlink/sdk/IoT_LINK/iot_link/crc\crc16.c ****     return crc_reg;
  73:C:/Users/²Ü¼ÒºÀ/.iotlink/sdk/IoT_LINK/iot_link/crc\crc16.c **** }
  55              		.loc 1 73 1 view .LVU10
  56 000a 30BD     		pop	{r4, r5, pc}
  57              	.LVL2:
  58              	.L3:
  70:C:/Users/²Ü¼ÒºÀ/.iotlink/sdk/IoT_LINK/iot_link/crc\crc16.c ****     }
  59              		.loc 1 70 9 is_stmt 1 discriminator 3 view .LVU11
  70:C:/Users/²Ü¼ÒºÀ/.iotlink/sdk/IoT_LINK/iot_link/crc\crc16.c ****     }
  60              		.loc 1 70 72 is_stmt 0 discriminator 3 view .LVU12
  61 000c 0B5D     		ldrb	r3, [r1, r4]	@ zero_extendqisi2
  70:C:/Users/²Ü¼ÒºÀ/.iotlink/sdk/IoT_LINK/iot_link/crc\crc16.c ****     }
  62              		.loc 1 70 63 discriminator 3 view .LVU13
  63 000e 4340     		eors	r3, r3, r0
  70:C:/Users/²Ü¼ÒºÀ/.iotlink/sdk/IoT_LINK/iot_link/crc\crc16.c ****     }
  64              		.loc 1 70 77 discriminator 3 view .LVU14
  65 0010 DBB2     		uxtb	r3, r3
  68:C:/Users/²Ü¼ÒºÀ/.iotlink/sdk/IoT_LINK/iot_link/crc\crc16.c ****     {
  66              		.loc 1 68 26 discriminator 3 view .LVU15
  67 0012 0134     		adds	r4, r4, #1
  68              	.LVL3:
  70:C:/Users/²Ü¼ÒºÀ/.iotlink/sdk/IoT_LINK/iot_link/crc\crc16.c ****     }
  69              		.loc 1 70 53 discriminator 3 view .LVU16
  70 0014 35F81330 		ldrh	r3, [r5, r3, lsl #1]
  70:C:/Users/²Ü¼ÒºÀ/.iotlink/sdk/IoT_LINK/iot_link/crc\crc16.c ****     }
  71              		.loc 1 70 17 discriminator 3 view .LVU17
  72 0018 83EA1020 		eor	r0, r3, r0, lsr #8
  73              	.LVL4:
  68:C:/Users/²Ü¼ÒºÀ/.iotlink/sdk/IoT_LINK/iot_link/crc\crc16.c ****     {
  74              		.loc 1 68 25 is_stmt 1 discriminator 3 view .LVU18
  68:C:/Users/²Ü¼ÒºÀ/.iotlink/sdk/IoT_LINK/iot_link/crc\crc16.c ****     {
  75              		.loc 1 68 25 is_stmt 0 discriminator 3 view .LVU19
  76 001c F3E7     		b	.L2
  77              	.L5:
  78 001e 00BF     		.align	2
  79              	.L4:
  80 0020 00000000 		.word	.LANCHOR0
  81              		.cfi_endproc
  82              	.LFE0:
  84              		.global	crc16_ccitt_table
  85              		.section	.data.crc16_ccitt_table,"aw"
  86              		.align	1
  87              		.set	.LANCHOR0,. + 0
ARM GAS  C:\Users\²Ü¼ÒºÀ\AppData\Local\Temp\ccLywvwl.s 			page 4


  90              	crc16_ccitt_table:
  91 0000 0000     		.short	0
  92 0002 2110     		.short	4129
  93 0004 4220     		.short	8258
  94 0006 6330     		.short	12387
  95 0008 8440     		.short	16516
  96 000a A550     		.short	20645
  97 000c C660     		.short	24774
  98 000e E770     		.short	28903
  99 0010 0881     		.short	-32504
 100 0012 2991     		.short	-28375
 101 0014 4AA1     		.short	-24246
 102 0016 6BB1     		.short	-20117
 103 0018 8CC1     		.short	-15988
 104 001a ADD1     		.short	-11859
 105 001c CEE1     		.short	-7730
 106 001e EFF1     		.short	-3601
 107 0020 3112     		.short	4657
 108 0022 1002     		.short	528
 109 0024 7332     		.short	12915
 110 0026 5222     		.short	8786
 111 0028 B552     		.short	21173
 112 002a 9442     		.short	17044
 113 002c F772     		.short	29431
 114 002e D662     		.short	25302
 115 0030 3993     		.short	-27847
 116 0032 1883     		.short	-31976
 117 0034 7BB3     		.short	-19589
 118 0036 5AA3     		.short	-23718
 119 0038 BDD3     		.short	-11331
 120 003a 9CC3     		.short	-15460
 121 003c FFF3     		.short	-3073
 122 003e DEE3     		.short	-7202
 123 0040 6224     		.short	9314
 124 0042 4334     		.short	13379
 125 0044 2004     		.short	1056
 126 0046 0114     		.short	5121
 127 0048 E664     		.short	25830
 128 004a C774     		.short	29895
 129 004c A444     		.short	17572
 130 004e 8554     		.short	21637
 131 0050 6AA5     		.short	-23190
 132 0052 4BB5     		.short	-19125
 133 0054 2885     		.short	-31448
 134 0056 0995     		.short	-27383
 135 0058 EEE5     		.short	-6674
 136 005a CFF5     		.short	-2609
 137 005c ACC5     		.short	-14932
 138 005e 8DD5     		.short	-10867
 139 0060 5336     		.short	13907
 140 0062 7226     		.short	9842
 141 0064 1116     		.short	5649
 142 0066 3006     		.short	1584
 143 0068 D776     		.short	30423
 144 006a F666     		.short	26358
 145 006c 9556     		.short	22165
 146 006e B446     		.short	18100
ARM GAS  C:\Users\²Ü¼ÒºÀ\AppData\Local\Temp\ccLywvwl.s 			page 5


 147 0070 5BB7     		.short	-18597
 148 0072 7AA7     		.short	-22662
 149 0074 1997     		.short	-26855
 150 0076 3887     		.short	-30920
 151 0078 DFF7     		.short	-2081
 152 007a FEE7     		.short	-6146
 153 007c 9DD7     		.short	-10339
 154 007e BCC7     		.short	-14404
 155 0080 C448     		.short	18628
 156 0082 E558     		.short	22757
 157 0084 8668     		.short	26758
 158 0086 A778     		.short	30887
 159 0088 4008     		.short	2112
 160 008a 6118     		.short	6241
 161 008c 0228     		.short	10242
 162 008e 2338     		.short	14371
 163 0090 CCC9     		.short	-13876
 164 0092 EDD9     		.short	-9747
 165 0094 8EE9     		.short	-5746
 166 0096 AFF9     		.short	-1617
 167 0098 4889     		.short	-30392
 168 009a 6999     		.short	-26263
 169 009c 0AA9     		.short	-22262
 170 009e 2BB9     		.short	-18133
 171 00a0 F55A     		.short	23285
 172 00a2 D44A     		.short	19156
 173 00a4 B77A     		.short	31415
 174 00a6 966A     		.short	27286
 175 00a8 711A     		.short	6769
 176 00aa 500A     		.short	2640
 177 00ac 333A     		.short	14899
 178 00ae 122A     		.short	10770
 179 00b0 FDDB     		.short	-9219
 180 00b2 DCCB     		.short	-13348
 181 00b4 BFFB     		.short	-1089
 182 00b6 9EEB     		.short	-5218
 183 00b8 799B     		.short	-25735
 184 00ba 588B     		.short	-29864
 185 00bc 3BBB     		.short	-17605
 186 00be 1AAB     		.short	-21734
 187 00c0 A66C     		.short	27814
 188 00c2 877C     		.short	31879
 189 00c4 E44C     		.short	19684
 190 00c6 C55C     		.short	23749
 191 00c8 222C     		.short	11298
 192 00ca 033C     		.short	15363
 193 00cc 600C     		.short	3168
 194 00ce 411C     		.short	7233
 195 00d0 AEED     		.short	-4690
 196 00d2 8FFD     		.short	-625
 197 00d4 ECCD     		.short	-12820
 198 00d6 CDDD     		.short	-8755
 199 00d8 2AAD     		.short	-21206
 200 00da 0BBD     		.short	-17141
 201 00dc 688D     		.short	-29336
 202 00de 499D     		.short	-25271
 203 00e0 977E     		.short	32407
ARM GAS  C:\Users\²Ü¼ÒºÀ\AppData\Local\Temp\ccLywvwl.s 			page 6


 204 00e2 B66E     		.short	28342
 205 00e4 D55E     		.short	24277
 206 00e6 F44E     		.short	20212
 207 00e8 133E     		.short	15891
 208 00ea 322E     		.short	11826
 209 00ec 511E     		.short	7761
 210 00ee 700E     		.short	3696
 211 00f0 9FFF     		.short	-97
 212 00f2 BEEF     		.short	-4162
 213 00f4 DDDF     		.short	-8227
 214 00f6 FCCF     		.short	-12292
 215 00f8 1BBF     		.short	-16613
 216 00fa 3AAF     		.short	-20678
 217 00fc 599F     		.short	-24743
 218 00fe 788F     		.short	-28808
 219 0100 8891     		.short	-28280
 220 0102 A981     		.short	-32343
 221 0104 CAB1     		.short	-20022
 222 0106 EBA1     		.short	-24085
 223 0108 0CD1     		.short	-12020
 224 010a 2DC1     		.short	-16083
 225 010c 4EF1     		.short	-3762
 226 010e 6FE1     		.short	-7825
 227 0110 8010     		.short	4224
 228 0112 A100     		.short	161
 229 0114 C230     		.short	12482
 230 0116 E320     		.short	8419
 231 0118 0450     		.short	20484
 232 011a 2540     		.short	16421
 233 011c 4670     		.short	28742
 234 011e 6760     		.short	24679
 235 0120 B983     		.short	-31815
 236 0122 9893     		.short	-27752
 237 0124 FBA3     		.short	-23557
 238 0126 DAB3     		.short	-19494
 239 0128 3DC3     		.short	-15555
 240 012a 1CD3     		.short	-11492
 241 012c 7FE3     		.short	-7297
 242 012e 5EF3     		.short	-3234
 243 0130 B102     		.short	689
 244 0132 9012     		.short	4752
 245 0134 F322     		.short	8947
 246 0136 D232     		.short	13010
 247 0138 3542     		.short	16949
 248 013a 1452     		.short	21012
 249 013c 7762     		.short	25207
 250 013e 5672     		.short	29270
 251 0140 EAB5     		.short	-18966
 252 0142 CBA5     		.short	-23093
 253 0144 A895     		.short	-27224
 254 0146 8985     		.short	-31351
 255 0148 6EF5     		.short	-2706
 256 014a 4FE5     		.short	-6833
 257 014c 2CD5     		.short	-10964
 258 014e 0DC5     		.short	-15091
 259 0150 E234     		.short	13538
 260 0152 C324     		.short	9411
ARM GAS  C:\Users\²Ü¼ÒºÀ\AppData\Local\Temp\ccLywvwl.s 			page 7


 261 0154 A014     		.short	5280
 262 0156 8104     		.short	1153
 263 0158 6674     		.short	29798
 264 015a 4764     		.short	25671
 265 015c 2454     		.short	21540
 266 015e 0544     		.short	17413
 267 0160 DBA7     		.short	-22565
 268 0162 FAB7     		.short	-18438
 269 0164 9987     		.short	-30823
 270 0166 B897     		.short	-26696
 271 0168 5FE7     		.short	-6305
 272 016a 7EF7     		.short	-2178
 273 016c 1DC7     		.short	-14563
 274 016e 3CD7     		.short	-10436
 275 0170 D326     		.short	9939
 276 0172 F236     		.short	14066
 277 0174 9106     		.short	1681
 278 0176 B016     		.short	5808
 279 0178 5766     		.short	26199
 280 017a 7676     		.short	30326
 281 017c 1546     		.short	17941
 282 017e 3456     		.short	22068
 283 0180 4CD9     		.short	-9908
 284 0182 6DC9     		.short	-13971
 285 0184 0EF9     		.short	-1778
 286 0186 2FE9     		.short	-5841
 287 0188 C899     		.short	-26168
 288 018a E989     		.short	-30231
 289 018c 8AB9     		.short	-18038
 290 018e ABA9     		.short	-22101
 291 0190 4458     		.short	22596
 292 0192 6548     		.short	18533
 293 0194 0678     		.short	30726
 294 0196 2768     		.short	26663
 295 0198 C018     		.short	6336
 296 019a E108     		.short	2273
 297 019c 8238     		.short	14466
 298 019e A328     		.short	10403
 299 01a0 7DCB     		.short	-13443
 300 01a2 5CDB     		.short	-9380
 301 01a4 3FEB     		.short	-5313
 302 01a6 1EFB     		.short	-1250
 303 01a8 F98B     		.short	-29703
 304 01aa D89B     		.short	-25640
 305 01ac BBAB     		.short	-21573
 306 01ae 9ABB     		.short	-17510
 307 01b0 754A     		.short	19061
 308 01b2 545A     		.short	23124
 309 01b4 376A     		.short	27191
 310 01b6 167A     		.short	31254
 311 01b8 F10A     		.short	2801
 312 01ba D01A     		.short	6864
 313 01bc B32A     		.short	10931
 314 01be 923A     		.short	14994
 315 01c0 2EFD     		.short	-722
 316 01c2 0FED     		.short	-4849
 317 01c4 6CDD     		.short	-8852
ARM GAS  C:\Users\²Ü¼ÒºÀ\AppData\Local\Temp\ccLywvwl.s 			page 8


 318 01c6 4DCD     		.short	-12979
 319 01c8 AABD     		.short	-16982
 320 01ca 8BAD     		.short	-21109
 321 01cc E89D     		.short	-25112
 322 01ce C98D     		.short	-29239
 323 01d0 267C     		.short	31782
 324 01d2 076C     		.short	27655
 325 01d4 645C     		.short	23652
 326 01d6 454C     		.short	19525
 327 01d8 A23C     		.short	15522
 328 01da 832C     		.short	11395
 329 01dc E01C     		.short	7392
 330 01de C10C     		.short	3265
 331 01e0 1FEF     		.short	-4321
 332 01e2 3EFF     		.short	-194
 333 01e4 5DCF     		.short	-12451
 334 01e6 7CDF     		.short	-8324
 335 01e8 9BAF     		.short	-20581
 336 01ea BABF     		.short	-16454
 337 01ec D98F     		.short	-28711
 338 01ee F89F     		.short	-24584
 339 01f0 176E     		.short	28183
 340 01f2 367E     		.short	32310
 341 01f4 554E     		.short	20053
 342 01f6 745E     		.short	24180
 343 01f8 932E     		.short	11923
 344 01fa B23E     		.short	16050
 345 01fc D10E     		.short	3793
 346 01fe F01E     		.short	7920
 347              		.text
 348              	.Letext0:
 349              		.file 2 "c:\\users\\\262\334\274\322\272\300\\.iotlink\\tools\\gcc-arm-none-eabi\\arm-none-eabi\\i
 350              		.file 3 "c:\\users\\\262\334\274\322\272\300\\.iotlink\\tools\\gcc-arm-none-eabi\\arm-none-eabi\\i
ARM GAS  C:\Users\²Ü¼ÒºÀ\AppData\Local\Temp\ccLywvwl.s 			page 9


DEFINED SYMBOLS
                            *ABS*:00000000 crc16.c
C:\Users\²Ü¼ÒºÀ\AppData\Local\Temp\ccLywvwl.s:18     .text.calc_crc16:00000000 $t
C:\Users\²Ü¼ÒºÀ\AppData\Local\Temp\ccLywvwl.s:26     .text.calc_crc16:00000000 calc_crc16
C:\Users\²Ü¼ÒºÀ\AppData\Local\Temp\ccLywvwl.s:80     .text.calc_crc16:00000020 $d
C:\Users\²Ü¼ÒºÀ\AppData\Local\Temp\ccLywvwl.s:90     .data.crc16_ccitt_table:00000000 crc16_ccitt_table
C:\Users\²Ü¼ÒºÀ\AppData\Local\Temp\ccLywvwl.s:86     .data.crc16_ccitt_table:00000000 $d

NO UNDEFINED SYMBOLS
