ARM GAS  C:\Users\²Ü¼ÒºÀ\AppData\Local\Temp\ccrx95Pa.s 			page 1


   1              		.cpu cortex-m4
   2              		.eabi_attribute 27, 1
   3              		.eabi_attribute 28, 1
   4              		.eabi_attribute 20, 1
   5              		.eabi_attribute 21, 1
   6              		.eabi_attribute 23, 3
   7              		.eabi_attribute 24, 1
   8              		.eabi_attribute 25, 1
   9              		.eabi_attribute 26, 1
  10              		.eabi_attribute 30, 4
  11              		.eabi_attribute 34, 1
  12              		.eabi_attribute 18, 4
  13              		.file	"los_err.c"
  14              		.text
  15              	.Ltext0:
  16              		.cfi_sections	.debug_frame
  17              		.section	.text.LOS_ErrHandle,"ax",%progbits
  18              		.align	1
  19              		.global	LOS_ErrHandle
  20              		.arch armv7e-m
  21              		.syntax unified
  22              		.thumb
  23              		.thumb_func
  24              		.fpu fpv4-sp-d16
  26              	LOS_ErrHandle:
  27              	.LVL0:
  28              	.LFB287:
  29              		.file 1 "C:/Users/\262\334\274\322\272\300/.iotlink/sdk/IoT_LINK/iot_link/os/liteos/base/om/los_er
   1:C:/Users/²Ü¼ÒºÀ/.iotlink/sdk/IoT_LINK/iot_link/os/liteos/base/om\los_err.c **** /*----------------------------------------------------------------------------
   2:C:/Users/²Ü¼ÒºÀ/.iotlink/sdk/IoT_LINK/iot_link/os/liteos/base/om\los_err.c ****  * Copyright (c) <2013-2015>, <Huawei Technologies Co., Ltd>
   3:C:/Users/²Ü¼ÒºÀ/.iotlink/sdk/IoT_LINK/iot_link/os/liteos/base/om\los_err.c ****  * All rights reserved.
   4:C:/Users/²Ü¼ÒºÀ/.iotlink/sdk/IoT_LINK/iot_link/os/liteos/base/om\los_err.c ****  * Redistribution and use in source and binary forms, with or without modification,
   5:C:/Users/²Ü¼ÒºÀ/.iotlink/sdk/IoT_LINK/iot_link/os/liteos/base/om\los_err.c ****  * are permitted provided that the following conditions are met:
   6:C:/Users/²Ü¼ÒºÀ/.iotlink/sdk/IoT_LINK/iot_link/os/liteos/base/om\los_err.c ****  * 1. Redistributions of source code must retain the above copyright notice, this list of
   7:C:/Users/²Ü¼ÒºÀ/.iotlink/sdk/IoT_LINK/iot_link/os/liteos/base/om\los_err.c ****  * conditions and the following disclaimer.
   8:C:/Users/²Ü¼ÒºÀ/.iotlink/sdk/IoT_LINK/iot_link/os/liteos/base/om\los_err.c ****  * 2. Redistributions in binary form must reproduce the above copyright notice, this list
   9:C:/Users/²Ü¼ÒºÀ/.iotlink/sdk/IoT_LINK/iot_link/os/liteos/base/om\los_err.c ****  * of conditions and the following disclaimer in the documentation and/or other materials
  10:C:/Users/²Ü¼ÒºÀ/.iotlink/sdk/IoT_LINK/iot_link/os/liteos/base/om\los_err.c ****  * provided with the distribution.
  11:C:/Users/²Ü¼ÒºÀ/.iotlink/sdk/IoT_LINK/iot_link/os/liteos/base/om\los_err.c ****  * 3. Neither the name of the copyright holder nor the names of its contributors may be used
  12:C:/Users/²Ü¼ÒºÀ/.iotlink/sdk/IoT_LINK/iot_link/os/liteos/base/om\los_err.c ****  * to endorse or promote products derived from this software without specific prior written
  13:C:/Users/²Ü¼ÒºÀ/.iotlink/sdk/IoT_LINK/iot_link/os/liteos/base/om\los_err.c ****  * permission.
  14:C:/Users/²Ü¼ÒºÀ/.iotlink/sdk/IoT_LINK/iot_link/os/liteos/base/om\los_err.c ****  * THIS SOFTWARE IS PROVIDED BY THE COPYRIGHT HOLDERS AND CONTRIBUTORS
  15:C:/Users/²Ü¼ÒºÀ/.iotlink/sdk/IoT_LINK/iot_link/os/liteos/base/om\los_err.c ****  * "AS IS" AND ANY EXPRESS OR IMPLIED WARRANTIES, INCLUDING, BUT NOT LIMITED TO,
  16:C:/Users/²Ü¼ÒºÀ/.iotlink/sdk/IoT_LINK/iot_link/os/liteos/base/om\los_err.c ****  * THE IMPLIED WARRANTIES OF MERCHANTABILITY AND FITNESS FOR A PARTICULAR
  17:C:/Users/²Ü¼ÒºÀ/.iotlink/sdk/IoT_LINK/iot_link/os/liteos/base/om\los_err.c ****  * PURPOSE ARE DISCLAIMED. IN NO EVENT SHALL THE COPYRIGHT HOLDER OR
  18:C:/Users/²Ü¼ÒºÀ/.iotlink/sdk/IoT_LINK/iot_link/os/liteos/base/om\los_err.c ****  * CONTRIBUTORS BE LIABLE FOR ANY DIRECT, INDIRECT, INCIDENTAL, SPECIAL,
  19:C:/Users/²Ü¼ÒºÀ/.iotlink/sdk/IoT_LINK/iot_link/os/liteos/base/om\los_err.c ****  * EXEMPLARY, OR CONSEQUENTIAL DAMAGES (INCLUDING, BUT NOT LIMITED TO,
  20:C:/Users/²Ü¼ÒºÀ/.iotlink/sdk/IoT_LINK/iot_link/os/liteos/base/om\los_err.c ****  * PROCUREMENT OF SUBSTITUTE GOODS OR SERVICES; LOSS OF USE, DATA, OR PROFITS;
  21:C:/Users/²Ü¼ÒºÀ/.iotlink/sdk/IoT_LINK/iot_link/os/liteos/base/om\los_err.c ****  * OR BUSINESS INTERRUPTION) HOWEVER CAUSED AND ON ANY THEORY OF LIABILITY,
  22:C:/Users/²Ü¼ÒºÀ/.iotlink/sdk/IoT_LINK/iot_link/os/liteos/base/om\los_err.c ****  * WHETHER IN CONTRACT, STRICT LIABILITY, OR TORT (INCLUDING NEGLIGENCE OR
  23:C:/Users/²Ü¼ÒºÀ/.iotlink/sdk/IoT_LINK/iot_link/os/liteos/base/om\los_err.c ****  * OTHERWISE) ARISING IN ANY WAY OUT OF THE USE OF THIS SOFTWARE, EVEN IF
  24:C:/Users/²Ü¼ÒºÀ/.iotlink/sdk/IoT_LINK/iot_link/os/liteos/base/om\los_err.c ****  * ADVISED OF THE POSSIBILITY OF SUCH DAMAGE.
  25:C:/Users/²Ü¼ÒºÀ/.iotlink/sdk/IoT_LINK/iot_link/os/liteos/base/om\los_err.c ****  *---------------------------------------------------------------------------*/
  26:C:/Users/²Ü¼ÒºÀ/.iotlink/sdk/IoT_LINK/iot_link/os/liteos/base/om\los_err.c **** /*----------------------------------------------------------------------------
  27:C:/Users/²Ü¼ÒºÀ/.iotlink/sdk/IoT_LINK/iot_link/os/liteos/base/om\los_err.c ****  * Notice of Export Control Law
  28:C:/Users/²Ü¼ÒºÀ/.iotlink/sdk/IoT_LINK/iot_link/os/liteos/base/om\los_err.c ****  * ===============================================
  29:C:/Users/²Ü¼ÒºÀ/.iotlink/sdk/IoT_LINK/iot_link/os/liteos/base/om\los_err.c ****  * Huawei LiteOS may be subject to applicable export control laws and regulations, which might
ARM GAS  C:\Users\²Ü¼ÒºÀ\AppData\Local\Temp\ccrx95Pa.s 			page 2


  30:C:/Users/²Ü¼ÒºÀ/.iotlink/sdk/IoT_LINK/iot_link/os/liteos/base/om\los_err.c ****  * include those applicable to Huawei LiteOS of U.S. and the country in which you are located.
  31:C:/Users/²Ü¼ÒºÀ/.iotlink/sdk/IoT_LINK/iot_link/os/liteos/base/om\los_err.c ****  * Import, export and usage of Huawei LiteOS in any manner by you shall be in compliance with such
  32:C:/Users/²Ü¼ÒºÀ/.iotlink/sdk/IoT_LINK/iot_link/os/liteos/base/om\los_err.c ****  * applicable export control laws and regulations.
  33:C:/Users/²Ü¼ÒºÀ/.iotlink/sdk/IoT_LINK/iot_link/os/liteos/base/om\los_err.c ****  *---------------------------------------------------------------------------*/
  34:C:/Users/²Ü¼ÒºÀ/.iotlink/sdk/IoT_LINK/iot_link/os/liteos/base/om\los_err.c **** 
  35:C:/Users/²Ü¼ÒºÀ/.iotlink/sdk/IoT_LINK/iot_link/os/liteos/base/om\los_err.c **** #include "los_err.inc"
  36:C:/Users/²Ü¼ÒºÀ/.iotlink/sdk/IoT_LINK/iot_link/os/liteos/base/om\los_err.c **** 
  37:C:/Users/²Ü¼ÒºÀ/.iotlink/sdk/IoT_LINK/iot_link/os/liteos/base/om\los_err.c **** #ifdef __cplusplus
  38:C:/Users/²Ü¼ÒºÀ/.iotlink/sdk/IoT_LINK/iot_link/os/liteos/base/om\los_err.c **** #if __cplusplus
  39:C:/Users/²Ü¼ÒºÀ/.iotlink/sdk/IoT_LINK/iot_link/os/liteos/base/om\los_err.c **** extern "C" {
  40:C:/Users/²Ü¼ÒºÀ/.iotlink/sdk/IoT_LINK/iot_link/os/liteos/base/om\los_err.c **** #endif /* __cplusplus */
  41:C:/Users/²Ü¼ÒºÀ/.iotlink/sdk/IoT_LINK/iot_link/os/liteos/base/om\los_err.c **** #endif /* __cplusplus */
  42:C:/Users/²Ü¼ÒºÀ/.iotlink/sdk/IoT_LINK/iot_link/os/liteos/base/om\los_err.c **** 
  43:C:/Users/²Ü¼ÒºÀ/.iotlink/sdk/IoT_LINK/iot_link/os/liteos/base/om\los_err.c **** LITE_OS_SEC_BSS USER_ERR_FUNC_S      g_stUserErrFunc;
  44:C:/Users/²Ü¼ÒºÀ/.iotlink/sdk/IoT_LINK/iot_link/os/liteos/base/om\los_err.c **** 
  45:C:/Users/²Ü¼ÒºÀ/.iotlink/sdk/IoT_LINK/iot_link/os/liteos/base/om\los_err.c **** /*****************************************************************************
  46:C:/Users/²Ü¼ÒºÀ/.iotlink/sdk/IoT_LINK/iot_link/os/liteos/base/om\los_err.c **** Function   : LOS_ErrHandle
  47:C:/Users/²Ü¼ÒºÀ/.iotlink/sdk/IoT_LINK/iot_link/os/liteos/base/om\los_err.c **** Description: Error handle
  48:C:/Users/²Ü¼ÒºÀ/.iotlink/sdk/IoT_LINK/iot_link/os/liteos/base/om\los_err.c **** Input   : pcFileName
  49:C:/Users/²Ü¼ÒºÀ/.iotlink/sdk/IoT_LINK/iot_link/os/liteos/base/om\los_err.c ****           uwLineNo    -- error line number
  50:C:/Users/²Ü¼ÒºÀ/.iotlink/sdk/IoT_LINK/iot_link/os/liteos/base/om\los_err.c ****           uwErrorNo   -- user defined error number
  51:C:/Users/²Ü¼ÒºÀ/.iotlink/sdk/IoT_LINK/iot_link/os/liteos/base/om\los_err.c ****           uwParaLen   -- length of pPara
  52:C:/Users/²Ü¼ÒºÀ/.iotlink/sdk/IoT_LINK/iot_link/os/liteos/base/om\los_err.c ****           pPara       -- user description of error
  53:C:/Users/²Ü¼ÒºÀ/.iotlink/sdk/IoT_LINK/iot_link/os/liteos/base/om\los_err.c **** Output  :
  54:C:/Users/²Ü¼ÒºÀ/.iotlink/sdk/IoT_LINK/iot_link/os/liteos/base/om\los_err.c **** Return  : uwErrorNo   -- user defined error number
  55:C:/Users/²Ü¼ÒºÀ/.iotlink/sdk/IoT_LINK/iot_link/os/liteos/base/om\los_err.c **** Other   : None
  56:C:/Users/²Ü¼ÒºÀ/.iotlink/sdk/IoT_LINK/iot_link/os/liteos/base/om\los_err.c **** *****************************************************************************/
  57:C:/Users/²Ü¼ÒºÀ/.iotlink/sdk/IoT_LINK/iot_link/os/liteos/base/om\los_err.c **** LITE_OS_SEC_TEXT_INIT UINT32 LOS_ErrHandle( CHAR *pcFileName,
  58:C:/Users/²Ü¼ÒºÀ/.iotlink/sdk/IoT_LINK/iot_link/os/liteos/base/om\los_err.c ****                                      UINT32 uwLineNo,
  59:C:/Users/²Ü¼ÒºÀ/.iotlink/sdk/IoT_LINK/iot_link/os/liteos/base/om\los_err.c ****                                      UINT32 uwErrorNo,
  60:C:/Users/²Ü¼ÒºÀ/.iotlink/sdk/IoT_LINK/iot_link/os/liteos/base/om\los_err.c ****                                      UINT32 uwParaLen,
  61:C:/Users/²Ü¼ÒºÀ/.iotlink/sdk/IoT_LINK/iot_link/os/liteos/base/om\los_err.c ****                                      VOID  *pPara)
  62:C:/Users/²Ü¼ÒºÀ/.iotlink/sdk/IoT_LINK/iot_link/os/liteos/base/om\los_err.c **** {
  30              		.loc 1 62 1 view -0
  31              		.cfi_startproc
  32              		@ args = 4, pretend = 0, frame = 0
  33              		@ frame_needed = 0, uses_anonymous_args = 0
  63:C:/Users/²Ü¼ÒºÀ/.iotlink/sdk/IoT_LINK/iot_link/os/liteos/base/om\los_err.c **** 
  64:C:/Users/²Ü¼ÒºÀ/.iotlink/sdk/IoT_LINK/iot_link/os/liteos/base/om\los_err.c ****     if (NULL != g_stUserErrFunc.pfnHook)
  34              		.loc 1 64 5 view .LVU1
  62:C:/Users/²Ü¼ÒºÀ/.iotlink/sdk/IoT_LINK/iot_link/os/liteos/base/om\los_err.c **** 
  35              		.loc 1 62 1 is_stmt 0 view .LVU2
  36 0000 37B5     		push	{r0, r1, r2, r4, r5, lr}
  37              	.LCFI0:
  38              		.cfi_def_cfa_offset 24
  39              		.cfi_offset 4, -12
  40              		.cfi_offset 5, -8
  41              		.cfi_offset 14, -4
  42              		.loc 1 64 32 view .LVU3
  43 0002 044C     		ldr	r4, .L6
  44 0004 2468     		ldr	r4, [r4]
  45              		.loc 1 64 8 view .LVU4
  46 0006 14B1     		cbz	r4, .L2
  65:C:/Users/²Ü¼ÒºÀ/.iotlink/sdk/IoT_LINK/iot_link/os/liteos/base/om\los_err.c ****     {
  66:C:/Users/²Ü¼ÒºÀ/.iotlink/sdk/IoT_LINK/iot_link/os/liteos/base/om\los_err.c ****         g_stUserErrFunc.pfnHook(pcFileName, uwLineNo, uwErrorNo, uwParaLen, pPara);
  47              		.loc 1 66 9 is_stmt 1 view .LVU5
  48 0008 069D     		ldr	r5, [sp, #24]
ARM GAS  C:\Users\²Ü¼ÒºÀ\AppData\Local\Temp\ccrx95Pa.s 			page 3


  49 000a 0095     		str	r5, [sp]
  50 000c A047     		blx	r4
  51              	.LVL1:
  52              	.L2:
  67:C:/Users/²Ü¼ÒºÀ/.iotlink/sdk/IoT_LINK/iot_link/os/liteos/base/om\los_err.c ****     }
  68:C:/Users/²Ü¼ÒºÀ/.iotlink/sdk/IoT_LINK/iot_link/os/liteos/base/om\los_err.c **** 
  69:C:/Users/²Ü¼ÒºÀ/.iotlink/sdk/IoT_LINK/iot_link/os/liteos/base/om\los_err.c ****     if (OS_ERR_MAGIC_WORD != uwLineNo)
  53              		.loc 1 69 5 view .LVU6
  70:C:/Users/²Ü¼ÒºÀ/.iotlink/sdk/IoT_LINK/iot_link/os/liteos/base/om\los_err.c ****     {
  71:C:/Users/²Ü¼ÒºÀ/.iotlink/sdk/IoT_LINK/iot_link/os/liteos/base/om\los_err.c ****         return LOS_OK;
  72:C:/Users/²Ü¼ÒºÀ/.iotlink/sdk/IoT_LINK/iot_link/os/liteos/base/om\los_err.c ****     }
  73:C:/Users/²Ü¼ÒºÀ/.iotlink/sdk/IoT_LINK/iot_link/os/liteos/base/om\los_err.c **** 
  74:C:/Users/²Ü¼ÒºÀ/.iotlink/sdk/IoT_LINK/iot_link/os/liteos/base/om\los_err.c ****     return LOS_OK;
  75:C:/Users/²Ü¼ÒºÀ/.iotlink/sdk/IoT_LINK/iot_link/os/liteos/base/om\los_err.c **** }
  54              		.loc 1 75 1 is_stmt 0 view .LVU7
  55 000e 0020     		movs	r0, #0
  56 0010 03B0     		add	sp, sp, #12
  57              	.LCFI1:
  58              		.cfi_def_cfa_offset 12
  59              		@ sp needed
  60 0012 30BD     		pop	{r4, r5, pc}
  61              	.LVL2:
  62              	.L7:
  63              		.loc 1 75 1 view .LVU8
  64              		.align	2
  65              	.L6:
  66 0014 00000000 		.word	g_stUserErrFunc
  67              		.cfi_endproc
  68              	.LFE287:
  70              		.comm	g_stUserErrFunc,4,4
  71              		.text
  72              	.Letext0:
  73              		.file 2 "c:\\users\\\262\334\274\322\272\300\\.iotlink\\tools\\gcc-arm-none-eabi\\arm-none-eabi\\i
  74              		.file 3 "c:\\users\\\262\334\274\322\272\300\\.iotlink\\tools\\gcc-arm-none-eabi\\arm-none-eabi\\i
  75              		.file 4 "c:\\users\\\262\334\274\322\272\300\\.iotlink\\tools\\gcc-arm-none-eabi\\arm-none-eabi\\i
  76              		.file 5 "c:\\users\\\262\334\274\322\272\300\\.iotlink\\tools\\gcc-arm-none-eabi\\lib\\gcc\\arm-no
  77              		.file 6 "c:\\users\\\262\334\274\322\272\300\\.iotlink\\tools\\gcc-arm-none-eabi\\arm-none-eabi\\i
  78              		.file 7 "C:/Users/\262\334\274\322\272\300/.iotlink/sdk/IoT_LINK/iot_link/os/liteos/include/los_ty
  79              		.file 8 "c:\\users\\\262\334\274\322\272\300\\.iotlink\\tools\\gcc-arm-none-eabi\\arm-none-eabi\\i
  80              		.file 9 "C:/Users/\262\334\274\322\272\300/.iotlink/sdk/IoT_LINK/iot_link/os/liteos/arch/arm/commo
  81              		.file 10 "d:/liteos/code/WIFI2/Inc/system_stm32l4xx.h"
  82              		.file 11 "C:/Users/\262\334\274\322\272\300/.iotlink/sdk/IoT_LINK/iot_link/os/liteos/arch/arm/arm-
  83              		.file 12 "C:/Users/\262\334\274\322\272\300/.iotlink/sdk/IoT_LINK/iot_link/os/liteos/include/los_c
  84              		.file 13 "C:/Users/\262\334\274\322\272\300/.iotlink/sdk/IoT_LINK/iot_link/os/liteos/include/los_e
ARM GAS  C:\Users\²Ü¼ÒºÀ\AppData\Local\Temp\ccrx95Pa.s 			page 4


DEFINED SYMBOLS
                            *ABS*:00000000 los_err.c
C:\Users\²Ü¼ÒºÀ\AppData\Local\Temp\ccrx95Pa.s:18     .text.LOS_ErrHandle:00000000 $t
C:\Users\²Ü¼ÒºÀ\AppData\Local\Temp\ccrx95Pa.s:26     .text.LOS_ErrHandle:00000000 LOS_ErrHandle
C:\Users\²Ü¼ÒºÀ\AppData\Local\Temp\ccrx95Pa.s:66     .text.LOS_ErrHandle:00000014 $d
                            *COM*:00000004 g_stUserErrFunc

NO UNDEFINED SYMBOLS
