ARM GAS  C:\Users\²Ü¼ÒºÀ\AppData\Local\Temp\cciVwuls.s 			page 1


   1              		.cpu cortex-m4
   2              		.eabi_attribute 27, 1
   3              		.eabi_attribute 28, 1
   4              		.eabi_attribute 20, 1
   5              		.eabi_attribute 21, 1
   6              		.eabi_attribute 23, 3
   7              		.eabi_attribute 24, 1
   8              		.eabi_attribute 25, 1
   9              		.eabi_attribute 26, 1
  10              		.eabi_attribute 30, 4
  11              		.eabi_attribute 34, 1
  12              		.eabi_attribute 18, 4
  13              		.file	"hal_rng.c"
  14              		.text
  15              	.Ltext0:
  16              		.cfi_sections	.debug_frame
  17              		.section	.text.hal_rng_config,"ax",%progbits
  18              		.align	1
  19              		.global	hal_rng_config
  20              		.arch armv7e-m
  21              		.syntax unified
  22              		.thumb
  23              		.thumb_func
  24              		.fpu fpv4-sp-d16
  26              	hal_rng_config:
  27              	.LFB287:
  28              		.file 1 "d:/liteos/code/WIFI2/Hardware/Src/hal_rng.c"
   1:d:/liteos/code/WIFI2/Hardware/Src\hal_rng.c **** /*----------------------------------------------------------------------------
   2:d:/liteos/code/WIFI2/Hardware/Src\hal_rng.c ****  * Copyright (c) <2016-2018>, <Huawei Technologies Co., Ltd>
   3:d:/liteos/code/WIFI2/Hardware/Src\hal_rng.c ****  * All rights reserved.
   4:d:/liteos/code/WIFI2/Hardware/Src\hal_rng.c ****  * Redistribution and use in source and binary forms, with or without modification,
   5:d:/liteos/code/WIFI2/Hardware/Src\hal_rng.c ****  * are permitted provided that the following conditions are met:
   6:d:/liteos/code/WIFI2/Hardware/Src\hal_rng.c ****  * 1. Redistributions of source code must retain the above copyright notice, this list of
   7:d:/liteos/code/WIFI2/Hardware/Src\hal_rng.c ****  * conditions and the following disclaimer.
   8:d:/liteos/code/WIFI2/Hardware/Src\hal_rng.c ****  * 2. Redistributions in binary form must reproduce the above copyright notice, this list
   9:d:/liteos/code/WIFI2/Hardware/Src\hal_rng.c ****  * of conditions and the following disclaimer in the documentation and/or other materials
  10:d:/liteos/code/WIFI2/Hardware/Src\hal_rng.c ****  * provided with the distribution.
  11:d:/liteos/code/WIFI2/Hardware/Src\hal_rng.c ****  * 3. Neither the name of the copyright holder nor the names of its contributors may be used
  12:d:/liteos/code/WIFI2/Hardware/Src\hal_rng.c ****  * to endorse or promote products derived from this software without specific prior written
  13:d:/liteos/code/WIFI2/Hardware/Src\hal_rng.c ****  * permission.
  14:d:/liteos/code/WIFI2/Hardware/Src\hal_rng.c ****  * THIS SOFTWARE IS PROVIDED BY THE COPYRIGHT HOLDERS AND CONTRIBUTORS
  15:d:/liteos/code/WIFI2/Hardware/Src\hal_rng.c ****  * "AS IS" AND ANY EXPRESS OR IMPLIED WARRANTIES, INCLUDING, BUT NOT LIMITED TO,
  16:d:/liteos/code/WIFI2/Hardware/Src\hal_rng.c ****  * THE IMPLIED WARRANTIES OF MERCHANTABILITY AND FITNESS FOR A PARTICULAR
  17:d:/liteos/code/WIFI2/Hardware/Src\hal_rng.c ****  * PURPOSE ARE DISCLAIMED. IN NO EVENT SHALL THE COPYRIGHT HOLDER OR
  18:d:/liteos/code/WIFI2/Hardware/Src\hal_rng.c ****  * CONTRIBUTORS BE LIABLE FOR ANY DIRECT, INDIRECT, INCIDENTAL, SPECIAL,
  19:d:/liteos/code/WIFI2/Hardware/Src\hal_rng.c ****  * EXEMPLARY, OR CONSEQUENTIAL DAMAGES (INCLUDING, BUT NOT LIMITED TO,
  20:d:/liteos/code/WIFI2/Hardware/Src\hal_rng.c ****  * PROCUREMENT OF SUBSTITUTE GOODS OR SERVICES; LOSS OF USE, DATA, OR PROFITS;
  21:d:/liteos/code/WIFI2/Hardware/Src\hal_rng.c ****  * OR BUSINESS INTERRUPTION) HOWEVER CAUSED AND ON ANY THEORY OF LIABILITY,
  22:d:/liteos/code/WIFI2/Hardware/Src\hal_rng.c ****  * WHETHER IN CONTRACT, STRICT LIABILITY, OR TORT (INCLUDING NEGLIGENCE OR
  23:d:/liteos/code/WIFI2/Hardware/Src\hal_rng.c ****  * OTHERWISE) ARISING IN ANY WAY OUT OF THE USE OF THIS SOFTWARE, EVEN IF
  24:d:/liteos/code/WIFI2/Hardware/Src\hal_rng.c ****  * ADVISED OF THE POSSIBILITY OF SUCH DAMAGE.
  25:d:/liteos/code/WIFI2/Hardware/Src\hal_rng.c ****  *---------------------------------------------------------------------------*/
  26:d:/liteos/code/WIFI2/Hardware/Src\hal_rng.c **** /*----------------------------------------------------------------------------
  27:d:/liteos/code/WIFI2/Hardware/Src\hal_rng.c ****  * Notice of Export Control Law
  28:d:/liteos/code/WIFI2/Hardware/Src\hal_rng.c ****  * ===============================================
  29:d:/liteos/code/WIFI2/Hardware/Src\hal_rng.c ****  * Huawei LiteOS may be subject to applicable export control laws and regulations, which might
  30:d:/liteos/code/WIFI2/Hardware/Src\hal_rng.c ****  * include those applicable to Huawei LiteOS of U.S. and the country in which you are located.
ARM GAS  C:\Users\²Ü¼ÒºÀ\AppData\Local\Temp\cciVwuls.s 			page 2


  31:d:/liteos/code/WIFI2/Hardware/Src\hal_rng.c ****  * Import, export and usage of Huawei LiteOS in any manner by you shall be in compliance with such
  32:d:/liteos/code/WIFI2/Hardware/Src\hal_rng.c ****  * applicable export control laws and regulations.
  33:d:/liteos/code/WIFI2/Hardware/Src\hal_rng.c ****  *---------------------------------------------------------------------------*/
  34:d:/liteos/code/WIFI2/Hardware/Src\hal_rng.c **** 
  35:d:/liteos/code/WIFI2/Hardware/Src\hal_rng.c **** #include <string.h>
  36:d:/liteos/code/WIFI2/Hardware/Src\hal_rng.c **** #include "hal_rng.h"
  37:d:/liteos/code/WIFI2/Hardware/Src\hal_rng.c **** #include "stm32l4xx.h"
  38:d:/liteos/code/WIFI2/Hardware/Src\hal_rng.c **** #include "stm32l4xx_hal_rng.h"
  39:d:/liteos/code/WIFI2/Hardware/Src\hal_rng.c **** 
  40:d:/liteos/code/WIFI2/Hardware/Src\hal_rng.c **** #ifdef HAL_RNG_MODULE_ENABLED
  41:d:/liteos/code/WIFI2/Hardware/Src\hal_rng.c **** 
  42:d:/liteos/code/WIFI2/Hardware/Src\hal_rng.c **** RNG_HandleTypeDef g_rng_handle;
  43:d:/liteos/code/WIFI2/Hardware/Src\hal_rng.c **** 
  44:d:/liteos/code/WIFI2/Hardware/Src\hal_rng.c **** void hal_rng_config(void)
  45:d:/liteos/code/WIFI2/Hardware/Src\hal_rng.c **** {
  29              		.loc 1 45 1 view -0
  30              		.cfi_startproc
  31              		@ args = 0, pretend = 0, frame = 8
  32              		@ frame_needed = 0, uses_anonymous_args = 0
  33              		@ link register save eliminated.
  46:d:/liteos/code/WIFI2/Hardware/Src\hal_rng.c ****     __HAL_RCC_RNG_CLK_ENABLE();
  34              		.loc 1 46 5 view .LVU1
  35              	.LBB2:
  36              		.loc 1 46 5 view .LVU2
  37              		.loc 1 46 5 view .LVU3
  38 0000 084B     		ldr	r3, .L2
  39              	.LBE2:
  47:d:/liteos/code/WIFI2/Hardware/Src\hal_rng.c ****     g_rng_handle.Instance = RNG;
  40              		.loc 1 47 27 is_stmt 0 view .LVU4
  41 0002 0948     		ldr	r0, .L2+4
  42              	.LBB3:
  46:d:/liteos/code/WIFI2/Hardware/Src\hal_rng.c ****     __HAL_RCC_RNG_CLK_ENABLE();
  43              		.loc 1 46 5 view .LVU5
  44 0004 DA6C     		ldr	r2, [r3, #76]
  45 0006 42F48022 		orr	r2, r2, #262144
  46 000a DA64     		str	r2, [r3, #76]
  46:d:/liteos/code/WIFI2/Hardware/Src\hal_rng.c ****     __HAL_RCC_RNG_CLK_ENABLE();
  47              		.loc 1 46 5 is_stmt 1 view .LVU6
  48 000c DB6C     		ldr	r3, [r3, #76]
  49              	.LBE3:
  45:d:/liteos/code/WIFI2/Hardware/Src\hal_rng.c ****     __HAL_RCC_RNG_CLK_ENABLE();
  50              		.loc 1 45 1 is_stmt 0 view .LVU7
  51 000e 82B0     		sub	sp, sp, #8
  52              	.LCFI0:
  53              		.cfi_def_cfa_offset 8
  54              	.LBB4:
  46:d:/liteos/code/WIFI2/Hardware/Src\hal_rng.c ****     __HAL_RCC_RNG_CLK_ENABLE();
  55              		.loc 1 46 5 view .LVU8
  56 0010 03F48023 		and	r3, r3, #262144
  57 0014 0193     		str	r3, [sp, #4]
  46:d:/liteos/code/WIFI2/Hardware/Src\hal_rng.c ****     __HAL_RCC_RNG_CLK_ENABLE();
  58              		.loc 1 46 5 is_stmt 1 view .LVU9
  59 0016 019B     		ldr	r3, [sp, #4]
  60              	.LBE4:
  46:d:/liteos/code/WIFI2/Hardware/Src\hal_rng.c ****     __HAL_RCC_RNG_CLK_ENABLE();
  61              		.loc 1 46 5 view .LVU10
  62              		.loc 1 47 5 view .LVU11
ARM GAS  C:\Users\²Ü¼ÒºÀ\AppData\Local\Temp\cciVwuls.s 			page 3


  63              		.loc 1 47 27 is_stmt 0 view .LVU12
  64 0018 044B     		ldr	r3, .L2+8
  65 001a 0360     		str	r3, [r0]
  48:d:/liteos/code/WIFI2/Hardware/Src\hal_rng.c ****     (void)HAL_RNG_Init(&g_rng_handle);
  66              		.loc 1 48 5 is_stmt 1 view .LVU13
  49:d:/liteos/code/WIFI2/Hardware/Src\hal_rng.c **** }
  67              		.loc 1 49 1 is_stmt 0 view .LVU14
  68 001c 02B0     		add	sp, sp, #8
  69              	.LCFI1:
  70              		.cfi_def_cfa_offset 0
  71              		@ sp needed
  48:d:/liteos/code/WIFI2/Hardware/Src\hal_rng.c ****     (void)HAL_RNG_Init(&g_rng_handle);
  72              		.loc 1 48 11 view .LVU15
  73 001e FFF7FEBF 		b	HAL_RNG_Init
  74              	.LVL0:
  75              	.L3:
  76 0022 00BF     		.align	2
  77              	.L2:
  78 0024 00100240 		.word	1073876992
  79 0028 00000000 		.word	g_rng_handle
  80 002c 00080650 		.word	1342572544
  81              		.cfi_endproc
  82              	.LFE287:
  84              		.section	.text.hal_rng_generate_number,"ax",%progbits
  85              		.align	1
  86              		.global	hal_rng_generate_number
  87              		.syntax unified
  88              		.thumb
  89              		.thumb_func
  90              		.fpu fpv4-sp-d16
  92              	hal_rng_generate_number:
  93              	.LFB288:
  50:d:/liteos/code/WIFI2/Hardware/Src\hal_rng.c **** 
  51:d:/liteos/code/WIFI2/Hardware/Src\hal_rng.c **** int hal_rng_generate_number()
  52:d:/liteos/code/WIFI2/Hardware/Src\hal_rng.c **** {
  94              		.loc 1 52 1 is_stmt 1 view -0
  95              		.cfi_startproc
  96              		@ args = 0, pretend = 0, frame = 8
  97              		@ frame_needed = 0, uses_anonymous_args = 0
  53:d:/liteos/code/WIFI2/Hardware/Src\hal_rng.c ****     uint32_t random_number;
  98              		.loc 1 53 5 view .LVU17
  54:d:/liteos/code/WIFI2/Hardware/Src\hal_rng.c **** 
  55:d:/liteos/code/WIFI2/Hardware/Src\hal_rng.c ****     if (HAL_RNG_GenerateRandomNumber(&g_rng_handle, &random_number) != HAL_OK)
  99              		.loc 1 55 5 view .LVU18
  52:d:/liteos/code/WIFI2/Hardware/Src\hal_rng.c ****     uint32_t random_number;
 100              		.loc 1 52 1 is_stmt 0 view .LVU19
 101 0000 07B5     		push	{r0, r1, r2, lr}
 102              	.LCFI2:
 103              		.cfi_def_cfa_offset 16
 104              		.cfi_offset 14, -4
 105              		.loc 1 55 9 view .LVU20
 106 0002 0548     		ldr	r0, .L7
 107 0004 01A9     		add	r1, sp, #4
 108 0006 FFF7FEFF 		bl	HAL_RNG_GenerateRandomNumber
 109              	.LVL1:
 110              		.loc 1 55 8 view .LVU21
 111 000a 18B9     		cbnz	r0, .L6
ARM GAS  C:\Users\²Ü¼ÒºÀ\AppData\Local\Temp\cciVwuls.s 			page 4


  56:d:/liteos/code/WIFI2/Hardware/Src\hal_rng.c ****     {
  57:d:/liteos/code/WIFI2/Hardware/Src\hal_rng.c ****         return 0U;
  58:d:/liteos/code/WIFI2/Hardware/Src\hal_rng.c ****     }
  59:d:/liteos/code/WIFI2/Hardware/Src\hal_rng.c **** 
  60:d:/liteos/code/WIFI2/Hardware/Src\hal_rng.c ****     return (int)random_number;
 112              		.loc 1 60 5 is_stmt 1 view .LVU22
 113              		.loc 1 60 12 is_stmt 0 view .LVU23
 114 000c 0198     		ldr	r0, [sp, #4]
 115              	.L4:
  61:d:/liteos/code/WIFI2/Hardware/Src\hal_rng.c **** }
 116              		.loc 1 61 1 view .LVU24
 117 000e 03B0     		add	sp, sp, #12
 118              	.LCFI3:
 119              		.cfi_remember_state
 120              		.cfi_def_cfa_offset 4
 121              		@ sp needed
 122 0010 5DF804FB 		ldr	pc, [sp], #4
 123              	.L6:
 124              	.LCFI4:
 125              		.cfi_restore_state
  57:d:/liteos/code/WIFI2/Hardware/Src\hal_rng.c ****     }
 126              		.loc 1 57 16 view .LVU25
 127 0014 0020     		movs	r0, #0
 128 0016 FAE7     		b	.L4
 129              	.L8:
 130              		.align	2
 131              	.L7:
 132 0018 00000000 		.word	g_rng_handle
 133              		.cfi_endproc
 134              	.LFE288:
 136              		.section	.text.hal_rng_generate_buffer,"ax",%progbits
 137              		.align	1
 138              		.global	hal_rng_generate_buffer
 139              		.syntax unified
 140              		.thumb
 141              		.thumb_func
 142              		.fpu fpv4-sp-d16
 144              	hal_rng_generate_buffer:
 145              	.LVL2:
 146              	.LFB289:
  62:d:/liteos/code/WIFI2/Hardware/Src\hal_rng.c **** 
  63:d:/liteos/code/WIFI2/Hardware/Src\hal_rng.c **** int hal_rng_generate_buffer(void* buf, size_t len)
  64:d:/liteos/code/WIFI2/Hardware/Src\hal_rng.c **** {
 147              		.loc 1 64 1 is_stmt 1 view -0
 148              		.cfi_startproc
 149              		@ args = 0, pretend = 0, frame = 8
 150              		@ frame_needed = 0, uses_anonymous_args = 0
  65:d:/liteos/code/WIFI2/Hardware/Src\hal_rng.c ****     size_t i;
 151              		.loc 1 65 5 view .LVU27
  66:d:/liteos/code/WIFI2/Hardware/Src\hal_rng.c ****     uint32_t random_number;
 152              		.loc 1 66 5 view .LVU28
  67:d:/liteos/code/WIFI2/Hardware/Src\hal_rng.c ****     uint8_t* pbuf;
 153              		.loc 1 67 5 view .LVU29
  68:d:/liteos/code/WIFI2/Hardware/Src\hal_rng.c **** 
  69:d:/liteos/code/WIFI2/Hardware/Src\hal_rng.c ****     if (NULL == buf)
 154              		.loc 1 69 5 view .LVU30
  64:d:/liteos/code/WIFI2/Hardware/Src\hal_rng.c ****     size_t i;
ARM GAS  C:\Users\²Ü¼ÒºÀ\AppData\Local\Temp\cciVwuls.s 			page 5


 155              		.loc 1 64 1 is_stmt 0 view .LVU31
 156 0000 F7B5     		push	{r0, r1, r2, r4, r5, r6, r7, lr}
 157              	.LCFI5:
 158              		.cfi_def_cfa_offset 32
 159              		.cfi_offset 4, -20
 160              		.cfi_offset 5, -16
 161              		.cfi_offset 6, -12
 162              		.cfi_offset 7, -8
 163              		.cfi_offset 14, -4
  64:d:/liteos/code/WIFI2/Hardware/Src\hal_rng.c ****     size_t i;
 164              		.loc 1 64 1 view .LVU32
 165 0002 0D46     		mov	r5, r1
 166              		.loc 1 69 8 view .LVU33
 167 0004 0646     		mov	r6, r0
 168 0006 B8B9     		cbnz	r0, .L14
 169              	.LVL3:
 170              	.L12:
  70:d:/liteos/code/WIFI2/Hardware/Src\hal_rng.c ****     {
  71:d:/liteos/code/WIFI2/Hardware/Src\hal_rng.c ****         return -1;
 171              		.loc 1 71 16 view .LVU34
 172 0008 4FF0FF30 		mov	r0, #-1
 173              	.L9:
  72:d:/liteos/code/WIFI2/Hardware/Src\hal_rng.c ****     }
  73:d:/liteos/code/WIFI2/Hardware/Src\hal_rng.c **** 
  74:d:/liteos/code/WIFI2/Hardware/Src\hal_rng.c ****     pbuf = (uint8_t*)buf;
  75:d:/liteos/code/WIFI2/Hardware/Src\hal_rng.c **** 
  76:d:/liteos/code/WIFI2/Hardware/Src\hal_rng.c ****     for (i = 0; i < len; i += sizeof(uint32_t))
  77:d:/liteos/code/WIFI2/Hardware/Src\hal_rng.c ****     {
  78:d:/liteos/code/WIFI2/Hardware/Src\hal_rng.c ****         if (HAL_RNG_GenerateRandomNumber(&g_rng_handle, &random_number) != HAL_OK)
  79:d:/liteos/code/WIFI2/Hardware/Src\hal_rng.c ****         {
  80:d:/liteos/code/WIFI2/Hardware/Src\hal_rng.c ****             return -1;
  81:d:/liteos/code/WIFI2/Hardware/Src\hal_rng.c ****         }
  82:d:/liteos/code/WIFI2/Hardware/Src\hal_rng.c ****         memcpy(pbuf + i, &random_number,
  83:d:/liteos/code/WIFI2/Hardware/Src\hal_rng.c ****                sizeof(uint32_t) > len - i ? len - i : sizeof(uint32_t));
  84:d:/liteos/code/WIFI2/Hardware/Src\hal_rng.c ****     }
  85:d:/liteos/code/WIFI2/Hardware/Src\hal_rng.c **** 
  86:d:/liteos/code/WIFI2/Hardware/Src\hal_rng.c ****     return 0;
  87:d:/liteos/code/WIFI2/Hardware/Src\hal_rng.c **** }
 174              		.loc 1 87 1 view .LVU35
 175 000c 03B0     		add	sp, sp, #12
 176              	.LCFI6:
 177              		.cfi_remember_state
 178              		.cfi_def_cfa_offset 20
 179              		@ sp needed
 180 000e F0BD     		pop	{r4, r5, r6, r7, pc}
 181              	.LVL4:
 182              	.L13:
 183              	.LCFI7:
 184              		.cfi_restore_state
  78:d:/liteos/code/WIFI2/Hardware/Src\hal_rng.c ****         {
 185              		.loc 1 78 9 is_stmt 1 view .LVU36
  78:d:/liteos/code/WIFI2/Hardware/Src\hal_rng.c ****         {
 186              		.loc 1 78 13 is_stmt 0 view .LVU37
 187 0010 01A9     		add	r1, sp, #4
 188 0012 3846     		mov	r0, r7
 189 0014 FFF7FEFF 		bl	HAL_RNG_GenerateRandomNumber
 190              	.LVL5:
ARM GAS  C:\Users\²Ü¼ÒºÀ\AppData\Local\Temp\cciVwuls.s 			page 6


  78:d:/liteos/code/WIFI2/Hardware/Src\hal_rng.c ****         {
 191              		.loc 1 78 12 view .LVU38
 192 0018 0028     		cmp	r0, #0
 193 001a F5D1     		bne	.L12
  82:d:/liteos/code/WIFI2/Hardware/Src\hal_rng.c ****                sizeof(uint32_t) > len - i ? len - i : sizeof(uint32_t));
 194              		.loc 1 82 9 is_stmt 1 discriminator 2 view .LVU39
  83:d:/liteos/code/WIFI2/Hardware/Src\hal_rng.c ****     }
 195              		.loc 1 83 53 is_stmt 0 discriminator 2 view .LVU40
 196 001c 2A1B     		subs	r2, r5, r4
  82:d:/liteos/code/WIFI2/Hardware/Src\hal_rng.c ****                sizeof(uint32_t) > len - i ? len - i : sizeof(uint32_t));
 197              		.loc 1 82 9 discriminator 2 view .LVU41
 198 001e 042A     		cmp	r2, #4
 199 0020 06EB0400 		add	r0, r6, r4
 200 0024 28BF     		it	cs
 201 0026 0422     		movcs	r2, #4
 202 0028 01A9     		add	r1, sp, #4
 203 002a FFF7FEFF 		bl	memcpy
 204              	.LVL6:
  76:d:/liteos/code/WIFI2/Hardware/Src\hal_rng.c ****     {
 205              		.loc 1 76 26 is_stmt 1 discriminator 2 view .LVU42
  76:d:/liteos/code/WIFI2/Hardware/Src\hal_rng.c ****     {
 206              		.loc 1 76 28 is_stmt 0 discriminator 2 view .LVU43
 207 002e 0434     		adds	r4, r4, #4
 208              	.LVL7:
 209              	.L10:
  76:d:/liteos/code/WIFI2/Hardware/Src\hal_rng.c ****     {
 210              		.loc 1 76 17 is_stmt 1 discriminator 1 view .LVU44
  76:d:/liteos/code/WIFI2/Hardware/Src\hal_rng.c ****     {
 211              		.loc 1 76 5 is_stmt 0 discriminator 1 view .LVU45
 212 0030 AC42     		cmp	r4, r5
 213 0032 EDD3     		bcc	.L13
  86:d:/liteos/code/WIFI2/Hardware/Src\hal_rng.c **** }
 214              		.loc 1 86 12 view .LVU46
 215 0034 0020     		movs	r0, #0
 216 0036 E9E7     		b	.L9
 217              	.LVL8:
 218              	.L14:
  78:d:/liteos/code/WIFI2/Hardware/Src\hal_rng.c ****         {
 219              		.loc 1 78 13 view .LVU47
 220 0038 014F     		ldr	r7, .L15
  76:d:/liteos/code/WIFI2/Hardware/Src\hal_rng.c ****     {
 221              		.loc 1 76 12 view .LVU48
 222 003a 0024     		movs	r4, #0
 223 003c F8E7     		b	.L10
 224              	.L16:
 225 003e 00BF     		.align	2
 226              	.L15:
 227 0040 00000000 		.word	g_rng_handle
 228              		.cfi_endproc
 229              	.LFE289:
 231              		.comm	g_rng_handle,12,4
 232              		.text
 233              	.Letext0:
 234              		.file 2 "c:\\users\\\262\334\274\322\272\300\\.iotlink\\tools\\gcc-arm-none-eabi\\lib\\gcc\\arm-no
 235              		.file 3 "c:\\users\\\262\334\274\322\272\300\\.iotlink\\tools\\gcc-arm-none-eabi\\arm-none-eabi\\i
 236              		.file 4 "c:\\users\\\262\334\274\322\272\300\\.iotlink\\tools\\gcc-arm-none-eabi\\arm-none-eabi\\i
 237              		.file 5 "c:\\users\\\262\334\274\322\272\300\\.iotlink\\tools\\gcc-arm-none-eabi\\arm-none-eabi\\i
ARM GAS  C:\Users\²Ü¼ÒºÀ\AppData\Local\Temp\cciVwuls.s 			page 7


 238              		.file 6 "c:\\users\\\262\334\274\322\272\300\\.iotlink\\tools\\gcc-arm-none-eabi\\arm-none-eabi\\i
 239              		.file 7 "c:\\users\\\262\334\274\322\272\300\\.iotlink\\tools\\gcc-arm-none-eabi\\arm-none-eabi\\i
 240              		.file 8 "C:/Users/\262\334\274\322\272\300/.iotlink/sdk/IoT_LINK/iot_link/os/liteos/arch/arm/commo
 241              		.file 9 "d:/liteos/code/WIFI2/Inc/system_stm32l4xx.h"
 242              		.file 10 "d:/liteos/code/WIFI2/Inc/stm32l431xx.h"
 243              		.file 11 "C:/Users/\262\334\274\322\272\300/.iotlink/sdk/IoT_LINK/iot_link/os/liteos/include/los_t
 244              		.file 12 "C:/Users/\262\334\274\322\272\300/.iotlink/sdk/IoT_LINK/iot_link/os/liteos/include/los_c
 245              		.file 13 "C:/Users/\262\334\274\322\272\300/.iotlink/sdk/IoT_LINK/iot_link/os/liteos/include/los_e
 246              		.file 14 "C:/Users/\262\334\274\322\272\300/.iotlink/sdk/IoT_LINK/iot_link/os/liteos/arch/arm/arm-
 247              		.file 15 "C:/Users/\262\334\274\322\272\300/.iotlink/sdk/IoT_LINK/drivers/third_party/ST/STM32L4xx
 248              		.file 16 "C:/Users/\262\334\274\322\272\300/.iotlink/sdk/IoT_LINK/drivers/third_party/ST/STM32L4xx
 249              		.file 17 "<built-in>"
ARM GAS  C:\Users\²Ü¼ÒºÀ\AppData\Local\Temp\cciVwuls.s 			page 8


DEFINED SYMBOLS
                            *ABS*:00000000 hal_rng.c
C:\Users\²Ü¼ÒºÀ\AppData\Local\Temp\cciVwuls.s:18     .text.hal_rng_config:00000000 $t
C:\Users\²Ü¼ÒºÀ\AppData\Local\Temp\cciVwuls.s:26     .text.hal_rng_config:00000000 hal_rng_config
C:\Users\²Ü¼ÒºÀ\AppData\Local\Temp\cciVwuls.s:78     .text.hal_rng_config:00000024 $d
                            *COM*:0000000c g_rng_handle
C:\Users\²Ü¼ÒºÀ\AppData\Local\Temp\cciVwuls.s:85     .text.hal_rng_generate_number:00000000 $t
C:\Users\²Ü¼ÒºÀ\AppData\Local\Temp\cciVwuls.s:92     .text.hal_rng_generate_number:00000000 hal_rng_generate_number
C:\Users\²Ü¼ÒºÀ\AppData\Local\Temp\cciVwuls.s:132    .text.hal_rng_generate_number:00000018 $d
C:\Users\²Ü¼ÒºÀ\AppData\Local\Temp\cciVwuls.s:137    .text.hal_rng_generate_buffer:00000000 $t
C:\Users\²Ü¼ÒºÀ\AppData\Local\Temp\cciVwuls.s:144    .text.hal_rng_generate_buffer:00000000 hal_rng_generate_buffer
C:\Users\²Ü¼ÒºÀ\AppData\Local\Temp\cciVwuls.s:227    .text.hal_rng_generate_buffer:00000040 $d

UNDEFINED SYMBOLS
HAL_RNG_Init
HAL_RNG_GenerateRandomNumber
memcpy
