ARM GAS  C:\Users\²Ü¼ÒºÀ\AppData\Local\Temp\ccWZP2wf.s 			page 1


   1              		.cpu cortex-m4
   2              		.eabi_attribute 27, 1
   3              		.eabi_attribute 28, 1
   4              		.eabi_attribute 20, 1
   5              		.eabi_attribute 21, 1
   6              		.eabi_attribute 23, 3
   7              		.eabi_attribute 24, 1
   8              		.eabi_attribute 25, 1
   9              		.eabi_attribute 26, 1
  10              		.eabi_attribute 30, 4
  11              		.eabi_attribute 34, 1
  12              		.eabi_attribute 18, 4
  13              		.file	"liteos_errno.c"
  14              		.text
  15              	.Ltext0:
  16              		.cfi_sections	.debug_frame
  17              		.section	.text.task_errno,"ax",%progbits
  18              		.align	1
  19              		.global	task_errno
  20              		.arch armv7e-m
  21              		.syntax unified
  22              		.thumb
  23              		.thumb_func
  24              		.fpu fpv4-sp-d16
  26              	task_errno:
  27              	.LFB287:
  28              		.file 1 "C:/Users/\262\334\274\322\272\300/.iotlink/sdk/IoT_LINK/iot_link/os/liteos/liteos_errno.c
   1:C:/Users/²Ü¼ÒºÀ/.iotlink/sdk/IoT_LINK/iot_link/os/liteos\liteos_errno.c **** /*----------------------------------------------------------------------------
   2:C:/Users/²Ü¼ÒºÀ/.iotlink/sdk/IoT_LINK/iot_link/os/liteos\liteos_errno.c ****  * Copyright (c) <2013-2018>, <Huawei Technologies Co., Ltd>
   3:C:/Users/²Ü¼ÒºÀ/.iotlink/sdk/IoT_LINK/iot_link/os/liteos\liteos_errno.c ****  * All rights reserved.
   4:C:/Users/²Ü¼ÒºÀ/.iotlink/sdk/IoT_LINK/iot_link/os/liteos\liteos_errno.c ****  * Redistribution and use in source and binary forms, with or without modification,
   5:C:/Users/²Ü¼ÒºÀ/.iotlink/sdk/IoT_LINK/iot_link/os/liteos\liteos_errno.c ****  * are permitted provided that the following conditions are met:
   6:C:/Users/²Ü¼ÒºÀ/.iotlink/sdk/IoT_LINK/iot_link/os/liteos\liteos_errno.c ****  * 1. Redistributions of source code must retain the above copyright notice, this list of
   7:C:/Users/²Ü¼ÒºÀ/.iotlink/sdk/IoT_LINK/iot_link/os/liteos\liteos_errno.c ****  * conditions and the following disclaimer.
   8:C:/Users/²Ü¼ÒºÀ/.iotlink/sdk/IoT_LINK/iot_link/os/liteos\liteos_errno.c ****  * 2. Redistributions in binary form must reproduce the above copyright notice, this list
   9:C:/Users/²Ü¼ÒºÀ/.iotlink/sdk/IoT_LINK/iot_link/os/liteos\liteos_errno.c ****  * of conditions and the following disclaimer in the documentation and/or other materials
  10:C:/Users/²Ü¼ÒºÀ/.iotlink/sdk/IoT_LINK/iot_link/os/liteos\liteos_errno.c ****  * provided with the distribution.
  11:C:/Users/²Ü¼ÒºÀ/.iotlink/sdk/IoT_LINK/iot_link/os/liteos\liteos_errno.c ****  * 3. Neither the name of the copyright holder nor the names of its contributors may be used
  12:C:/Users/²Ü¼ÒºÀ/.iotlink/sdk/IoT_LINK/iot_link/os/liteos\liteos_errno.c ****  * to endorse or promote products derived from this software without specific prior written
  13:C:/Users/²Ü¼ÒºÀ/.iotlink/sdk/IoT_LINK/iot_link/os/liteos\liteos_errno.c ****  * permission.
  14:C:/Users/²Ü¼ÒºÀ/.iotlink/sdk/IoT_LINK/iot_link/os/liteos\liteos_errno.c ****  * THIS SOFTWARE IS PROVIDED BY THE COPYRIGHT HOLDERS AND CONTRIBUTORS
  15:C:/Users/²Ü¼ÒºÀ/.iotlink/sdk/IoT_LINK/iot_link/os/liteos\liteos_errno.c ****  * "AS IS" AND ANY EXPRESS OR IMPLIED WARRANTIES, INCLUDING, BUT NOT LIMITED TO,
  16:C:/Users/²Ü¼ÒºÀ/.iotlink/sdk/IoT_LINK/iot_link/os/liteos\liteos_errno.c ****  * THE IMPLIED WARRANTIES OF MERCHANTABILITY AND FITNESS FOR A PARTICULAR
  17:C:/Users/²Ü¼ÒºÀ/.iotlink/sdk/IoT_LINK/iot_link/os/liteos\liteos_errno.c ****  * PURPOSE ARE DISCLAIMED. IN NO EVENT SHALL THE COPYRIGHT HOLDER OR
  18:C:/Users/²Ü¼ÒºÀ/.iotlink/sdk/IoT_LINK/iot_link/os/liteos\liteos_errno.c ****  * CONTRIBUTORS BE LIABLE FOR ANY DIRECT, INDIRECT, INCIDENTAL, SPECIAL,
  19:C:/Users/²Ü¼ÒºÀ/.iotlink/sdk/IoT_LINK/iot_link/os/liteos\liteos_errno.c ****  * EXEMPLARY, OR CONSEQUENTIAL DAMAGES (INCLUDING, BUT NOT LIMITED TO,
  20:C:/Users/²Ü¼ÒºÀ/.iotlink/sdk/IoT_LINK/iot_link/os/liteos\liteos_errno.c ****  * PROCUREMENT OF SUBSTITUTE GOODS OR SERVICES; LOSS OF USE, DATA, OR PROFITS;
  21:C:/Users/²Ü¼ÒºÀ/.iotlink/sdk/IoT_LINK/iot_link/os/liteos\liteos_errno.c ****  * OR BUSINESS INTERRUPTION) HOWEVER CAUSED AND ON ANY THEORY OF LIABILITY,
  22:C:/Users/²Ü¼ÒºÀ/.iotlink/sdk/IoT_LINK/iot_link/os/liteos\liteos_errno.c ****  * WHETHER IN CONTRACT, STRICT LIABILITY, OR TORT (INCLUDING NEGLIGENCE OR
  23:C:/Users/²Ü¼ÒºÀ/.iotlink/sdk/IoT_LINK/iot_link/os/liteos\liteos_errno.c ****  * OTHERWISE) ARISING IN ANY WAY OUT OF THE USE OF THIS SOFTWARE, EVEN IF
  24:C:/Users/²Ü¼ÒºÀ/.iotlink/sdk/IoT_LINK/iot_link/os/liteos\liteos_errno.c ****  * ADVISED OF THE POSSIBILITY OF SUCH DAMAGE.
  25:C:/Users/²Ü¼ÒºÀ/.iotlink/sdk/IoT_LINK/iot_link/os/liteos\liteos_errno.c ****  *---------------------------------------------------------------------------*/
  26:C:/Users/²Ü¼ÒºÀ/.iotlink/sdk/IoT_LINK/iot_link/os/liteos\liteos_errno.c **** /*----------------------------------------------------------------------------
  27:C:/Users/²Ü¼ÒºÀ/.iotlink/sdk/IoT_LINK/iot_link/os/liteos\liteos_errno.c ****  * Notice of Export Control Law
  28:C:/Users/²Ü¼ÒºÀ/.iotlink/sdk/IoT_LINK/iot_link/os/liteos\liteos_errno.c ****  * ===============================================
  29:C:/Users/²Ü¼ÒºÀ/.iotlink/sdk/IoT_LINK/iot_link/os/liteos\liteos_errno.c ****  * Huawei LiteOS may be subject to applicable export control laws and regulations, which might
  30:C:/Users/²Ü¼ÒºÀ/.iotlink/sdk/IoT_LINK/iot_link/os/liteos\liteos_errno.c ****  * include those applicable to Huawei LiteOS of U.S. and the country in which you are located.
ARM GAS  C:\Users\²Ü¼ÒºÀ\AppData\Local\Temp\ccWZP2wf.s 			page 2


  31:C:/Users/²Ü¼ÒºÀ/.iotlink/sdk/IoT_LINK/iot_link/os/liteos\liteos_errno.c ****  * Import, export and usage of Huawei LiteOS in any manner by you shall be in compliance with such
  32:C:/Users/²Ü¼ÒºÀ/.iotlink/sdk/IoT_LINK/iot_link/os/liteos\liteos_errno.c ****  * applicable export control laws and regulations.
  33:C:/Users/²Ü¼ÒºÀ/.iotlink/sdk/IoT_LINK/iot_link/os/liteos\liteos_errno.c ****  *---------------------------------------------------------------------------*/
  34:C:/Users/²Ü¼ÒºÀ/.iotlink/sdk/IoT_LINK/iot_link/os/liteos\liteos_errno.c **** 
  35:C:/Users/²Ü¼ÒºÀ/.iotlink/sdk/IoT_LINK/iot_link/os/liteos\liteos_errno.c **** /* Includes -----------------------------------------------------------------*/
  36:C:/Users/²Ü¼ÒºÀ/.iotlink/sdk/IoT_LINK/iot_link/os/liteos\liteos_errno.c **** 
  37:C:/Users/²Ü¼ÒºÀ/.iotlink/sdk/IoT_LINK/iot_link/os/liteos\liteos_errno.c **** #include "los_config.h"
  38:C:/Users/²Ü¼ÒºÀ/.iotlink/sdk/IoT_LINK/iot_link/os/liteos\liteos_errno.c **** #include "los_task.h"
  39:C:/Users/²Ü¼ÒºÀ/.iotlink/sdk/IoT_LINK/iot_link/os/liteos\liteos_errno.c **** #include "los_printf.h"
  40:C:/Users/²Ü¼ÒºÀ/.iotlink/sdk/IoT_LINK/iot_link/os/liteos\liteos_errno.c **** 
  41:C:/Users/²Ü¼ÒºÀ/.iotlink/sdk/IoT_LINK/iot_link/os/liteos\liteos_errno.c **** 
  42:C:/Users/²Ü¼ÒºÀ/.iotlink/sdk/IoT_LINK/iot_link/os/liteos\liteos_errno.c **** /* Typedefs -----------------------------------------------------------------*/
  43:C:/Users/²Ü¼ÒºÀ/.iotlink/sdk/IoT_LINK/iot_link/os/liteos\liteos_errno.c **** 
  44:C:/Users/²Ü¼ÒºÀ/.iotlink/sdk/IoT_LINK/iot_link/os/liteos\liteos_errno.c **** typedef struct TaskReent
  45:C:/Users/²Ü¼ÒºÀ/.iotlink/sdk/IoT_LINK/iot_link/os/liteos\liteos_errno.c **** {
  46:C:/Users/²Ü¼ÒºÀ/.iotlink/sdk/IoT_LINK/iot_link/os/liteos\liteos_errno.c ****     int errno;
  47:C:/Users/²Ü¼ÒºÀ/.iotlink/sdk/IoT_LINK/iot_link/os/liteos\liteos_errno.c **** } TaskReent;
  48:C:/Users/²Ü¼ÒºÀ/.iotlink/sdk/IoT_LINK/iot_link/os/liteos\liteos_errno.c **** 
  49:C:/Users/²Ü¼ÒºÀ/.iotlink/sdk/IoT_LINK/iot_link/os/liteos\liteos_errno.c **** 
  50:C:/Users/²Ü¼ÒºÀ/.iotlink/sdk/IoT_LINK/iot_link/os/liteos\liteos_errno.c **** /* Local variables ----------------------------------------------------------*/
  51:C:/Users/²Ü¼ÒºÀ/.iotlink/sdk/IoT_LINK/iot_link/os/liteos\liteos_errno.c **** 
  52:C:/Users/²Ü¼ÒºÀ/.iotlink/sdk/IoT_LINK/iot_link/os/liteos\liteos_errno.c **** static TaskReent g_task_reent[LOSCFG_BASE_CORE_TSK_LIMIT + 1];
  53:C:/Users/²Ü¼ÒºÀ/.iotlink/sdk/IoT_LINK/iot_link/os/liteos\liteos_errno.c **** 
  54:C:/Users/²Ü¼ÒºÀ/.iotlink/sdk/IoT_LINK/iot_link/os/liteos\liteos_errno.c **** 
  55:C:/Users/²Ü¼ÒºÀ/.iotlink/sdk/IoT_LINK/iot_link/os/liteos\liteos_errno.c **** /* Public functions ---------------------------------------------------------*/
  56:C:/Users/²Ü¼ÒºÀ/.iotlink/sdk/IoT_LINK/iot_link/os/liteos\liteos_errno.c **** 
  57:C:/Users/²Ü¼ÒºÀ/.iotlink/sdk/IoT_LINK/iot_link/os/liteos\liteos_errno.c **** int *task_errno(void)
  58:C:/Users/²Ü¼ÒºÀ/.iotlink/sdk/IoT_LINK/iot_link/os/liteos\liteos_errno.c **** {
  29              		.loc 1 58 1 view -0
  30              		.cfi_startproc
  31              		@ args = 0, pretend = 0, frame = 0
  32              		@ frame_needed = 0, uses_anonymous_args = 0
  59:C:/Users/²Ü¼ÒºÀ/.iotlink/sdk/IoT_LINK/iot_link/os/liteos\liteos_errno.c ****     UINT32 taskid = LOS_CurTaskIDGet();
  33              		.loc 1 59 5 view .LVU1
  58:C:/Users/²Ü¼ÒºÀ/.iotlink/sdk/IoT_LINK/iot_link/os/liteos\liteos_errno.c ****     UINT32 taskid = LOS_CurTaskIDGet();
  34              		.loc 1 58 1 is_stmt 0 view .LVU2
  35 0000 08B5     		push	{r3, lr}
  36              	.LCFI0:
  37              		.cfi_def_cfa_offset 8
  38              		.cfi_offset 3, -8
  39              		.cfi_offset 14, -4
  40              		.loc 1 59 21 view .LVU3
  41 0002 FFF7FEFF 		bl	LOS_CurTaskIDGet
  42              	.LVL0:
  60:C:/Users/²Ü¼ÒºÀ/.iotlink/sdk/IoT_LINK/iot_link/os/liteos\liteos_errno.c **** 
  61:C:/Users/²Ü¼ÒºÀ/.iotlink/sdk/IoT_LINK/iot_link/os/liteos\liteos_errno.c ****     if (taskid <= LOSCFG_BASE_CORE_TSK_LIMIT)
  43              		.loc 1 61 5 is_stmt 1 view .LVU4
  44 0006 034B     		ldr	r3, .L4
  62:C:/Users/²Ü¼ÒºÀ/.iotlink/sdk/IoT_LINK/iot_link/os/liteos\liteos_errno.c ****     {
  63:C:/Users/²Ü¼ÒºÀ/.iotlink/sdk/IoT_LINK/iot_link/os/liteos\liteos_errno.c ****         return &g_task_reent[taskid].errno;
  45              		.loc 1 63 9 view .LVU5
  61:C:/Users/²Ü¼ÒºÀ/.iotlink/sdk/IoT_LINK/iot_link/os/liteos\liteos_errno.c ****     {
  46              		.loc 1 61 8 is_stmt 0 view .LVU6
  47 0008 0F28     		cmp	r0, #15
  48              		.loc 1 63 16 view .LVU7
  49 000a 94BF     		ite	ls
  50 000c 03EB8000 		addls	r0, r3, r0, lsl #2
ARM GAS  C:\Users\²Ü¼ÒºÀ\AppData\Local\Temp\ccWZP2wf.s 			page 3


  51              	.LVL1:
  64:C:/Users/²Ü¼ÒºÀ/.iotlink/sdk/IoT_LINK/iot_link/os/liteos\liteos_errno.c ****     }
  65:C:/Users/²Ü¼ÒºÀ/.iotlink/sdk/IoT_LINK/iot_link/os/liteos\liteos_errno.c ****     else
  66:C:/Users/²Ü¼ÒºÀ/.iotlink/sdk/IoT_LINK/iot_link/os/liteos\liteos_errno.c ****     {
  67:C:/Users/²Ü¼ÒºÀ/.iotlink/sdk/IoT_LINK/iot_link/os/liteos\liteos_errno.c ****         PRINT_WARN("TaskID[%d] is invalid\n", taskid);
  68:C:/Users/²Ü¼ÒºÀ/.iotlink/sdk/IoT_LINK/iot_link/os/liteos\liteos_errno.c ****         return &g_task_reent[0].errno;
  52              		.loc 1 68 16 view .LVU8
  53 0010 1846     		movhi	r0, r3
  69:C:/Users/²Ü¼ÒºÀ/.iotlink/sdk/IoT_LINK/iot_link/os/liteos\liteos_errno.c ****     }
  70:C:/Users/²Ü¼ÒºÀ/.iotlink/sdk/IoT_LINK/iot_link/os/liteos\liteos_errno.c **** }
  54              		.loc 1 70 1 view .LVU9
  55 0012 08BD     		pop	{r3, pc}
  56              	.L5:
  57              		.align	2
  58              	.L4:
  59 0014 00000000 		.word	.LANCHOR0
  60              		.cfi_endproc
  61              	.LFE287:
  63              		.section	.bss.g_task_reent,"aw",%nobits
  64              		.align	2
  65              		.set	.LANCHOR0,. + 0
  68              	g_task_reent:
  69 0000 00000000 		.space	64
  69      00000000 
  69      00000000 
  69      00000000 
  69      00000000 
  70              		.text
  71              	.Letext0:
  72              		.file 2 "c:\\users\\\262\334\274\322\272\300\\.iotlink\\tools\\gcc-arm-none-eabi\\arm-none-eabi\\i
  73              		.file 3 "c:\\users\\\262\334\274\322\272\300\\.iotlink\\tools\\gcc-arm-none-eabi\\arm-none-eabi\\i
  74              		.file 4 "c:\\users\\\262\334\274\322\272\300\\.iotlink\\tools\\gcc-arm-none-eabi\\arm-none-eabi\\i
  75              		.file 5 "c:\\users\\\262\334\274\322\272\300\\.iotlink\\tools\\gcc-arm-none-eabi\\lib\\gcc\\arm-no
  76              		.file 6 "c:\\users\\\262\334\274\322\272\300\\.iotlink\\tools\\gcc-arm-none-eabi\\arm-none-eabi\\i
  77              		.file 7 "C:/Users/\262\334\274\322\272\300/.iotlink/sdk/IoT_LINK/iot_link/os/liteos/include/los_ty
  78              		.file 8 "c:\\users\\\262\334\274\322\272\300\\.iotlink\\tools\\gcc-arm-none-eabi\\arm-none-eabi\\i
  79              		.file 9 "C:/Users/\262\334\274\322\272\300/.iotlink/sdk/IoT_LINK/iot_link/os/liteos/arch/arm/commo
  80              		.file 10 "d:/liteos/code/WIFI2/Inc/system_stm32l4xx.h"
  81              		.file 11 "C:/Users/\262\334\274\322\272\300/.iotlink/sdk/IoT_LINK/iot_link/os/liteos/include/los_e
  82              		.file 12 "C:/Users/\262\334\274\322\272\300/.iotlink/sdk/IoT_LINK/iot_link/os/liteos/arch/arm/arm-
  83              		.file 13 "C:/Users/\262\334\274\322\272\300/.iotlink/sdk/IoT_LINK/iot_link/os/liteos/include/los_c
  84              		.file 14 "C:/Users/\262\334\274\322\272\300/.iotlink/sdk/IoT_LINK/iot_link/os/liteos/include/los_t
  85              		.file 15 "C:/Users/\262\334\274\322\272\300/.iotlink/sdk/IoT_LINK/iot_link/os/liteos/include/los_t
ARM GAS  C:\Users\²Ü¼ÒºÀ\AppData\Local\Temp\ccWZP2wf.s 			page 4


DEFINED SYMBOLS
                            *ABS*:00000000 liteos_errno.c
C:\Users\²Ü¼ÒºÀ\AppData\Local\Temp\ccWZP2wf.s:18     .text.task_errno:00000000 $t
C:\Users\²Ü¼ÒºÀ\AppData\Local\Temp\ccWZP2wf.s:26     .text.task_errno:00000000 task_errno
C:\Users\²Ü¼ÒºÀ\AppData\Local\Temp\ccWZP2wf.s:59     .text.task_errno:00000014 $d
C:\Users\²Ü¼ÒºÀ\AppData\Local\Temp\ccWZP2wf.s:64     .bss.g_task_reent:00000000 $d
C:\Users\²Ü¼ÒºÀ\AppData\Local\Temp\ccWZP2wf.s:68     .bss.g_task_reent:00000000 g_task_reent

UNDEFINED SYMBOLS
LOS_CurTaskIDGet
