ARM GAS  C:\Users\²Ü¼ÒºÀ\AppData\Local\Temp\ccPmh5Bf.s 			page 1


   1              		.cpu cortex-m4
   2              		.eabi_attribute 27, 1
   3              		.eabi_attribute 28, 1
   4              		.eabi_attribute 20, 1
   5              		.eabi_attribute 21, 1
   6              		.eabi_attribute 23, 3
   7              		.eabi_attribute 24, 1
   8              		.eabi_attribute 25, 1
   9              		.eabi_attribute 26, 1
  10              		.eabi_attribute 30, 4
  11              		.eabi_attribute 34, 1
  12              		.eabi_attribute 18, 4
  13              		.file	"los_exc.c"
  14              		.text
  15              	.Ltext0:
  16              		.cfi_sections	.debug_frame
  17              	.Letext0:
  18              		.file 1 "c:\\users\\\262\334\274\322\272\300\\.iotlink\\tools\\gcc-arm-none-eabi\\arm-none-eabi\\i
  19              		.file 2 "c:\\users\\\262\334\274\322\272\300\\.iotlink\\tools\\gcc-arm-none-eabi\\arm-none-eabi\\i
  20              		.file 3 "c:\\users\\\262\334\274\322\272\300\\.iotlink\\tools\\gcc-arm-none-eabi\\arm-none-eabi\\i
  21              		.file 4 "c:\\users\\\262\334\274\322\272\300\\.iotlink\\tools\\gcc-arm-none-eabi\\lib\\gcc\\arm-no
  22              		.file 5 "c:\\users\\\262\334\274\322\272\300\\.iotlink\\tools\\gcc-arm-none-eabi\\arm-none-eabi\\i
  23              		.file 6 "C:/Users/\262\334\274\322\272\300/.iotlink/sdk/IoT_LINK/iot_link/os/liteos/include/los_ty
  24              		.file 7 "c:\\users\\\262\334\274\322\272\300\\.iotlink\\tools\\gcc-arm-none-eabi\\arm-none-eabi\\i
  25              		.file 8 "C:/Users/\262\334\274\322\272\300/.iotlink/sdk/IoT_LINK/iot_link/os/liteos/arch/arm/commo
  26              		.file 9 "d:/liteos/code/WIFI2/Inc/system_stm32l4xx.h"
  27              		.file 10 "C:/Users/\262\334\274\322\272\300/.iotlink/sdk/IoT_LINK/iot_link/os/liteos/include/los_l
  28              		.file 11 "C:/Users/\262\334\274\322\272\300/.iotlink/sdk/IoT_LINK/iot_link/os/liteos/include/los_e
  29              		.file 12 "C:/Users/\262\334\274\322\272\300/.iotlink/sdk/IoT_LINK/iot_link/os/liteos/include/los_c
  30              		.file 13 "C:/Users/\262\334\274\322\272\300/.iotlink/sdk/IoT_LINK/iot_link/os/liteos/include/los_e
  31              		.file 14 "C:/Users/\262\334\274\322\272\300/.iotlink/sdk/IoT_LINK/iot_link/os/liteos/arch/arm/arm-
  32              		.file 15 "C:/Users/\262\334\274\322\272\300/.iotlink/sdk/IoT_LINK/iot_link/os/liteos/include/los_t
  33              		.file 16 "C:/Users/\262\334\274\322\272\300/.iotlink/sdk/IoT_LINK/iot_link/os/liteos/include/los_t
  34              		.file 17 "C:/Users/\262\334\274\322\272\300/.iotlink/sdk/IoT_LINK/iot_link/os/liteos/base/include/
  35              		.file 18 "C:/Users/\262\334\274\322\272\300/.iotlink/sdk/IoT_LINK/iot_link/os/liteos/include/los_m
ARM GAS  C:\Users\²Ü¼ÒºÀ\AppData\Local\Temp\ccPmh5Bf.s 			page 2


DEFINED SYMBOLS
                            *ABS*:00000000 los_exc.c

NO UNDEFINED SYMBOLS
