ARM GAS  C:\Users\²Ü¼ÒºÀ\AppData\Local\Temp\ccxTHzSD.s 			page 1


   1              		.cpu cortex-m4
   2              		.eabi_attribute 27, 1
   3              		.eabi_attribute 28, 1
   4              		.eabi_attribute 20, 1
   5              		.eabi_attribute 21, 1
   6              		.eabi_attribute 23, 3
   7              		.eabi_attribute 24, 1
   8              		.eabi_attribute 25, 1
   9              		.eabi_attribute 26, 1
  10              		.eabi_attribute 30, 4
  11              		.eabi_attribute 34, 1
  12              		.eabi_attribute 18, 4
  13              		.file	"gpio.c"
  14              		.text
  15              	.Ltext0:
  16              		.cfi_sections	.debug_frame
  17              		.section	.text.MX_GPIO_Init,"ax",%progbits
  18              		.align	1
  19              		.global	MX_GPIO_Init
  20              		.arch armv7e-m
  21              		.syntax unified
  22              		.thumb
  23              		.thumb_func
  24              		.fpu fpv4-sp-d16
  26              	MX_GPIO_Init:
  27              	.LFB287:
  28              		.file 1 "d:/liteos/code/WIFI2/Src/gpio.c"
   1:d:/liteos/code/WIFI2/Src\gpio.c **** /**
   2:d:/liteos/code/WIFI2/Src\gpio.c ****   ******************************************************************************
   3:d:/liteos/code/WIFI2/Src\gpio.c ****   * File Name          : gpio.c
   4:d:/liteos/code/WIFI2/Src\gpio.c ****   * Description        : This file provides code for the configuration
   5:d:/liteos/code/WIFI2/Src\gpio.c ****   *                      of all used GPIO pins.
   6:d:/liteos/code/WIFI2/Src\gpio.c ****   ******************************************************************************
   7:d:/liteos/code/WIFI2/Src\gpio.c ****   ** This notice applies to any and all portions of this file
   8:d:/liteos/code/WIFI2/Src\gpio.c ****   * that are not between comment pairs USER CODE BEGIN and
   9:d:/liteos/code/WIFI2/Src\gpio.c ****   * USER CODE END. Other portions of this file, whether 
  10:d:/liteos/code/WIFI2/Src\gpio.c ****   * inserted by the user or by software development tools
  11:d:/liteos/code/WIFI2/Src\gpio.c ****   * are owned by their respective copyright owners.
  12:d:/liteos/code/WIFI2/Src\gpio.c ****   *
  13:d:/liteos/code/WIFI2/Src\gpio.c ****   * COPYRIGHT(c) 2018 STMicroelectronics
  14:d:/liteos/code/WIFI2/Src\gpio.c ****   *
  15:d:/liteos/code/WIFI2/Src\gpio.c ****   * Redistribution and use in source and binary forms, with or without modification,
  16:d:/liteos/code/WIFI2/Src\gpio.c ****   * are permitted provided that the following conditions are met:
  17:d:/liteos/code/WIFI2/Src\gpio.c ****   *   1. Redistributions of source code must retain the above copyright notice,
  18:d:/liteos/code/WIFI2/Src\gpio.c ****   *      this list of conditions and the following disclaimer.
  19:d:/liteos/code/WIFI2/Src\gpio.c ****   *   2. Redistributions in binary form must reproduce the above copyright notice,
  20:d:/liteos/code/WIFI2/Src\gpio.c ****   *      this list of conditions and the following disclaimer in the documentation
  21:d:/liteos/code/WIFI2/Src\gpio.c ****   *      and/or other materials provided with the distribution.
  22:d:/liteos/code/WIFI2/Src\gpio.c ****   *   3. Neither the name of STMicroelectronics nor the names of its contributors
  23:d:/liteos/code/WIFI2/Src\gpio.c ****   *      may be used to endorse or promote products derived from this software
  24:d:/liteos/code/WIFI2/Src\gpio.c ****   *      without specific prior written permission.
  25:d:/liteos/code/WIFI2/Src\gpio.c ****   *
  26:d:/liteos/code/WIFI2/Src\gpio.c ****   * THIS SOFTWARE IS PROVIDED BY THE COPYRIGHT HOLDERS AND CONTRIBUTORS "AS IS"
  27:d:/liteos/code/WIFI2/Src\gpio.c ****   * AND ANY EXPRESS OR IMPLIED WARRANTIES, INCLUDING, BUT NOT LIMITED TO, THE
  28:d:/liteos/code/WIFI2/Src\gpio.c ****   * IMPLIED WARRANTIES OF MERCHANTABILITY AND FITNESS FOR A PARTICULAR PURPOSE ARE
  29:d:/liteos/code/WIFI2/Src\gpio.c ****   * DISCLAIMED. IN NO EVENT SHALL THE COPYRIGHT HOLDER OR CONTRIBUTORS BE LIABLE
  30:d:/liteos/code/WIFI2/Src\gpio.c ****   * FOR ANY DIRECT, INDIRECT, INCIDENTAL, SPECIAL, EXEMPLARY, OR CONSEQUENTIAL
ARM GAS  C:\Users\²Ü¼ÒºÀ\AppData\Local\Temp\ccxTHzSD.s 			page 2


  31:d:/liteos/code/WIFI2/Src\gpio.c ****   * DAMAGES (INCLUDING, BUT NOT LIMITED TO, PROCUREMENT OF SUBSTITUTE GOODS OR
  32:d:/liteos/code/WIFI2/Src\gpio.c ****   * SERVICES; LOSS OF USE, DATA, OR PROFITS; OR BUSINESS INTERRUPTION) HOWEVER
  33:d:/liteos/code/WIFI2/Src\gpio.c ****   * CAUSED AND ON ANY THEORY OF LIABILITY, WHETHER IN CONTRACT, STRICT LIABILITY,
  34:d:/liteos/code/WIFI2/Src\gpio.c ****   * OR TORT (INCLUDING NEGLIGENCE OR OTHERWISE) ARISING IN ANY WAY OUT OF THE USE
  35:d:/liteos/code/WIFI2/Src\gpio.c ****   * OF THIS SOFTWARE, EVEN IF ADVISED OF THE POSSIBILITY OF SUCH DAMAGE.
  36:d:/liteos/code/WIFI2/Src\gpio.c ****   *
  37:d:/liteos/code/WIFI2/Src\gpio.c ****   ******************************************************************************
  38:d:/liteos/code/WIFI2/Src\gpio.c ****   */
  39:d:/liteos/code/WIFI2/Src\gpio.c **** 
  40:d:/liteos/code/WIFI2/Src\gpio.c **** /* Includes ------------------------------------------------------------------*/
  41:d:/liteos/code/WIFI2/Src\gpio.c **** #include "gpio.h"
  42:d:/liteos/code/WIFI2/Src\gpio.c **** /* USER CODE BEGIN 0 */
  43:d:/liteos/code/WIFI2/Src\gpio.c **** 
  44:d:/liteos/code/WIFI2/Src\gpio.c **** /* USER CODE END 0 */
  45:d:/liteos/code/WIFI2/Src\gpio.c **** 
  46:d:/liteos/code/WIFI2/Src\gpio.c **** /*----------------------------------------------------------------------------*/
  47:d:/liteos/code/WIFI2/Src\gpio.c **** /* Configure GPIO                                                             */
  48:d:/liteos/code/WIFI2/Src\gpio.c **** /*----------------------------------------------------------------------------*/
  49:d:/liteos/code/WIFI2/Src\gpio.c **** /* USER CODE BEGIN 1 */
  50:d:/liteos/code/WIFI2/Src\gpio.c **** 
  51:d:/liteos/code/WIFI2/Src\gpio.c **** /* USER CODE END 1 */
  52:d:/liteos/code/WIFI2/Src\gpio.c **** 
  53:d:/liteos/code/WIFI2/Src\gpio.c **** /** Configure pins as 
  54:d:/liteos/code/WIFI2/Src\gpio.c ****         * Analog 
  55:d:/liteos/code/WIFI2/Src\gpio.c ****         * Input 
  56:d:/liteos/code/WIFI2/Src\gpio.c ****         * Output
  57:d:/liteos/code/WIFI2/Src\gpio.c ****         * EVENT_OUT
  58:d:/liteos/code/WIFI2/Src\gpio.c ****         * EXTI
  59:d:/liteos/code/WIFI2/Src\gpio.c **** */
  60:d:/liteos/code/WIFI2/Src\gpio.c **** void MX_GPIO_Init(void)
  61:d:/liteos/code/WIFI2/Src\gpio.c **** {
  29              		.loc 1 61 1 view -0
  30              		.cfi_startproc
  31              		@ args = 0, pretend = 0, frame = 40
  32              		@ frame_needed = 0, uses_anonymous_args = 0
  62:d:/liteos/code/WIFI2/Src\gpio.c **** 
  63:d:/liteos/code/WIFI2/Src\gpio.c ****   GPIO_InitTypeDef GPIO_InitStruct;
  33              		.loc 1 63 3 view .LVU1
  64:d:/liteos/code/WIFI2/Src\gpio.c **** 
  65:d:/liteos/code/WIFI2/Src\gpio.c ****   /* GPIO Ports Clock Enable */
  66:d:/liteos/code/WIFI2/Src\gpio.c ****   __HAL_RCC_GPIOC_CLK_ENABLE();
  34              		.loc 1 66 3 view .LVU2
  35              	.LBB2:
  36              		.loc 1 66 3 view .LVU3
  37              		.loc 1 66 3 view .LVU4
  38 0000 194B     		ldr	r3, .L2
  39              	.LBE2:
  67:d:/liteos/code/WIFI2/Src\gpio.c ****   __HAL_RCC_GPIOH_CLK_ENABLE();
  68:d:/liteos/code/WIFI2/Src\gpio.c ****   __HAL_RCC_GPIOA_CLK_ENABLE();
  69:d:/liteos/code/WIFI2/Src\gpio.c ****   __HAL_RCC_GPIOB_CLK_ENABLE();
  70:d:/liteos/code/WIFI2/Src\gpio.c **** 
  71:d:/liteos/code/WIFI2/Src\gpio.c **** //	/*Configure GPIO pin Output Level */
  72:d:/liteos/code/WIFI2/Src\gpio.c **** //  HAL_GPIO_WritePin(Light_GPIO_Port, Light_Pin, GPIO_PIN_RESET);
  73:d:/liteos/code/WIFI2/Src\gpio.c **** //
  74:d:/liteos/code/WIFI2/Src\gpio.c **** //	/*Configure GPIO pin : PtPin */
  75:d:/liteos/code/WIFI2/Src\gpio.c **** //  GPIO_InitStruct.Pin = Light_Pin;
  76:d:/liteos/code/WIFI2/Src\gpio.c **** //  GPIO_InitStruct.Mode = GPIO_MODE_OUTPUT_PP;
ARM GAS  C:\Users\²Ü¼ÒºÀ\AppData\Local\Temp\ccxTHzSD.s 			page 3


  77:d:/liteos/code/WIFI2/Src\gpio.c **** //  GPIO_InitStruct.Pull = GPIO_NOPULL;
  78:d:/liteos/code/WIFI2/Src\gpio.c **** //  GPIO_InitStruct.Speed = GPIO_SPEED_FREQ_LOW;
  79:d:/liteos/code/WIFI2/Src\gpio.c **** //  HAL_GPIO_Init(Light_GPIO_Port, &GPIO_InitStruct);
  80:d:/liteos/code/WIFI2/Src\gpio.c **** 	
  81:d:/liteos/code/WIFI2/Src\gpio.c **** 	GPIO_InitStruct.Pin = KEY1_Pin|KEY2_Pin;
  82:d:/liteos/code/WIFI2/Src\gpio.c ****   GPIO_InitStruct.Mode = GPIO_MODE_IT_FALLING;
  83:d:/liteos/code/WIFI2/Src\gpio.c ****   GPIO_InitStruct.Pull = GPIO_PULLUP;
  84:d:/liteos/code/WIFI2/Src\gpio.c ****   HAL_GPIO_Init(GPIOB, &GPIO_InitStruct);
  40              		.loc 1 84 3 is_stmt 0 view .LVU5
  41 0002 1A48     		ldr	r0, .L2+4
  42              	.LBB3:
  66:d:/liteos/code/WIFI2/Src\gpio.c ****   __HAL_RCC_GPIOH_CLK_ENABLE();
  43              		.loc 1 66 3 view .LVU6
  44 0004 DA6C     		ldr	r2, [r3, #76]
  45              	.LBE3:
  61:d:/liteos/code/WIFI2/Src\gpio.c **** 
  46              		.loc 1 61 1 view .LVU7
  47 0006 00B5     		push	{lr}
  48              	.LCFI0:
  49              		.cfi_def_cfa_offset 4
  50              		.cfi_offset 14, -4
  51              	.LBB4:
  66:d:/liteos/code/WIFI2/Src\gpio.c ****   __HAL_RCC_GPIOH_CLK_ENABLE();
  52              		.loc 1 66 3 view .LVU8
  53 0008 42F00402 		orr	r2, r2, #4
  54 000c DA64     		str	r2, [r3, #76]
  66:d:/liteos/code/WIFI2/Src\gpio.c ****   __HAL_RCC_GPIOH_CLK_ENABLE();
  55              		.loc 1 66 3 is_stmt 1 view .LVU9
  56 000e DA6C     		ldr	r2, [r3, #76]
  57              	.LBE4:
  61:d:/liteos/code/WIFI2/Src\gpio.c **** 
  58              		.loc 1 61 1 is_stmt 0 view .LVU10
  59 0010 8BB0     		sub	sp, sp, #44
  60              	.LCFI1:
  61              		.cfi_def_cfa_offset 48
  62              	.LBB5:
  66:d:/liteos/code/WIFI2/Src\gpio.c ****   __HAL_RCC_GPIOH_CLK_ENABLE();
  63              		.loc 1 66 3 view .LVU11
  64 0012 02F00402 		and	r2, r2, #4
  65 0016 0192     		str	r2, [sp, #4]
  66:d:/liteos/code/WIFI2/Src\gpio.c ****   __HAL_RCC_GPIOH_CLK_ENABLE();
  66              		.loc 1 66 3 is_stmt 1 view .LVU12
  67 0018 019A     		ldr	r2, [sp, #4]
  68              	.LBE5:
  66:d:/liteos/code/WIFI2/Src\gpio.c ****   __HAL_RCC_GPIOH_CLK_ENABLE();
  69              		.loc 1 66 3 view .LVU13
  67:d:/liteos/code/WIFI2/Src\gpio.c ****   __HAL_RCC_GPIOH_CLK_ENABLE();
  70              		.loc 1 67 3 view .LVU14
  71              	.LBB6:
  67:d:/liteos/code/WIFI2/Src\gpio.c ****   __HAL_RCC_GPIOH_CLK_ENABLE();
  72              		.loc 1 67 3 view .LVU15
  67:d:/liteos/code/WIFI2/Src\gpio.c ****   __HAL_RCC_GPIOH_CLK_ENABLE();
  73              		.loc 1 67 3 view .LVU16
  74 001a DA6C     		ldr	r2, [r3, #76]
  75 001c 42F08002 		orr	r2, r2, #128
  76 0020 DA64     		str	r2, [r3, #76]
  67:d:/liteos/code/WIFI2/Src\gpio.c ****   __HAL_RCC_GPIOH_CLK_ENABLE();
ARM GAS  C:\Users\²Ü¼ÒºÀ\AppData\Local\Temp\ccxTHzSD.s 			page 4


  77              		.loc 1 67 3 view .LVU17
  78 0022 DA6C     		ldr	r2, [r3, #76]
  79 0024 02F08002 		and	r2, r2, #128
  80 0028 0292     		str	r2, [sp, #8]
  67:d:/liteos/code/WIFI2/Src\gpio.c ****   __HAL_RCC_GPIOH_CLK_ENABLE();
  81              		.loc 1 67 3 view .LVU18
  82 002a 029A     		ldr	r2, [sp, #8]
  83              	.LBE6:
  67:d:/liteos/code/WIFI2/Src\gpio.c ****   __HAL_RCC_GPIOH_CLK_ENABLE();
  84              		.loc 1 67 3 view .LVU19
  68:d:/liteos/code/WIFI2/Src\gpio.c ****   __HAL_RCC_GPIOB_CLK_ENABLE();
  85              		.loc 1 68 3 view .LVU20
  86              	.LBB7:
  68:d:/liteos/code/WIFI2/Src\gpio.c ****   __HAL_RCC_GPIOB_CLK_ENABLE();
  87              		.loc 1 68 3 view .LVU21
  68:d:/liteos/code/WIFI2/Src\gpio.c ****   __HAL_RCC_GPIOB_CLK_ENABLE();
  88              		.loc 1 68 3 view .LVU22
  89 002c DA6C     		ldr	r2, [r3, #76]
  90 002e 42F00102 		orr	r2, r2, #1
  91 0032 DA64     		str	r2, [r3, #76]
  68:d:/liteos/code/WIFI2/Src\gpio.c ****   __HAL_RCC_GPIOB_CLK_ENABLE();
  92              		.loc 1 68 3 view .LVU23
  93 0034 DA6C     		ldr	r2, [r3, #76]
  94 0036 02F00102 		and	r2, r2, #1
  95 003a 0392     		str	r2, [sp, #12]
  68:d:/liteos/code/WIFI2/Src\gpio.c ****   __HAL_RCC_GPIOB_CLK_ENABLE();
  96              		.loc 1 68 3 view .LVU24
  97 003c 039A     		ldr	r2, [sp, #12]
  98              	.LBE7:
  68:d:/liteos/code/WIFI2/Src\gpio.c ****   __HAL_RCC_GPIOB_CLK_ENABLE();
  99              		.loc 1 68 3 view .LVU25
  69:d:/liteos/code/WIFI2/Src\gpio.c **** 
 100              		.loc 1 69 3 view .LVU26
 101              	.LBB8:
  69:d:/liteos/code/WIFI2/Src\gpio.c **** 
 102              		.loc 1 69 3 view .LVU27
  69:d:/liteos/code/WIFI2/Src\gpio.c **** 
 103              		.loc 1 69 3 view .LVU28
 104 003e DA6C     		ldr	r2, [r3, #76]
 105 0040 42F00202 		orr	r2, r2, #2
 106 0044 DA64     		str	r2, [r3, #76]
  69:d:/liteos/code/WIFI2/Src\gpio.c **** 
 107              		.loc 1 69 3 view .LVU29
 108 0046 DB6C     		ldr	r3, [r3, #76]
 109 0048 03F00203 		and	r3, r3, #2
 110 004c 0493     		str	r3, [sp, #16]
  69:d:/liteos/code/WIFI2/Src\gpio.c **** 
 111              		.loc 1 69 3 view .LVU30
 112 004e 049B     		ldr	r3, [sp, #16]
 113              	.LBE8:
  69:d:/liteos/code/WIFI2/Src\gpio.c **** 
 114              		.loc 1 69 3 view .LVU31
  81:d:/liteos/code/WIFI2/Src\gpio.c ****   GPIO_InitStruct.Mode = GPIO_MODE_IT_FALLING;
 115              		.loc 1 81 2 view .LVU32
  82:d:/liteos/code/WIFI2/Src\gpio.c ****   GPIO_InitStruct.Pull = GPIO_PULLUP;
 116              		.loc 1 82 24 is_stmt 0 view .LVU33
 117 0050 074B     		ldr	r3, .L2+8
ARM GAS  C:\Users\²Ü¼ÒºÀ\AppData\Local\Temp\ccxTHzSD.s 			page 5


 118 0052 0C22     		movs	r2, #12
 119 0054 CDE90523 		strd	r2, r3, [sp, #20]
  83:d:/liteos/code/WIFI2/Src\gpio.c ****   HAL_GPIO_Init(GPIOB, &GPIO_InitStruct);
 120              		.loc 1 83 3 is_stmt 1 view .LVU34
 121              		.loc 1 84 3 is_stmt 0 view .LVU35
 122 0058 05A9     		add	r1, sp, #20
  83:d:/liteos/code/WIFI2/Src\gpio.c ****   HAL_GPIO_Init(GPIOB, &GPIO_InitStruct);
 123              		.loc 1 83 24 view .LVU36
 124 005a 0123     		movs	r3, #1
 125 005c 0793     		str	r3, [sp, #28]
 126              		.loc 1 84 3 is_stmt 1 view .LVU37
 127 005e FFF7FEFF 		bl	HAL_GPIO_Init
 128              	.LVL0:
  85:d:/liteos/code/WIFI2/Src\gpio.c **** 	
  86:d:/liteos/code/WIFI2/Src\gpio.c **** }
 129              		.loc 1 86 1 is_stmt 0 view .LVU38
 130 0062 0BB0     		add	sp, sp, #44
 131              	.LCFI2:
 132              		.cfi_def_cfa_offset 4
 133              		@ sp needed
 134 0064 5DF804FB 		ldr	pc, [sp], #4
 135              	.L3:
 136              		.align	2
 137              	.L2:
 138 0068 00100240 		.word	1073876992
 139 006c 00040048 		.word	1207960576
 140 0070 00002110 		.word	270598144
 141              		.cfi_endproc
 142              	.LFE287:
 144              		.text
 145              	.Letext0:
 146              		.file 2 "c:\\users\\\262\334\274\322\272\300\\.iotlink\\tools\\gcc-arm-none-eabi\\arm-none-eabi\\i
 147              		.file 3 "c:\\users\\\262\334\274\322\272\300\\.iotlink\\tools\\gcc-arm-none-eabi\\arm-none-eabi\\i
 148              		.file 4 "c:\\users\\\262\334\274\322\272\300\\.iotlink\\tools\\gcc-arm-none-eabi\\arm-none-eabi\\i
 149              		.file 5 "c:\\users\\\262\334\274\322\272\300\\.iotlink\\tools\\gcc-arm-none-eabi\\lib\\gcc\\arm-no
 150              		.file 6 "c:\\users\\\262\334\274\322\272\300\\.iotlink\\tools\\gcc-arm-none-eabi\\arm-none-eabi\\i
 151              		.file 7 "C:/Users/\262\334\274\322\272\300/.iotlink/sdk/IoT_LINK/iot_link/os/liteos/include/los_ty
 152              		.file 8 "c:\\users\\\262\334\274\322\272\300\\.iotlink\\tools\\gcc-arm-none-eabi\\arm-none-eabi\\i
 153              		.file 9 "C:/Users/\262\334\274\322\272\300/.iotlink/sdk/IoT_LINK/iot_link/os/liteos/arch/arm/commo
 154              		.file 10 "d:/liteos/code/WIFI2/Inc/system_stm32l4xx.h"
 155              		.file 11 "d:/liteos/code/WIFI2/Inc/stm32l431xx.h"
 156              		.file 12 "C:/Users/\262\334\274\322\272\300/.iotlink/sdk/IoT_LINK/iot_link/os/liteos/include/los_c
 157              		.file 13 "C:/Users/\262\334\274\322\272\300/.iotlink/sdk/IoT_LINK/iot_link/os/liteos/include/los_e
 158              		.file 14 "C:/Users/\262\334\274\322\272\300/.iotlink/sdk/IoT_LINK/iot_link/os/liteos/arch/arm/arm-
 159              		.file 15 "C:/Users/\262\334\274\322\272\300/.iotlink/sdk/IoT_LINK/drivers/third_party/ST/STM32L4xx
ARM GAS  C:\Users\²Ü¼ÒºÀ\AppData\Local\Temp\ccxTHzSD.s 			page 6


DEFINED SYMBOLS
                            *ABS*:00000000 gpio.c
C:\Users\²Ü¼ÒºÀ\AppData\Local\Temp\ccxTHzSD.s:18     .text.MX_GPIO_Init:00000000 $t
C:\Users\²Ü¼ÒºÀ\AppData\Local\Temp\ccxTHzSD.s:26     .text.MX_GPIO_Init:00000000 MX_GPIO_Init
C:\Users\²Ü¼ÒºÀ\AppData\Local\Temp\ccxTHzSD.s:138    .text.MX_GPIO_Init:00000068 $d

UNDEFINED SYMBOLS
HAL_GPIO_Init
