ARM GAS  C:\Users\曹家豪\AppData\Local\Temp\ccJxvJJI.s 			page 1


   1              		.cpu cortex-m4
   2              		.eabi_attribute 27, 1
   3              		.eabi_attribute 28, 1
   4              		.eabi_attribute 20, 1
   5              		.eabi_attribute 21, 1
   6              		.eabi_attribute 23, 3
   7              		.eabi_attribute 24, 1
   8              		.eabi_attribute 25, 1
   9              		.eabi_attribute 26, 1
  10              		.eabi_attribute 30, 4
  11              		.eabi_attribute 34, 1
  12              		.eabi_attribute 18, 4
  13              		.file	"spi.c"
  14              		.text
  15              	.Ltext0:
  16              		.cfi_sections	.debug_frame
  17              		.section	.rodata.MX_SPI2_Init.str1.1,"aMS",%progbits,1
  18              	.LC0:
  19 0000 643A2F6C 		.ascii	"d:/liteos/code/WIFI2/Src/spi.c\000"
  19      6974656F 
  19      732F636F 
  19      64652F57 
  19      49464932 
  20              		.section	.text.MX_SPI2_Init,"ax",%progbits
  21              		.align	1
  22              		.global	MX_SPI2_Init
  23              		.arch armv7e-m
  24              		.syntax unified
  25              		.thumb
  26              		.thumb_func
  27              		.fpu fpv4-sp-d16
  29              	MX_SPI2_Init:
  30              	.LFB287:
  31              		.file 1 "d:/liteos/code/WIFI2/Src/spi.c"
   1:d:/liteos/code/WIFI2/Src\spi.c **** /**
   2:d:/liteos/code/WIFI2/Src\spi.c ****   ******************************************************************************
   3:d:/liteos/code/WIFI2/Src\spi.c ****   * File Name          : SPI.c
   4:d:/liteos/code/WIFI2/Src\spi.c ****   * Description        : This file provides code for the configuration
   5:d:/liteos/code/WIFI2/Src\spi.c ****   *                      of the SPI instances.
   6:d:/liteos/code/WIFI2/Src\spi.c ****   ******************************************************************************
   7:d:/liteos/code/WIFI2/Src\spi.c ****   ** This notice applies to any and all portions of this file
   8:d:/liteos/code/WIFI2/Src\spi.c ****   * that are not between comment pairs USER CODE BEGIN and
   9:d:/liteos/code/WIFI2/Src\spi.c ****   * USER CODE END. Other portions of this file, whether 
  10:d:/liteos/code/WIFI2/Src\spi.c ****   * inserted by the user or by software development tools
  11:d:/liteos/code/WIFI2/Src\spi.c ****   * are owned by their respective copyright owners.
  12:d:/liteos/code/WIFI2/Src\spi.c ****   *
  13:d:/liteos/code/WIFI2/Src\spi.c ****   * COPYRIGHT(c) 2019 STMicroelectronics
  14:d:/liteos/code/WIFI2/Src\spi.c ****   *
  15:d:/liteos/code/WIFI2/Src\spi.c ****   * Redistribution and use in source and binary forms, with or without modification,
  16:d:/liteos/code/WIFI2/Src\spi.c ****   * are permitted provided that the following conditions are met:
  17:d:/liteos/code/WIFI2/Src\spi.c ****   *   1. Redistributions of source code must retain the above copyright notice,
  18:d:/liteos/code/WIFI2/Src\spi.c ****   *      this list of conditions and the following disclaimer.
  19:d:/liteos/code/WIFI2/Src\spi.c ****   *   2. Redistributions in binary form must reproduce the above copyright notice,
  20:d:/liteos/code/WIFI2/Src\spi.c ****   *      this list of conditions and the following disclaimer in the documentation
  21:d:/liteos/code/WIFI2/Src\spi.c ****   *      and/or other materials provided with the distribution.
  22:d:/liteos/code/WIFI2/Src\spi.c ****   *   3. Neither the name of STMicroelectronics nor the names of its contributors
  23:d:/liteos/code/WIFI2/Src\spi.c ****   *      may be used to endorse or promote products derived from this software
ARM GAS  C:\Users\曹家豪\AppData\Local\Temp\ccJxvJJI.s 			page 2


  24:d:/liteos/code/WIFI2/Src\spi.c ****   *      without specific prior written permission.
  25:d:/liteos/code/WIFI2/Src\spi.c ****   *
  26:d:/liteos/code/WIFI2/Src\spi.c ****   * THIS SOFTWARE IS PROVIDED BY THE COPYRIGHT HOLDERS AND CONTRIBUTORS "AS IS"
  27:d:/liteos/code/WIFI2/Src\spi.c ****   * AND ANY EXPRESS OR IMPLIED WARRANTIES, INCLUDING, BUT NOT LIMITED TO, THE
  28:d:/liteos/code/WIFI2/Src\spi.c ****   * IMPLIED WARRANTIES OF MERCHANTABILITY AND FITNESS FOR A PARTICULAR PURPOSE ARE
  29:d:/liteos/code/WIFI2/Src\spi.c ****   * DISCLAIMED. IN NO EVENT SHALL THE COPYRIGHT HOLDER OR CONTRIBUTORS BE LIABLE
  30:d:/liteos/code/WIFI2/Src\spi.c ****   * FOR ANY DIRECT, INDIRECT, INCIDENTAL, SPECIAL, EXEMPLARY, OR CONSEQUENTIAL
  31:d:/liteos/code/WIFI2/Src\spi.c ****   * DAMAGES (INCLUDING, BUT NOT LIMITED TO, PROCUREMENT OF SUBSTITUTE GOODS OR
  32:d:/liteos/code/WIFI2/Src\spi.c ****   * SERVICES; LOSS OF USE, DATA, OR PROFITS; OR BUSINESS INTERRUPTION) HOWEVER
  33:d:/liteos/code/WIFI2/Src\spi.c ****   * CAUSED AND ON ANY THEORY OF LIABILITY, WHETHER IN CONTRACT, STRICT LIABILITY,
  34:d:/liteos/code/WIFI2/Src\spi.c ****   * OR TORT (INCLUDING NEGLIGENCE OR OTHERWISE) ARISING IN ANY WAY OUT OF THE USE
  35:d:/liteos/code/WIFI2/Src\spi.c ****   * OF THIS SOFTWARE, EVEN IF ADVISED OF THE POSSIBILITY OF SUCH DAMAGE.
  36:d:/liteos/code/WIFI2/Src\spi.c ****   *
  37:d:/liteos/code/WIFI2/Src\spi.c ****   ******************************************************************************
  38:d:/liteos/code/WIFI2/Src\spi.c ****   */
  39:d:/liteos/code/WIFI2/Src\spi.c **** 
  40:d:/liteos/code/WIFI2/Src\spi.c **** /* Includes ------------------------------------------------------------------*/
  41:d:/liteos/code/WIFI2/Src\spi.c **** #include "spi.h"
  42:d:/liteos/code/WIFI2/Src\spi.c **** 
  43:d:/liteos/code/WIFI2/Src\spi.c **** #include "gpio.h"
  44:d:/liteos/code/WIFI2/Src\spi.c **** 
  45:d:/liteos/code/WIFI2/Src\spi.c **** /* USER CODE BEGIN 0 */
  46:d:/liteos/code/WIFI2/Src\spi.c **** 
  47:d:/liteos/code/WIFI2/Src\spi.c **** /* USER CODE END 0 */
  48:d:/liteos/code/WIFI2/Src\spi.c **** 
  49:d:/liteos/code/WIFI2/Src\spi.c **** SPI_HandleTypeDef hspi2;
  50:d:/liteos/code/WIFI2/Src\spi.c **** 
  51:d:/liteos/code/WIFI2/Src\spi.c **** /* SPI2 init function */
  52:d:/liteos/code/WIFI2/Src\spi.c **** void MX_SPI2_Init(void)
  53:d:/liteos/code/WIFI2/Src\spi.c **** {
  32              		.loc 1 53 1 view -0
  33              		.cfi_startproc
  34              		@ args = 0, pretend = 0, frame = 0
  35              		@ frame_needed = 0, uses_anonymous_args = 0
  54:d:/liteos/code/WIFI2/Src\spi.c **** 
  55:d:/liteos/code/WIFI2/Src\spi.c ****   hspi2.Instance = SPI2;
  36              		.loc 1 55 3 view .LVU1
  37              		.loc 1 55 18 is_stmt 0 view .LVU2
  38 0000 1448     		ldr	r0, .L3
  56:d:/liteos/code/WIFI2/Src\spi.c ****   hspi2.Init.Mode = SPI_MODE_MASTER;
  39              		.loc 1 56 19 view .LVU3
  40 0002 154A     		ldr	r2, .L3+4
  53:d:/liteos/code/WIFI2/Src\spi.c **** 
  41              		.loc 1 53 1 view .LVU4
  42 0004 08B5     		push	{r3, lr}
  43              	.LCFI0:
  44              		.cfi_def_cfa_offset 8
  45              		.cfi_offset 3, -8
  46              		.cfi_offset 14, -4
  47              		.loc 1 56 19 view .LVU5
  48 0006 4FF48273 		mov	r3, #260
  49 000a C0E90023 		strd	r2, r3, [r0]
  57:d:/liteos/code/WIFI2/Src\spi.c ****   hspi2.Init.Direction = SPI_DIRECTION_1LINE;
  50              		.loc 1 57 3 is_stmt 1 view .LVU6
  58:d:/liteos/code/WIFI2/Src\spi.c ****   hspi2.Init.DataSize = SPI_DATASIZE_8BIT;
  51              		.loc 1 58 23 is_stmt 0 view .LVU7
  52 000e 4FF40041 		mov	r1, #32768
ARM GAS  C:\Users\曹家豪\AppData\Local\Temp\ccJxvJJI.s 			page 3


  53 0012 4FF4E063 		mov	r3, #1792
  54 0016 C0E90213 		strd	r1, r3, [r0, #8]
  59:d:/liteos/code/WIFI2/Src\spi.c ****   hspi2.Init.CLKPolarity = SPI_POLARITY_HIGH;
  55              		.loc 1 59 3 is_stmt 1 view .LVU8
  60:d:/liteos/code/WIFI2/Src\spi.c ****   hspi2.Init.CLKPhase = SPI_PHASE_2EDGE;
  56              		.loc 1 60 23 is_stmt 0 view .LVU9
  57 001a 4FF0020C 		mov	ip, #2
  58 001e 0123     		movs	r3, #1
  59 0020 C0E904C3 		strd	ip, r3, [r0, #16]
  61:d:/liteos/code/WIFI2/Src\spi.c ****   hspi2.Init.NSS = SPI_NSS_SOFT;
  60              		.loc 1 61 3 is_stmt 1 view .LVU10
  62:d:/liteos/code/WIFI2/Src\spi.c ****   hspi2.Init.BaudRatePrescaler = SPI_BAUDRATEPRESCALER_2;
  61              		.loc 1 62 32 is_stmt 0 view .LVU11
  62 0024 4FF4007E 		mov	lr, #512
  63 0028 0023     		movs	r3, #0
  63:d:/liteos/code/WIFI2/Src\spi.c ****   hspi2.Init.FirstBit = SPI_FIRSTBIT_MSB;
  64:d:/liteos/code/WIFI2/Src\spi.c ****   hspi2.Init.TIMode = SPI_TIMODE_DISABLE;
  65:d:/liteos/code/WIFI2/Src\spi.c ****   hspi2.Init.CRCCalculation = SPI_CRCCALCULATION_DISABLE;
  66:d:/liteos/code/WIFI2/Src\spi.c ****   hspi2.Init.CRCPolynomial = 7;
  64              		.loc 1 66 28 view .LVU12
  65 002a 0722     		movs	r2, #7
  62:d:/liteos/code/WIFI2/Src\spi.c ****   hspi2.Init.BaudRatePrescaler = SPI_BAUDRATEPRESCALER_2;
  66              		.loc 1 62 32 view .LVU13
  67 002c C0E906E3 		strd	lr, r3, [r0, #24]
  63:d:/liteos/code/WIFI2/Src\spi.c ****   hspi2.Init.FirstBit = SPI_FIRSTBIT_MSB;
  68              		.loc 1 63 3 is_stmt 1 view .LVU14
  64:d:/liteos/code/WIFI2/Src\spi.c ****   hspi2.Init.CRCCalculation = SPI_CRCCALCULATION_DISABLE;
  69              		.loc 1 64 21 is_stmt 0 view .LVU15
  70 0030 C0E90833 		strd	r3, r3, [r0, #32]
  65:d:/liteos/code/WIFI2/Src\spi.c ****   hspi2.Init.CRCPolynomial = 7;
  71              		.loc 1 65 3 is_stmt 1 view .LVU16
  67:d:/liteos/code/WIFI2/Src\spi.c ****   hspi2.Init.CRCLength = SPI_CRC_LENGTH_DATASIZE;
  72              		.loc 1 67 24 is_stmt 0 view .LVU17
  73 0034 C0E90B23 		strd	r2, r3, [r0, #44]
  65:d:/liteos/code/WIFI2/Src\spi.c ****   hspi2.Init.CRCPolynomial = 7;
  74              		.loc 1 65 29 view .LVU18
  75 0038 8362     		str	r3, [r0, #40]
  66:d:/liteos/code/WIFI2/Src\spi.c ****   hspi2.Init.CRCLength = SPI_CRC_LENGTH_DATASIZE;
  76              		.loc 1 66 3 is_stmt 1 view .LVU19
  68:d:/liteos/code/WIFI2/Src\spi.c ****   hspi2.Init.NSSPMode = SPI_NSS_PULSE_ENABLE;
  77              		.loc 1 68 3 view .LVU20
  78              		.loc 1 68 23 is_stmt 0 view .LVU21
  79 003a 0823     		movs	r3, #8
  80 003c 4363     		str	r3, [r0, #52]
  69:d:/liteos/code/WIFI2/Src\spi.c ****   if (HAL_SPI_Init(&hspi2) != HAL_OK)
  81              		.loc 1 69 3 is_stmt 1 view .LVU22
  82              		.loc 1 69 7 is_stmt 0 view .LVU23
  83 003e FFF7FEFF 		bl	HAL_SPI_Init
  84              	.LVL0:
  85              		.loc 1 69 6 view .LVU24
  86 0042 28B1     		cbz	r0, .L1
  70:d:/liteos/code/WIFI2/Src\spi.c ****   {
  71:d:/liteos/code/WIFI2/Src\spi.c ****     _Error_Handler(__FILE__, __LINE__);
  87              		.loc 1 71 5 is_stmt 1 view .LVU25
  72:d:/liteos/code/WIFI2/Src\spi.c ****   }
  73:d:/liteos/code/WIFI2/Src\spi.c **** 
  74:d:/liteos/code/WIFI2/Src\spi.c **** }
ARM GAS  C:\Users\曹家豪\AppData\Local\Temp\ccJxvJJI.s 			page 4


  88              		.loc 1 74 1 is_stmt 0 view .LVU26
  89 0044 BDE80840 		pop	{r3, lr}
  90              	.LCFI1:
  91              		.cfi_remember_state
  92              		.cfi_restore 14
  93              		.cfi_restore 3
  94              		.cfi_def_cfa_offset 0
  71:d:/liteos/code/WIFI2/Src\spi.c ****   }
  95              		.loc 1 71 5 view .LVU27
  96 0048 0448     		ldr	r0, .L3+8
  97 004a 4721     		movs	r1, #71
  98 004c FFF7FEBF 		b	_Error_Handler
  99              	.LVL1:
 100              	.L1:
 101              	.LCFI2:
 102              		.cfi_restore_state
 103              		.loc 1 74 1 view .LVU28
 104 0050 08BD     		pop	{r3, pc}
 105              	.L4:
 106 0052 00BF     		.align	2
 107              	.L3:
 108 0054 00000000 		.word	hspi2
 109 0058 00380040 		.word	1073756160
 110 005c 00000000 		.word	.LC0
 111              		.cfi_endproc
 112              	.LFE287:
 114              		.section	.text.HAL_SPI_MspInit,"ax",%progbits
 115              		.align	1
 116              		.global	HAL_SPI_MspInit
 117              		.syntax unified
 118              		.thumb
 119              		.thumb_func
 120              		.fpu fpv4-sp-d16
 122              	HAL_SPI_MspInit:
 123              	.LVL2:
 124              	.LFB288:
  75:d:/liteos/code/WIFI2/Src\spi.c **** 
  76:d:/liteos/code/WIFI2/Src\spi.c **** void HAL_SPI_MspInit(SPI_HandleTypeDef* spiHandle)
  77:d:/liteos/code/WIFI2/Src\spi.c **** {
 125              		.loc 1 77 1 is_stmt 1 view -0
 126              		.cfi_startproc
 127              		@ args = 0, pretend = 0, frame = 24
 128              		@ frame_needed = 0, uses_anonymous_args = 0
  78:d:/liteos/code/WIFI2/Src\spi.c **** 
  79:d:/liteos/code/WIFI2/Src\spi.c ****   GPIO_InitTypeDef GPIO_InitStruct;
 129              		.loc 1 79 3 view .LVU30
  80:d:/liteos/code/WIFI2/Src\spi.c ****   if(spiHandle->Instance==SPI2)
 130              		.loc 1 80 3 view .LVU31
  77:d:/liteos/code/WIFI2/Src\spi.c **** 
 131              		.loc 1 77 1 is_stmt 0 view .LVU32
 132 0000 F0B5     		push	{r4, r5, r6, r7, lr}
 133              	.LCFI3:
 134              		.cfi_def_cfa_offset 20
 135              		.cfi_offset 4, -20
 136              		.cfi_offset 5, -16
 137              		.cfi_offset 6, -12
 138              		.cfi_offset 7, -8
ARM GAS  C:\Users\曹家豪\AppData\Local\Temp\ccJxvJJI.s 			page 5


 139              		.cfi_offset 14, -4
 140              		.loc 1 80 5 view .LVU33
 141 0002 0268     		ldr	r2, [r0]
 142 0004 144B     		ldr	r3, .L7
 143 0006 9A42     		cmp	r2, r3
  77:d:/liteos/code/WIFI2/Src\spi.c **** 
 144              		.loc 1 77 1 view .LVU34
 145 0008 87B0     		sub	sp, sp, #28
 146              	.LCFI4:
 147              		.cfi_def_cfa_offset 48
 148              		.loc 1 80 5 view .LVU35
 149 000a 23D1     		bne	.L5
  81:d:/liteos/code/WIFI2/Src\spi.c ****   {
  82:d:/liteos/code/WIFI2/Src\spi.c ****   /* USER CODE BEGIN SPI2_MspInit 0 */
  83:d:/liteos/code/WIFI2/Src\spi.c **** 
  84:d:/liteos/code/WIFI2/Src\spi.c ****   /* USER CODE END SPI2_MspInit 0 */
  85:d:/liteos/code/WIFI2/Src\spi.c ****     /* SPI2 clock enable */
  86:d:/liteos/code/WIFI2/Src\spi.c ****     __HAL_RCC_SPI2_CLK_ENABLE();
 150              		.loc 1 86 5 is_stmt 1 view .LVU36
 151              	.LBB2:
 152              		.loc 1 86 5 view .LVU37
 153              		.loc 1 86 5 view .LVU38
 154 000c 03F5EC33 		add	r3, r3, #120832
 155              	.LBE2:
  87:d:/liteos/code/WIFI2/Src\spi.c ****   
  88:d:/liteos/code/WIFI2/Src\spi.c ****     /**SPI2 GPIO Configuration    
  89:d:/liteos/code/WIFI2/Src\spi.c ****     PC3     ------> SPI2_MOSI
  90:d:/liteos/code/WIFI2/Src\spi.c ****     PB13     ------> SPI2_SCK 
  91:d:/liteos/code/WIFI2/Src\spi.c ****     */
  92:d:/liteos/code/WIFI2/Src\spi.c ****     GPIO_InitStruct.Pin = GPIO_PIN_3;
  93:d:/liteos/code/WIFI2/Src\spi.c ****     GPIO_InitStruct.Mode = GPIO_MODE_AF_PP;
  94:d:/liteos/code/WIFI2/Src\spi.c ****     GPIO_InitStruct.Pull = GPIO_NOPULL;
  95:d:/liteos/code/WIFI2/Src\spi.c ****     GPIO_InitStruct.Speed = GPIO_SPEED_FREQ_VERY_HIGH;
  96:d:/liteos/code/WIFI2/Src\spi.c ****     GPIO_InitStruct.Alternate = GPIO_AF5_SPI2;
  97:d:/liteos/code/WIFI2/Src\spi.c ****     HAL_GPIO_Init(GPIOC, &GPIO_InitStruct);
 156              		.loc 1 97 5 is_stmt 0 view .LVU39
 157 0010 1248     		ldr	r0, .L7+4
 158              	.LVL3:
 159              	.LBB3:
  86:d:/liteos/code/WIFI2/Src\spi.c ****   
 160              		.loc 1 86 5 view .LVU40
 161 0012 9A6D     		ldr	r2, [r3, #88]
 162 0014 42F48042 		orr	r2, r2, #16384
 163 0018 9A65     		str	r2, [r3, #88]
  86:d:/liteos/code/WIFI2/Src\spi.c ****   
 164              		.loc 1 86 5 is_stmt 1 view .LVU41
 165 001a 9B6D     		ldr	r3, [r3, #88]
 166 001c 03F48043 		and	r3, r3, #16384
 167 0020 0093     		str	r3, [sp]
  86:d:/liteos/code/WIFI2/Src\spi.c ****   
 168              		.loc 1 86 5 view .LVU42
 169 0022 009B     		ldr	r3, [sp]
 170              	.LBE3:
  86:d:/liteos/code/WIFI2/Src\spi.c ****   
 171              		.loc 1 86 5 view .LVU43
  92:d:/liteos/code/WIFI2/Src\spi.c ****     GPIO_InitStruct.Mode = GPIO_MODE_AF_PP;
 172              		.loc 1 92 5 view .LVU44
ARM GAS  C:\Users\曹家豪\AppData\Local\Temp\ccJxvJJI.s 			page 6


  93:d:/liteos/code/WIFI2/Src\spi.c ****     GPIO_InitStruct.Pull = GPIO_NOPULL;
 173              		.loc 1 93 26 is_stmt 0 view .LVU45
 174 0024 0227     		movs	r7, #2
 175 0026 0823     		movs	r3, #8
  95:d:/liteos/code/WIFI2/Src\spi.c ****     GPIO_InitStruct.Alternate = GPIO_AF5_SPI2;
 176              		.loc 1 95 27 view .LVU46
 177 0028 0026     		movs	r6, #0
 178 002a 0325     		movs	r5, #3
  96:d:/liteos/code/WIFI2/Src\spi.c ****     HAL_GPIO_Init(GPIOC, &GPIO_InitStruct);
 179              		.loc 1 96 31 view .LVU47
 180 002c 0524     		movs	r4, #5
 181              		.loc 1 97 5 view .LVU48
 182 002e 01A9     		add	r1, sp, #4
  93:d:/liteos/code/WIFI2/Src\spi.c ****     GPIO_InitStruct.Pull = GPIO_NOPULL;
 183              		.loc 1 93 26 view .LVU49
 184 0030 CDE90137 		strd	r3, r7, [sp, #4]
  94:d:/liteos/code/WIFI2/Src\spi.c ****     GPIO_InitStruct.Speed = GPIO_SPEED_FREQ_VERY_HIGH;
 185              		.loc 1 94 5 is_stmt 1 view .LVU50
  95:d:/liteos/code/WIFI2/Src\spi.c ****     GPIO_InitStruct.Alternate = GPIO_AF5_SPI2;
 186              		.loc 1 95 27 is_stmt 0 view .LVU51
 187 0034 CDE90365 		strd	r6, r5, [sp, #12]
  96:d:/liteos/code/WIFI2/Src\spi.c ****     HAL_GPIO_Init(GPIOC, &GPIO_InitStruct);
 188              		.loc 1 96 5 is_stmt 1 view .LVU52
  96:d:/liteos/code/WIFI2/Src\spi.c ****     HAL_GPIO_Init(GPIOC, &GPIO_InitStruct);
 189              		.loc 1 96 31 is_stmt 0 view .LVU53
 190 0038 0594     		str	r4, [sp, #20]
 191              		.loc 1 97 5 is_stmt 1 view .LVU54
 192 003a FFF7FEFF 		bl	HAL_GPIO_Init
 193              	.LVL4:
  98:d:/liteos/code/WIFI2/Src\spi.c **** 
  99:d:/liteos/code/WIFI2/Src\spi.c ****     GPIO_InitStruct.Pin = GPIO_PIN_13;
 194              		.loc 1 99 5 view .LVU55
 195              		.loc 1 99 25 is_stmt 0 view .LVU56
 196 003e 4FF40053 		mov	r3, #8192
 100:d:/liteos/code/WIFI2/Src\spi.c ****     GPIO_InitStruct.Mode = GPIO_MODE_AF_PP;
 101:d:/liteos/code/WIFI2/Src\spi.c ****     GPIO_InitStruct.Pull = GPIO_NOPULL;
 102:d:/liteos/code/WIFI2/Src\spi.c ****     GPIO_InitStruct.Speed = GPIO_SPEED_FREQ_VERY_HIGH;
 103:d:/liteos/code/WIFI2/Src\spi.c ****     GPIO_InitStruct.Alternate = GPIO_AF5_SPI2;
 104:d:/liteos/code/WIFI2/Src\spi.c ****     HAL_GPIO_Init(GPIOB, &GPIO_InitStruct);
 197              		.loc 1 104 5 view .LVU57
 198 0042 0748     		ldr	r0, .L7+8
 103:d:/liteos/code/WIFI2/Src\spi.c ****     HAL_GPIO_Init(GPIOB, &GPIO_InitStruct);
 199              		.loc 1 103 31 view .LVU58
 200 0044 0594     		str	r4, [sp, #20]
 201              		.loc 1 104 5 view .LVU59
 202 0046 01A9     		add	r1, sp, #4
 100:d:/liteos/code/WIFI2/Src\spi.c ****     GPIO_InitStruct.Mode = GPIO_MODE_AF_PP;
 203              		.loc 1 100 26 view .LVU60
 204 0048 CDE90137 		strd	r3, r7, [sp, #4]
 101:d:/liteos/code/WIFI2/Src\spi.c ****     GPIO_InitStruct.Speed = GPIO_SPEED_FREQ_VERY_HIGH;
 205              		.loc 1 101 5 is_stmt 1 view .LVU61
 102:d:/liteos/code/WIFI2/Src\spi.c ****     GPIO_InitStruct.Alternate = GPIO_AF5_SPI2;
 206              		.loc 1 102 27 is_stmt 0 view .LVU62
 207 004c CDE90365 		strd	r6, r5, [sp, #12]
 103:d:/liteos/code/WIFI2/Src\spi.c ****     HAL_GPIO_Init(GPIOB, &GPIO_InitStruct);
 208              		.loc 1 103 5 is_stmt 1 view .LVU63
 209              		.loc 1 104 5 view .LVU64
ARM GAS  C:\Users\曹家豪\AppData\Local\Temp\ccJxvJJI.s 			page 7


 210 0050 FFF7FEFF 		bl	HAL_GPIO_Init
 211              	.LVL5:
 212              	.L5:
 105:d:/liteos/code/WIFI2/Src\spi.c **** 
 106:d:/liteos/code/WIFI2/Src\spi.c ****   /* USER CODE BEGIN SPI2_MspInit 1 */
 107:d:/liteos/code/WIFI2/Src\spi.c **** 
 108:d:/liteos/code/WIFI2/Src\spi.c ****   /* USER CODE END SPI2_MspInit 1 */
 109:d:/liteos/code/WIFI2/Src\spi.c ****   }
 110:d:/liteos/code/WIFI2/Src\spi.c **** }
 213              		.loc 1 110 1 is_stmt 0 view .LVU65
 214 0054 07B0     		add	sp, sp, #28
 215              	.LCFI5:
 216              		.cfi_def_cfa_offset 20
 217              		@ sp needed
 218 0056 F0BD     		pop	{r4, r5, r6, r7, pc}
 219              	.L8:
 220              		.align	2
 221              	.L7:
 222 0058 00380040 		.word	1073756160
 223 005c 00080048 		.word	1207961600
 224 0060 00040048 		.word	1207960576
 225              		.cfi_endproc
 226              	.LFE288:
 228              		.section	.text.HAL_SPI_MspDeInit,"ax",%progbits
 229              		.align	1
 230              		.global	HAL_SPI_MspDeInit
 231              		.syntax unified
 232              		.thumb
 233              		.thumb_func
 234              		.fpu fpv4-sp-d16
 236              	HAL_SPI_MspDeInit:
 237              	.LVL6:
 238              	.LFB289:
 111:d:/liteos/code/WIFI2/Src\spi.c **** 
 112:d:/liteos/code/WIFI2/Src\spi.c **** void HAL_SPI_MspDeInit(SPI_HandleTypeDef* spiHandle)
 113:d:/liteos/code/WIFI2/Src\spi.c **** {
 239              		.loc 1 113 1 is_stmt 1 view -0
 240              		.cfi_startproc
 241              		@ args = 0, pretend = 0, frame = 0
 242              		@ frame_needed = 0, uses_anonymous_args = 0
 114:d:/liteos/code/WIFI2/Src\spi.c **** 
 115:d:/liteos/code/WIFI2/Src\spi.c ****   if(spiHandle->Instance==SPI2)
 243              		.loc 1 115 3 view .LVU67
 113:d:/liteos/code/WIFI2/Src\spi.c **** 
 244              		.loc 1 113 1 is_stmt 0 view .LVU68
 245 0000 08B5     		push	{r3, lr}
 246              	.LCFI6:
 247              		.cfi_def_cfa_offset 8
 248              		.cfi_offset 3, -8
 249              		.cfi_offset 14, -4
 250              		.loc 1 115 5 view .LVU69
 251 0002 0268     		ldr	r2, [r0]
 252 0004 094B     		ldr	r3, .L11
 253 0006 9A42     		cmp	r2, r3
 254 0008 0FD1     		bne	.L9
 116:d:/liteos/code/WIFI2/Src\spi.c ****   {
 117:d:/liteos/code/WIFI2/Src\spi.c ****   /* USER CODE BEGIN SPI2_MspDeInit 0 */
ARM GAS  C:\Users\曹家豪\AppData\Local\Temp\ccJxvJJI.s 			page 8


 118:d:/liteos/code/WIFI2/Src\spi.c **** 
 119:d:/liteos/code/WIFI2/Src\spi.c ****   /* USER CODE END SPI2_MspDeInit 0 */
 120:d:/liteos/code/WIFI2/Src\spi.c ****     /* Peripheral clock disable */
 121:d:/liteos/code/WIFI2/Src\spi.c ****     __HAL_RCC_SPI2_CLK_DISABLE();
 255              		.loc 1 121 5 is_stmt 1 view .LVU70
 256 000a 094A     		ldr	r2, .L11+4
 122:d:/liteos/code/WIFI2/Src\spi.c ****   
 123:d:/liteos/code/WIFI2/Src\spi.c ****     /**SPI2 GPIO Configuration    
 124:d:/liteos/code/WIFI2/Src\spi.c ****     PC3     ------> SPI2_MOSI
 125:d:/liteos/code/WIFI2/Src\spi.c ****     PB13     ------> SPI2_SCK 
 126:d:/liteos/code/WIFI2/Src\spi.c ****     */
 127:d:/liteos/code/WIFI2/Src\spi.c ****     HAL_GPIO_DeInit(GPIOC, GPIO_PIN_3);
 257              		.loc 1 127 5 is_stmt 0 view .LVU71
 258 000c 0948     		ldr	r0, .L11+8
 259              	.LVL7:
 121:d:/liteos/code/WIFI2/Src\spi.c ****   
 260              		.loc 1 121 5 view .LVU72
 261 000e 936D     		ldr	r3, [r2, #88]
 262 0010 23F48043 		bic	r3, r3, #16384
 263 0014 9365     		str	r3, [r2, #88]
 264              		.loc 1 127 5 is_stmt 1 view .LVU73
 265 0016 0821     		movs	r1, #8
 266 0018 FFF7FEFF 		bl	HAL_GPIO_DeInit
 267              	.LVL8:
 128:d:/liteos/code/WIFI2/Src\spi.c **** 
 129:d:/liteos/code/WIFI2/Src\spi.c ****     HAL_GPIO_DeInit(GPIOB, GPIO_PIN_13);
 268              		.loc 1 129 5 view .LVU74
 130:d:/liteos/code/WIFI2/Src\spi.c **** 
 131:d:/liteos/code/WIFI2/Src\spi.c ****   /* USER CODE BEGIN SPI2_MspDeInit 1 */
 132:d:/liteos/code/WIFI2/Src\spi.c **** 
 133:d:/liteos/code/WIFI2/Src\spi.c ****   /* USER CODE END SPI2_MspDeInit 1 */
 134:d:/liteos/code/WIFI2/Src\spi.c ****   }
 135:d:/liteos/code/WIFI2/Src\spi.c **** } 
 269              		.loc 1 135 1 is_stmt 0 view .LVU75
 270 001c BDE80840 		pop	{r3, lr}
 271              	.LCFI7:
 272              		.cfi_remember_state
 273              		.cfi_restore 14
 274              		.cfi_restore 3
 275              		.cfi_def_cfa_offset 0
 129:d:/liteos/code/WIFI2/Src\spi.c **** 
 276              		.loc 1 129 5 view .LVU76
 277 0020 0548     		ldr	r0, .L11+12
 278 0022 4FF40051 		mov	r1, #8192
 279 0026 FFF7FEBF 		b	HAL_GPIO_DeInit
 280              	.LVL9:
 281              	.L9:
 282              	.LCFI8:
 283              		.cfi_restore_state
 284              		.loc 1 135 1 view .LVU77
 285 002a 08BD     		pop	{r3, pc}
 286              	.L12:
 287              		.align	2
 288              	.L11:
 289 002c 00380040 		.word	1073756160
 290 0030 00100240 		.word	1073876992
 291 0034 00080048 		.word	1207961600
ARM GAS  C:\Users\曹家豪\AppData\Local\Temp\ccJxvJJI.s 			page 9


 292 0038 00040048 		.word	1207960576
 293              		.cfi_endproc
 294              	.LFE289:
 296              		.section	.text.SPI2_ReadWriteByte,"ax",%progbits
 297              		.align	1
 298              		.global	SPI2_ReadWriteByte
 299              		.syntax unified
 300              		.thumb
 301              		.thumb_func
 302              		.fpu fpv4-sp-d16
 304              	SPI2_ReadWriteByte:
 305              	.LVL10:
 306              	.LFB290:
 136:d:/liteos/code/WIFI2/Src\spi.c **** 
 137:d:/liteos/code/WIFI2/Src\spi.c **** /* USER CODE BEGIN 1 */
 138:d:/liteos/code/WIFI2/Src\spi.c **** /**
 139:d:/liteos/code/WIFI2/Src\spi.c ****  * @brief	SPI2 读写一个字节
 140:d:/liteos/code/WIFI2/Src\spi.c ****  *
 141:d:/liteos/code/WIFI2/Src\spi.c ****  * @param   TxData	要写入的字节
 142:d:/liteos/code/WIFI2/Src\spi.c ****  *
 143:d:/liteos/code/WIFI2/Src\spi.c ****  * @return  uint8_t		读取到的字节
 144:d:/liteos/code/WIFI2/Src\spi.c ****  */
 145:d:/liteos/code/WIFI2/Src\spi.c **** uint8_t SPI2_ReadWriteByte(uint8_t TxData)
 146:d:/liteos/code/WIFI2/Src\spi.c **** {
 307              		.loc 1 146 1 is_stmt 1 view -0
 308              		.cfi_startproc
 309              		@ args = 0, pretend = 0, frame = 16
 310              		@ frame_needed = 0, uses_anonymous_args = 0
 147:d:/liteos/code/WIFI2/Src\spi.c ****     uint8_t Rxdata;
 311              		.loc 1 147 5 view .LVU79
 148:d:/liteos/code/WIFI2/Src\spi.c ****     HAL_SPI_TransmitReceive(&hspi2,&TxData,&Rxdata,1, 1000);       
 312              		.loc 1 148 5 view .LVU80
 146:d:/liteos/code/WIFI2/Src\spi.c ****     uint8_t Rxdata;
 313              		.loc 1 146 1 is_stmt 0 view .LVU81
 314 0000 7FB5     		push	{r0, r1, r2, r3, r4, r5, r6, lr}
 315              	.LCFI9:
 316              		.cfi_def_cfa_offset 32
 317              		.cfi_offset 14, -4
 318              		.loc 1 148 5 view .LVU82
 319 0002 4FF47A73 		mov	r3, #1000
 146:d:/liteos/code/WIFI2/Src\spi.c ****     uint8_t Rxdata;
 320              		.loc 1 146 1 view .LVU83
 321 0006 8DF80F00 		strb	r0, [sp, #15]
 322              		.loc 1 148 5 view .LVU84
 323 000a 0093     		str	r3, [sp]
 324 000c 0DF11702 		add	r2, sp, #23
 325 0010 0123     		movs	r3, #1
 326 0012 0DF10F01 		add	r1, sp, #15
 327 0016 0448     		ldr	r0, .L14
 328              	.LVL11:
 329              		.loc 1 148 5 view .LVU85
 330 0018 FFF7FEFF 		bl	HAL_SPI_TransmitReceive
 331              	.LVL12:
 149:d:/liteos/code/WIFI2/Src\spi.c ****  	return Rxdata;          		    //返回收到的数据		
 332              		.loc 1 149 3 is_stmt 1 view .LVU86
 150:d:/liteos/code/WIFI2/Src\spi.c **** }
 333              		.loc 1 150 1 is_stmt 0 view .LVU87
ARM GAS  C:\Users\曹家豪\AppData\Local\Temp\ccJxvJJI.s 			page 10


 334 001c 9DF81700 		ldrb	r0, [sp, #23]	@ zero_extendqisi2
 335 0020 07B0     		add	sp, sp, #28
 336              	.LCFI10:
 337              		.cfi_def_cfa_offset 4
 338              		@ sp needed
 339 0022 5DF804FB 		ldr	pc, [sp], #4
 340              	.L15:
 341 0026 00BF     		.align	2
 342              	.L14:
 343 0028 00000000 		.word	hspi2
 344              		.cfi_endproc
 345              	.LFE290:
 347              		.section	.text.SPI2_WriteByte,"ax",%progbits
 348              		.align	1
 349              		.global	SPI2_WriteByte
 350              		.syntax unified
 351              		.thumb
 352              		.thumb_func
 353              		.fpu fpv4-sp-d16
 355              	SPI2_WriteByte:
 356              	.LVL13:
 357              	.LFB291:
 151:d:/liteos/code/WIFI2/Src\spi.c **** 
 152:d:/liteos/code/WIFI2/Src\spi.c **** /**
 153:d:/liteos/code/WIFI2/Src\spi.c ****  * @brief	SPI2 写入一个字节
 154:d:/liteos/code/WIFI2/Src\spi.c ****  *
 155:d:/liteos/code/WIFI2/Src\spi.c ****  * @param   TxData	要写入的字节
 156:d:/liteos/code/WIFI2/Src\spi.c ****  * @param   size	写入字节大小
 157:d:/liteos/code/WIFI2/Src\spi.c ****  *
 158:d:/liteos/code/WIFI2/Src\spi.c ****  * @return  uint8_t		0:写入成功,其他:写入失败
 159:d:/liteos/code/WIFI2/Src\spi.c ****  */
 160:d:/liteos/code/WIFI2/Src\spi.c **** uint8_t SPI2_WriteByte(uint8_t *TxData,uint16_t size)
 161:d:/liteos/code/WIFI2/Src\spi.c **** {
 358              		.loc 1 161 1 is_stmt 1 view -0
 359              		.cfi_startproc
 360              		@ args = 0, pretend = 0, frame = 0
 361              		@ frame_needed = 0, uses_anonymous_args = 0
 362              		@ link register save eliminated.
 162:d:/liteos/code/WIFI2/Src\spi.c **** 	return HAL_SPI_Transmit(&hspi2,TxData,size,1000);
 363              		.loc 1 162 2 view .LVU89
 161:d:/liteos/code/WIFI2/Src\spi.c **** 	return HAL_SPI_Transmit(&hspi2,TxData,size,1000);
 364              		.loc 1 161 1 is_stmt 0 view .LVU90
 365 0000 0A46     		mov	r2, r1
 366              		.loc 1 162 9 view .LVU91
 367 0002 4FF47A73 		mov	r3, #1000
 368 0006 0146     		mov	r1, r0
 369              	.LVL14:
 370              		.loc 1 162 9 view .LVU92
 371 0008 0148     		ldr	r0, .L17
 372              	.LVL15:
 373              		.loc 1 162 9 view .LVU93
 374 000a FFF7FEBF 		b	HAL_SPI_Transmit
 375              	.LVL16:
 376              	.L18:
 377              		.loc 1 162 9 view .LVU94
 378 000e 00BF     		.align	2
 379              	.L17:
ARM GAS  C:\Users\曹家豪\AppData\Local\Temp\ccJxvJJI.s 			page 11


 380 0010 00000000 		.word	hspi2
 381              		.cfi_endproc
 382              	.LFE291:
 384              		.comm	hspi2,100,4
 385              		.text
 386              	.Letext0:
 387              		.file 2 "c:\\users\\\262\334\274\322\272\300\\.iotlink\\tools\\gcc-arm-none-eabi\\arm-none-eabi\\i
 388              		.file 3 "c:\\users\\\262\334\274\322\272\300\\.iotlink\\tools\\gcc-arm-none-eabi\\arm-none-eabi\\i
 389              		.file 4 "c:\\users\\\262\334\274\322\272\300\\.iotlink\\tools\\gcc-arm-none-eabi\\arm-none-eabi\\i
 390              		.file 5 "c:\\users\\\262\334\274\322\272\300\\.iotlink\\tools\\gcc-arm-none-eabi\\lib\\gcc\\arm-no
 391              		.file 6 "c:\\users\\\262\334\274\322\272\300\\.iotlink\\tools\\gcc-arm-none-eabi\\arm-none-eabi\\i
 392              		.file 7 "C:/Users/\262\334\274\322\272\300/.iotlink/sdk/IoT_LINK/iot_link/os/liteos/include/los_ty
 393              		.file 8 "c:\\users\\\262\334\274\322\272\300\\.iotlink\\tools\\gcc-arm-none-eabi\\arm-none-eabi\\i
 394              		.file 9 "C:/Users/\262\334\274\322\272\300/.iotlink/sdk/IoT_LINK/iot_link/os/liteos/arch/arm/commo
 395              		.file 10 "d:/liteos/code/WIFI2/Inc/system_stm32l4xx.h"
 396              		.file 11 "d:/liteos/code/WIFI2/Inc/stm32l431xx.h"
 397              		.file 12 "C:/Users/\262\334\274\322\272\300/.iotlink/sdk/IoT_LINK/iot_link/os/liteos/include/los_c
 398              		.file 13 "C:/Users/\262\334\274\322\272\300/.iotlink/sdk/IoT_LINK/iot_link/os/liteos/include/los_e
 399              		.file 14 "C:/Users/\262\334\274\322\272\300/.iotlink/sdk/IoT_LINK/iot_link/os/liteos/arch/arm/arm-
 400              		.file 15 "C:/Users/\262\334\274\322\272\300/.iotlink/sdk/IoT_LINK/drivers/third_party/ST/STM32L4xx
 401              		.file 16 "C:/Users/\262\334\274\322\272\300/.iotlink/sdk/IoT_LINK/drivers/third_party/ST/STM32L4xx
 402              		.file 17 "C:/Users/\262\334\274\322\272\300/.iotlink/sdk/IoT_LINK/drivers/third_party/ST/STM32L4xx
 403              		.file 18 "C:/Users/\262\334\274\322\272\300/.iotlink/sdk/IoT_LINK/drivers/third_party/ST/STM32L4xx
 404              		.file 19 "d:/liteos/code/WIFI2/Inc/spi.h"
ARM GAS  C:\Users\曹家豪\AppData\Local\Temp\ccJxvJJI.s 			page 12


DEFINED SYMBOLS
                            *ABS*:00000000 spi.c
C:\Users\曹家豪\AppData\Local\Temp\ccJxvJJI.s:21     .text.MX_SPI2_Init:00000000 $t
C:\Users\曹家豪\AppData\Local\Temp\ccJxvJJI.s:29     .text.MX_SPI2_Init:00000000 MX_SPI2_Init
C:\Users\曹家豪\AppData\Local\Temp\ccJxvJJI.s:108    .text.MX_SPI2_Init:00000054 $d
                            *COM*:00000064 hspi2
C:\Users\曹家豪\AppData\Local\Temp\ccJxvJJI.s:115    .text.HAL_SPI_MspInit:00000000 $t
C:\Users\曹家豪\AppData\Local\Temp\ccJxvJJI.s:122    .text.HAL_SPI_MspInit:00000000 HAL_SPI_MspInit
C:\Users\曹家豪\AppData\Local\Temp\ccJxvJJI.s:222    .text.HAL_SPI_MspInit:00000058 $d
C:\Users\曹家豪\AppData\Local\Temp\ccJxvJJI.s:229    .text.HAL_SPI_MspDeInit:00000000 $t
C:\Users\曹家豪\AppData\Local\Temp\ccJxvJJI.s:236    .text.HAL_SPI_MspDeInit:00000000 HAL_SPI_MspDeInit
C:\Users\曹家豪\AppData\Local\Temp\ccJxvJJI.s:289    .text.HAL_SPI_MspDeInit:0000002c $d
C:\Users\曹家豪\AppData\Local\Temp\ccJxvJJI.s:297    .text.SPI2_ReadWriteByte:00000000 $t
C:\Users\曹家豪\AppData\Local\Temp\ccJxvJJI.s:304    .text.SPI2_ReadWriteByte:00000000 SPI2_ReadWriteByte
C:\Users\曹家豪\AppData\Local\Temp\ccJxvJJI.s:343    .text.SPI2_ReadWriteByte:00000028 $d
C:\Users\曹家豪\AppData\Local\Temp\ccJxvJJI.s:348    .text.SPI2_WriteByte:00000000 $t
C:\Users\曹家豪\AppData\Local\Temp\ccJxvJJI.s:355    .text.SPI2_WriteByte:00000000 SPI2_WriteByte
C:\Users\曹家豪\AppData\Local\Temp\ccJxvJJI.s:380    .text.SPI2_WriteByte:00000010 $d

UNDEFINED SYMBOLS
HAL_SPI_Init
_Error_Handler
HAL_GPIO_Init
HAL_GPIO_DeInit
HAL_SPI_TransmitReceive
HAL_SPI_Transmit
