ARM GAS  C:\Users\²Ü¼ÒºÀ\AppData\Local\Temp\ccjaAnB0.s 			page 1


   1              		.cpu cortex-m4
   2              		.eabi_attribute 27, 1
   3              		.eabi_attribute 28, 1
   4              		.eabi_attribute 20, 1
   5              		.eabi_attribute 21, 1
   6              		.eabi_attribute 23, 3
   7              		.eabi_attribute 24, 1
   8              		.eabi_attribute 25, 1
   9              		.eabi_attribute 26, 1
  10              		.eabi_attribute 30, 4
  11              		.eabi_attribute 34, 1
  12              		.eabi_attribute 18, 4
  13              		.file	"stm32l4xx_it.c"
  14              		.text
  15              	.Ltext0:
  16              		.cfi_sections	.debug_frame
  17              		.section	.text.NMI_Handler,"ax",%progbits
  18              		.align	1
  19              		.global	NMI_Handler
  20              		.arch armv7e-m
  21              		.syntax unified
  22              		.thumb
  23              		.thumb_func
  24              		.fpu fpv4-sp-d16
  26              	NMI_Handler:
  27              	.LFB287:
  28              		.file 1 "d:/liteos/code/WIFI2/Src/stm32l4xx_it.c"
   1:d:/liteos/code/WIFI2/Src\stm32l4xx_it.c **** /**
   2:d:/liteos/code/WIFI2/Src\stm32l4xx_it.c ****   ******************************************************************************
   3:d:/liteos/code/WIFI2/Src\stm32l4xx_it.c ****   * @file    stm32l4xx_it.c
   4:d:/liteos/code/WIFI2/Src\stm32l4xx_it.c ****   * @brief   Interrupt Service Routines.
   5:d:/liteos/code/WIFI2/Src\stm32l4xx_it.c ****   ******************************************************************************
   6:d:/liteos/code/WIFI2/Src\stm32l4xx_it.c ****   *
   7:d:/liteos/code/WIFI2/Src\stm32l4xx_it.c ****   * COPYRIGHT(c) 2018 STMicroelectronics
   8:d:/liteos/code/WIFI2/Src\stm32l4xx_it.c ****   *
   9:d:/liteos/code/WIFI2/Src\stm32l4xx_it.c ****   * Redistribution and use in source and binary forms, with or without modification,
  10:d:/liteos/code/WIFI2/Src\stm32l4xx_it.c ****   * are permitted provided that the following conditions are met:
  11:d:/liteos/code/WIFI2/Src\stm32l4xx_it.c ****   *   1. Redistributions of source code must retain the above copyright notice,
  12:d:/liteos/code/WIFI2/Src\stm32l4xx_it.c ****   *      this list of conditions and the following disclaimer.
  13:d:/liteos/code/WIFI2/Src\stm32l4xx_it.c ****   *   2. Redistributions in binary form must reproduce the above copyright notice,
  14:d:/liteos/code/WIFI2/Src\stm32l4xx_it.c ****   *      this list of conditions and the following disclaimer in the documentation
  15:d:/liteos/code/WIFI2/Src\stm32l4xx_it.c ****   *      and/or other materials provided with the distribution.
  16:d:/liteos/code/WIFI2/Src\stm32l4xx_it.c ****   *   3. Neither the name of STMicroelectronics nor the names of its contributors
  17:d:/liteos/code/WIFI2/Src\stm32l4xx_it.c ****   *      may be used to endorse or promote products derived from this software
  18:d:/liteos/code/WIFI2/Src\stm32l4xx_it.c ****   *      without specific prior written permission.
  19:d:/liteos/code/WIFI2/Src\stm32l4xx_it.c ****   *
  20:d:/liteos/code/WIFI2/Src\stm32l4xx_it.c ****   * THIS SOFTWARE IS PROVIDED BY THE COPYRIGHT HOLDERS AND CONTRIBUTORS "AS IS"
  21:d:/liteos/code/WIFI2/Src\stm32l4xx_it.c ****   * AND ANY EXPRESS OR IMPLIED WARRANTIES, INCLUDING, BUT NOT LIMITED TO, THE
  22:d:/liteos/code/WIFI2/Src\stm32l4xx_it.c ****   * IMPLIED WARRANTIES OF MERCHANTABILITY AND FITNESS FOR A PARTICULAR PURPOSE ARE
  23:d:/liteos/code/WIFI2/Src\stm32l4xx_it.c ****   * DISCLAIMED. IN NO EVENT SHALL THE COPYRIGHT HOLDER OR CONTRIBUTORS BE LIABLE
  24:d:/liteos/code/WIFI2/Src\stm32l4xx_it.c ****   * FOR ANY DIRECT, INDIRECT, INCIDENTAL, SPECIAL, EXEMPLARY, OR CONSEQUENTIAL
  25:d:/liteos/code/WIFI2/Src\stm32l4xx_it.c ****   * DAMAGES (INCLUDING, BUT NOT LIMITED TO, PROCUREMENT OF SUBSTITUTE GOODS OR
  26:d:/liteos/code/WIFI2/Src\stm32l4xx_it.c ****   * SERVICES; LOSS OF USE, DATA, OR PROFITS; OR BUSINESS INTERRUPTION) HOWEVER
  27:d:/liteos/code/WIFI2/Src\stm32l4xx_it.c ****   * CAUSED AND ON ANY THEORY OF LIABILITY, WHETHER IN CONTRACT, STRICT LIABILITY,
  28:d:/liteos/code/WIFI2/Src\stm32l4xx_it.c ****   * OR TORT (INCLUDING NEGLIGENCE OR OTHERWISE) ARISING IN ANY WAY OUT OF THE USE
  29:d:/liteos/code/WIFI2/Src\stm32l4xx_it.c ****   * OF THIS SOFTWARE, EVEN IF ADVISED OF THE POSSIBILITY OF SUCH DAMAGE.
  30:d:/liteos/code/WIFI2/Src\stm32l4xx_it.c ****   *
ARM GAS  C:\Users\²Ü¼ÒºÀ\AppData\Local\Temp\ccjaAnB0.s 			page 2


  31:d:/liteos/code/WIFI2/Src\stm32l4xx_it.c ****   ******************************************************************************
  32:d:/liteos/code/WIFI2/Src\stm32l4xx_it.c ****   */
  33:d:/liteos/code/WIFI2/Src\stm32l4xx_it.c **** /* Includes ------------------------------------------------------------------*/
  34:d:/liteos/code/WIFI2/Src\stm32l4xx_it.c **** #include "stm32l4xx_hal.h"
  35:d:/liteos/code/WIFI2/Src\stm32l4xx_it.c **** #include "stm32l4xx.h"
  36:d:/liteos/code/WIFI2/Src\stm32l4xx_it.c **** #include "stm32l4xx_it.h"
  37:d:/liteos/code/WIFI2/Src\stm32l4xx_it.c **** 
  38:d:/liteos/code/WIFI2/Src\stm32l4xx_it.c **** /* USER CODE BEGIN 0 */
  39:d:/liteos/code/WIFI2/Src\stm32l4xx_it.c **** 
  40:d:/liteos/code/WIFI2/Src\stm32l4xx_it.c **** /* USER CODE END 0 */
  41:d:/liteos/code/WIFI2/Src\stm32l4xx_it.c **** 
  42:d:/liteos/code/WIFI2/Src\stm32l4xx_it.c **** /* External variables --------------------------------------------------------*/
  43:d:/liteos/code/WIFI2/Src\stm32l4xx_it.c **** extern UART_HandleTypeDef huart1;
  44:d:/liteos/code/WIFI2/Src\stm32l4xx_it.c **** extern UART_HandleTypeDef huart2;
  45:d:/liteos/code/WIFI2/Src\stm32l4xx_it.c **** extern UART_HandleTypeDef huart3;
  46:d:/liteos/code/WIFI2/Src\stm32l4xx_it.c **** 
  47:d:/liteos/code/WIFI2/Src\stm32l4xx_it.c **** /******************************************************************************/
  48:d:/liteos/code/WIFI2/Src\stm32l4xx_it.c **** /*            Cortex-M4 Processor Interruption and Exception Handlers         */ 
  49:d:/liteos/code/WIFI2/Src\stm32l4xx_it.c **** /******************************************************************************/
  50:d:/liteos/code/WIFI2/Src\stm32l4xx_it.c **** 
  51:d:/liteos/code/WIFI2/Src\stm32l4xx_it.c **** /**
  52:d:/liteos/code/WIFI2/Src\stm32l4xx_it.c **** * @brief This function handles Non maskable interrupt.
  53:d:/liteos/code/WIFI2/Src\stm32l4xx_it.c **** */
  54:d:/liteos/code/WIFI2/Src\stm32l4xx_it.c **** void NMI_Handler(void)
  55:d:/liteos/code/WIFI2/Src\stm32l4xx_it.c **** {
  29              		.loc 1 55 1 view -0
  30              		.cfi_startproc
  31              		@ args = 0, pretend = 0, frame = 0
  32              		@ frame_needed = 0, uses_anonymous_args = 0
  33              		@ link register save eliminated.
  56:d:/liteos/code/WIFI2/Src\stm32l4xx_it.c ****   /* USER CODE BEGIN NonMaskableInt_IRQn 0 */
  57:d:/liteos/code/WIFI2/Src\stm32l4xx_it.c **** 
  58:d:/liteos/code/WIFI2/Src\stm32l4xx_it.c ****   /* USER CODE END NonMaskableInt_IRQn 0 */
  59:d:/liteos/code/WIFI2/Src\stm32l4xx_it.c ****   /* USER CODE BEGIN NonMaskableInt_IRQn 1 */
  60:d:/liteos/code/WIFI2/Src\stm32l4xx_it.c **** 
  61:d:/liteos/code/WIFI2/Src\stm32l4xx_it.c ****   /* USER CODE END NonMaskableInt_IRQn 1 */
  62:d:/liteos/code/WIFI2/Src\stm32l4xx_it.c **** }
  34              		.loc 1 62 1 view .LVU1
  35 0000 7047     		bx	lr
  36              		.cfi_endproc
  37              	.LFE287:
  39              		.section	.text.HardFault_Handler,"ax",%progbits
  40              		.align	1
  41              		.global	HardFault_Handler
  42              		.syntax unified
  43              		.thumb
  44              		.thumb_func
  45              		.fpu fpv4-sp-d16
  47              	HardFault_Handler:
  48              	.LFB288:
  63:d:/liteos/code/WIFI2/Src\stm32l4xx_it.c **** 
  64:d:/liteos/code/WIFI2/Src\stm32l4xx_it.c **** /**
  65:d:/liteos/code/WIFI2/Src\stm32l4xx_it.c **** * @brief This function handles Hard fault interrupt.
  66:d:/liteos/code/WIFI2/Src\stm32l4xx_it.c **** */
  67:d:/liteos/code/WIFI2/Src\stm32l4xx_it.c **** void HardFault_Handler(void)
  68:d:/liteos/code/WIFI2/Src\stm32l4xx_it.c **** {
  49              		.loc 1 68 1 view -0
ARM GAS  C:\Users\²Ü¼ÒºÀ\AppData\Local\Temp\ccjaAnB0.s 			page 3


  50              		.cfi_startproc
  51              		@ Volatile: function does not return.
  52              		@ args = 0, pretend = 0, frame = 0
  53              		@ frame_needed = 0, uses_anonymous_args = 0
  54              		@ link register save eliminated.
  55              	.L3:
  69:d:/liteos/code/WIFI2/Src\stm32l4xx_it.c ****   /* USER CODE BEGIN HardFault_IRQn 0 */
  70:d:/liteos/code/WIFI2/Src\stm32l4xx_it.c **** 
  71:d:/liteos/code/WIFI2/Src\stm32l4xx_it.c ****   /* USER CODE END HardFault_IRQn 0 */
  72:d:/liteos/code/WIFI2/Src\stm32l4xx_it.c ****   while (1)
  56              		.loc 1 72 3 discriminator 1 view .LVU3
  73:d:/liteos/code/WIFI2/Src\stm32l4xx_it.c ****   {
  74:d:/liteos/code/WIFI2/Src\stm32l4xx_it.c ****     /* USER CODE BEGIN W1_HardFault_IRQn 0 */
  75:d:/liteos/code/WIFI2/Src\stm32l4xx_it.c ****     /* USER CODE END W1_HardFault_IRQn 0 */
  76:d:/liteos/code/WIFI2/Src\stm32l4xx_it.c ****   }
  57              		.loc 1 76 3 discriminator 1 view .LVU4
  72:d:/liteos/code/WIFI2/Src\stm32l4xx_it.c ****   {
  58              		.loc 1 72 9 discriminator 1 view .LVU5
  59 0000 FEE7     		b	.L3
  60              		.cfi_endproc
  61              	.LFE288:
  63              		.section	.text.MemManage_Handler,"ax",%progbits
  64              		.align	1
  65              		.global	MemManage_Handler
  66              		.syntax unified
  67              		.thumb
  68              		.thumb_func
  69              		.fpu fpv4-sp-d16
  71              	MemManage_Handler:
  72              	.LFB289:
  77:d:/liteos/code/WIFI2/Src\stm32l4xx_it.c ****   /* USER CODE BEGIN HardFault_IRQn 1 */
  78:d:/liteos/code/WIFI2/Src\stm32l4xx_it.c **** 
  79:d:/liteos/code/WIFI2/Src\stm32l4xx_it.c ****   /* USER CODE END HardFault_IRQn 1 */
  80:d:/liteos/code/WIFI2/Src\stm32l4xx_it.c **** }
  81:d:/liteos/code/WIFI2/Src\stm32l4xx_it.c **** 
  82:d:/liteos/code/WIFI2/Src\stm32l4xx_it.c **** /**
  83:d:/liteos/code/WIFI2/Src\stm32l4xx_it.c **** * @brief This function handles Memory management fault.
  84:d:/liteos/code/WIFI2/Src\stm32l4xx_it.c **** */
  85:d:/liteos/code/WIFI2/Src\stm32l4xx_it.c **** void MemManage_Handler(void)
  86:d:/liteos/code/WIFI2/Src\stm32l4xx_it.c **** {
  73              		.loc 1 86 1 view -0
  74              		.cfi_startproc
  75              		@ Volatile: function does not return.
  76              		@ args = 0, pretend = 0, frame = 0
  77              		@ frame_needed = 0, uses_anonymous_args = 0
  78              		@ link register save eliminated.
  79              	.L5:
  87:d:/liteos/code/WIFI2/Src\stm32l4xx_it.c ****   /* USER CODE BEGIN MemoryManagement_IRQn 0 */
  88:d:/liteos/code/WIFI2/Src\stm32l4xx_it.c **** 
  89:d:/liteos/code/WIFI2/Src\stm32l4xx_it.c ****   /* USER CODE END MemoryManagement_IRQn 0 */
  90:d:/liteos/code/WIFI2/Src\stm32l4xx_it.c ****   while (1)
  80              		.loc 1 90 3 discriminator 1 view .LVU7
  91:d:/liteos/code/WIFI2/Src\stm32l4xx_it.c ****   {
  92:d:/liteos/code/WIFI2/Src\stm32l4xx_it.c ****     /* USER CODE BEGIN W1_MemoryManagement_IRQn 0 */
  93:d:/liteos/code/WIFI2/Src\stm32l4xx_it.c ****     /* USER CODE END W1_MemoryManagement_IRQn 0 */
  94:d:/liteos/code/WIFI2/Src\stm32l4xx_it.c ****   }
  81              		.loc 1 94 3 discriminator 1 view .LVU8
ARM GAS  C:\Users\²Ü¼ÒºÀ\AppData\Local\Temp\ccjaAnB0.s 			page 4


  90:d:/liteos/code/WIFI2/Src\stm32l4xx_it.c ****   {
  82              		.loc 1 90 9 discriminator 1 view .LVU9
  83 0000 FEE7     		b	.L5
  84              		.cfi_endproc
  85              	.LFE289:
  87              		.section	.text.BusFault_Handler,"ax",%progbits
  88              		.align	1
  89              		.global	BusFault_Handler
  90              		.syntax unified
  91              		.thumb
  92              		.thumb_func
  93              		.fpu fpv4-sp-d16
  95              	BusFault_Handler:
  96              	.LFB290:
  95:d:/liteos/code/WIFI2/Src\stm32l4xx_it.c ****   /* USER CODE BEGIN MemoryManagement_IRQn 1 */
  96:d:/liteos/code/WIFI2/Src\stm32l4xx_it.c **** 
  97:d:/liteos/code/WIFI2/Src\stm32l4xx_it.c ****   /* USER CODE END MemoryManagement_IRQn 1 */
  98:d:/liteos/code/WIFI2/Src\stm32l4xx_it.c **** }
  99:d:/liteos/code/WIFI2/Src\stm32l4xx_it.c **** 
 100:d:/liteos/code/WIFI2/Src\stm32l4xx_it.c **** /**
 101:d:/liteos/code/WIFI2/Src\stm32l4xx_it.c **** * @brief This function handles Prefetch fault, memory access fault.
 102:d:/liteos/code/WIFI2/Src\stm32l4xx_it.c **** */
 103:d:/liteos/code/WIFI2/Src\stm32l4xx_it.c **** void BusFault_Handler(void)
 104:d:/liteos/code/WIFI2/Src\stm32l4xx_it.c **** {
  97              		.loc 1 104 1 view -0
  98              		.cfi_startproc
  99              		@ Volatile: function does not return.
 100              		@ args = 0, pretend = 0, frame = 0
 101              		@ frame_needed = 0, uses_anonymous_args = 0
 102              		@ link register save eliminated.
 103              	.L7:
 105:d:/liteos/code/WIFI2/Src\stm32l4xx_it.c ****   /* USER CODE BEGIN BusFault_IRQn 0 */
 106:d:/liteos/code/WIFI2/Src\stm32l4xx_it.c **** 
 107:d:/liteos/code/WIFI2/Src\stm32l4xx_it.c ****   /* USER CODE END BusFault_IRQn 0 */
 108:d:/liteos/code/WIFI2/Src\stm32l4xx_it.c ****   while (1)
 104              		.loc 1 108 3 discriminator 1 view .LVU11
 109:d:/liteos/code/WIFI2/Src\stm32l4xx_it.c ****   {
 110:d:/liteos/code/WIFI2/Src\stm32l4xx_it.c ****     /* USER CODE BEGIN W1_BusFault_IRQn 0 */
 111:d:/liteos/code/WIFI2/Src\stm32l4xx_it.c ****     /* USER CODE END W1_BusFault_IRQn 0 */
 112:d:/liteos/code/WIFI2/Src\stm32l4xx_it.c ****   }
 105              		.loc 1 112 3 discriminator 1 view .LVU12
 108:d:/liteos/code/WIFI2/Src\stm32l4xx_it.c ****   {
 106              		.loc 1 108 9 discriminator 1 view .LVU13
 107 0000 FEE7     		b	.L7
 108              		.cfi_endproc
 109              	.LFE290:
 111              		.section	.text.UsageFault_Handler,"ax",%progbits
 112              		.align	1
 113              		.global	UsageFault_Handler
 114              		.syntax unified
 115              		.thumb
 116              		.thumb_func
 117              		.fpu fpv4-sp-d16
 119              	UsageFault_Handler:
 120              	.LFB291:
 113:d:/liteos/code/WIFI2/Src\stm32l4xx_it.c ****   /* USER CODE BEGIN BusFault_IRQn 1 */
 114:d:/liteos/code/WIFI2/Src\stm32l4xx_it.c **** 
ARM GAS  C:\Users\²Ü¼ÒºÀ\AppData\Local\Temp\ccjaAnB0.s 			page 5


 115:d:/liteos/code/WIFI2/Src\stm32l4xx_it.c ****   /* USER CODE END BusFault_IRQn 1 */
 116:d:/liteos/code/WIFI2/Src\stm32l4xx_it.c **** }
 117:d:/liteos/code/WIFI2/Src\stm32l4xx_it.c **** 
 118:d:/liteos/code/WIFI2/Src\stm32l4xx_it.c **** /**
 119:d:/liteos/code/WIFI2/Src\stm32l4xx_it.c **** * @brief This function handles Undefined instruction or illegal state.
 120:d:/liteos/code/WIFI2/Src\stm32l4xx_it.c **** */
 121:d:/liteos/code/WIFI2/Src\stm32l4xx_it.c **** void UsageFault_Handler(void)
 122:d:/liteos/code/WIFI2/Src\stm32l4xx_it.c **** {
 121              		.loc 1 122 1 view -0
 122              		.cfi_startproc
 123              		@ Volatile: function does not return.
 124              		@ args = 0, pretend = 0, frame = 0
 125              		@ frame_needed = 0, uses_anonymous_args = 0
 126              		@ link register save eliminated.
 127              	.L9:
 123:d:/liteos/code/WIFI2/Src\stm32l4xx_it.c ****   /* USER CODE BEGIN UsageFault_IRQn 0 */
 124:d:/liteos/code/WIFI2/Src\stm32l4xx_it.c **** 
 125:d:/liteos/code/WIFI2/Src\stm32l4xx_it.c ****   /* USER CODE END UsageFault_IRQn 0 */
 126:d:/liteos/code/WIFI2/Src\stm32l4xx_it.c ****   while (1)
 128              		.loc 1 126 3 discriminator 1 view .LVU15
 127:d:/liteos/code/WIFI2/Src\stm32l4xx_it.c ****   {
 128:d:/liteos/code/WIFI2/Src\stm32l4xx_it.c ****     /* USER CODE BEGIN W1_UsageFault_IRQn 0 */
 129:d:/liteos/code/WIFI2/Src\stm32l4xx_it.c ****     /* USER CODE END W1_UsageFault_IRQn 0 */
 130:d:/liteos/code/WIFI2/Src\stm32l4xx_it.c ****   }
 129              		.loc 1 130 3 discriminator 1 view .LVU16
 126:d:/liteos/code/WIFI2/Src\stm32l4xx_it.c ****   {
 130              		.loc 1 126 9 discriminator 1 view .LVU17
 131 0000 FEE7     		b	.L9
 132              		.cfi_endproc
 133              	.LFE291:
 135              		.section	.text.SVC_Handler,"ax",%progbits
 136              		.align	1
 137              		.global	SVC_Handler
 138              		.syntax unified
 139              		.thumb
 140              		.thumb_func
 141              		.fpu fpv4-sp-d16
 143              	SVC_Handler:
 144              	.LFB303:
 145              		.cfi_startproc
 146              		@ args = 0, pretend = 0, frame = 0
 147              		@ frame_needed = 0, uses_anonymous_args = 0
 148              		@ link register save eliminated.
 149 0000 7047     		bx	lr
 150              		.cfi_endproc
 151              	.LFE303:
 153              		.section	.text.DebugMon_Handler,"ax",%progbits
 154              		.align	1
 155              		.global	DebugMon_Handler
 156              		.syntax unified
 157              		.thumb
 158              		.thumb_func
 159              		.fpu fpv4-sp-d16
 161              	DebugMon_Handler:
 162              	.LFB305:
 163              		.cfi_startproc
 164              		@ args = 0, pretend = 0, frame = 0
ARM GAS  C:\Users\²Ü¼ÒºÀ\AppData\Local\Temp\ccjaAnB0.s 			page 6


 165              		@ frame_needed = 0, uses_anonymous_args = 0
 166              		@ link register save eliminated.
 167 0000 7047     		bx	lr
 168              		.cfi_endproc
 169              	.LFE305:
 171              		.section	.text.PendSV_Handler,"ax",%progbits
 172              		.align	1
 173              		.weak	PendSV_Handler
 174              		.syntax unified
 175              		.thumb
 176              		.thumb_func
 177              		.fpu fpv4-sp-d16
 179              	PendSV_Handler:
 180              	.LFB294:
 131:d:/liteos/code/WIFI2/Src\stm32l4xx_it.c ****   /* USER CODE BEGIN UsageFault_IRQn 1 */
 132:d:/liteos/code/WIFI2/Src\stm32l4xx_it.c **** 
 133:d:/liteos/code/WIFI2/Src\stm32l4xx_it.c ****   /* USER CODE END UsageFault_IRQn 1 */
 134:d:/liteos/code/WIFI2/Src\stm32l4xx_it.c **** }
 135:d:/liteos/code/WIFI2/Src\stm32l4xx_it.c **** 
 136:d:/liteos/code/WIFI2/Src\stm32l4xx_it.c **** /**
 137:d:/liteos/code/WIFI2/Src\stm32l4xx_it.c **** * @brief This function handles System service call via SWI instruction.
 138:d:/liteos/code/WIFI2/Src\stm32l4xx_it.c **** */
 139:d:/liteos/code/WIFI2/Src\stm32l4xx_it.c **** void SVC_Handler(void)
 140:d:/liteos/code/WIFI2/Src\stm32l4xx_it.c **** {
 141:d:/liteos/code/WIFI2/Src\stm32l4xx_it.c ****   /* USER CODE BEGIN SVCall_IRQn 0 */
 142:d:/liteos/code/WIFI2/Src\stm32l4xx_it.c **** 
 143:d:/liteos/code/WIFI2/Src\stm32l4xx_it.c ****   /* USER CODE END SVCall_IRQn 0 */
 144:d:/liteos/code/WIFI2/Src\stm32l4xx_it.c ****   /* USER CODE BEGIN SVCall_IRQn 1 */
 145:d:/liteos/code/WIFI2/Src\stm32l4xx_it.c **** 
 146:d:/liteos/code/WIFI2/Src\stm32l4xx_it.c ****   /* USER CODE END SVCall_IRQn 1 */
 147:d:/liteos/code/WIFI2/Src\stm32l4xx_it.c **** }
 148:d:/liteos/code/WIFI2/Src\stm32l4xx_it.c **** 
 149:d:/liteos/code/WIFI2/Src\stm32l4xx_it.c **** /**
 150:d:/liteos/code/WIFI2/Src\stm32l4xx_it.c **** * @brief This function handles Debug monitor.
 151:d:/liteos/code/WIFI2/Src\stm32l4xx_it.c **** */
 152:d:/liteos/code/WIFI2/Src\stm32l4xx_it.c **** void DebugMon_Handler(void)
 153:d:/liteos/code/WIFI2/Src\stm32l4xx_it.c **** {
 154:d:/liteos/code/WIFI2/Src\stm32l4xx_it.c ****   /* USER CODE BEGIN DebugMonitor_IRQn 0 */
 155:d:/liteos/code/WIFI2/Src\stm32l4xx_it.c **** 
 156:d:/liteos/code/WIFI2/Src\stm32l4xx_it.c ****   /* USER CODE END DebugMonitor_IRQn 0 */
 157:d:/liteos/code/WIFI2/Src\stm32l4xx_it.c ****   /* USER CODE BEGIN DebugMonitor_IRQn 1 */
 158:d:/liteos/code/WIFI2/Src\stm32l4xx_it.c **** 
 159:d:/liteos/code/WIFI2/Src\stm32l4xx_it.c ****   /* USER CODE END DebugMonitor_IRQn 1 */
 160:d:/liteos/code/WIFI2/Src\stm32l4xx_it.c **** }
 161:d:/liteos/code/WIFI2/Src\stm32l4xx_it.c **** 
 162:d:/liteos/code/WIFI2/Src\stm32l4xx_it.c **** /**
 163:d:/liteos/code/WIFI2/Src\stm32l4xx_it.c **** * @brief This function handles Pendable request for system service.
 164:d:/liteos/code/WIFI2/Src\stm32l4xx_it.c **** */
 165:d:/liteos/code/WIFI2/Src\stm32l4xx_it.c **** __weak void PendSV_Handler(void)
 166:d:/liteos/code/WIFI2/Src\stm32l4xx_it.c **** {
 181              		.loc 1 166 1 view -0
 182              		.cfi_startproc
 183              		@ args = 0, pretend = 0, frame = 0
 184              		@ frame_needed = 0, uses_anonymous_args = 0
 185              		@ link register save eliminated.
 167:d:/liteos/code/WIFI2/Src\stm32l4xx_it.c ****   /* USER CODE BEGIN PendSV_IRQn 0 */
 168:d:/liteos/code/WIFI2/Src\stm32l4xx_it.c **** 
ARM GAS  C:\Users\²Ü¼ÒºÀ\AppData\Local\Temp\ccjaAnB0.s 			page 7


 169:d:/liteos/code/WIFI2/Src\stm32l4xx_it.c ****   /* USER CODE END PendSV_IRQn 0 */
 170:d:/liteos/code/WIFI2/Src\stm32l4xx_it.c ****   /* USER CODE BEGIN PendSV_IRQn 1 */
 171:d:/liteos/code/WIFI2/Src\stm32l4xx_it.c **** 
 172:d:/liteos/code/WIFI2/Src\stm32l4xx_it.c ****   /* USER CODE END PendSV_IRQn 1 */
 173:d:/liteos/code/WIFI2/Src\stm32l4xx_it.c **** }
 186              		.loc 1 173 1 view .LVU19
 187 0000 7047     		bx	lr
 188              		.cfi_endproc
 189              	.LFE294:
 191              		.section	.text.SysTick_Handler,"ax",%progbits
 192              		.align	1
 193              		.weak	SysTick_Handler
 194              		.syntax unified
 195              		.thumb
 196              		.thumb_func
 197              		.fpu fpv4-sp-d16
 199              	SysTick_Handler:
 200              	.LFB295:
 174:d:/liteos/code/WIFI2/Src\stm32l4xx_it.c **** 
 175:d:/liteos/code/WIFI2/Src\stm32l4xx_it.c **** /**
 176:d:/liteos/code/WIFI2/Src\stm32l4xx_it.c **** * @brief This function handles System tick timer.
 177:d:/liteos/code/WIFI2/Src\stm32l4xx_it.c **** */
 178:d:/liteos/code/WIFI2/Src\stm32l4xx_it.c **** __weak void SysTick_Handler(void)
 179:d:/liteos/code/WIFI2/Src\stm32l4xx_it.c **** {
 201              		.loc 1 179 1 view -0
 202              		.cfi_startproc
 203              		@ args = 0, pretend = 0, frame = 0
 204              		@ frame_needed = 0, uses_anonymous_args = 0
 180:d:/liteos/code/WIFI2/Src\stm32l4xx_it.c ****   /* USER CODE BEGIN SysTick_IRQn 0 */
 181:d:/liteos/code/WIFI2/Src\stm32l4xx_it.c **** 
 182:d:/liteos/code/WIFI2/Src\stm32l4xx_it.c ****   /* USER CODE END SysTick_IRQn 0 */
 183:d:/liteos/code/WIFI2/Src\stm32l4xx_it.c ****   HAL_IncTick();
 205              		.loc 1 183 3 view .LVU21
 179:d:/liteos/code/WIFI2/Src\stm32l4xx_it.c ****   /* USER CODE BEGIN SysTick_IRQn 0 */
 206              		.loc 1 179 1 is_stmt 0 view .LVU22
 207 0000 08B5     		push	{r3, lr}
 208              	.LCFI0:
 209              		.cfi_def_cfa_offset 8
 210              		.cfi_offset 3, -8
 211              		.cfi_offset 14, -4
 212              		.loc 1 183 3 view .LVU23
 213 0002 FFF7FEFF 		bl	HAL_IncTick
 214              	.LVL0:
 184:d:/liteos/code/WIFI2/Src\stm32l4xx_it.c ****   HAL_SYSTICK_IRQHandler();
 215              		.loc 1 184 3 is_stmt 1 view .LVU24
 185:d:/liteos/code/WIFI2/Src\stm32l4xx_it.c ****   /* USER CODE BEGIN SysTick_IRQn 1 */
 186:d:/liteos/code/WIFI2/Src\stm32l4xx_it.c **** 
 187:d:/liteos/code/WIFI2/Src\stm32l4xx_it.c ****   /* USER CODE END SysTick_IRQn 1 */
 188:d:/liteos/code/WIFI2/Src\stm32l4xx_it.c **** }
 216              		.loc 1 188 1 is_stmt 0 view .LVU25
 217 0006 BDE80840 		pop	{r3, lr}
 218              	.LCFI1:
 219              		.cfi_restore 14
 220              		.cfi_restore 3
 221              		.cfi_def_cfa_offset 0
 184:d:/liteos/code/WIFI2/Src\stm32l4xx_it.c ****   HAL_SYSTICK_IRQHandler();
 222              		.loc 1 184 3 view .LVU26
ARM GAS  C:\Users\²Ü¼ÒºÀ\AppData\Local\Temp\ccjaAnB0.s 			page 8


 223 000a FFF7FEBF 		b	HAL_SYSTICK_IRQHandler
 224              	.LVL1:
 225              		.cfi_endproc
 226              	.LFE295:
 228              		.section	.text.Key1_IRQHandler,"ax",%progbits
 229              		.align	1
 230              		.global	Key1_IRQHandler
 231              		.syntax unified
 232              		.thumb
 233              		.thumb_func
 234              		.fpu fpv4-sp-d16
 236              	Key1_IRQHandler:
 237              	.LVL2:
 238              	.LFB296:
 189:d:/liteos/code/WIFI2/Src\stm32l4xx_it.c **** 
 190:d:/liteos/code/WIFI2/Src\stm32l4xx_it.c **** /******************************************************************************/
 191:d:/liteos/code/WIFI2/Src\stm32l4xx_it.c **** /* STM32L4xx Peripheral Interrupt Handlers                                    */
 192:d:/liteos/code/WIFI2/Src\stm32l4xx_it.c **** /* Add here the Interrupt Handlers for the used peripherals.                  */
 193:d:/liteos/code/WIFI2/Src\stm32l4xx_it.c **** /* For the available peripheral interrupt handler names,                      */
 194:d:/liteos/code/WIFI2/Src\stm32l4xx_it.c **** /* please refer to the startup file (startup_stm32l4xx.s).                    */
 195:d:/liteos/code/WIFI2/Src\stm32l4xx_it.c **** /******************************************************************************/
 196:d:/liteos/code/WIFI2/Src\stm32l4xx_it.c **** 
 197:d:/liteos/code/WIFI2/Src\stm32l4xx_it.c **** /**
 198:d:/liteos/code/WIFI2/Src\stm32l4xx_it.c **** * @brief This function handles EXTI line2 interrupt.
 199:d:/liteos/code/WIFI2/Src\stm32l4xx_it.c **** */
 200:d:/liteos/code/WIFI2/Src\stm32l4xx_it.c **** void Key1_IRQHandler(void *args)
 201:d:/liteos/code/WIFI2/Src\stm32l4xx_it.c **** {
 239              		.loc 1 201 1 is_stmt 1 view -0
 240              		.cfi_startproc
 241              		@ args = 0, pretend = 0, frame = 0
 242              		@ frame_needed = 0, uses_anonymous_args = 0
 243              		@ link register save eliminated.
 202:d:/liteos/code/WIFI2/Src\stm32l4xx_it.c ****   /* USER CODE BEGIN EXTI2_IRQn 0 */
 203:d:/liteos/code/WIFI2/Src\stm32l4xx_it.c **** 
 204:d:/liteos/code/WIFI2/Src\stm32l4xx_it.c ****   /* USER CODE END EXTI2_IRQn 0 */
 205:d:/liteos/code/WIFI2/Src\stm32l4xx_it.c ****   HAL_GPIO_EXTI_IRQHandler(GPIO_PIN_2);
 244              		.loc 1 205 3 view .LVU28
 245 0000 0420     		movs	r0, #4
 246              	.LVL3:
 247              		.loc 1 205 3 is_stmt 0 view .LVU29
 248 0002 FFF7FEBF 		b	HAL_GPIO_EXTI_IRQHandler
 249              	.LVL4:
 250              		.cfi_endproc
 251              	.LFE296:
 253              		.section	.text.Key2_IRQHandler,"ax",%progbits
 254              		.align	1
 255              		.global	Key2_IRQHandler
 256              		.syntax unified
 257              		.thumb
 258              		.thumb_func
 259              		.fpu fpv4-sp-d16
 261              	Key2_IRQHandler:
 262              	.LVL5:
 263              	.LFB297:
 206:d:/liteos/code/WIFI2/Src\stm32l4xx_it.c ****   /* USER CODE BEGIN EXTI2_IRQn 1 */
 207:d:/liteos/code/WIFI2/Src\stm32l4xx_it.c **** 
 208:d:/liteos/code/WIFI2/Src\stm32l4xx_it.c ****   /* USER CODE END EXTI2_IRQn 1 */
ARM GAS  C:\Users\²Ü¼ÒºÀ\AppData\Local\Temp\ccjaAnB0.s 			page 9


 209:d:/liteos/code/WIFI2/Src\stm32l4xx_it.c **** }
 210:d:/liteos/code/WIFI2/Src\stm32l4xx_it.c **** 
 211:d:/liteos/code/WIFI2/Src\stm32l4xx_it.c **** /**
 212:d:/liteos/code/WIFI2/Src\stm32l4xx_it.c **** * @brief This function handles EXTI line3 interrupt.
 213:d:/liteos/code/WIFI2/Src\stm32l4xx_it.c **** */
 214:d:/liteos/code/WIFI2/Src\stm32l4xx_it.c **** void Key2_IRQHandler(void *args)
 215:d:/liteos/code/WIFI2/Src\stm32l4xx_it.c **** {
 264              		.loc 1 215 1 is_stmt 1 view -0
 265              		.cfi_startproc
 266              		@ args = 0, pretend = 0, frame = 0
 267              		@ frame_needed = 0, uses_anonymous_args = 0
 268              		@ link register save eliminated.
 216:d:/liteos/code/WIFI2/Src\stm32l4xx_it.c ****   /* USER CODE BEGIN EXTI3_IRQn 0 */
 217:d:/liteos/code/WIFI2/Src\stm32l4xx_it.c **** 
 218:d:/liteos/code/WIFI2/Src\stm32l4xx_it.c ****   /* USER CODE END EXTI3_IRQn 0 */
 219:d:/liteos/code/WIFI2/Src\stm32l4xx_it.c ****   HAL_GPIO_EXTI_IRQHandler(GPIO_PIN_3);
 269              		.loc 1 219 3 view .LVU31
 270 0000 0820     		movs	r0, #8
 271              	.LVL6:
 272              		.loc 1 219 3 is_stmt 0 view .LVU32
 273 0002 FFF7FEBF 		b	HAL_GPIO_EXTI_IRQHandler
 274              	.LVL7:
 275              		.cfi_endproc
 276              	.LFE297:
 278              		.section	.text.Infrared_IRQHandler,"ax",%progbits
 279              		.align	1
 280              		.global	Infrared_IRQHandler
 281              		.syntax unified
 282              		.thumb
 283              		.thumb_func
 284              		.fpu fpv4-sp-d16
 286              	Infrared_IRQHandler:
 287              	.LVL8:
 288              	.LFB298:
 220:d:/liteos/code/WIFI2/Src\stm32l4xx_it.c ****   /* USER CODE BEGIN EXTI3_IRQn 1 */
 221:d:/liteos/code/WIFI2/Src\stm32l4xx_it.c **** 
 222:d:/liteos/code/WIFI2/Src\stm32l4xx_it.c ****   /* USER CODE END EXTI3_IRQn 1 */
 223:d:/liteos/code/WIFI2/Src\stm32l4xx_it.c **** }
 224:d:/liteos/code/WIFI2/Src\stm32l4xx_it.c **** 
 225:d:/liteos/code/WIFI2/Src\stm32l4xx_it.c **** /**
 226:d:/liteos/code/WIFI2/Src\stm32l4xx_it.c ****   * @brief This function handles EXTI line[9:5] interrupts.
 227:d:/liteos/code/WIFI2/Src\stm32l4xx_it.c ****   */
 228:d:/liteos/code/WIFI2/Src\stm32l4xx_it.c **** //void EXTI9_5_IRQHandler(void)
 229:d:/liteos/code/WIFI2/Src\stm32l4xx_it.c **** void Infrared_IRQHandler(void *args)
 230:d:/liteos/code/WIFI2/Src\stm32l4xx_it.c **** {
 289              		.loc 1 230 1 is_stmt 1 view -0
 290              		.cfi_startproc
 291              		@ args = 0, pretend = 0, frame = 0
 292              		@ frame_needed = 0, uses_anonymous_args = 0
 293              		@ link register save eliminated.
 231:d:/liteos/code/WIFI2/Src\stm32l4xx_it.c ****   /* USER CODE BEGIN EXTI9_5_IRQn 0 */
 232:d:/liteos/code/WIFI2/Src\stm32l4xx_it.c **** 
 233:d:/liteos/code/WIFI2/Src\stm32l4xx_it.c ****   /* USER CODE END EXTI9_5_IRQn 0 */
 234:d:/liteos/code/WIFI2/Src\stm32l4xx_it.c ****   HAL_GPIO_EXTI_IRQHandler(GPIO_PIN_9);
 294              		.loc 1 234 3 view .LVU34
 295 0000 4FF40070 		mov	r0, #512
 296              	.LVL9:
ARM GAS  C:\Users\²Ü¼ÒºÀ\AppData\Local\Temp\ccjaAnB0.s 			page 10


 297              		.loc 1 234 3 is_stmt 0 view .LVU35
 298 0004 FFF7FEBF 		b	HAL_GPIO_EXTI_IRQHandler
 299              	.LVL10:
 300              		.cfi_endproc
 301              	.LFE298:
 303              		.section	.text.USART1_IRQHandler,"ax",%progbits
 304              		.align	1
 305              		.global	USART1_IRQHandler
 306              		.syntax unified
 307              		.thumb
 308              		.thumb_func
 309              		.fpu fpv4-sp-d16
 311              	USART1_IRQHandler:
 312              	.LFB299:
 235:d:/liteos/code/WIFI2/Src\stm32l4xx_it.c ****   /* USER CODE BEGIN EXTI9_5_IRQn 1 */
 236:d:/liteos/code/WIFI2/Src\stm32l4xx_it.c **** 
 237:d:/liteos/code/WIFI2/Src\stm32l4xx_it.c ****   /* USER CODE END EXTI9_5_IRQn 1 */
 238:d:/liteos/code/WIFI2/Src\stm32l4xx_it.c **** }
 239:d:/liteos/code/WIFI2/Src\stm32l4xx_it.c **** 
 240:d:/liteos/code/WIFI2/Src\stm32l4xx_it.c **** /**
 241:d:/liteos/code/WIFI2/Src\stm32l4xx_it.c **** * @brief This function handles USART1 global interrupt.
 242:d:/liteos/code/WIFI2/Src\stm32l4xx_it.c **** */
 243:d:/liteos/code/WIFI2/Src\stm32l4xx_it.c **** void USART1_IRQHandler(void)
 244:d:/liteos/code/WIFI2/Src\stm32l4xx_it.c **** {
 313              		.loc 1 244 1 is_stmt 1 view -0
 314              		.cfi_startproc
 315              		@ args = 0, pretend = 0, frame = 0
 316              		@ frame_needed = 0, uses_anonymous_args = 0
 317              		@ link register save eliminated.
 245:d:/liteos/code/WIFI2/Src\stm32l4xx_it.c ****   /* USER CODE BEGIN USART1_IRQn 0 */
 246:d:/liteos/code/WIFI2/Src\stm32l4xx_it.c **** 
 247:d:/liteos/code/WIFI2/Src\stm32l4xx_it.c ****   /* USER CODE END USART1_IRQn 0 */
 248:d:/liteos/code/WIFI2/Src\stm32l4xx_it.c ****   HAL_UART_IRQHandler(&huart1);
 318              		.loc 1 248 3 view .LVU37
 319 0000 0148     		ldr	r0, .L18
 320 0002 FFF7FEBF 		b	HAL_UART_IRQHandler
 321              	.LVL11:
 322              	.L19:
 323 0006 00BF     		.align	2
 324              	.L18:
 325 0008 00000000 		.word	huart1
 326              		.cfi_endproc
 327              	.LFE299:
 329              		.section	.text.USART2_IRQHandler,"ax",%progbits
 330              		.align	1
 331              		.global	USART2_IRQHandler
 332              		.syntax unified
 333              		.thumb
 334              		.thumb_func
 335              		.fpu fpv4-sp-d16
 337              	USART2_IRQHandler:
 338              	.LFB300:
 249:d:/liteos/code/WIFI2/Src\stm32l4xx_it.c ****   /* USER CODE BEGIN USART1_IRQn 1 */
 250:d:/liteos/code/WIFI2/Src\stm32l4xx_it.c **** 
 251:d:/liteos/code/WIFI2/Src\stm32l4xx_it.c ****   /* USER CODE END USART1_IRQn 1 */
 252:d:/liteos/code/WIFI2/Src\stm32l4xx_it.c **** }
 253:d:/liteos/code/WIFI2/Src\stm32l4xx_it.c **** 
ARM GAS  C:\Users\²Ü¼ÒºÀ\AppData\Local\Temp\ccjaAnB0.s 			page 11


 254:d:/liteos/code/WIFI2/Src\stm32l4xx_it.c **** /**
 255:d:/liteos/code/WIFI2/Src\stm32l4xx_it.c **** * @brief This function handles USART2 global interrupt.
 256:d:/liteos/code/WIFI2/Src\stm32l4xx_it.c **** */
 257:d:/liteos/code/WIFI2/Src\stm32l4xx_it.c **** void USART2_IRQHandler(void)
 258:d:/liteos/code/WIFI2/Src\stm32l4xx_it.c **** {
 339              		.loc 1 258 1 view -0
 340              		.cfi_startproc
 341              		@ args = 0, pretend = 0, frame = 0
 342              		@ frame_needed = 0, uses_anonymous_args = 0
 343              		@ link register save eliminated.
 259:d:/liteos/code/WIFI2/Src\stm32l4xx_it.c ****   /* USER CODE BEGIN USART2_IRQn 0 */
 260:d:/liteos/code/WIFI2/Src\stm32l4xx_it.c **** 
 261:d:/liteos/code/WIFI2/Src\stm32l4xx_it.c ****   /* USER CODE END USART2_IRQn 0 */
 262:d:/liteos/code/WIFI2/Src\stm32l4xx_it.c ****   HAL_UART_IRQHandler(&huart2);
 344              		.loc 1 262 3 view .LVU39
 345 0000 0148     		ldr	r0, .L21
 346 0002 FFF7FEBF 		b	HAL_UART_IRQHandler
 347              	.LVL12:
 348              	.L22:
 349 0006 00BF     		.align	2
 350              	.L21:
 351 0008 00000000 		.word	huart2
 352              		.cfi_endproc
 353              	.LFE300:
 355              		.section	.text.USART3_IRQHandler,"ax",%progbits
 356              		.align	1
 357              		.global	USART3_IRQHandler
 358              		.syntax unified
 359              		.thumb
 360              		.thumb_func
 361              		.fpu fpv4-sp-d16
 363              	USART3_IRQHandler:
 364              	.LFB301:
 263:d:/liteos/code/WIFI2/Src\stm32l4xx_it.c ****   /* USER CODE BEGIN USART2_IRQn 1 */
 264:d:/liteos/code/WIFI2/Src\stm32l4xx_it.c **** 
 265:d:/liteos/code/WIFI2/Src\stm32l4xx_it.c ****   /* USER CODE END USART2_IRQn 1 */
 266:d:/liteos/code/WIFI2/Src\stm32l4xx_it.c **** }
 267:d:/liteos/code/WIFI2/Src\stm32l4xx_it.c **** 
 268:d:/liteos/code/WIFI2/Src\stm32l4xx_it.c **** /**
 269:d:/liteos/code/WIFI2/Src\stm32l4xx_it.c **** * @brief This function handles USART3 global interrupt.
 270:d:/liteos/code/WIFI2/Src\stm32l4xx_it.c **** */
 271:d:/liteos/code/WIFI2/Src\stm32l4xx_it.c **** void USART3_IRQHandler(void)
 272:d:/liteos/code/WIFI2/Src\stm32l4xx_it.c **** {
 365              		.loc 1 272 1 view -0
 366              		.cfi_startproc
 367              		@ args = 0, pretend = 0, frame = 0
 368              		@ frame_needed = 0, uses_anonymous_args = 0
 369              		@ link register save eliminated.
 273:d:/liteos/code/WIFI2/Src\stm32l4xx_it.c ****   /* USER CODE BEGIN USART3_IRQn 0 */
 274:d:/liteos/code/WIFI2/Src\stm32l4xx_it.c **** 
 275:d:/liteos/code/WIFI2/Src\stm32l4xx_it.c ****   /* USER CODE END USART3_IRQn 0 */
 276:d:/liteos/code/WIFI2/Src\stm32l4xx_it.c ****   HAL_UART_IRQHandler(&huart3);
 370              		.loc 1 276 3 view .LVU41
 371 0000 0148     		ldr	r0, .L24
 372 0002 FFF7FEBF 		b	HAL_UART_IRQHandler
 373              	.LVL13:
 374              	.L25:
ARM GAS  C:\Users\²Ü¼ÒºÀ\AppData\Local\Temp\ccjaAnB0.s 			page 12


 375 0006 00BF     		.align	2
 376              	.L24:
 377 0008 00000000 		.word	huart3
 378              		.cfi_endproc
 379              	.LFE301:
 381              		.text
 382              	.Letext0:
 383              		.file 2 "c:\\users\\\262\334\274\322\272\300\\.iotlink\\tools\\gcc-arm-none-eabi\\arm-none-eabi\\i
 384              		.file 3 "c:\\users\\\262\334\274\322\272\300\\.iotlink\\tools\\gcc-arm-none-eabi\\arm-none-eabi\\i
 385              		.file 4 "c:\\users\\\262\334\274\322\272\300\\.iotlink\\tools\\gcc-arm-none-eabi\\arm-none-eabi\\i
 386              		.file 5 "c:\\users\\\262\334\274\322\272\300\\.iotlink\\tools\\gcc-arm-none-eabi\\lib\\gcc\\arm-no
 387              		.file 6 "c:\\users\\\262\334\274\322\272\300\\.iotlink\\tools\\gcc-arm-none-eabi\\arm-none-eabi\\i
 388              		.file 7 "C:/Users/\262\334\274\322\272\300/.iotlink/sdk/IoT_LINK/iot_link/os/liteos/include/los_ty
 389              		.file 8 "c:\\users\\\262\334\274\322\272\300\\.iotlink\\tools\\gcc-arm-none-eabi\\arm-none-eabi\\i
 390              		.file 9 "C:/Users/\262\334\274\322\272\300/.iotlink/sdk/IoT_LINK/iot_link/os/liteos/arch/arm/commo
 391              		.file 10 "d:/liteos/code/WIFI2/Inc/system_stm32l4xx.h"
 392              		.file 11 "d:/liteos/code/WIFI2/Inc/stm32l431xx.h"
 393              		.file 12 "C:/Users/\262\334\274\322\272\300/.iotlink/sdk/IoT_LINK/iot_link/os/liteos/include/los_c
 394              		.file 13 "C:/Users/\262\334\274\322\272\300/.iotlink/sdk/IoT_LINK/iot_link/os/liteos/include/los_e
 395              		.file 14 "C:/Users/\262\334\274\322\272\300/.iotlink/sdk/IoT_LINK/iot_link/os/liteos/arch/arm/arm-
 396              		.file 15 "C:/Users/\262\334\274\322\272\300/.iotlink/sdk/IoT_LINK/drivers/third_party/ST/STM32L4xx
 397              		.file 16 "C:/Users/\262\334\274\322\272\300/.iotlink/sdk/IoT_LINK/drivers/third_party/ST/STM32L4xx
 398              		.file 17 "C:/Users/\262\334\274\322\272\300/.iotlink/sdk/IoT_LINK/drivers/third_party/ST/STM32L4xx
 399              		.file 18 "C:/Users/\262\334\274\322\272\300/.iotlink/sdk/IoT_LINK/drivers/third_party/ST/STM32L4xx
 400              		.file 19 "C:/Users/\262\334\274\322\272\300/.iotlink/sdk/IoT_LINK/drivers/third_party/ST/STM32L4xx
 401              		.file 20 "C:/Users/\262\334\274\322\272\300/.iotlink/sdk/IoT_LINK/drivers/third_party/ST/STM32L4xx
ARM GAS  C:\Users\²Ü¼ÒºÀ\AppData\Local\Temp\ccjaAnB0.s 			page 13


DEFINED SYMBOLS
                            *ABS*:00000000 stm32l4xx_it.c
C:\Users\²Ü¼ÒºÀ\AppData\Local\Temp\ccjaAnB0.s:18     .text.NMI_Handler:00000000 $t
C:\Users\²Ü¼ÒºÀ\AppData\Local\Temp\ccjaAnB0.s:26     .text.NMI_Handler:00000000 NMI_Handler
C:\Users\²Ü¼ÒºÀ\AppData\Local\Temp\ccjaAnB0.s:40     .text.HardFault_Handler:00000000 $t
C:\Users\²Ü¼ÒºÀ\AppData\Local\Temp\ccjaAnB0.s:47     .text.HardFault_Handler:00000000 HardFault_Handler
C:\Users\²Ü¼ÒºÀ\AppData\Local\Temp\ccjaAnB0.s:64     .text.MemManage_Handler:00000000 $t
C:\Users\²Ü¼ÒºÀ\AppData\Local\Temp\ccjaAnB0.s:71     .text.MemManage_Handler:00000000 MemManage_Handler
C:\Users\²Ü¼ÒºÀ\AppData\Local\Temp\ccjaAnB0.s:88     .text.BusFault_Handler:00000000 $t
C:\Users\²Ü¼ÒºÀ\AppData\Local\Temp\ccjaAnB0.s:95     .text.BusFault_Handler:00000000 BusFault_Handler
C:\Users\²Ü¼ÒºÀ\AppData\Local\Temp\ccjaAnB0.s:112    .text.UsageFault_Handler:00000000 $t
C:\Users\²Ü¼ÒºÀ\AppData\Local\Temp\ccjaAnB0.s:119    .text.UsageFault_Handler:00000000 UsageFault_Handler
C:\Users\²Ü¼ÒºÀ\AppData\Local\Temp\ccjaAnB0.s:136    .text.SVC_Handler:00000000 $t
C:\Users\²Ü¼ÒºÀ\AppData\Local\Temp\ccjaAnB0.s:143    .text.SVC_Handler:00000000 SVC_Handler
C:\Users\²Ü¼ÒºÀ\AppData\Local\Temp\ccjaAnB0.s:154    .text.DebugMon_Handler:00000000 $t
C:\Users\²Ü¼ÒºÀ\AppData\Local\Temp\ccjaAnB0.s:161    .text.DebugMon_Handler:00000000 DebugMon_Handler
C:\Users\²Ü¼ÒºÀ\AppData\Local\Temp\ccjaAnB0.s:172    .text.PendSV_Handler:00000000 $t
C:\Users\²Ü¼ÒºÀ\AppData\Local\Temp\ccjaAnB0.s:179    .text.PendSV_Handler:00000000 PendSV_Handler
C:\Users\²Ü¼ÒºÀ\AppData\Local\Temp\ccjaAnB0.s:192    .text.SysTick_Handler:00000000 $t
C:\Users\²Ü¼ÒºÀ\AppData\Local\Temp\ccjaAnB0.s:199    .text.SysTick_Handler:00000000 SysTick_Handler
C:\Users\²Ü¼ÒºÀ\AppData\Local\Temp\ccjaAnB0.s:229    .text.Key1_IRQHandler:00000000 $t
C:\Users\²Ü¼ÒºÀ\AppData\Local\Temp\ccjaAnB0.s:236    .text.Key1_IRQHandler:00000000 Key1_IRQHandler
C:\Users\²Ü¼ÒºÀ\AppData\Local\Temp\ccjaAnB0.s:254    .text.Key2_IRQHandler:00000000 $t
C:\Users\²Ü¼ÒºÀ\AppData\Local\Temp\ccjaAnB0.s:261    .text.Key2_IRQHandler:00000000 Key2_IRQHandler
C:\Users\²Ü¼ÒºÀ\AppData\Local\Temp\ccjaAnB0.s:279    .text.Infrared_IRQHandler:00000000 $t
C:\Users\²Ü¼ÒºÀ\AppData\Local\Temp\ccjaAnB0.s:286    .text.Infrared_IRQHandler:00000000 Infrared_IRQHandler
C:\Users\²Ü¼ÒºÀ\AppData\Local\Temp\ccjaAnB0.s:304    .text.USART1_IRQHandler:00000000 $t
C:\Users\²Ü¼ÒºÀ\AppData\Local\Temp\ccjaAnB0.s:311    .text.USART1_IRQHandler:00000000 USART1_IRQHandler
C:\Users\²Ü¼ÒºÀ\AppData\Local\Temp\ccjaAnB0.s:325    .text.USART1_IRQHandler:00000008 $d
C:\Users\²Ü¼ÒºÀ\AppData\Local\Temp\ccjaAnB0.s:330    .text.USART2_IRQHandler:00000000 $t
C:\Users\²Ü¼ÒºÀ\AppData\Local\Temp\ccjaAnB0.s:337    .text.USART2_IRQHandler:00000000 USART2_IRQHandler
C:\Users\²Ü¼ÒºÀ\AppData\Local\Temp\ccjaAnB0.s:351    .text.USART2_IRQHandler:00000008 $d
C:\Users\²Ü¼ÒºÀ\AppData\Local\Temp\ccjaAnB0.s:356    .text.USART3_IRQHandler:00000000 $t
C:\Users\²Ü¼ÒºÀ\AppData\Local\Temp\ccjaAnB0.s:363    .text.USART3_IRQHandler:00000000 USART3_IRQHandler
C:\Users\²Ü¼ÒºÀ\AppData\Local\Temp\ccjaAnB0.s:377    .text.USART3_IRQHandler:00000008 $d

UNDEFINED SYMBOLS
HAL_IncTick
HAL_SYSTICK_IRQHandler
HAL_GPIO_EXTI_IRQHandler
HAL_UART_IRQHandler
huart1
huart2
huart3
