ARM GAS  C:\Users\²Ü¼ÒºÀ\AppData\Local\Temp\ccSrIywA.s 			page 1


   1              		.cpu cortex-m4
   2              		.eabi_attribute 27, 1
   3              		.eabi_attribute 28, 1
   4              		.eabi_attribute 20, 1
   5              		.eabi_attribute 21, 1
   6              		.eabi_attribute 23, 3
   7              		.eabi_attribute 24, 1
   8              		.eabi_attribute 25, 1
   9              		.eabi_attribute 26, 1
  10              		.eabi_attribute 30, 4
  11              		.eabi_attribute 34, 1
  12              		.eabi_attribute 18, 4
  13              		.file	"system_stm32l4xx.c"
  14              		.text
  15              	.Ltext0:
  16              		.cfi_sections	.debug_frame
  17              		.section	.text.SystemInit,"ax",%progbits
  18              		.align	1
  19              		.global	SystemInit
  20              		.arch armv7e-m
  21              		.syntax unified
  22              		.thumb
  23              		.thumb_func
  24              		.fpu fpv4-sp-d16
  26              	SystemInit:
  27              	.LFB287:
  28              		.file 1 "d:/liteos/code/WIFI2/Src/system_stm32l4xx.c"
   1:d:/liteos/code/WIFI2/Src\system_stm32l4xx.c **** /**
   2:d:/liteos/code/WIFI2/Src\system_stm32l4xx.c ****   ******************************************************************************
   3:d:/liteos/code/WIFI2/Src\system_stm32l4xx.c ****   * @file    system_stm32l4xx.c
   4:d:/liteos/code/WIFI2/Src\system_stm32l4xx.c ****   * @author  MCD Application Team
   5:d:/liteos/code/WIFI2/Src\system_stm32l4xx.c ****   * @brief   CMSIS Cortex-M4 Device Peripheral Access Layer System Source File
   6:d:/liteos/code/WIFI2/Src\system_stm32l4xx.c ****   *
   7:d:/liteos/code/WIFI2/Src\system_stm32l4xx.c ****   *   This file provides two functions and one global variable to be called from
   8:d:/liteos/code/WIFI2/Src\system_stm32l4xx.c ****   *   user application:
   9:d:/liteos/code/WIFI2/Src\system_stm32l4xx.c ****   *      - SystemInit(): This function is called at startup just after reset and
  10:d:/liteos/code/WIFI2/Src\system_stm32l4xx.c ****   *                      before branch to main program. This call is made inside
  11:d:/liteos/code/WIFI2/Src\system_stm32l4xx.c ****   *                      the "startup_stm32l4xx.s" file.
  12:d:/liteos/code/WIFI2/Src\system_stm32l4xx.c ****   *
  13:d:/liteos/code/WIFI2/Src\system_stm32l4xx.c ****   *      - SystemCoreClock variable: Contains the core clock (HCLK), it can be used
  14:d:/liteos/code/WIFI2/Src\system_stm32l4xx.c ****   *                                  by the user application to setup the SysTick
  15:d:/liteos/code/WIFI2/Src\system_stm32l4xx.c ****   *                                  timer or configure other parameters.
  16:d:/liteos/code/WIFI2/Src\system_stm32l4xx.c ****   *
  17:d:/liteos/code/WIFI2/Src\system_stm32l4xx.c ****   *      - SystemCoreClockUpdate(): Updates the variable SystemCoreClock and must
  18:d:/liteos/code/WIFI2/Src\system_stm32l4xx.c ****   *                                 be called whenever the core clock is changed
  19:d:/liteos/code/WIFI2/Src\system_stm32l4xx.c ****   *                                 during program execution.
  20:d:/liteos/code/WIFI2/Src\system_stm32l4xx.c ****   *
  21:d:/liteos/code/WIFI2/Src\system_stm32l4xx.c ****   *   After each device reset the MSI (4 MHz) is used as system clock source.
  22:d:/liteos/code/WIFI2/Src\system_stm32l4xx.c ****   *   Then SystemInit() function is called, in "startup_stm32l4xx.s" file, to
  23:d:/liteos/code/WIFI2/Src\system_stm32l4xx.c ****   *   configure the system clock before to branch to main program.
  24:d:/liteos/code/WIFI2/Src\system_stm32l4xx.c ****   *
  25:d:/liteos/code/WIFI2/Src\system_stm32l4xx.c ****   *   This file configures the system clock as follows:
  26:d:/liteos/code/WIFI2/Src\system_stm32l4xx.c ****   *=============================================================================
  27:d:/liteos/code/WIFI2/Src\system_stm32l4xx.c ****   *-----------------------------------------------------------------------------
  28:d:/liteos/code/WIFI2/Src\system_stm32l4xx.c ****   *        System Clock source                    | MSI
  29:d:/liteos/code/WIFI2/Src\system_stm32l4xx.c ****   *-----------------------------------------------------------------------------
  30:d:/liteos/code/WIFI2/Src\system_stm32l4xx.c ****   *        SYSCLK(Hz)                             | 4000000
ARM GAS  C:\Users\²Ü¼ÒºÀ\AppData\Local\Temp\ccSrIywA.s 			page 2


  31:d:/liteos/code/WIFI2/Src\system_stm32l4xx.c ****   *-----------------------------------------------------------------------------
  32:d:/liteos/code/WIFI2/Src\system_stm32l4xx.c ****   *        HCLK(Hz)                               | 4000000
  33:d:/liteos/code/WIFI2/Src\system_stm32l4xx.c ****   *-----------------------------------------------------------------------------
  34:d:/liteos/code/WIFI2/Src\system_stm32l4xx.c ****   *        AHB Prescaler                          | 1
  35:d:/liteos/code/WIFI2/Src\system_stm32l4xx.c ****   *-----------------------------------------------------------------------------
  36:d:/liteos/code/WIFI2/Src\system_stm32l4xx.c ****   *        APB1 Prescaler                         | 1
  37:d:/liteos/code/WIFI2/Src\system_stm32l4xx.c ****   *-----------------------------------------------------------------------------
  38:d:/liteos/code/WIFI2/Src\system_stm32l4xx.c ****   *        APB2 Prescaler                         | 1
  39:d:/liteos/code/WIFI2/Src\system_stm32l4xx.c ****   *-----------------------------------------------------------------------------
  40:d:/liteos/code/WIFI2/Src\system_stm32l4xx.c ****   *        PLL_M                                  | 1
  41:d:/liteos/code/WIFI2/Src\system_stm32l4xx.c ****   *-----------------------------------------------------------------------------
  42:d:/liteos/code/WIFI2/Src\system_stm32l4xx.c ****   *        PLL_N                                  | 8
  43:d:/liteos/code/WIFI2/Src\system_stm32l4xx.c ****   *-----------------------------------------------------------------------------
  44:d:/liteos/code/WIFI2/Src\system_stm32l4xx.c ****   *        PLL_P                                  | 7
  45:d:/liteos/code/WIFI2/Src\system_stm32l4xx.c ****   *-----------------------------------------------------------------------------
  46:d:/liteos/code/WIFI2/Src\system_stm32l4xx.c ****   *        PLL_Q                                  | 2
  47:d:/liteos/code/WIFI2/Src\system_stm32l4xx.c ****   *-----------------------------------------------------------------------------
  48:d:/liteos/code/WIFI2/Src\system_stm32l4xx.c ****   *        PLL_R                                  | 2
  49:d:/liteos/code/WIFI2/Src\system_stm32l4xx.c ****   *-----------------------------------------------------------------------------
  50:d:/liteos/code/WIFI2/Src\system_stm32l4xx.c ****   *        PLLSAI1_P                              | NA
  51:d:/liteos/code/WIFI2/Src\system_stm32l4xx.c ****   *-----------------------------------------------------------------------------
  52:d:/liteos/code/WIFI2/Src\system_stm32l4xx.c ****   *        PLLSAI1_Q                              | NA
  53:d:/liteos/code/WIFI2/Src\system_stm32l4xx.c ****   *-----------------------------------------------------------------------------
  54:d:/liteos/code/WIFI2/Src\system_stm32l4xx.c ****   *        PLLSAI1_R                              | NA
  55:d:/liteos/code/WIFI2/Src\system_stm32l4xx.c ****   *-----------------------------------------------------------------------------
  56:d:/liteos/code/WIFI2/Src\system_stm32l4xx.c ****   *        PLLSAI2_P                              | NA
  57:d:/liteos/code/WIFI2/Src\system_stm32l4xx.c ****   *-----------------------------------------------------------------------------
  58:d:/liteos/code/WIFI2/Src\system_stm32l4xx.c ****   *        PLLSAI2_Q                              | NA
  59:d:/liteos/code/WIFI2/Src\system_stm32l4xx.c ****   *-----------------------------------------------------------------------------
  60:d:/liteos/code/WIFI2/Src\system_stm32l4xx.c ****   *        PLLSAI2_R                              | NA
  61:d:/liteos/code/WIFI2/Src\system_stm32l4xx.c ****   *-----------------------------------------------------------------------------
  62:d:/liteos/code/WIFI2/Src\system_stm32l4xx.c ****   *        Require 48MHz for USB OTG FS,          | Disabled
  63:d:/liteos/code/WIFI2/Src\system_stm32l4xx.c ****   *        SDIO and RNG clock                     |
  64:d:/liteos/code/WIFI2/Src\system_stm32l4xx.c ****   *-----------------------------------------------------------------------------
  65:d:/liteos/code/WIFI2/Src\system_stm32l4xx.c ****   *=============================================================================
  66:d:/liteos/code/WIFI2/Src\system_stm32l4xx.c ****   ******************************************************************************
  67:d:/liteos/code/WIFI2/Src\system_stm32l4xx.c ****   * @attention
  68:d:/liteos/code/WIFI2/Src\system_stm32l4xx.c ****   *
  69:d:/liteos/code/WIFI2/Src\system_stm32l4xx.c ****   * <h2><center>&copy; COPYRIGHT(c) 2017 STMicroelectronics</center></h2>
  70:d:/liteos/code/WIFI2/Src\system_stm32l4xx.c ****   *
  71:d:/liteos/code/WIFI2/Src\system_stm32l4xx.c ****   * Redistribution and use in source and binary forms, with or without modification,
  72:d:/liteos/code/WIFI2/Src\system_stm32l4xx.c ****   * are permitted provided that the following conditions are met:
  73:d:/liteos/code/WIFI2/Src\system_stm32l4xx.c ****   *   1. Redistributions of source code must retain the above copyright notice,
  74:d:/liteos/code/WIFI2/Src\system_stm32l4xx.c ****   *      this list of conditions and the following disclaimer.
  75:d:/liteos/code/WIFI2/Src\system_stm32l4xx.c ****   *   2. Redistributions in binary form must reproduce the above copyright notice,
  76:d:/liteos/code/WIFI2/Src\system_stm32l4xx.c ****   *      this list of conditions and the following disclaimer in the documentation
  77:d:/liteos/code/WIFI2/Src\system_stm32l4xx.c ****   *      and/or other materials provided with the distribution.
  78:d:/liteos/code/WIFI2/Src\system_stm32l4xx.c ****   *   3. Neither the name of STMicroelectronics nor the names of its contributors
  79:d:/liteos/code/WIFI2/Src\system_stm32l4xx.c ****   *      may be used to endorse or promote products derived from this software
  80:d:/liteos/code/WIFI2/Src\system_stm32l4xx.c ****   *      without specific prior written permission.
  81:d:/liteos/code/WIFI2/Src\system_stm32l4xx.c ****   *
  82:d:/liteos/code/WIFI2/Src\system_stm32l4xx.c ****   * THIS SOFTWARE IS PROVIDED BY THE COPYRIGHT HOLDERS AND CONTRIBUTORS "AS IS"
  83:d:/liteos/code/WIFI2/Src\system_stm32l4xx.c ****   * AND ANY EXPRESS OR IMPLIED WARRANTIES, INCLUDING, BUT NOT LIMITED TO, THE
  84:d:/liteos/code/WIFI2/Src\system_stm32l4xx.c ****   * IMPLIED WARRANTIES OF MERCHANTABILITY AND FITNESS FOR A PARTICULAR PURPOSE ARE
  85:d:/liteos/code/WIFI2/Src\system_stm32l4xx.c ****   * DISCLAIMED. IN NO EVENT SHALL THE COPYRIGHT HOLDER OR CONTRIBUTORS BE LIABLE
  86:d:/liteos/code/WIFI2/Src\system_stm32l4xx.c ****   * FOR ANY DIRECT, INDIRECT, INCIDENTAL, SPECIAL, EXEMPLARY, OR CONSEQUENTIAL
  87:d:/liteos/code/WIFI2/Src\system_stm32l4xx.c ****   * DAMAGES (INCLUDING, BUT NOT LIMITED TO, PROCUREMENT OF SUBSTITUTE GOODS OR
ARM GAS  C:\Users\²Ü¼ÒºÀ\AppData\Local\Temp\ccSrIywA.s 			page 3


  88:d:/liteos/code/WIFI2/Src\system_stm32l4xx.c ****   * SERVICES; LOSS OF USE, DATA, OR PROFITS; OR BUSINESS INTERRUPTION) HOWEVER
  89:d:/liteos/code/WIFI2/Src\system_stm32l4xx.c ****   * CAUSED AND ON ANY THEORY OF LIABILITY, WHETHER IN CONTRACT, STRICT LIABILITY,
  90:d:/liteos/code/WIFI2/Src\system_stm32l4xx.c ****   * OR TORT (INCLUDING NEGLIGENCE OR OTHERWISE) ARISING IN ANY WAY OUT OF THE USE
  91:d:/liteos/code/WIFI2/Src\system_stm32l4xx.c ****   * OF THIS SOFTWARE, EVEN IF ADVISED OF THE POSSIBILITY OF SUCH DAMAGE.
  92:d:/liteos/code/WIFI2/Src\system_stm32l4xx.c ****   *
  93:d:/liteos/code/WIFI2/Src\system_stm32l4xx.c ****   ******************************************************************************
  94:d:/liteos/code/WIFI2/Src\system_stm32l4xx.c ****   */
  95:d:/liteos/code/WIFI2/Src\system_stm32l4xx.c **** 
  96:d:/liteos/code/WIFI2/Src\system_stm32l4xx.c **** /** @addtogroup CMSIS
  97:d:/liteos/code/WIFI2/Src\system_stm32l4xx.c ****   * @{
  98:d:/liteos/code/WIFI2/Src\system_stm32l4xx.c ****   */
  99:d:/liteos/code/WIFI2/Src\system_stm32l4xx.c **** 
 100:d:/liteos/code/WIFI2/Src\system_stm32l4xx.c **** /** @addtogroup stm32l4xx_system
 101:d:/liteos/code/WIFI2/Src\system_stm32l4xx.c ****   * @{
 102:d:/liteos/code/WIFI2/Src\system_stm32l4xx.c ****   */
 103:d:/liteos/code/WIFI2/Src\system_stm32l4xx.c **** 
 104:d:/liteos/code/WIFI2/Src\system_stm32l4xx.c **** /** @addtogroup STM32L4xx_System_Private_Includes
 105:d:/liteos/code/WIFI2/Src\system_stm32l4xx.c ****   * @{
 106:d:/liteos/code/WIFI2/Src\system_stm32l4xx.c ****   */
 107:d:/liteos/code/WIFI2/Src\system_stm32l4xx.c **** 
 108:d:/liteos/code/WIFI2/Src\system_stm32l4xx.c **** #include "stm32l4xx.h"
 109:d:/liteos/code/WIFI2/Src\system_stm32l4xx.c **** 
 110:d:/liteos/code/WIFI2/Src\system_stm32l4xx.c **** #if !defined  (HSE_VALUE)
 111:d:/liteos/code/WIFI2/Src\system_stm32l4xx.c ****   #define HSE_VALUE    8000000U  /*!< Value of the External oscillator in Hz */
 112:d:/liteos/code/WIFI2/Src\system_stm32l4xx.c **** #endif /* HSE_VALUE */
 113:d:/liteos/code/WIFI2/Src\system_stm32l4xx.c **** 
 114:d:/liteos/code/WIFI2/Src\system_stm32l4xx.c **** #if !defined  (MSI_VALUE)
 115:d:/liteos/code/WIFI2/Src\system_stm32l4xx.c ****   #define MSI_VALUE    4000000U  /*!< Value of the Internal oscillator in Hz*/
 116:d:/liteos/code/WIFI2/Src\system_stm32l4xx.c **** #endif /* MSI_VALUE */
 117:d:/liteos/code/WIFI2/Src\system_stm32l4xx.c **** 
 118:d:/liteos/code/WIFI2/Src\system_stm32l4xx.c **** #if !defined  (HSI_VALUE)
 119:d:/liteos/code/WIFI2/Src\system_stm32l4xx.c ****   #define HSI_VALUE    16000000U /*!< Value of the Internal oscillator in Hz*/
 120:d:/liteos/code/WIFI2/Src\system_stm32l4xx.c **** #endif /* HSI_VALUE */
 121:d:/liteos/code/WIFI2/Src\system_stm32l4xx.c **** 
 122:d:/liteos/code/WIFI2/Src\system_stm32l4xx.c **** /**
 123:d:/liteos/code/WIFI2/Src\system_stm32l4xx.c ****   * @}
 124:d:/liteos/code/WIFI2/Src\system_stm32l4xx.c ****   */
 125:d:/liteos/code/WIFI2/Src\system_stm32l4xx.c **** 
 126:d:/liteos/code/WIFI2/Src\system_stm32l4xx.c **** /** @addtogroup STM32L4xx_System_Private_TypesDefinitions
 127:d:/liteos/code/WIFI2/Src\system_stm32l4xx.c ****   * @{
 128:d:/liteos/code/WIFI2/Src\system_stm32l4xx.c ****   */
 129:d:/liteos/code/WIFI2/Src\system_stm32l4xx.c **** 
 130:d:/liteos/code/WIFI2/Src\system_stm32l4xx.c **** /**
 131:d:/liteos/code/WIFI2/Src\system_stm32l4xx.c ****   * @}
 132:d:/liteos/code/WIFI2/Src\system_stm32l4xx.c ****   */
 133:d:/liteos/code/WIFI2/Src\system_stm32l4xx.c **** 
 134:d:/liteos/code/WIFI2/Src\system_stm32l4xx.c **** /** @addtogroup STM32L4xx_System_Private_Defines
 135:d:/liteos/code/WIFI2/Src\system_stm32l4xx.c ****   * @{
 136:d:/liteos/code/WIFI2/Src\system_stm32l4xx.c ****   */
 137:d:/liteos/code/WIFI2/Src\system_stm32l4xx.c **** 
 138:d:/liteos/code/WIFI2/Src\system_stm32l4xx.c **** /************************* Miscellaneous Configuration ************************/
 139:d:/liteos/code/WIFI2/Src\system_stm32l4xx.c **** /*!< Uncomment the following line if you need to relocate your vector Table in
 140:d:/liteos/code/WIFI2/Src\system_stm32l4xx.c ****      Internal SRAM. */
 141:d:/liteos/code/WIFI2/Src\system_stm32l4xx.c **** /* #define VECT_TAB_SRAM */
 142:d:/liteos/code/WIFI2/Src\system_stm32l4xx.c **** #define VECT_TAB_OFFSET  0x10000 /*!< Vector Table base offset field.
 143:d:/liteos/code/WIFI2/Src\system_stm32l4xx.c ****                                    This value must be a multiple of 0x200. */
 144:d:/liteos/code/WIFI2/Src\system_stm32l4xx.c **** /******************************************************************************/
ARM GAS  C:\Users\²Ü¼ÒºÀ\AppData\Local\Temp\ccSrIywA.s 			page 4


 145:d:/liteos/code/WIFI2/Src\system_stm32l4xx.c **** /**
 146:d:/liteos/code/WIFI2/Src\system_stm32l4xx.c ****   * @}
 147:d:/liteos/code/WIFI2/Src\system_stm32l4xx.c ****   */
 148:d:/liteos/code/WIFI2/Src\system_stm32l4xx.c **** 
 149:d:/liteos/code/WIFI2/Src\system_stm32l4xx.c **** /** @addtogroup STM32L4xx_System_Private_Macros
 150:d:/liteos/code/WIFI2/Src\system_stm32l4xx.c ****   * @{
 151:d:/liteos/code/WIFI2/Src\system_stm32l4xx.c ****   */
 152:d:/liteos/code/WIFI2/Src\system_stm32l4xx.c **** 
 153:d:/liteos/code/WIFI2/Src\system_stm32l4xx.c **** /**
 154:d:/liteos/code/WIFI2/Src\system_stm32l4xx.c ****   * @}
 155:d:/liteos/code/WIFI2/Src\system_stm32l4xx.c ****   */
 156:d:/liteos/code/WIFI2/Src\system_stm32l4xx.c **** 
 157:d:/liteos/code/WIFI2/Src\system_stm32l4xx.c **** /** @addtogroup STM32L4xx_System_Private_Variables
 158:d:/liteos/code/WIFI2/Src\system_stm32l4xx.c ****   * @{
 159:d:/liteos/code/WIFI2/Src\system_stm32l4xx.c ****   */
 160:d:/liteos/code/WIFI2/Src\system_stm32l4xx.c ****   /* The SystemCoreClock variable is updated in three ways:
 161:d:/liteos/code/WIFI2/Src\system_stm32l4xx.c ****       1) by calling CMSIS function SystemCoreClockUpdate()
 162:d:/liteos/code/WIFI2/Src\system_stm32l4xx.c ****       2) by calling HAL API function HAL_RCC_GetHCLKFreq()
 163:d:/liteos/code/WIFI2/Src\system_stm32l4xx.c ****       3) each time HAL_RCC_ClockConfig() is called to configure the system clock frequency
 164:d:/liteos/code/WIFI2/Src\system_stm32l4xx.c ****          Note: If you use this function to configure the system clock; then there
 165:d:/liteos/code/WIFI2/Src\system_stm32l4xx.c ****                is no need to call the 2 first functions listed above, since SystemCoreClock
 166:d:/liteos/code/WIFI2/Src\system_stm32l4xx.c ****                variable is updated automatically.
 167:d:/liteos/code/WIFI2/Src\system_stm32l4xx.c ****   */
 168:d:/liteos/code/WIFI2/Src\system_stm32l4xx.c ****   uint32_t SystemCoreClock = 4000000U;
 169:d:/liteos/code/WIFI2/Src\system_stm32l4xx.c **** 
 170:d:/liteos/code/WIFI2/Src\system_stm32l4xx.c ****   const uint8_t  AHBPrescTable[16] = {0U, 0U, 0U, 0U, 0U, 0U, 0U, 0U, 1U, 2U, 3U, 4U, 6U, 7U, 8U, 9
 171:d:/liteos/code/WIFI2/Src\system_stm32l4xx.c ****   const uint8_t  APBPrescTable[8] =  {0U, 0U, 0U, 0U, 1U, 2U, 3U, 4U};
 172:d:/liteos/code/WIFI2/Src\system_stm32l4xx.c ****   const uint32_t MSIRangeTable[12] = {100000U,   200000U,   400000U,   800000U,  1000000U,  2000000
 173:d:/liteos/code/WIFI2/Src\system_stm32l4xx.c ****                                       4000000U, 8000000U, 16000000U, 24000000U, 32000000U, 48000000
 174:d:/liteos/code/WIFI2/Src\system_stm32l4xx.c **** /**
 175:d:/liteos/code/WIFI2/Src\system_stm32l4xx.c ****   * @}
 176:d:/liteos/code/WIFI2/Src\system_stm32l4xx.c ****   */
 177:d:/liteos/code/WIFI2/Src\system_stm32l4xx.c **** 
 178:d:/liteos/code/WIFI2/Src\system_stm32l4xx.c **** /** @addtogroup STM32L4xx_System_Private_FunctionPrototypes
 179:d:/liteos/code/WIFI2/Src\system_stm32l4xx.c ****   * @{
 180:d:/liteos/code/WIFI2/Src\system_stm32l4xx.c ****   */
 181:d:/liteos/code/WIFI2/Src\system_stm32l4xx.c **** 
 182:d:/liteos/code/WIFI2/Src\system_stm32l4xx.c **** /**
 183:d:/liteos/code/WIFI2/Src\system_stm32l4xx.c ****   * @}
 184:d:/liteos/code/WIFI2/Src\system_stm32l4xx.c ****   */
 185:d:/liteos/code/WIFI2/Src\system_stm32l4xx.c **** 
 186:d:/liteos/code/WIFI2/Src\system_stm32l4xx.c **** /** @addtogroup STM32L4xx_System_Private_Functions
 187:d:/liteos/code/WIFI2/Src\system_stm32l4xx.c ****   * @{
 188:d:/liteos/code/WIFI2/Src\system_stm32l4xx.c ****   */
 189:d:/liteos/code/WIFI2/Src\system_stm32l4xx.c **** 
 190:d:/liteos/code/WIFI2/Src\system_stm32l4xx.c **** /**
 191:d:/liteos/code/WIFI2/Src\system_stm32l4xx.c ****   * @brief  Setup the microcontroller system.
 192:d:/liteos/code/WIFI2/Src\system_stm32l4xx.c ****   * @param  None
 193:d:/liteos/code/WIFI2/Src\system_stm32l4xx.c ****   * @retval None
 194:d:/liteos/code/WIFI2/Src\system_stm32l4xx.c ****   */
 195:d:/liteos/code/WIFI2/Src\system_stm32l4xx.c **** 
 196:d:/liteos/code/WIFI2/Src\system_stm32l4xx.c **** void SystemInit(void)
 197:d:/liteos/code/WIFI2/Src\system_stm32l4xx.c **** {
  29              		.loc 1 197 1 view -0
  30              		.cfi_startproc
  31              		@ args = 0, pretend = 0, frame = 0
  32              		@ frame_needed = 0, uses_anonymous_args = 0
ARM GAS  C:\Users\²Ü¼ÒºÀ\AppData\Local\Temp\ccSrIywA.s 			page 5


  33              		@ link register save eliminated.
 198:d:/liteos/code/WIFI2/Src\system_stm32l4xx.c ****   /* FPU settings ------------------------------------------------------------*/
 199:d:/liteos/code/WIFI2/Src\system_stm32l4xx.c ****   #if (__FPU_PRESENT == 1) && (__FPU_USED == 1)
 200:d:/liteos/code/WIFI2/Src\system_stm32l4xx.c ****     SCB->CPACR |= ((3UL << 10*2)|(3UL << 11*2));  /* set CP10 and CP11 Full Access */
  34              		.loc 1 200 5 view .LVU1
  35              		.loc 1 200 16 is_stmt 0 view .LVU2
  36 0000 0F49     		ldr	r1, .L2
  37 0002 D1F88830 		ldr	r3, [r1, #136]
  38 0006 43F47003 		orr	r3, r3, #15728640
  39 000a C1F88830 		str	r3, [r1, #136]
 201:d:/liteos/code/WIFI2/Src\system_stm32l4xx.c ****   #endif
 202:d:/liteos/code/WIFI2/Src\system_stm32l4xx.c **** 
 203:d:/liteos/code/WIFI2/Src\system_stm32l4xx.c ****   /* Reset the RCC clock configuration to the default reset state ------------*/
 204:d:/liteos/code/WIFI2/Src\system_stm32l4xx.c ****   /* Set MSION bit */
 205:d:/liteos/code/WIFI2/Src\system_stm32l4xx.c ****   RCC->CR |= RCC_CR_MSION;
  40              		.loc 1 205 3 is_stmt 1 view .LVU3
  41              		.loc 1 205 11 is_stmt 0 view .LVU4
  42 000e 0D4B     		ldr	r3, .L2+4
  43 0010 1A68     		ldr	r2, [r3]
 206:d:/liteos/code/WIFI2/Src\system_stm32l4xx.c **** 
 207:d:/liteos/code/WIFI2/Src\system_stm32l4xx.c ****   /* Reset CFGR register */
 208:d:/liteos/code/WIFI2/Src\system_stm32l4xx.c ****   RCC->CFGR = 0x00000000U;
  44              		.loc 1 208 13 view .LVU5
  45 0012 0020     		movs	r0, #0
 205:d:/liteos/code/WIFI2/Src\system_stm32l4xx.c **** 
  46              		.loc 1 205 11 view .LVU6
  47 0014 42F00102 		orr	r2, r2, #1
  48 0018 1A60     		str	r2, [r3]
  49              		.loc 1 208 3 is_stmt 1 view .LVU7
  50              		.loc 1 208 13 is_stmt 0 view .LVU8
  51 001a 9860     		str	r0, [r3, #8]
 209:d:/liteos/code/WIFI2/Src\system_stm32l4xx.c **** 
 210:d:/liteos/code/WIFI2/Src\system_stm32l4xx.c ****   /* Reset HSEON, CSSON , HSION, and PLLON bits */
 211:d:/liteos/code/WIFI2/Src\system_stm32l4xx.c ****   RCC->CR &= 0xEAF6FFFFU;
  52              		.loc 1 211 3 is_stmt 1 view .LVU9
  53              		.loc 1 211 11 is_stmt 0 view .LVU10
  54 001c 1A68     		ldr	r2, [r3]
  55 001e 22F0A852 		bic	r2, r2, #352321536
  56 0022 22F41022 		bic	r2, r2, #589824
  57 0026 1A60     		str	r2, [r3]
 212:d:/liteos/code/WIFI2/Src\system_stm32l4xx.c **** 
 213:d:/liteos/code/WIFI2/Src\system_stm32l4xx.c ****   /* Reset PLLCFGR register */
 214:d:/liteos/code/WIFI2/Src\system_stm32l4xx.c ****   RCC->PLLCFGR = 0x00001000U;
  58              		.loc 1 214 3 is_stmt 1 view .LVU11
  59              		.loc 1 214 16 is_stmt 0 view .LVU12
  60 0028 4FF48052 		mov	r2, #4096
  61 002c DA60     		str	r2, [r3, #12]
 215:d:/liteos/code/WIFI2/Src\system_stm32l4xx.c **** 
 216:d:/liteos/code/WIFI2/Src\system_stm32l4xx.c ****   /* Reset HSEBYP bit */
 217:d:/liteos/code/WIFI2/Src\system_stm32l4xx.c ****   RCC->CR &= 0xFFFBFFFFU;
  62              		.loc 1 217 3 is_stmt 1 view .LVU13
  63              		.loc 1 217 11 is_stmt 0 view .LVU14
  64 002e 1A68     		ldr	r2, [r3]
  65 0030 22F48022 		bic	r2, r2, #262144
  66 0034 1A60     		str	r2, [r3]
 218:d:/liteos/code/WIFI2/Src\system_stm32l4xx.c **** 
 219:d:/liteos/code/WIFI2/Src\system_stm32l4xx.c ****   /* Disable all interrupts */
ARM GAS  C:\Users\²Ü¼ÒºÀ\AppData\Local\Temp\ccSrIywA.s 			page 6


 220:d:/liteos/code/WIFI2/Src\system_stm32l4xx.c ****   RCC->CIER = 0x00000000U;
  67              		.loc 1 220 3 is_stmt 1 view .LVU15
  68              		.loc 1 220 13 is_stmt 0 view .LVU16
  69 0036 9861     		str	r0, [r3, #24]
 221:d:/liteos/code/WIFI2/Src\system_stm32l4xx.c **** 
 222:d:/liteos/code/WIFI2/Src\system_stm32l4xx.c ****   /* Configure the Vector Table location add offset address ------------------*/
 223:d:/liteos/code/WIFI2/Src\system_stm32l4xx.c **** #ifdef VECT_TAB_SRAM
 224:d:/liteos/code/WIFI2/Src\system_stm32l4xx.c ****   SCB->VTOR = SRAM_BASE | VECT_TAB_OFFSET; /* Vector Table Relocation in Internal SRAM */
 225:d:/liteos/code/WIFI2/Src\system_stm32l4xx.c **** #else
 226:d:/liteos/code/WIFI2/Src\system_stm32l4xx.c ****   SCB->VTOR = FLASH_BASE | VECT_TAB_OFFSET; /* Vector Table Relocation in Internal FLASH */
  70              		.loc 1 226 3 is_stmt 1 view .LVU17
  71              		.loc 1 226 13 is_stmt 0 view .LVU18
  72 0038 034B     		ldr	r3, .L2+8
  73 003a 8B60     		str	r3, [r1, #8]
 227:d:/liteos/code/WIFI2/Src\system_stm32l4xx.c **** #endif
 228:d:/liteos/code/WIFI2/Src\system_stm32l4xx.c **** }
  74              		.loc 1 228 1 view .LVU19
  75 003c 7047     		bx	lr
  76              	.L3:
  77 003e 00BF     		.align	2
  78              	.L2:
  79 0040 00ED00E0 		.word	-536810240
  80 0044 00100240 		.word	1073876992
  81 0048 00000108 		.word	134283264
  82              		.cfi_endproc
  83              	.LFE287:
  85              		.section	.text.SystemCoreClockUpdate,"ax",%progbits
  86              		.align	1
  87              		.global	SystemCoreClockUpdate
  88              		.syntax unified
  89              		.thumb
  90              		.thumb_func
  91              		.fpu fpv4-sp-d16
  93              	SystemCoreClockUpdate:
  94              	.LFB288:
 229:d:/liteos/code/WIFI2/Src\system_stm32l4xx.c **** 
 230:d:/liteos/code/WIFI2/Src\system_stm32l4xx.c **** /**
 231:d:/liteos/code/WIFI2/Src\system_stm32l4xx.c ****   * @brief  Update SystemCoreClock variable according to Clock Register Values.
 232:d:/liteos/code/WIFI2/Src\system_stm32l4xx.c ****   *         The SystemCoreClock variable contains the core clock (HCLK), it can
 233:d:/liteos/code/WIFI2/Src\system_stm32l4xx.c ****   *         be used by the user application to setup the SysTick timer or configure
 234:d:/liteos/code/WIFI2/Src\system_stm32l4xx.c ****   *         other parameters.
 235:d:/liteos/code/WIFI2/Src\system_stm32l4xx.c ****   *
 236:d:/liteos/code/WIFI2/Src\system_stm32l4xx.c ****   * @note   Each time the core clock (HCLK) changes, this function must be called
 237:d:/liteos/code/WIFI2/Src\system_stm32l4xx.c ****   *         to update SystemCoreClock variable value. Otherwise, any configuration
 238:d:/liteos/code/WIFI2/Src\system_stm32l4xx.c ****   *         based on this variable will be incorrect.
 239:d:/liteos/code/WIFI2/Src\system_stm32l4xx.c ****   *
 240:d:/liteos/code/WIFI2/Src\system_stm32l4xx.c ****   * @note   - The system frequency computed by this function is not the real
 241:d:/liteos/code/WIFI2/Src\system_stm32l4xx.c ****   *           frequency in the chip. It is calculated based on the predefined
 242:d:/liteos/code/WIFI2/Src\system_stm32l4xx.c ****   *           constant and the selected clock source:
 243:d:/liteos/code/WIFI2/Src\system_stm32l4xx.c ****   *
 244:d:/liteos/code/WIFI2/Src\system_stm32l4xx.c ****   *           - If SYSCLK source is MSI, SystemCoreClock will contain the MSI_VALUE(*)
 245:d:/liteos/code/WIFI2/Src\system_stm32l4xx.c ****   *
 246:d:/liteos/code/WIFI2/Src\system_stm32l4xx.c ****   *           - If SYSCLK source is HSI, SystemCoreClock will contain the HSI_VALUE(**)
 247:d:/liteos/code/WIFI2/Src\system_stm32l4xx.c ****   *
 248:d:/liteos/code/WIFI2/Src\system_stm32l4xx.c ****   *           - If SYSCLK source is HSE, SystemCoreClock will contain the HSE_VALUE(***)
 249:d:/liteos/code/WIFI2/Src\system_stm32l4xx.c ****   *
 250:d:/liteos/code/WIFI2/Src\system_stm32l4xx.c ****   *           - If SYSCLK source is PLL, SystemCoreClock will contain the HSE_VALUE(***)
ARM GAS  C:\Users\²Ü¼ÒºÀ\AppData\Local\Temp\ccSrIywA.s 			page 7


 251:d:/liteos/code/WIFI2/Src\system_stm32l4xx.c ****   *             or HSI_VALUE(*) or MSI_VALUE(*) multiplied/divided by the PLL factors.
 252:d:/liteos/code/WIFI2/Src\system_stm32l4xx.c ****   *
 253:d:/liteos/code/WIFI2/Src\system_stm32l4xx.c ****   *         (*) MSI_VALUE is a constant defined in stm32l4xx_hal.h file (default value
 254:d:/liteos/code/WIFI2/Src\system_stm32l4xx.c ****   *             4 MHz) but the real value may vary depending on the variations
 255:d:/liteos/code/WIFI2/Src\system_stm32l4xx.c ****   *             in voltage and temperature.
 256:d:/liteos/code/WIFI2/Src\system_stm32l4xx.c ****   *
 257:d:/liteos/code/WIFI2/Src\system_stm32l4xx.c ****   *         (**) HSI_VALUE is a constant defined in stm32l4xx_hal.h file (default value
 258:d:/liteos/code/WIFI2/Src\system_stm32l4xx.c ****   *              16 MHz) but the real value may vary depending on the variations
 259:d:/liteos/code/WIFI2/Src\system_stm32l4xx.c ****   *              in voltage and temperature.
 260:d:/liteos/code/WIFI2/Src\system_stm32l4xx.c ****   *
 261:d:/liteos/code/WIFI2/Src\system_stm32l4xx.c ****   *         (***) HSE_VALUE is a constant defined in stm32l4xx_hal.h file (default value
 262:d:/liteos/code/WIFI2/Src\system_stm32l4xx.c ****   *              8 MHz), user has to ensure that HSE_VALUE is same as the real
 263:d:/liteos/code/WIFI2/Src\system_stm32l4xx.c ****   *              frequency of the crystal used. Otherwise, this function may
 264:d:/liteos/code/WIFI2/Src\system_stm32l4xx.c ****   *              have wrong result.
 265:d:/liteos/code/WIFI2/Src\system_stm32l4xx.c ****   *
 266:d:/liteos/code/WIFI2/Src\system_stm32l4xx.c ****   *         - The result of this function could be not correct when using fractional
 267:d:/liteos/code/WIFI2/Src\system_stm32l4xx.c ****   *           value for HSE crystal.
 268:d:/liteos/code/WIFI2/Src\system_stm32l4xx.c ****   *
 269:d:/liteos/code/WIFI2/Src\system_stm32l4xx.c ****   * @param  None
 270:d:/liteos/code/WIFI2/Src\system_stm32l4xx.c ****   * @retval None
 271:d:/liteos/code/WIFI2/Src\system_stm32l4xx.c ****   */
 272:d:/liteos/code/WIFI2/Src\system_stm32l4xx.c **** void SystemCoreClockUpdate(void)
 273:d:/liteos/code/WIFI2/Src\system_stm32l4xx.c **** {
  95              		.loc 1 273 1 is_stmt 1 view -0
  96              		.cfi_startproc
  97              		@ args = 0, pretend = 0, frame = 0
  98              		@ frame_needed = 0, uses_anonymous_args = 0
 274:d:/liteos/code/WIFI2/Src\system_stm32l4xx.c ****   uint32_t tmp = 0U, msirange = 0U, pllvco = 0U, pllr = 2U, pllsource = 0U, pllm = 2U;
  99              		.loc 1 274 3 view .LVU21
 100              	.LVL0:
 275:d:/liteos/code/WIFI2/Src\system_stm32l4xx.c **** 
 276:d:/liteos/code/WIFI2/Src\system_stm32l4xx.c ****   /* Get MSI Range frequency--------------------------------------------------*/
 277:d:/liteos/code/WIFI2/Src\system_stm32l4xx.c ****   if((RCC->CR & RCC_CR_MSIRGSEL) == RESET)
 101              		.loc 1 277 3 view .LVU22
 102              		.loc 1 277 10 is_stmt 0 view .LVU23
 103 0000 234A     		ldr	r2, .L18
 278:d:/liteos/code/WIFI2/Src\system_stm32l4xx.c ****   { /* MSISRANGE from RCC_CSR applies */
 279:d:/liteos/code/WIFI2/Src\system_stm32l4xx.c ****     msirange = (RCC->CSR & RCC_CSR_MSISRANGE) >> 8U;
 280:d:/liteos/code/WIFI2/Src\system_stm32l4xx.c ****   }
 281:d:/liteos/code/WIFI2/Src\system_stm32l4xx.c ****   else
 282:d:/liteos/code/WIFI2/Src\system_stm32l4xx.c ****   { /* MSIRANGE from RCC_CR applies */
 283:d:/liteos/code/WIFI2/Src\system_stm32l4xx.c ****     msirange = (RCC->CR & RCC_CR_MSIRANGE) >> 4U;
 284:d:/liteos/code/WIFI2/Src\system_stm32l4xx.c ****   }
 285:d:/liteos/code/WIFI2/Src\system_stm32l4xx.c ****   /*MSI frequency range in HZ*/
 286:d:/liteos/code/WIFI2/Src\system_stm32l4xx.c ****   msirange = MSIRangeTable[msirange];
 104              		.loc 1 286 12 view .LVU24
 105 0002 2449     		ldr	r1, .L18+4
 277:d:/liteos/code/WIFI2/Src\system_stm32l4xx.c ****   { /* MSISRANGE from RCC_CSR applies */
 106              		.loc 1 277 10 view .LVU25
 107 0004 1368     		ldr	r3, [r2]
 108 0006 2448     		ldr	r0, .L18+8
 277:d:/liteos/code/WIFI2/Src\system_stm32l4xx.c ****   { /* MSISRANGE from RCC_CSR applies */
 109              		.loc 1 277 5 view .LVU26
 110 0008 1B07     		lsls	r3, r3, #28
 279:d:/liteos/code/WIFI2/Src\system_stm32l4xx.c ****   }
 111              		.loc 1 279 5 is_stmt 1 view .LVU27
 279:d:/liteos/code/WIFI2/Src\system_stm32l4xx.c ****   }
ARM GAS  C:\Users\²Ü¼ÒºÀ\AppData\Local\Temp\ccSrIywA.s 			page 8


 112              		.loc 1 279 20 is_stmt 0 view .LVU28
 113 000a 55BF     		itete	pl
 114 000c D2F89430 		ldrpl	r3, [r2, #148]
 283:d:/liteos/code/WIFI2/Src\system_stm32l4xx.c ****   }
 115              		.loc 1 283 20 view .LVU29
 116 0010 1368     		ldrmi	r3, [r2]
 279:d:/liteos/code/WIFI2/Src\system_stm32l4xx.c ****   }
 117              		.loc 1 279 14 view .LVU30
 118 0012 C3F30323 		ubfxpl	r3, r3, #8, #4
 119              	.LVL1:
 283:d:/liteos/code/WIFI2/Src\system_stm32l4xx.c ****   }
 120              		.loc 1 283 5 is_stmt 1 view .LVU31
 283:d:/liteos/code/WIFI2/Src\system_stm32l4xx.c ****   }
 121              		.loc 1 283 14 is_stmt 0 view .LVU32
 122 0016 C3F30313 		ubfxmi	r3, r3, #4, #4
 123              	.LVL2:
 124              		.loc 1 286 3 is_stmt 1 view .LVU33
 273:d:/liteos/code/WIFI2/Src\system_stm32l4xx.c ****   uint32_t tmp = 0U, msirange = 0U, pllvco = 0U, pllr = 2U, pllsource = 0U, pllm = 2U;
 125              		.loc 1 273 1 is_stmt 0 view .LVU34
 126 001a 10B5     		push	{r4, lr}
 127              	.LCFI0:
 128              		.cfi_def_cfa_offset 8
 129              		.cfi_offset 4, -8
 130              		.cfi_offset 14, -4
 131              		.loc 1 286 12 view .LVU35
 132 001c 51F82340 		ldr	r4, [r1, r3, lsl #2]
 133              	.LVL3:
 287:d:/liteos/code/WIFI2/Src\system_stm32l4xx.c **** 
 288:d:/liteos/code/WIFI2/Src\system_stm32l4xx.c ****   /* Get SYSCLK source -------------------------------------------------------*/
 289:d:/liteos/code/WIFI2/Src\system_stm32l4xx.c ****   switch (RCC->CFGR & RCC_CFGR_SWS)
 134              		.loc 1 289 3 is_stmt 1 view .LVU36
 135              		.loc 1 289 14 is_stmt 0 view .LVU37
 136 0020 9168     		ldr	r1, [r2, #8]
 137              		.loc 1 289 21 view .LVU38
 138 0022 01F00C01 		and	r1, r1, #12
 139              		.loc 1 289 3 view .LVU39
 140 0026 0829     		cmp	r1, #8
 141 0028 0ED0     		beq	.L7
 142 002a 0C29     		cmp	r1, #12
 143 002c 0ED0     		beq	.L8
 144 002e 0429     		cmp	r1, #4
 145 0030 2CD1     		bne	.L9
 290:d:/liteos/code/WIFI2/Src\system_stm32l4xx.c ****   {
 291:d:/liteos/code/WIFI2/Src\system_stm32l4xx.c ****     case 0x00:  /* MSI used as system clock source */
 292:d:/liteos/code/WIFI2/Src\system_stm32l4xx.c ****       SystemCoreClock = msirange;
 293:d:/liteos/code/WIFI2/Src\system_stm32l4xx.c ****       break;
 294:d:/liteos/code/WIFI2/Src\system_stm32l4xx.c **** 
 295:d:/liteos/code/WIFI2/Src\system_stm32l4xx.c ****     case 0x04:  /* HSI used as system clock source */
 296:d:/liteos/code/WIFI2/Src\system_stm32l4xx.c ****       SystemCoreClock = HSI_VALUE;
 146              		.loc 1 296 7 is_stmt 1 view .LVU40
 147              		.loc 1 296 23 is_stmt 0 view .LVU41
 148 0032 1A4B     		ldr	r3, .L18+12
 149              	.LVL4:
 150              	.L17:
 297:d:/liteos/code/WIFI2/Src\system_stm32l4xx.c ****       break;
 298:d:/liteos/code/WIFI2/Src\system_stm32l4xx.c **** 
 299:d:/liteos/code/WIFI2/Src\system_stm32l4xx.c ****     case 0x08:  /* HSE used as system clock source */
ARM GAS  C:\Users\²Ü¼ÒºÀ\AppData\Local\Temp\ccSrIywA.s 			page 9


 300:d:/liteos/code/WIFI2/Src\system_stm32l4xx.c ****       SystemCoreClock = HSE_VALUE;
 301:d:/liteos/code/WIFI2/Src\system_stm32l4xx.c ****       break;
 302:d:/liteos/code/WIFI2/Src\system_stm32l4xx.c **** 
 303:d:/liteos/code/WIFI2/Src\system_stm32l4xx.c ****     case 0x0C:  /* PLL used as system clock  source */
 304:d:/liteos/code/WIFI2/Src\system_stm32l4xx.c ****       /* PLL_VCO = (HSE_VALUE or HSI_VALUE or MSI_VALUE/ PLLM) * PLLN
 305:d:/liteos/code/WIFI2/Src\system_stm32l4xx.c ****          SYSCLK = PLL_VCO / PLLR
 306:d:/liteos/code/WIFI2/Src\system_stm32l4xx.c ****          */
 307:d:/liteos/code/WIFI2/Src\system_stm32l4xx.c ****       pllsource = (RCC->PLLCFGR & RCC_PLLCFGR_PLLSRC);
 308:d:/liteos/code/WIFI2/Src\system_stm32l4xx.c ****       pllm = ((RCC->PLLCFGR & RCC_PLLCFGR_PLLM) >> 4U) + 1U ;
 309:d:/liteos/code/WIFI2/Src\system_stm32l4xx.c **** 
 310:d:/liteos/code/WIFI2/Src\system_stm32l4xx.c ****       switch (pllsource)
 311:d:/liteos/code/WIFI2/Src\system_stm32l4xx.c ****       {
 312:d:/liteos/code/WIFI2/Src\system_stm32l4xx.c ****         case 0x02:  /* HSI used as PLL clock source */
 313:d:/liteos/code/WIFI2/Src\system_stm32l4xx.c ****           pllvco = (HSI_VALUE / pllm);
 314:d:/liteos/code/WIFI2/Src\system_stm32l4xx.c ****           break;
 315:d:/liteos/code/WIFI2/Src\system_stm32l4xx.c **** 
 316:d:/liteos/code/WIFI2/Src\system_stm32l4xx.c ****         case 0x03:  /* HSE used as PLL clock source */
 317:d:/liteos/code/WIFI2/Src\system_stm32l4xx.c ****           pllvco = (HSE_VALUE / pllm);
 318:d:/liteos/code/WIFI2/Src\system_stm32l4xx.c ****           break;
 319:d:/liteos/code/WIFI2/Src\system_stm32l4xx.c **** 
 320:d:/liteos/code/WIFI2/Src\system_stm32l4xx.c ****         default:    /* MSI used as PLL clock source */
 321:d:/liteos/code/WIFI2/Src\system_stm32l4xx.c ****           pllvco = (msirange / pllm);
 322:d:/liteos/code/WIFI2/Src\system_stm32l4xx.c ****           break;
 323:d:/liteos/code/WIFI2/Src\system_stm32l4xx.c ****       }
 324:d:/liteos/code/WIFI2/Src\system_stm32l4xx.c ****       pllvco = pllvco * ((RCC->PLLCFGR & RCC_PLLCFGR_PLLN) >> 8U);
 325:d:/liteos/code/WIFI2/Src\system_stm32l4xx.c ****       pllr = (((RCC->PLLCFGR & RCC_PLLCFGR_PLLR) >> 25U) + 1U) * 2U;
 326:d:/liteos/code/WIFI2/Src\system_stm32l4xx.c ****       SystemCoreClock = pllvco/pllr;
 151              		.loc 1 326 23 view .LVU42
 152 0034 0360     		str	r3, [r0]
 327:d:/liteos/code/WIFI2/Src\system_stm32l4xx.c ****       break;
 153              		.loc 1 327 7 is_stmt 1 view .LVU43
 154              	.L10:
 328:d:/liteos/code/WIFI2/Src\system_stm32l4xx.c **** 
 329:d:/liteos/code/WIFI2/Src\system_stm32l4xx.c ****     default:
 330:d:/liteos/code/WIFI2/Src\system_stm32l4xx.c ****       SystemCoreClock = msirange;
 331:d:/liteos/code/WIFI2/Src\system_stm32l4xx.c ****       break;
 332:d:/liteos/code/WIFI2/Src\system_stm32l4xx.c ****   }
 333:d:/liteos/code/WIFI2/Src\system_stm32l4xx.c ****   /* Compute HCLK clock frequency --------------------------------------------*/
 334:d:/liteos/code/WIFI2/Src\system_stm32l4xx.c ****   /* Get HCLK prescaler */
 335:d:/liteos/code/WIFI2/Src\system_stm32l4xx.c ****   tmp = AHBPrescTable[((RCC->CFGR & RCC_CFGR_HPRE) >> 4U)];
 155              		.loc 1 335 3 view .LVU44
 156              		.loc 1 335 28 is_stmt 0 view .LVU45
 157 0036 9368     		ldr	r3, [r2, #8]
 158              	.LVL5:
 336:d:/liteos/code/WIFI2/Src\system_stm32l4xx.c ****   /* HCLK clock frequency */
 337:d:/liteos/code/WIFI2/Src\system_stm32l4xx.c ****   SystemCoreClock >>= tmp;
 159              		.loc 1 337 3 is_stmt 1 view .LVU46
 335:d:/liteos/code/WIFI2/Src\system_stm32l4xx.c ****   /* HCLK clock frequency */
 160              		.loc 1 335 7 is_stmt 0 view .LVU47
 161 0038 194A     		ldr	r2, .L18+16
 335:d:/liteos/code/WIFI2/Src\system_stm32l4xx.c ****   /* HCLK clock frequency */
 162              		.loc 1 335 52 view .LVU48
 163 003a C3F30313 		ubfx	r3, r3, #4, #4
 164              	.LVL6:
 335:d:/liteos/code/WIFI2/Src\system_stm32l4xx.c ****   /* HCLK clock frequency */
 165              		.loc 1 335 7 view .LVU49
 166 003e D25C     		ldrb	r2, [r2, r3]	@ zero_extendqisi2
ARM GAS  C:\Users\²Ü¼ÒºÀ\AppData\Local\Temp\ccSrIywA.s 			page 10


 167              		.loc 1 337 19 view .LVU50
 168 0040 0368     		ldr	r3, [r0]
 169 0042 D340     		lsrs	r3, r3, r2
 170 0044 0360     		str	r3, [r0]
 338:d:/liteos/code/WIFI2/Src\system_stm32l4xx.c **** }
 171              		.loc 1 338 1 view .LVU51
 172 0046 10BD     		pop	{r4, pc}
 173              	.LVL7:
 174              	.L7:
 300:d:/liteos/code/WIFI2/Src\system_stm32l4xx.c ****       break;
 175              		.loc 1 300 7 is_stmt 1 view .LVU52
 300:d:/liteos/code/WIFI2/Src\system_stm32l4xx.c ****       break;
 176              		.loc 1 300 23 is_stmt 0 view .LVU53
 177 0048 164B     		ldr	r3, .L18+20
 178 004a F3E7     		b	.L17
 179              	.L8:
 307:d:/liteos/code/WIFI2/Src\system_stm32l4xx.c ****       pllm = ((RCC->PLLCFGR & RCC_PLLCFGR_PLLM) >> 4U) + 1U ;
 180              		.loc 1 307 7 is_stmt 1 view .LVU54
 307:d:/liteos/code/WIFI2/Src\system_stm32l4xx.c ****       pllm = ((RCC->PLLCFGR & RCC_PLLCFGR_PLLM) >> 4U) + 1U ;
 181              		.loc 1 307 23 is_stmt 0 view .LVU55
 182 004c D168     		ldr	r1, [r2, #12]
 308:d:/liteos/code/WIFI2/Src\system_stm32l4xx.c **** 
 183              		.loc 1 308 19 view .LVU56
 184 004e D368     		ldr	r3, [r2, #12]
 307:d:/liteos/code/WIFI2/Src\system_stm32l4xx.c ****       pllm = ((RCC->PLLCFGR & RCC_PLLCFGR_PLLM) >> 4U) + 1U ;
 185              		.loc 1 307 17 view .LVU57
 186 0050 01F00301 		and	r1, r1, #3
 187              	.LVL8:
 308:d:/liteos/code/WIFI2/Src\system_stm32l4xx.c **** 
 188              		.loc 1 308 7 is_stmt 1 view .LVU58
 308:d:/liteos/code/WIFI2/Src\system_stm32l4xx.c **** 
 189              		.loc 1 308 49 is_stmt 0 view .LVU59
 190 0054 C3F30213 		ubfx	r3, r3, #4, #3
 191 0058 0229     		cmp	r1, #2
 308:d:/liteos/code/WIFI2/Src\system_stm32l4xx.c **** 
 192              		.loc 1 308 12 view .LVU60
 193 005a 03F10103 		add	r3, r3, #1
 194              	.LVL9:
 310:d:/liteos/code/WIFI2/Src\system_stm32l4xx.c ****       {
 195              		.loc 1 310 7 is_stmt 1 view .LVU61
 196 005e 04D0     		beq	.L11
 197 0060 0329     		cmp	r1, #3
 198 0062 11D0     		beq	.L12
 321:d:/liteos/code/WIFI2/Src\system_stm32l4xx.c ****           break;
 199              		.loc 1 321 11 view .LVU62
 321:d:/liteos/code/WIFI2/Src\system_stm32l4xx.c ****           break;
 200              		.loc 1 321 18 is_stmt 0 view .LVU63
 201 0064 B4FBF3F3 		udiv	r3, r4, r3
 202              	.LVL10:
 322:d:/liteos/code/WIFI2/Src\system_stm32l4xx.c ****       }
 203              		.loc 1 322 11 is_stmt 1 view .LVU64
 204 0068 02E0     		b	.L14
 205              	.LVL11:
 206              	.L11:
 313:d:/liteos/code/WIFI2/Src\system_stm32l4xx.c ****           break;
 207              		.loc 1 313 11 view .LVU65
 313:d:/liteos/code/WIFI2/Src\system_stm32l4xx.c ****           break;
ARM GAS  C:\Users\²Ü¼ÒºÀ\AppData\Local\Temp\ccSrIywA.s 			page 11


 208              		.loc 1 313 18 is_stmt 0 view .LVU66
 209 006a 0C49     		ldr	r1, .L18+12
 210              	.LVL12:
 211              	.L16:
 317:d:/liteos/code/WIFI2/Src\system_stm32l4xx.c ****           break;
 212              		.loc 1 317 18 view .LVU67
 213 006c B1FBF3F3 		udiv	r3, r1, r3
 214              	.LVL13:
 318:d:/liteos/code/WIFI2/Src\system_stm32l4xx.c **** 
 215              		.loc 1 318 11 is_stmt 1 view .LVU68
 216              	.L14:
 324:d:/liteos/code/WIFI2/Src\system_stm32l4xx.c ****       pllr = (((RCC->PLLCFGR & RCC_PLLCFGR_PLLR) >> 25U) + 1U) * 2U;
 217              		.loc 1 324 7 view .LVU69
 324:d:/liteos/code/WIFI2/Src\system_stm32l4xx.c ****       pllr = (((RCC->PLLCFGR & RCC_PLLCFGR_PLLR) >> 25U) + 1U) * 2U;
 218              		.loc 1 324 30 is_stmt 0 view .LVU70
 219 0070 D468     		ldr	r4, [r2, #12]
 220              	.LVL14:
 325:d:/liteos/code/WIFI2/Src\system_stm32l4xx.c ****       SystemCoreClock = pllvco/pllr;
 221              		.loc 1 325 7 is_stmt 1 view .LVU71
 325:d:/liteos/code/WIFI2/Src\system_stm32l4xx.c ****       SystemCoreClock = pllvco/pllr;
 222              		.loc 1 325 20 is_stmt 0 view .LVU72
 223 0072 D168     		ldr	r1, [r2, #12]
 224              	.LVL15:
 326:d:/liteos/code/WIFI2/Src\system_stm32l4xx.c ****       break;
 225              		.loc 1 326 7 is_stmt 1 view .LVU73
 325:d:/liteos/code/WIFI2/Src\system_stm32l4xx.c ****       SystemCoreClock = pllvco/pllr;
 226              		.loc 1 325 50 is_stmt 0 view .LVU74
 227 0074 C1F34161 		ubfx	r1, r1, #25, #2
 228              	.LVL16:
 324:d:/liteos/code/WIFI2/Src\system_stm32l4xx.c ****       pllr = (((RCC->PLLCFGR & RCC_PLLCFGR_PLLR) >> 25U) + 1U) * 2U;
 229              		.loc 1 324 60 view .LVU75
 230 0078 C4F30624 		ubfx	r4, r4, #8, #7
 231              	.LVL17:
 325:d:/liteos/code/WIFI2/Src\system_stm32l4xx.c ****       SystemCoreClock = pllvco/pllr;
 232              		.loc 1 325 58 view .LVU76
 233 007c 0131     		adds	r1, r1, #1
 324:d:/liteos/code/WIFI2/Src\system_stm32l4xx.c ****       pllr = (((RCC->PLLCFGR & RCC_PLLCFGR_PLLR) >> 25U) + 1U) * 2U;
 234              		.loc 1 324 14 view .LVU77
 235 007e 6343     		muls	r3, r4, r3
 325:d:/liteos/code/WIFI2/Src\system_stm32l4xx.c ****       SystemCoreClock = pllvco/pllr;
 236              		.loc 1 325 12 view .LVU78
 237 0080 4900     		lsls	r1, r1, #1
 326:d:/liteos/code/WIFI2/Src\system_stm32l4xx.c ****       break;
 238              		.loc 1 326 31 view .LVU79
 239 0082 B3FBF1F3 		udiv	r3, r3, r1
 240 0086 D5E7     		b	.L17
 241              	.LVL18:
 242              	.L12:
 317:d:/liteos/code/WIFI2/Src\system_stm32l4xx.c ****           break;
 243              		.loc 1 317 11 is_stmt 1 view .LVU80
 317:d:/liteos/code/WIFI2/Src\system_stm32l4xx.c ****           break;
 244              		.loc 1 317 18 is_stmt 0 view .LVU81
 245 0088 0649     		ldr	r1, .L18+20
 246              	.LVL19:
 317:d:/liteos/code/WIFI2/Src\system_stm32l4xx.c ****           break;
 247              		.loc 1 317 18 view .LVU82
 248 008a EFE7     		b	.L16
ARM GAS  C:\Users\²Ü¼ÒºÀ\AppData\Local\Temp\ccSrIywA.s 			page 12


 249              	.LVL20:
 250              	.L9:
 330:d:/liteos/code/WIFI2/Src\system_stm32l4xx.c ****       break;
 251              		.loc 1 330 7 is_stmt 1 view .LVU83
 330:d:/liteos/code/WIFI2/Src\system_stm32l4xx.c ****       break;
 252              		.loc 1 330 23 is_stmt 0 view .LVU84
 253 008c 0460     		str	r4, [r0]
 331:d:/liteos/code/WIFI2/Src\system_stm32l4xx.c ****   }
 254              		.loc 1 331 7 is_stmt 1 view .LVU85
 255 008e D2E7     		b	.L10
 256              	.L19:
 257              		.align	2
 258              	.L18:
 259 0090 00100240 		.word	1073876992
 260 0094 00000000 		.word	.LANCHOR0
 261 0098 00000000 		.word	.LANCHOR1
 262 009c 0024F400 		.word	16000000
 263 00a0 00000000 		.word	.LANCHOR2
 264 00a4 00127A00 		.word	8000000
 265              		.cfi_endproc
 266              	.LFE288:
 268              		.global	MSIRangeTable
 269              		.global	APBPrescTable
 270              		.global	AHBPrescTable
 271              		.global	SystemCoreClock
 272              		.section	.data.SystemCoreClock,"aw"
 273              		.align	2
 274              		.set	.LANCHOR1,. + 0
 277              	SystemCoreClock:
 278 0000 00093D00 		.word	4000000
 279              		.section	.rodata.AHBPrescTable,"a"
 280              		.set	.LANCHOR2,. + 0
 283              	AHBPrescTable:
 284 0000 00000000 		.ascii	"\000\000\000\000\000\000\000\000\001\002\003\004\006"
 284      00000000 
 284      01020304 
 284      06
 285 000d 070809   		.ascii	"\007\010\011"
 286              		.section	.rodata.APBPrescTable,"a"
 289              	APBPrescTable:
 290 0000 00000000 		.ascii	"\000\000\000\000\001\002\003\004"
 290      01020304 
 291              		.section	.rodata.MSIRangeTable,"a"
 292              		.align	2
 293              		.set	.LANCHOR0,. + 0
 296              	MSIRangeTable:
 297 0000 A0860100 		.word	100000
 298 0004 400D0300 		.word	200000
 299 0008 801A0600 		.word	400000
 300 000c 00350C00 		.word	800000
 301 0010 40420F00 		.word	1000000
 302 0014 80841E00 		.word	2000000
 303 0018 00093D00 		.word	4000000
 304 001c 00127A00 		.word	8000000
 305 0020 0024F400 		.word	16000000
 306 0024 00366E01 		.word	24000000
 307 0028 0048E801 		.word	32000000
ARM GAS  C:\Users\²Ü¼ÒºÀ\AppData\Local\Temp\ccSrIywA.s 			page 13


 308 002c 006CDC02 		.word	48000000
 309              		.text
 310              	.Letext0:
 311              		.file 2 "c:\\users\\\262\334\274\322\272\300\\.iotlink\\tools\\gcc-arm-none-eabi\\arm-none-eabi\\i
 312              		.file 3 "c:\\users\\\262\334\274\322\272\300\\.iotlink\\tools\\gcc-arm-none-eabi\\arm-none-eabi\\i
 313              		.file 4 "C:/Users/\262\334\274\322\272\300/.iotlink/sdk/IoT_LINK/iot_link/os/liteos/arch/arm/commo
 314              		.file 5 "d:/liteos/code/WIFI2/Inc/system_stm32l4xx.h"
 315              		.file 6 "d:/liteos/code/WIFI2/Inc/stm32l431xx.h"
 316              		.file 7 "c:\\users\\\262\334\274\322\272\300\\.iotlink\\tools\\gcc-arm-none-eabi\\arm-none-eabi\\i
 317              		.file 8 "c:\\users\\\262\334\274\322\272\300\\.iotlink\\tools\\gcc-arm-none-eabi\\arm-none-eabi\\i
 318              		.file 9 "c:\\users\\\262\334\274\322\272\300\\.iotlink\\tools\\gcc-arm-none-eabi\\lib\\gcc\\arm-no
 319              		.file 10 "c:\\users\\\262\334\274\322\272\300\\.iotlink\\tools\\gcc-arm-none-eabi\\arm-none-eabi\\
 320              		.file 11 "C:/Users/\262\334\274\322\272\300/.iotlink/sdk/IoT_LINK/iot_link/os/liteos/include/los_t
 321              		.file 12 "C:/Users/\262\334\274\322\272\300/.iotlink/sdk/IoT_LINK/iot_link/os/liteos/include/los_c
 322              		.file 13 "C:/Users/\262\334\274\322\272\300/.iotlink/sdk/IoT_LINK/iot_link/os/liteos/include/los_e
 323              		.file 14 "C:/Users/\262\334\274\322\272\300/.iotlink/sdk/IoT_LINK/iot_link/os/liteos/arch/arm/arm-
 324              		.file 15 "d:/liteos/code/WIFI2/Inc/stm32l4xx.h"
ARM GAS  C:\Users\²Ü¼ÒºÀ\AppData\Local\Temp\ccSrIywA.s 			page 14


DEFINED SYMBOLS
                            *ABS*:00000000 system_stm32l4xx.c
C:\Users\²Ü¼ÒºÀ\AppData\Local\Temp\ccSrIywA.s:18     .text.SystemInit:00000000 $t
C:\Users\²Ü¼ÒºÀ\AppData\Local\Temp\ccSrIywA.s:26     .text.SystemInit:00000000 SystemInit
C:\Users\²Ü¼ÒºÀ\AppData\Local\Temp\ccSrIywA.s:79     .text.SystemInit:00000040 $d
C:\Users\²Ü¼ÒºÀ\AppData\Local\Temp\ccSrIywA.s:86     .text.SystemCoreClockUpdate:00000000 $t
C:\Users\²Ü¼ÒºÀ\AppData\Local\Temp\ccSrIywA.s:93     .text.SystemCoreClockUpdate:00000000 SystemCoreClockUpdate
C:\Users\²Ü¼ÒºÀ\AppData\Local\Temp\ccSrIywA.s:259    .text.SystemCoreClockUpdate:00000090 $d
C:\Users\²Ü¼ÒºÀ\AppData\Local\Temp\ccSrIywA.s:296    .rodata.MSIRangeTable:00000000 MSIRangeTable
C:\Users\²Ü¼ÒºÀ\AppData\Local\Temp\ccSrIywA.s:289    .rodata.APBPrescTable:00000000 APBPrescTable
C:\Users\²Ü¼ÒºÀ\AppData\Local\Temp\ccSrIywA.s:283    .rodata.AHBPrescTable:00000000 AHBPrescTable
C:\Users\²Ü¼ÒºÀ\AppData\Local\Temp\ccSrIywA.s:277    .data.SystemCoreClock:00000000 SystemCoreClock
C:\Users\²Ü¼ÒºÀ\AppData\Local\Temp\ccSrIywA.s:273    .data.SystemCoreClock:00000000 $d
C:\Users\²Ü¼ÒºÀ\AppData\Local\Temp\ccSrIywA.s:292    .rodata.MSIRangeTable:00000000 $d

NO UNDEFINED SYMBOLS
