ARM GAS  C:\Users\²Ü¼ÒºÀ\AppData\Local\Temp\ccywxLXn.s 			page 1


   1              		.cpu cortex-m4
   2              		.eabi_attribute 27, 1
   3              		.eabi_attribute 28, 1
   4              		.eabi_attribute 20, 1
   5              		.eabi_attribute 21, 1
   6              		.eabi_attribute 23, 3
   7              		.eabi_attribute 24, 1
   8              		.eabi_attribute 25, 1
   9              		.eabi_attribute 26, 1
  10              		.eabi_attribute 30, 4
  11              		.eabi_attribute 34, 1
  12              		.eabi_attribute 18, 4
  13              		.file	"bootstrap.c"
  14              		.text
  15              	.Ltext0:
  16              		.cfi_sections	.debug_frame
  17              	.Letext0:
  18              		.file 1 "c:\\users\\\262\334\274\322\272\300\\.iotlink\\tools\\gcc-arm-none-eabi\\arm-none-eabi\\i
  19              		.file 2 "c:\\users\\\262\334\274\322\272\300\\.iotlink\\tools\\gcc-arm-none-eabi\\arm-none-eabi\\i
  20              		.file 3 "c:\\users\\\262\334\274\322\272\300\\.iotlink\\tools\\gcc-arm-none-eabi\\lib\\gcc\\arm-no
  21              		.file 4 "c:\\users\\\262\334\274\322\272\300\\.iotlink\\tools\\gcc-arm-none-eabi\\arm-none-eabi\\i
  22              		.file 5 "c:\\users\\\262\334\274\322\272\300\\.iotlink\\tools\\gcc-arm-none-eabi\\arm-none-eabi\\i
  23              		.file 6 "C:/Users/\262\334\274\322\272\300/.iotlink/sdk/IoT_LINK/iot_link/network/lwm2m/wakaama_lw
  24              		.file 7 "c:\\users\\\262\334\274\322\272\300\\.iotlink\\tools\\gcc-arm-none-eabi\\arm-none-eabi\\i
  25              		.file 8 "c:\\users\\\262\334\274\322\272\300\\.iotlink\\tools\\gcc-arm-none-eabi\\arm-none-eabi\\i
ARM GAS  C:\Users\²Ü¼ÒºÀ\AppData\Local\Temp\ccywxLXn.s 			page 2


DEFINED SYMBOLS
                            *ABS*:00000000 bootstrap.c

NO UNDEFINED SYMBOLS
